[ 2016-06-03T09:29:31+08:00 ] ::1 /opened/index.php?m=&c=User&a=uCenter
INFO: [ app_init ] --START--
INFO: Run Behavior\BuildLiteBehavior [ RunTime:0.000014s ]
INFO: [ app_init ] --END-- [ RunTime:0.000447s ]

[ 2016-06-03T09:29:31+08:00 ] ::1 /opened/index.php?m=&c=Index&a=index
INFO: [ app_init ] --START--
INFO: Run Behavior\BuildLiteBehavior [ RunTime:0.000014s ]
INFO: [ app_init ] --END-- [ RunTime:0.000405s ]

[ 2016-06-03T09:29:32+08:00 ] ::1 /opened/Public/Js/Common/jquery.min.map
INFO: [ app_init ] --START--
INFO: Run Behavior\BuildLiteBehavior [ RunTime:0.000020s ]
INFO: [ app_init ] --END-- [ RunTime:0.000617s ]
ERR: 无法加载控制器:Public

[ 2016-06-03T09:29:49+08:00 ] ::1 /opened/index.php?m=&c=User&a=loginAct
INFO: [ app_init ] --START--
INFO: Run Behavior\BuildLiteBehavior [ RunTime:0.000013s ]
INFO: [ app_init ] --END-- [ RunTime:0.000503s ]

[ 2016-06-03T09:29:49+08:00 ] ::1 /opened/index.php?m=&c=User&a=creatVerifyCode
INFO: [ app_init ] --START--
INFO: Run Behavior\BuildLiteBehavior [ RunTime:0.000013s ]
INFO: [ app_init ] --END-- [ RunTime:0.000501s ]

[ 2016-06-03T09:29:49+08:00 ] ::1 /opened/Public/Js/Common/jquery.min.map
INFO: [ app_init ] --START--
INFO: Run Behavior\BuildLiteBehavior [ RunTime:0.000022s ]
INFO: [ app_init ] --END-- [ RunTime:0.000667s ]
ERR: 无法加载控制器:Public

[ 2016-06-03T09:30:01+08:00 ] ::1 /opened/index.php?m=&c=User&a=loginAct
INFO: [ app_init ] --START--
INFO: Run Behavior\BuildLiteBehavior [ RunTime:0.000017s ]
INFO: [ app_init ] --END-- [ RunTime:0.000469s ]

[ 2016-06-03T09:30:01+08:00 ] ::1 /opened/index.php?m=&c=User&a=uCenter
INFO: [ app_init ] --START--
INFO: Run Behavior\BuildLiteBehavior [ RunTime:0.000012s ]
INFO: [ app_init ] --END-- [ RunTime:0.000470s ]

[ 2016-06-03T09:30:01+08:00 ] ::1 /opened/Public/Js/Common/jquery.min.map
INFO: [ app_init ] --START--
INFO: Run Behavior\BuildLiteBehavior [ RunTime:0.000013s ]
INFO: [ app_init ] --END-- [ RunTime:0.000411s ]
ERR: 无法加载控制器:Public

[ 2016-06-03T10:05:34+08:00 ] ::1 /opened/index.php?m=&c=User&a=uCenter
INFO: [ app_init ] --START--
INFO: Run Behavior\BuildLiteBehavior [ RunTime:0.000013s ]
INFO: [ app_init ] --END-- [ RunTime:0.000559s ]

[ 2016-06-03T10:05:34+08:00 ] ::1 /opened/Public/Js/Common/jquery.min.map
INFO: [ app_init ] --START--
INFO: Run Behavior\BuildLiteBehavior [ RunTime:0.000014s ]
INFO: [ app_init ] --END-- [ RunTime:0.000461s ]
ERR: 无法加载控制器:Public

[ 2016-06-03T10:05:55+08:00 ] ::1 /opened/index.php?m=&c=User&a=uCenter
INFO: [ app_init ] --START--
INFO: Run Behavior\BuildLiteBehavior [ RunTime:0.000016s ]
INFO: [ app_init ] --END-- [ RunTime:0.000514s ]

[ 2016-06-03T10:05:55+08:00 ] ::1 /opened/Public/Js/Common/jquery.min.map
INFO: [ app_init ] --START--
INFO: Run Behavior\BuildLiteBehavior [ RunTime:0.000014s ]
INFO: [ app_init ] --END-- [ RunTime:0.000645s ]
ERR: 无法加载控制器:Public

[ 2016-06-03T10:06:33+08:00 ] ::1 /opened/index.php?m=&c=User&a=uCenter
INFO: [ app_init ] --START--
INFO: Run Behavior\BuildLiteBehavior [ RunTime:0.000012s ]
INFO: [ app_init ] --END-- [ RunTime:0.000460s ]

[ 2016-06-03T10:06:33+08:00 ] ::1 /opened/Public/Js/Common/jquery.min.map
INFO: [ app_init ] --START--
INFO: Run Behavior\BuildLiteBehavior [ RunTime:0.000012s ]
INFO: [ app_init ] --END-- [ RunTime:0.000420s ]
ERR: 无法加载控制器:Public

[ 2016-06-03T10:07:31+08:00 ] ::1 /opened/index.php?m=&c=User&a=uCenter
INFO: [ app_init ] --START--
INFO: Run Behavior\BuildLiteBehavior [ RunTime:0.000016s ]
INFO: [ app_init ] --END-- [ RunTime:0.000496s ]

[ 2016-06-03T10:07:31+08:00 ] ::1 /opened/Public/Js/Common/jquery.min.map
INFO: [ app_init ] --START--
INFO: Run Behavior\BuildLiteBehavior [ RunTime:0.000016s ]
INFO: [ app_init ] --END-- [ RunTime:0.000530s ]
ERR: 无法加载控制器:Public

[ 2016-06-03T11:05:06+08:00 ] ::1 /opened/index.php?m=&c=User&a=uCenter
INFO: [ app_init ] --START--
INFO: Run Behavior\BuildLiteBehavior [ RunTime:0.000014s ]
INFO: [ app_init ] --END-- [ RunTime:0.000470s ]

[ 2016-06-03T11:05:07+08:00 ] ::1 /opened/Public/Js/Common/jquery.min.map
INFO: [ app_init ] --START--
INFO: Run Behavior\BuildLiteBehavior [ RunTime:0.000019s ]
INFO: [ app_init ] --END-- [ RunTime:0.000665s ]
ERR: 无法加载控制器:Public

[ 2016-06-03T11:05:08+08:00 ] ::1 /opened/index.php?m=&c=User&a=uCenter
INFO: [ app_init ] --START--
INFO: Run Behavior\BuildLiteBehavior [ RunTime:0.000032s ]
INFO: [ app_init ] --END-- [ RunTime:0.000549s ]

[ 2016-06-03T11:05:09+08:00 ] ::1 /opened/Public/Js/Common/jquery.min.map
INFO: [ app_init ] --START--
INFO: Run Behavior\BuildLiteBehavior [ RunTime:0.000015s ]
INFO: [ app_init ] --END-- [ RunTime:0.000441s ]
ERR: 无法加载控制器:Public

[ 2016-06-03T11:06:15+08:00 ] ::1 /opened/index.php?m=&c=User&a=uCenter
INFO: [ app_init ] --START--
INFO: Run Behavior\BuildLiteBehavior [ RunTime:0.000013s ]
INFO: [ app_init ] --END-- [ RunTime:0.000407s ]

[ 2016-06-03T11:06:15+08:00 ] ::1 /opened/Public/Js/Common/jquery.min.map
INFO: [ app_init ] --START--
INFO: Run Behavior\BuildLiteBehavior [ RunTime:0.000022s ]
INFO: [ app_init ] --END-- [ RunTime:0.000645s ]
ERR: 无法加载控制器:Public

[ 2016-06-03T11:06:55+08:00 ] ::1 /opened/index.php?m=&c=User&a=uCenter
INFO: [ app_init ] --START--
INFO: Run Behavior\BuildLiteBehavior [ RunTime:0.000018s ]
INFO: [ app_init ] --END-- [ RunTime:0.000415s ]

[ 2016-06-03T11:06:56+08:00 ] ::1 /opened/Public/Js/Common/jquery.min.map
INFO: [ app_init ] --START--
INFO: Run Behavior\BuildLiteBehavior [ RunTime:0.000013s ]
INFO: [ app_init ] --END-- [ RunTime:0.000390s ]
ERR: 无法加载控制器:Public

[ 2016-06-03T11:07:04+08:00 ] ::1 /opened/index.php?m=&c=User&a=uCenter
INFO: [ app_init ] --START--
INFO: Run Behavior\BuildLiteBehavior [ RunTime:0.000012s ]
INFO: [ app_init ] --END-- [ RunTime:0.000464s ]

[ 2016-06-03T11:07:04+08:00 ] ::1 /opened/Public/Js/Common/jquery.min.map
INFO: [ app_init ] --START--
INFO: Run Behavior\BuildLiteBehavior [ RunTime:0.000016s ]
INFO: [ app_init ] --END-- [ RunTime:0.000557s ]
ERR: 无法加载控制器:Public

[ 2016-06-03T11:07:20+08:00 ] ::1 /opened/index.php?m=&c=User&a=uCenter
INFO: [ app_init ] --START--
INFO: Run Behavior\BuildLiteBehavior [ RunTime:0.000012s ]
INFO: [ app_init ] --END-- [ RunTime:0.000546s ]

[ 2016-06-03T11:07:20+08:00 ] ::1 /opened/Public/Js/Common/jquery.min.map
INFO: [ app_init ] --START--
INFO: Run Behavior\BuildLiteBehavior [ RunTime:0.000015s ]
INFO: [ app_init ] --END-- [ RunTime:0.000621s ]
ERR: 无法加载控制器:Public

[ 2016-06-03T11:09:11+08:00 ] ::1 /opened/index.php?m=&c=User&a=uCenter
INFO: [ app_init ] --START--
INFO: Run Behavior\BuildLiteBehavior [ RunTime:0.000012s ]
INFO: [ app_init ] --END-- [ RunTime:0.000411s ]

[ 2016-06-03T11:09:12+08:00 ] ::1 /opened/Public/Js/Common/jquery.min.map
INFO: [ app_init ] --START--
INFO: Run Behavior\BuildLiteBehavior [ RunTime:0.000019s ]
INFO: [ app_init ] --END-- [ RunTime:0.000618s ]
ERR: 无法加载控制器:Public

[ 2016-06-03T11:14:02+08:00 ] ::1 /opened/index.php?m=&c=User&a=uCenter
INFO: [ app_init ] --START--
INFO: Run Behavior\BuildLiteBehavior [ RunTime:0.000012s ]
INFO: [ app_init ] --END-- [ RunTime:0.000546s ]

[ 2016-06-03T11:14:03+08:00 ] ::1 /opened/Public/Js/Common/jquery.min.map
INFO: [ app_init ] --START--
INFO: Run Behavior\BuildLiteBehavior [ RunTime:0.000019s ]
INFO: [ app_init ] --END-- [ RunTime:0.000547s ]
ERR: 无法加载控制器:Public

[ 2016-06-03T11:21:57+08:00 ] ::1 /opened/index.php?m=&c=User&a=uCenter
INFO: [ app_init ] --START--
INFO: Run Behavior\BuildLiteBehavior [ RunTime:0.000032s ]
INFO: [ app_init ] --END-- [ RunTime:0.000693s ]

[ 2016-06-03T11:21:59+08:00 ] ::1 /opened/Public/Js/Common/jquery.min.map
INFO: [ app_init ] --START--
INFO: Run Behavior\BuildLiteBehavior [ RunTime:0.000013s ]
INFO: [ app_init ] --END-- [ RunTime:0.000430s ]
ERR: 无法加载控制器:Public

[ 2016-06-03T11:22:04+08:00 ] ::1 /opened/index.php?m=&c=User&a=uCenter
INFO: [ app_init ] --START--
INFO: Run Behavior\BuildLiteBehavior [ RunTime:0.000013s ]
INFO: [ app_init ] --END-- [ RunTime:0.000508s ]

[ 2016-06-03T11:22:04+08:00 ] ::1 /opened/Public/Js/Common/jquery.min.map
INFO: [ app_init ] --START--
INFO: Run Behavior\BuildLiteBehavior [ RunTime:0.000023s ]
INFO: [ app_init ] --END-- [ RunTime:0.000749s ]
ERR: 无法加载控制器:Public

[ 2016-06-03T11:22:13+08:00 ] ::1 /opened/index.php?m=&c=User&a=uCenter
INFO: [ app_init ] --START--
INFO: Run Behavior\BuildLiteBehavior [ RunTime:0.000012s ]
INFO: [ app_init ] --END-- [ RunTime:0.000481s ]

[ 2016-06-03T11:22:14+08:00 ] ::1 /opened/Public/Js/Common/jquery.min.map
INFO: [ app_init ] --START--
INFO: Run Behavior\BuildLiteBehavior [ RunTime:0.000019s ]
INFO: [ app_init ] --END-- [ RunTime:0.000634s ]
ERR: 无法加载控制器:Public

[ 2016-06-03T11:22:26+08:00 ] ::1 /opened/index.php?m=&c=User&a=uCenter
INFO: [ app_init ] --START--
INFO: Run Behavior\BuildLiteBehavior [ RunTime:0.000012s ]
INFO: [ app_init ] --END-- [ RunTime:0.000507s ]

[ 2016-06-03T11:22:26+08:00 ] ::1 /opened/Public/Js/Common/jquery.min.map
INFO: [ app_init ] --START--
INFO: Run Behavior\BuildLiteBehavior [ RunTime:0.000018s ]
INFO: [ app_init ] --END-- [ RunTime:0.000441s ]
ERR: 无法加载控制器:Public

[ 2016-06-03T14:11:00+08:00 ] ::1 /opened/index.php?m=&c=User&a=uCenter
INFO: [ app_init ] --START--
INFO: Run Behavior\BuildLiteBehavior [ RunTime:0.000013s ]
INFO: [ app_init ] --END-- [ RunTime:0.000546s ]

[ 2016-06-03T14:11:00+08:00 ] ::1 /opened/index.php?m=&c=Index&a=index
INFO: [ app_init ] --START--
INFO: Run Behavior\BuildLiteBehavior [ RunTime:0.000012s ]
INFO: [ app_init ] --END-- [ RunTime:0.000382s ]

[ 2016-06-03T14:11:01+08:00 ] ::1 /opened/Public/Js/Common/jquery.min.map
INFO: [ app_init ] --START--
INFO: Run Behavior\BuildLiteBehavior [ RunTime:0.000020s ]
INFO: [ app_init ] --END-- [ RunTime:0.000615s ]
ERR: 无法加载控制器:Public

[ 2016-06-03T14:11:03+08:00 ] ::1 /opened/index.php?m=&c=User&a=loginAct
INFO: [ app_init ] --START--
INFO: Run Behavior\BuildLiteBehavior [ RunTime:0.000014s ]
INFO: [ app_init ] --END-- [ RunTime:0.000413s ]

[ 2016-06-03T14:11:03+08:00 ] ::1 /opened/Public/Js/Common/jquery.min.map
INFO: [ app_init ] --START--
INFO: Run Behavior\BuildLiteBehavior [ RunTime:0.000013s ]
INFO: [ app_init ] --END-- [ RunTime:0.000419s ]
ERR: 无法加载控制器:Public

[ 2016-06-03T14:11:04+08:00 ] ::1 /opened/index.php?m=&c=User&a=creatVerifyCode
INFO: [ app_init ] --START--
INFO: Run Behavior\BuildLiteBehavior [ RunTime:0.000012s ]
INFO: [ app_init ] --END-- [ RunTime:0.000480s ]

[ 2016-06-03T14:11:09+08:00 ] ::1 /opened/index.php?m=&c=User&a=creatVerifyCode&random=0.30777534556595076
INFO: [ app_init ] --START--
INFO: Run Behavior\BuildLiteBehavior [ RunTime:0.000012s ]
INFO: [ app_init ] --END-- [ RunTime:0.000452s ]

[ 2016-06-03T14:11:10+08:00 ] ::1 /opened/index.php?m=&c=User&a=creatVerifyCode&random=0.06319069764309393
INFO: [ app_init ] --START--
INFO: Run Behavior\BuildLiteBehavior [ RunTime:0.000015s ]
INFO: [ app_init ] --END-- [ RunTime:0.000515s ]

[ 2016-06-03T14:11:11+08:00 ] ::1 /opened/index.php?m=&c=User&a=creatVerifyCode&random=0.9007367829851574
INFO: [ app_init ] --START--
INFO: Run Behavior\BuildLiteBehavior [ RunTime:0.000013s ]
INFO: [ app_init ] --END-- [ RunTime:0.000429s ]

[ 2016-06-03T14:11:18+08:00 ] ::1 /opened/index.php?m=&c=User&a=loginAct
INFO: [ app_init ] --START--
INFO: Run Behavior\BuildLiteBehavior [ RunTime:0.000012s ]
INFO: [ app_init ] --END-- [ RunTime:0.000481s ]

[ 2016-06-03T14:11:18+08:00 ] ::1 /opened/index.php?m=&c=User&a=uCenter
INFO: [ app_init ] --START--
INFO: Run Behavior\BuildLiteBehavior [ RunTime:0.000012s ]
INFO: [ app_init ] --END-- [ RunTime:0.000504s ]

[ 2016-06-03T14:11:18+08:00 ] ::1 /opened/Public/Js/Common/jquery.min.map
INFO: [ app_init ] --START--
INFO: Run Behavior\BuildLiteBehavior [ RunTime:0.000012s ]
INFO: [ app_init ] --END-- [ RunTime:0.000452s ]
ERR: 无法加载控制器:Public

[ 2016-06-03T14:13:00+08:00 ] ::1 /opened/index.php?m=&c=User&a=uCenter
INFO: [ app_init ] --START--
INFO: Run Behavior\BuildLiteBehavior [ RunTime:0.000011s ]
INFO: [ app_init ] --END-- [ RunTime:0.000441s ]

[ 2016-06-03T14:13:01+08:00 ] ::1 /opened/Public/Js/Common/jquery.min.map
INFO: [ app_init ] --START--
INFO: Run Behavior\BuildLiteBehavior [ RunTime:0.000014s ]
INFO: [ app_init ] --END-- [ RunTime:0.000470s ]
ERR: 无法加载控制器:Public

[ 2016-06-03T14:13:11+08:00 ] ::1 /opened/index.php?m=&c=User&a=uCenter
INFO: [ app_init ] --START--
INFO: Run Behavior\BuildLiteBehavior [ RunTime:0.000013s ]
INFO: [ app_init ] --END-- [ RunTime:0.000506s ]

[ 2016-06-03T14:13:11+08:00 ] ::1 /opened/Public/Js/Common/jquery.min.map
INFO: [ app_init ] --START--
INFO: Run Behavior\BuildLiteBehavior [ RunTime:0.000044s ]
INFO: [ app_init ] --END-- [ RunTime:0.000478s ]
ERR: 无法加载控制器:Public

[ 2016-06-03T14:13:18+08:00 ] ::1 /opened/index.php?m=&c=User&a=logout
INFO: [ app_init ] --START--
INFO: Run Behavior\BuildLiteBehavior [ RunTime:0.000012s ]
INFO: [ app_init ] --END-- [ RunTime:0.000407s ]

[ 2016-06-03T14:13:19+08:00 ] ::1 /opened/index.php?m=&c=Index&a=index
INFO: [ app_init ] --START--
INFO: Run Behavior\BuildLiteBehavior [ RunTime:0.000012s ]
INFO: [ app_init ] --END-- [ RunTime:0.000467s ]

[ 2016-06-03T14:13:19+08:00 ] ::1 /opened/Public/Js/Common/jquery.min.map
INFO: [ app_init ] --START--
INFO: Run Behavior\BuildLiteBehavior [ RunTime:0.000018s ]
INFO: [ app_init ] --END-- [ RunTime:0.000628s ]
ERR: 无法加载控制器:Public

[ 2016-06-03T14:13:21+08:00 ] ::1 /opened/index.php?m=&c=User&a=loginAct
INFO: [ app_init ] --START--
INFO: Run Behavior\BuildLiteBehavior [ RunTime:0.000012s ]
INFO: [ app_init ] --END-- [ RunTime:0.000480s ]

[ 2016-06-03T14:13:21+08:00 ] ::1 /opened/index.php?m=&c=User&a=creatVerifyCode
INFO: [ app_init ] --START--
INFO: Run Behavior\BuildLiteBehavior [ RunTime:0.000014s ]
INFO: [ app_init ] --END-- [ RunTime:0.000503s ]

[ 2016-06-03T14:13:21+08:00 ] ::1 /opened/Public/Js/Common/jquery.min.map
INFO: [ app_init ] --START--
INFO: Run Behavior\BuildLiteBehavior [ RunTime:0.000022s ]
INFO: [ app_init ] --END-- [ RunTime:0.000631s ]
ERR: 无法加载控制器:Public

[ 2016-06-03T14:13:27+08:00 ] ::1 /opened/index.php?m=&c=User&a=loginAct
INFO: [ app_init ] --START--
INFO: Run Behavior\BuildLiteBehavior [ RunTime:0.000012s ]
INFO: [ app_init ] --END-- [ RunTime:0.000458s ]

[ 2016-06-03T14:13:28+08:00 ] ::1 /opened/index.php?m=&c=User&a=uCenter
INFO: [ app_init ] --START--
INFO: Run Behavior\BuildLiteBehavior [ RunTime:0.000012s ]
INFO: [ app_init ] --END-- [ RunTime:0.000462s ]

[ 2016-06-03T14:13:45+08:00 ] ::1 /opened/index.php?m=&c=User&a=uCenter
INFO: [ app_init ] --START--
INFO: Run Behavior\BuildLiteBehavior [ RunTime:0.000013s ]
INFO: [ app_init ] --END-- [ RunTime:0.000515s ]

[ 2016-06-03T14:13:51+08:00 ] ::1 /opened/index.php?m=&c=User&a=uCenter
INFO: [ app_init ] --START--
INFO: Run Behavior\BuildLiteBehavior [ RunTime:0.000013s ]
INFO: [ app_init ] --END-- [ RunTime:0.000481s ]

[ 2016-06-03T14:13:54+08:00 ] ::1 /opened/index.php?m=&c=User&a=uCenter
INFO: [ app_init ] --START--
INFO: Run Behavior\BuildLiteBehavior [ RunTime:0.000013s ]
INFO: [ app_init ] --END-- [ RunTime:0.000496s ]

[ 2016-06-03T14:14:29+08:00 ] ::1 /opened/index.php?m=&c=User&a=uCenter
INFO: [ app_init ] --START--
INFO: Run Behavior\BuildLiteBehavior [ RunTime:0.000013s ]
INFO: [ app_init ] --END-- [ RunTime:0.000480s ]

[ 2016-06-03T14:21:17+08:00 ] ::1 /opened/index.php?m=&c=User&a=uCenter
INFO: [ app_init ] --START--
INFO: Run Behavior\BuildLiteBehavior [ RunTime:0.000027s ]
INFO: [ app_init ] --END-- [ RunTime:0.000636s ]

[ 2016-06-03T14:22:25+08:00 ] ::1 /opened/index.php?m=&c=User&a=uCenter
INFO: [ app_init ] --START--
INFO: Run Behavior\BuildLiteBehavior [ RunTime:0.000013s ]
INFO: [ app_init ] --END-- [ RunTime:0.000387s ]

[ 2016-06-03T14:22:57+08:00 ] ::1 /opened/index.php?m=&c=User&a=uCenter
INFO: [ app_init ] --START--
INFO: Run Behavior\BuildLiteBehavior [ RunTime:0.000012s ]
INFO: [ app_init ] --END-- [ RunTime:0.000500s ]

[ 2016-06-03T14:32:06+08:00 ] ::1 /opened/index.php?m=&c=User&a=uCenter
INFO: [ app_init ] --START--
INFO: Run Behavior\BuildLiteBehavior [ RunTime:0.000012s ]
INFO: [ app_init ] --END-- [ RunTime:0.000459s ]

[ 2016-06-03T14:40:07+08:00 ] ::1 /opened/index.php?m=&c=User&a=uCenter
INFO: [ app_init ] --START--
INFO: Run Behavior\BuildLiteBehavior [ RunTime:0.000012s ]
INFO: [ app_init ] --END-- [ RunTime:0.000528s ]

[ 2016-06-03T14:50:57+08:00 ] ::1 /opened/index.php?m=&c=User&a=uCenter
INFO: [ app_init ] --START--
INFO: Run Behavior\BuildLiteBehavior [ RunTime:0.000012s ]
INFO: [ app_init ] --END-- [ RunTime:0.000473s ]

[ 2016-06-03T14:51:30+08:00 ] ::1 /opened/index.php?m=&c=User&a=uCenter
INFO: [ app_init ] --START--
INFO: Run Behavior\BuildLiteBehavior [ RunTime:0.000015s ]
INFO: [ app_init ] --END-- [ RunTime:0.000547s ]

[ 2016-06-03T14:51:36+08:00 ] ::1 /opened/Public/Js/Common/jquery.min.map
INFO: [ app_init ] --START--
INFO: Run Behavior\BuildLiteBehavior [ RunTime:0.000012s ]
INFO: [ app_init ] --END-- [ RunTime:0.000453s ]
ERR: 无法加载控制器:Public

[ 2016-06-03T14:56:37+08:00 ] ::1 /opened/index.php?m=&c=User&a=uCenter
INFO: [ app_init ] --START--
INFO: Run Behavior\BuildLiteBehavior [ RunTime:0.000020s ]
INFO: [ app_init ] --END-- [ RunTime:0.000582s ]

[ 2016-06-03T14:56:38+08:00 ] ::1 /opened/Public/Js/Common/jquery.min.map
INFO: [ app_init ] --START--
INFO: Run Behavior\BuildLiteBehavior [ RunTime:0.000020s ]
INFO: [ app_init ] --END-- [ RunTime:0.000588s ]
ERR: 无法加载控制器:Public

[ 2016-06-03T14:57:41+08:00 ] ::1 /opened/index.php?m=&c=User&a=uCenter
INFO: [ app_init ] --START--
INFO: Run Behavior\BuildLiteBehavior [ RunTime:0.000012s ]
INFO: [ app_init ] --END-- [ RunTime:0.000458s ]

[ 2016-06-03T14:57:41+08:00 ] ::1 /opened/Public/Js/Common/jquery.min.map
INFO: [ app_init ] --START--
INFO: Run Behavior\BuildLiteBehavior [ RunTime:0.000022s ]
INFO: [ app_init ] --END-- [ RunTime:0.000573s ]
ERR: 无法加载控制器:Public

[ 2016-06-03T15:16:08+08:00 ] ::1 /opened/index.php?m=&c=User&a=uCenter
INFO: [ app_init ] --START--
INFO: Run Behavior\BuildLiteBehavior [ RunTime:0.000012s ]
INFO: [ app_init ] --END-- [ RunTime:0.000417s ]

[ 2016-06-03T15:16:08+08:00 ] ::1 /opened/Public/Js/Common/jquery.min.map
INFO: [ app_init ] --START--
INFO: Run Behavior\BuildLiteBehavior [ RunTime:0.000013s ]
INFO: [ app_init ] --END-- [ RunTime:0.000407s ]
ERR: 无法加载控制器:Public

[ 2016-06-03T15:16:43+08:00 ] ::1 /opened/index.php?m=&c=User&a=uCenter
INFO: [ app_init ] --START--
INFO: Run Behavior\BuildLiteBehavior [ RunTime:0.000012s ]
INFO: [ app_init ] --END-- [ RunTime:0.000493s ]

[ 2016-06-03T15:16:44+08:00 ] ::1 /opened/Public/Js/Common/jquery.min.map
INFO: [ app_init ] --START--
INFO: Run Behavior\BuildLiteBehavior [ RunTime:0.000019s ]
INFO: [ app_init ] --END-- [ RunTime:0.000607s ]
ERR: 无法加载控制器:Public

[ 2016-06-03T15:18:24+08:00 ] ::1 /opened/index.php?m=&c=User&a=uCenter
INFO: [ app_init ] --START--
INFO: Run Behavior\BuildLiteBehavior [ RunTime:0.000012s ]
INFO: [ app_init ] --END-- [ RunTime:0.000539s ]

[ 2016-06-03T15:18:25+08:00 ] ::1 /opened/Public/Js/Common/jquery.min.map
INFO: [ app_init ] --START--
INFO: Run Behavior\BuildLiteBehavior [ RunTime:0.000012s ]
INFO: [ app_init ] --END-- [ RunTime:0.000393s ]
ERR: 无法加载控制器:Public

[ 2016-06-03T15:18:44+08:00 ] ::1 /opened/index.php?m=&c=User&a=uCenter
INFO: [ app_init ] --START--
INFO: Run Behavior\BuildLiteBehavior [ RunTime:0.000012s ]
INFO: [ app_init ] --END-- [ RunTime:0.000496s ]

[ 2016-06-03T15:18:44+08:00 ] ::1 /opened/Public/Js/Common/jquery.min.map
INFO: [ app_init ] --START--
INFO: Run Behavior\BuildLiteBehavior [ RunTime:0.000013s ]
INFO: [ app_init ] --END-- [ RunTime:0.000425s ]
ERR: 无法加载控制器:Public

[ 2016-06-03T15:18:51+08:00 ] ::1 /opened/index.php?m=&c=User&a=uCenter
INFO: [ app_init ] --START--
INFO: Run Behavior\BuildLiteBehavior [ RunTime:0.000014s ]
INFO: [ app_init ] --END-- [ RunTime:0.000445s ]

[ 2016-06-03T15:18:52+08:00 ] ::1 /opened/Public/Js/Common/jquery.min.map
INFO: [ app_init ] --START--
INFO: Run Behavior\BuildLiteBehavior [ RunTime:0.000013s ]
INFO: [ app_init ] --END-- [ RunTime:0.000438s ]
ERR: 无法加载控制器:Public

[ 2016-06-03T15:19:03+08:00 ] ::1 /opened/index.php?m=&c=User&a=logout
INFO: [ app_init ] --START--
INFO: Run Behavior\BuildLiteBehavior [ RunTime:0.000012s ]
INFO: [ app_init ] --END-- [ RunTime:0.000400s ]

[ 2016-06-03T15:19:03+08:00 ] ::1 /opened/index.php?m=&c=Index&a=index
INFO: [ app_init ] --START--
INFO: Run Behavior\BuildLiteBehavior [ RunTime:0.000012s ]
INFO: [ app_init ] --END-- [ RunTime:0.000488s ]

[ 2016-06-03T15:19:04+08:00 ] ::1 /opened/Public/Js/Common/jquery.min.map
INFO: [ app_init ] --START--
INFO: Run Behavior\BuildLiteBehavior [ RunTime:0.000019s ]
INFO: [ app_init ] --END-- [ RunTime:0.000571s ]
ERR: 无法加载控制器:Public

[ 2016-06-03T15:19:06+08:00 ] ::1 /opened/index.php?m=&c=User&a=loginAct
INFO: [ app_init ] --START--
INFO: Run Behavior\BuildLiteBehavior [ RunTime:0.000014s ]
INFO: [ app_init ] --END-- [ RunTime:0.000553s ]

[ 2016-06-03T15:19:06+08:00 ] ::1 /opened/index.php?m=&c=User&a=creatVerifyCode
INFO: [ app_init ] --START--
INFO: Run Behavior\BuildLiteBehavior [ RunTime:0.000015s ]
INFO: [ app_init ] --END-- [ RunTime:0.000538s ]

[ 2016-06-03T15:19:06+08:00 ] ::1 /opened/Public/Js/Common/jquery.min.map
INFO: [ app_init ] --START--
INFO: Run Behavior\BuildLiteBehavior [ RunTime:0.000013s ]
INFO: [ app_init ] --END-- [ RunTime:0.000408s ]
ERR: 无法加载控制器:Public

[ 2016-06-03T15:19:14+08:00 ] ::1 /opened/index.php?m=&c=User&a=loginAct
INFO: [ app_init ] --START--
INFO: Run Behavior\BuildLiteBehavior [ RunTime:0.000012s ]
INFO: [ app_init ] --END-- [ RunTime:0.000489s ]

[ 2016-06-03T15:19:14+08:00 ] ::1 /opened/index.php?m=&c=User&a=uCenter
INFO: [ app_init ] --START--
INFO: Run Behavior\BuildLiteBehavior [ RunTime:0.000013s ]
INFO: [ app_init ] --END-- [ RunTime:0.000492s ]

[ 2016-06-03T15:19:14+08:00 ] ::1 /opened/Public/Js/Common/jquery.min.map
INFO: [ app_init ] --START--
INFO: Run Behavior\BuildLiteBehavior [ RunTime:0.000013s ]
INFO: [ app_init ] --END-- [ RunTime:0.000408s ]
ERR: 无法加载控制器:Public

[ 2016-06-03T15:19:56+08:00 ] ::1 /opened/index.php?m=&c=User&a=uCenter
INFO: [ app_init ] --START--
INFO: Run Behavior\BuildLiteBehavior [ RunTime:0.000014s ]
INFO: [ app_init ] --END-- [ RunTime:0.000566s ]

[ 2016-06-03T15:19:56+08:00 ] ::1 /opened/Public/Js/Common/jquery.min.map
INFO: [ app_init ] --START--
INFO: Run Behavior\BuildLiteBehavior [ RunTime:0.000015s ]
INFO: [ app_init ] --END-- [ RunTime:0.000422s ]
ERR: 无法加载控制器:Public

[ 2016-06-03T15:20:11+08:00 ] ::1 /opened/index.php?m=&c=User&a=uCenter
INFO: [ app_init ] --START--
INFO: Run Behavior\BuildLiteBehavior [ RunTime:0.000021s ]
INFO: [ app_init ] --END-- [ RunTime:0.000812s ]

[ 2016-06-03T15:20:12+08:00 ] ::1 /opened/Public/Js/Common/jquery.min.map
INFO: [ app_init ] --START--
INFO: Run Behavior\BuildLiteBehavior [ RunTime:0.000012s ]
INFO: [ app_init ] --END-- [ RunTime:0.000401s ]
ERR: 无法加载控制器:Public

[ 2016-06-03T15:25:31+08:00 ] ::1 /opened/index.php?m=&c=User&a=uCenter
INFO: [ app_init ] --START--
INFO: Run Behavior\BuildLiteBehavior [ RunTime:0.000026s ]
INFO: [ app_init ] --END-- [ RunTime:0.000817s ]

[ 2016-06-03T15:25:32+08:00 ] ::1 /opened/Public/Js/Common/jquery.min.map
INFO: [ app_init ] --START--
INFO: Run Behavior\BuildLiteBehavior [ RunTime:0.000017s ]
INFO: [ app_init ] --END-- [ RunTime:0.000574s ]
ERR: 无法加载控制器:Public

[ 2016-06-03T15:26:56+08:00 ] ::1 /opened/index.php?m=&c=User&a=uCenter
INFO: [ app_init ] --START--
INFO: Run Behavior\BuildLiteBehavior [ RunTime:0.000021s ]
INFO: [ app_init ] --END-- [ RunTime:0.000692s ]

[ 2016-06-03T15:26:56+08:00 ] ::1 /opened/Public/Js/Common/jquery.min.map
INFO: [ app_init ] --START--
INFO: Run Behavior\BuildLiteBehavior [ RunTime:0.000020s ]
INFO: [ app_init ] --END-- [ RunTime:0.000517s ]
ERR: 无法加载控制器:Public

[ 2016-06-03T15:38:04+08:00 ] ::1 /opened/index.php?m=&c=User&a=uCenter
INFO: [ app_init ] --START--
INFO: Run Behavior\BuildLiteBehavior [ RunTime:0.000015s ]
INFO: [ app_init ] --END-- [ RunTime:0.000718s ]

[ 2016-06-03T15:38:05+08:00 ] ::1 /opened/Public/Js/Common/jquery.min.map
INFO: [ app_init ] --START--
INFO: Run Behavior\BuildLiteBehavior [ RunTime:0.000022s ]
INFO: [ app_init ] --END-- [ RunTime:0.001135s ]
ERR: 无法加载控制器:Public

[ 2016-06-03T15:38:27+08:00 ] ::1 /opened/index.php?m=&c=Company&a=index&id=9
INFO: [ app_init ] --START--
INFO: Run Behavior\BuildLiteBehavior [ RunTime:0.000013s ]
INFO: [ app_init ] --END-- [ RunTime:0.000507s ]

[ 2016-06-03T15:38:28+08:00 ] ::1 /opened/Public/Js/Common/jquery.min.map
INFO: [ app_init ] --START--
INFO: Run Behavior\BuildLiteBehavior [ RunTime:0.000014s ]
INFO: [ app_init ] --END-- [ RunTime:0.000427s ]
ERR: 无法加载控制器:Public

[ 2016-06-03T15:38:31+08:00 ] ::1 /opened/index.php?m=&c=User&a=uCenter
INFO: [ app_init ] --START--
INFO: Run Behavior\BuildLiteBehavior [ RunTime:0.000015s ]
INFO: [ app_init ] --END-- [ RunTime:0.000598s ]

[ 2016-06-03T15:38:32+08:00 ] ::1 /opened/Public/Js/Common/jquery.min.map
INFO: [ app_init ] --START--
INFO: Run Behavior\BuildLiteBehavior [ RunTime:0.000013s ]
INFO: [ app_init ] --END-- [ RunTime:0.000480s ]
ERR: 无法加载控制器:Public

[ 2016-06-03T15:52:47+08:00 ] ::1 /opened/index.php?m=&c=User&a=uCenter
INFO: [ app_init ] --START--
INFO: Run Behavior\BuildLiteBehavior [ RunTime:0.000014s ]
INFO: [ app_init ] --END-- [ RunTime:0.000468s ]

[ 2016-06-03T15:52:47+08:00 ] ::1 /opened/Public/Js/Common/jquery.min.map
INFO: [ app_init ] --START--
INFO: Run Behavior\BuildLiteBehavior [ RunTime:0.000019s ]
INFO: [ app_init ] --END-- [ RunTime:0.000626s ]
ERR: 无法加载控制器:Public

[ 2016-06-03T16:00:14+08:00 ] ::1 /opened/index.php?m=&c=User&a=uCenter
INFO: [ app_init ] --START--
INFO: Run Behavior\BuildLiteBehavior [ RunTime:0.000016s ]
INFO: [ app_init ] --END-- [ RunTime:0.000516s ]

[ 2016-06-03T16:00:14+08:00 ] ::1 /opened/Public/Js/Common/jquery.min.map
INFO: [ app_init ] --START--
INFO: Run Behavior\BuildLiteBehavior [ RunTime:0.000023s ]
INFO: [ app_init ] --END-- [ RunTime:0.000854s ]
ERR: 无法加载控制器:Public

[ 2016-06-03T16:02:24+08:00 ] ::1 /opened/index.php?m=&c=User&a=uCenter
INFO: [ app_init ] --START--
INFO: Run Behavior\BuildLiteBehavior [ RunTime:0.000013s ]
INFO: [ app_init ] --END-- [ RunTime:0.000440s ]

[ 2016-06-03T16:02:24+08:00 ] ::1 /opened/Public/Js/Common/jquery.min.map
INFO: [ app_init ] --START--
INFO: Run Behavior\BuildLiteBehavior [ RunTime:0.000020s ]
INFO: [ app_init ] --END-- [ RunTime:0.000630s ]
ERR: 无法加载控制器:Public

[ 2016-06-03T16:05:22+08:00 ] ::1 /opened/index.php?m=&c=User&a=uCenter
INFO: [ app_init ] --START--
INFO: Run Behavior\BuildLiteBehavior [ RunTime:0.000012s ]
INFO: [ app_init ] --END-- [ RunTime:0.000524s ]

[ 2016-06-03T16:05:23+08:00 ] ::1 /opened/Public/Js/Common/jquery.min.map
INFO: [ app_init ] --START--
INFO: Run Behavior\BuildLiteBehavior [ RunTime:0.000015s ]
INFO: [ app_init ] --END-- [ RunTime:0.000454s ]
ERR: 无法加载控制器:Public

[ 2016-06-03T16:05:34+08:00 ] ::1 /opened/index.php?m=&c=User&a=uCenter
INFO: [ app_init ] --START--
INFO: Run Behavior\BuildLiteBehavior [ RunTime:0.000013s ]
INFO: [ app_init ] --END-- [ RunTime:0.000409s ]

[ 2016-06-03T16:05:35+08:00 ] ::1 /opened/Public/Js/Common/jquery.min.map
INFO: [ app_init ] --START--
INFO: Run Behavior\BuildLiteBehavior [ RunTime:0.000015s ]
INFO: [ app_init ] --END-- [ RunTime:0.000432s ]
ERR: 无法加载控制器:Public

[ 2016-06-03T16:05:53+08:00 ] ::1 /opened/index.php?m=&c=User&a=uCenter
INFO: [ app_init ] --START--
INFO: Run Behavior\BuildLiteBehavior [ RunTime:0.000019s ]
INFO: [ app_init ] --END-- [ RunTime:0.000581s ]

[ 2016-06-03T16:05:53+08:00 ] ::1 /opened/Public/Js/Common/jquery.min.map
INFO: [ app_init ] --START--
INFO: Run Behavior\BuildLiteBehavior [ RunTime:0.000022s ]
INFO: [ app_init ] --END-- [ RunTime:0.000614s ]
ERR: 无法加载控制器:Public

[ 2016-06-03T16:06:21+08:00 ] ::1 /opened/index.php?m=&c=User&a=uCenter
INFO: [ app_init ] --START--
INFO: Run Behavior\BuildLiteBehavior [ RunTime:0.000026s ]
INFO: [ app_init ] --END-- [ RunTime:0.002088s ]

[ 2016-06-03T16:06:21+08:00 ] ::1 /opened/Public/Js/Common/jquery.min.map
INFO: [ app_init ] --START--
INFO: Run Behavior\BuildLiteBehavior [ RunTime:0.000015s ]
INFO: [ app_init ] --END-- [ RunTime:0.000564s ]
ERR: 无法加载控制器:Public

[ 2016-06-03T16:15:59+08:00 ] ::1 /opened/index.php?m=&c=User&a=uCenter
INFO: [ app_init ] --START--
INFO: Run Behavior\BuildLiteBehavior [ RunTime:0.000013s ]
INFO: [ app_init ] --END-- [ RunTime:0.000558s ]

[ 2016-06-03T16:16:00+08:00 ] ::1 /opened/Public/Js/Common/jquery.min.map
INFO: [ app_init ] --START--
INFO: Run Behavior\BuildLiteBehavior [ RunTime:0.000013s ]
INFO: [ app_init ] --END-- [ RunTime:0.000440s ]
ERR: 无法加载控制器:Public

[ 2016-06-03T16:28:29+08:00 ] ::1 /opened/index.php?m=&c=User&a=uCenter
INFO: [ app_init ] --START--
INFO: Run Behavior\BuildLiteBehavior [ RunTime:0.000057s ]
INFO: [ app_init ] --END-- [ RunTime:0.001534s ]

[ 2016-06-03T16:28:29+08:00 ] ::1 /opened/Public/Js/Common/jquery.min.map
INFO: [ app_init ] --START--
INFO: Run Behavior\BuildLiteBehavior [ RunTime:0.000023s ]
INFO: [ app_init ] --END-- [ RunTime:0.000639s ]
ERR: 无法加载控制器:Public

[ 2016-06-03T16:30:57+08:00 ] ::1 /opened/index.php?m=&c=User&a=uCenter
INFO: [ app_init ] --START--
INFO: Run Behavior\BuildLiteBehavior [ RunTime:0.000014s ]
INFO: [ app_init ] --END-- [ RunTime:0.000468s ]

[ 2016-06-03T16:30:57+08:00 ] ::1 /opened/Public/Js/Common/jquery.min.map
INFO: [ app_init ] --START--
INFO: Run Behavior\BuildLiteBehavior [ RunTime:0.000015s ]
INFO: [ app_init ] --END-- [ RunTime:0.000433s ]
ERR: 无法加载控制器:Public

[ 2016-06-03T16:31:36+08:00 ] ::1 /opened/index.php?m=&c=User&a=uCenter
INFO: [ app_init ] --START--
INFO: Run Behavior\BuildLiteBehavior [ RunTime:0.000018s ]
INFO: [ app_init ] --END-- [ RunTime:0.000523s ]

[ 2016-06-03T16:31:37+08:00 ] ::1 /opened/Public/Js/Common/jquery.min.map
INFO: [ app_init ] --START--
INFO: Run Behavior\BuildLiteBehavior [ RunTime:0.000018s ]
INFO: [ app_init ] --END-- [ RunTime:0.000412s ]
ERR: 无法加载控制器:Public

[ 2016-06-03T16:33:11+08:00 ] ::1 /opened/index.php?m=&c=User&a=uCenter
INFO: [ app_init ] --START--
INFO: Run Behavior\BuildLiteBehavior [ RunTime:0.000016s ]
INFO: [ app_init ] --END-- [ RunTime:0.000640s ]

[ 2016-06-03T16:33:11+08:00 ] ::1 /opened/Public/Js/Common/jquery.min.map
INFO: [ app_init ] --START--
INFO: Run Behavior\BuildLiteBehavior [ RunTime:0.000013s ]
INFO: [ app_init ] --END-- [ RunTime:0.000518s ]
ERR: 无法加载控制器:Public

[ 2016-06-03T16:33:31+08:00 ] ::1 /opened/index.php?m=&c=User&a=uCenter
INFO: [ app_init ] --START--
INFO: Run Behavior\BuildLiteBehavior [ RunTime:0.000014s ]
INFO: [ app_init ] --END-- [ RunTime:0.000467s ]

[ 2016-06-03T16:33:31+08:00 ] ::1 /opened/Public/Js/Common/jquery.min.map
INFO: [ app_init ] --START--
INFO: Run Behavior\BuildLiteBehavior [ RunTime:0.000020s ]
INFO: [ app_init ] --END-- [ RunTime:0.000635s ]
ERR: 无法加载控制器:Public

[ 2016-06-03T16:38:22+08:00 ] ::1 /opened/index.php?m=&c=User&a=uCenter
INFO: [ app_init ] --START--
INFO: Run Behavior\BuildLiteBehavior [ RunTime:0.000034s ]
INFO: [ app_init ] --END-- [ RunTime:0.001381s ]

[ 2016-06-03T16:38:23+08:00 ] ::1 /opened/Public/Js/Common/jquery.min.map
INFO: [ app_init ] --START--
INFO: Run Behavior\BuildLiteBehavior [ RunTime:0.000025s ]
INFO: [ app_init ] --END-- [ RunTime:0.000674s ]
ERR: 无法加载控制器:Public

[ 2016-06-03T16:38:44+08:00 ] ::1 /opened/index.php?m=&c=User&a=uCenter
INFO: [ app_init ] --START--
INFO: Run Behavior\BuildLiteBehavior [ RunTime:0.000013s ]
INFO: [ app_init ] --END-- [ RunTime:0.000469s ]

[ 2016-06-03T16:38:45+08:00 ] ::1 /opened/Public/Js/Common/jquery.min.map
INFO: [ app_init ] --START--
INFO: Run Behavior\BuildLiteBehavior [ RunTime:0.000014s ]
INFO: [ app_init ] --END-- [ RunTime:0.000519s ]
ERR: 无法加载控制器:Public

[ 2016-06-03T16:40:59+08:00 ] ::1 /opened/index.php?m=&c=User&a=uCenter
INFO: [ app_init ] --START--
INFO: Run Behavior\BuildLiteBehavior [ RunTime:0.000013s ]
INFO: [ app_init ] --END-- [ RunTime:0.000458s ]

[ 2016-06-03T16:41:00+08:00 ] ::1 /opened/Public/Js/Common/jquery.min.map
INFO: [ app_init ] --START--
INFO: Run Behavior\BuildLiteBehavior [ RunTime:0.000021s ]
INFO: [ app_init ] --END-- [ RunTime:0.000629s ]
ERR: 无法加载控制器:Public

[ 2016-06-03T16:41:48+08:00 ] ::1 /opened/index.php?m=&c=User&a=uCenter
INFO: [ app_init ] --START--
INFO: Run Behavior\BuildLiteBehavior [ RunTime:0.000017s ]
INFO: [ app_init ] --END-- [ RunTime:0.000553s ]

[ 2016-06-03T16:41:48+08:00 ] ::1 /opened/Public/Js/Common/jquery.min.map
INFO: [ app_init ] --START--
INFO: Run Behavior\BuildLiteBehavior [ RunTime:0.000019s ]
INFO: [ app_init ] --END-- [ RunTime:0.000605s ]
ERR: 无法加载控制器:Public

[ 2016-06-03T16:42:04+08:00 ] ::1 /opened/index.php?m=&c=User&a=uCenter
INFO: [ app_init ] --START--
INFO: Run Behavior\BuildLiteBehavior [ RunTime:0.000014s ]
INFO: [ app_init ] --END-- [ RunTime:0.000551s ]

[ 2016-06-03T16:42:04+08:00 ] ::1 /opened/Public/Js/Common/jquery.min.map
INFO: [ app_init ] --START--
INFO: Run Behavior\BuildLiteBehavior [ RunTime:0.000018s ]
INFO: [ app_init ] --END-- [ RunTime:0.000559s ]
ERR: 无法加载控制器:Public

[ 2016-06-03T16:42:58+08:00 ] ::1 /opened/index.php?m=&c=User&a=uCenter
INFO: [ app_init ] --START--
INFO: Run Behavior\BuildLiteBehavior [ RunTime:0.000013s ]
INFO: [ app_init ] --END-- [ RunTime:0.000429s ]

[ 2016-06-03T16:42:58+08:00 ] ::1 /opened/Public/Js/Common/jquery.min.map
INFO: [ app_init ] --START--
INFO: Run Behavior\BuildLiteBehavior [ RunTime:0.000021s ]
INFO: [ app_init ] --END-- [ RunTime:0.000653s ]
ERR: 无法加载控制器:Public

[ 2016-06-03T16:43:50+08:00 ] ::1 /opened/index.php?m=&c=User&a=uCenter
INFO: [ app_init ] --START--
INFO: Run Behavior\BuildLiteBehavior [ RunTime:0.000012s ]
INFO: [ app_init ] --END-- [ RunTime:0.000437s ]

[ 2016-06-03T16:43:51+08:00 ] ::1 /opened/Public/Js/Common/jquery.min.map
INFO: [ app_init ] --START--
INFO: Run Behavior\BuildLiteBehavior [ RunTime:0.000023s ]
INFO: [ app_init ] --END-- [ RunTime:0.000800s ]
ERR: 无法加载控制器:Public

[ 2016-06-03T16:45:46+08:00 ] ::1 /opened/index.php?m=&c=User&a=uCenter
INFO: [ app_init ] --START--
INFO: Run Behavior\BuildLiteBehavior [ RunTime:0.000012s ]
INFO: [ app_init ] --END-- [ RunTime:0.000554s ]

[ 2016-06-03T16:45:46+08:00 ] ::1 /opened/Public/Js/Common/jquery.min.map
INFO: [ app_init ] --START--
INFO: Run Behavior\BuildLiteBehavior [ RunTime:0.000014s ]
INFO: [ app_init ] --END-- [ RunTime:0.000517s ]
ERR: 无法加载控制器:Public

[ 2016-06-03T16:48:30+08:00 ] ::1 /opened/index.php?m=&c=User&a=uCenter
INFO: [ app_init ] --START--
INFO: Run Behavior\BuildLiteBehavior [ RunTime:0.000021s ]
INFO: [ app_init ] --END-- [ RunTime:0.000741s ]

[ 2016-06-03T16:48:31+08:00 ] ::1 /opened/Public/Js/Common/jquery.min.map
INFO: [ app_init ] --START--
INFO: Run Behavior\BuildLiteBehavior [ RunTime:0.000012s ]
INFO: [ app_init ] --END-- [ RunTime:0.000410s ]
ERR: 无法加载控制器:Public

[ 2016-06-03T16:48:48+08:00 ] ::1 /opened/Public/Js/Common/jquery.min.map
INFO: [ app_init ] --START--
INFO: Run Behavior\BuildLiteBehavior [ RunTime:0.000013s ]
INFO: [ app_init ] --END-- [ RunTime:0.000543s ]
ERR: 无法加载控制器:Public

[ 2016-06-03T16:50:12+08:00 ] ::1 /opened/index.php?m=&c=User&a=uCenter
INFO: [ app_init ] --START--
INFO: Run Behavior\BuildLiteBehavior [ RunTime:0.000016s ]
INFO: [ app_init ] --END-- [ RunTime:0.000689s ]

[ 2016-06-03T16:50:13+08:00 ] ::1 /opened/Public/Js/Common/jquery.min.map
INFO: [ app_init ] --START--
INFO: Run Behavior\BuildLiteBehavior [ RunTime:0.000013s ]
INFO: [ app_init ] --END-- [ RunTime:0.000408s ]
ERR: 无法加载控制器:Public

[ 2016-06-03T16:50:52+08:00 ] ::1 /opened/index.php?m=&c=User&a=uCenter
INFO: [ app_init ] --START--
INFO: Run Behavior\BuildLiteBehavior [ RunTime:0.000013s ]
INFO: [ app_init ] --END-- [ RunTime:0.000445s ]

[ 2016-06-03T16:50:52+08:00 ] ::1 /opened/Public/Js/Common/jquery.min.map
INFO: [ app_init ] --START--
INFO: Run Behavior\BuildLiteBehavior [ RunTime:0.000022s ]
INFO: [ app_init ] --END-- [ RunTime:0.001271s ]
ERR: 无法加载控制器:Public

[ 2016-06-03T16:51:38+08:00 ] ::1 /opened/index.php?m=&c=User&a=uCenter
INFO: [ app_init ] --START--
INFO: Run Behavior\BuildLiteBehavior [ RunTime:0.000013s ]
INFO: [ app_init ] --END-- [ RunTime:0.000494s ]

[ 2016-06-03T16:51:39+08:00 ] ::1 /opened/Public/Js/Common/jquery.min.map
INFO: [ app_init ] --START--
INFO: Run Behavior\BuildLiteBehavior [ RunTime:0.000016s ]
INFO: [ app_init ] --END-- [ RunTime:0.000532s ]
ERR: 无法加载控制器:Public

[ 2016-06-03T16:52:20+08:00 ] ::1 /opened/index.php?m=&c=User&a=uCenter
INFO: [ app_init ] --START--
INFO: Run Behavior\BuildLiteBehavior [ RunTime:0.000012s ]
INFO: [ app_init ] --END-- [ RunTime:0.000490s ]

[ 2016-06-03T16:52:20+08:00 ] ::1 /opened/Public/Js/Common/jquery.min.map
INFO: [ app_init ] --START--
INFO: Run Behavior\BuildLiteBehavior [ RunTime:0.000016s ]
INFO: [ app_init ] --END-- [ RunTime:0.000560s ]
ERR: 无法加载控制器:Public

[ 2016-06-03T16:54:31+08:00 ] ::1 /opened/index.php?m=&c=User&a=uCenter
INFO: [ app_init ] --START--
INFO: Run Behavior\BuildLiteBehavior [ RunTime:0.000013s ]
INFO: [ app_init ] --END-- [ RunTime:0.000533s ]

[ 2016-06-03T16:54:32+08:00 ] ::1 /opened/Public/Js/Common/jquery.min.map
INFO: [ app_init ] --START--
INFO: Run Behavior\BuildLiteBehavior [ RunTime:0.000024s ]
INFO: [ app_init ] --END-- [ RunTime:0.000840s ]
ERR: 无法加载控制器:Public

[ 2016-06-03T16:55:18+08:00 ] ::1 /opened/index.php?m=&c=User&a=uCenter
INFO: [ app_init ] --START--
INFO: Run Behavior\BuildLiteBehavior [ RunTime:0.000013s ]
INFO: [ app_init ] --END-- [ RunTime:0.000487s ]

[ 2016-06-03T16:55:19+08:00 ] ::1 /opened/Public/Js/Common/jquery.min.map
INFO: [ app_init ] --START--
INFO: Run Behavior\BuildLiteBehavior [ RunTime:0.000017s ]
INFO: [ app_init ] --END-- [ RunTime:0.000546s ]
ERR: 无法加载控制器:Public

[ 2016-06-03T16:55:58+08:00 ] ::1 /opened/index.php?m=&c=User&a=uCenter
INFO: [ app_init ] --START--
INFO: Run Behavior\BuildLiteBehavior [ RunTime:0.000013s ]
INFO: [ app_init ] --END-- [ RunTime:0.000517s ]

[ 2016-06-03T16:55:58+08:00 ] ::1 /opened/Public/Js/Common/jquery.min.map
INFO: [ app_init ] --START--
INFO: Run Behavior\BuildLiteBehavior [ RunTime:0.000014s ]
INFO: [ app_init ] --END-- [ RunTime:0.000474s ]
ERR: 无法加载控制器:Public

[ 2016-06-03T16:56:55+08:00 ] ::1 /opened/index.php?m=&c=User&a=uCenter
INFO: [ app_init ] --START--
INFO: Run Behavior\BuildLiteBehavior [ RunTime:0.000013s ]
INFO: [ app_init ] --END-- [ RunTime:0.000514s ]

[ 2016-06-03T16:56:55+08:00 ] ::1 /opened/Public/Js/Common/jquery.min.map
INFO: [ app_init ] --START--
INFO: Run Behavior\BuildLiteBehavior [ RunTime:0.000013s ]
INFO: [ app_init ] --END-- [ RunTime:0.000415s ]
ERR: 无法加载控制器:Public

[ 2016-06-03T16:57:00+08:00 ] ::1 /opened/index.php?m=&c=User&a=uCenter
INFO: [ app_init ] --START--
INFO: Run Behavior\BuildLiteBehavior [ RunTime:0.000012s ]
INFO: [ app_init ] --END-- [ RunTime:0.000477s ]

[ 2016-06-03T16:57:00+08:00 ] ::1 /opened/Public/Js/Common/jquery.min.map
INFO: [ app_init ] --START--
INFO: Run Behavior\BuildLiteBehavior [ RunTime:0.000012s ]
INFO: [ app_init ] --END-- [ RunTime:0.000394s ]
ERR: 无法加载控制器:Public

[ 2016-06-03T16:57:56+08:00 ] ::1 /opened/index.php?m=&c=User&a=uCenter
INFO: [ app_init ] --START--
INFO: Run Behavior\BuildLiteBehavior [ RunTime:0.000012s ]
INFO: [ app_init ] --END-- [ RunTime:0.000402s ]

[ 2016-06-03T16:57:56+08:00 ] ::1 /opened/Public/Js/Common/jquery.min.map
INFO: [ app_init ] --START--
INFO: Run Behavior\BuildLiteBehavior [ RunTime:0.000013s ]
INFO: [ app_init ] --END-- [ RunTime:0.000399s ]
ERR: 无法加载控制器:Public

[ 2016-06-03T16:58:17+08:00 ] ::1 /opened/index.php?m=&c=User&a=uCenter
INFO: [ app_init ] --START--
INFO: Run Behavior\BuildLiteBehavior [ RunTime:0.000013s ]
INFO: [ app_init ] --END-- [ RunTime:0.000402s ]

[ 2016-06-03T16:58:17+08:00 ] ::1 /opened/Public/Js/Common/jquery.min.map
INFO: [ app_init ] --START--
INFO: Run Behavior\BuildLiteBehavior [ RunTime:0.000020s ]
INFO: [ app_init ] --END-- [ RunTime:0.000628s ]
ERR: 无法加载控制器:Public

[ 2016-06-03T17:00:24+08:00 ] ::1 /opened/index.php?m=&c=User&a=uCenter
INFO: [ app_init ] --START--
INFO: Run Behavior\BuildLiteBehavior [ RunTime:0.000017s ]
INFO: [ app_init ] --END-- [ RunTime:0.000513s ]

[ 2016-06-03T17:00:24+08:00 ] ::1 /opened/Public/Js/Common/jquery.min.map
INFO: [ app_init ] --START--
INFO: Run Behavior\BuildLiteBehavior [ RunTime:0.000018s ]
INFO: [ app_init ] --END-- [ RunTime:0.000595s ]
ERR: 无法加载控制器:Public

