[ 2016-04-27T00:00:32+08:00 ] ::1 /opened/index.php?m=&c=Company&a=index&id=9
INFO: [ app_init ] --START--
INFO: Run Behavior\BuildLiteBehavior [ RunTime:0.000013s ]
INFO: [ app_init ] --END-- [ RunTime:0.000521s ]

[ 2016-04-27T00:00:32+08:00 ] ::1 /opened/Public/Js/Common/jquery.min.map
INFO: [ app_init ] --START--
INFO: Run Behavior\BuildLiteBehavior [ RunTime:0.000025s ]
INFO: [ app_init ] --END-- [ RunTime:0.000722s ]
ERR: 无法加载控制器:Public

[ 2016-04-27T00:00:37+08:00 ] ::1 /opened/Company/ajaxComment
INFO: [ app_init ] --START--
INFO: Run Behavior\BuildLiteBehavior [ RunTime:0.000020s ]
INFO: [ app_init ] --END-- [ RunTime:0.000643s ]
INFO: [ app_begin ] --START--
INFO: Run Behavior\ReadHtmlCacheBehavior [ RunTime:0.000747s ]
INFO: [ app_begin ] --END-- [ RunTime:0.000806s ]
SQL: SHOW COLUMNS FROM `td_company` [ RunTime:0.0046s ]
SQL: SHOW COLUMNS FROM `td_company_user` [ RunTime:0.0044s ]
SQL: SHOW COLUMNS FROM `td_role` [ RunTime:0.0033s ]
SQL: SHOW COLUMNS FROM `td_role_user` [ RunTime:0.0047s ]
SQL: SHOW COLUMNS FROM `td_file` [ RunTime:0.0045s ]
NOTIC: [8] Undefined index: uid G:\works\code\php\phpStudy\WWW\opened\Application\Home\Controller\CompanyController.class.php 第 362 行.
SQL: SELECT * FROM `td_company` WHERE ( cid = 9 ) LIMIT 1   [ RunTime:0.0005s ]
NOTIC: [8] Undefined index: uid G:\works\code\php\phpStudy\WWW\opened\Application\Home\Controller\CompanyController.class.php 第 394 行.
ERR: 1064:You have an error in your SQL syntax; check the manual that corresponds to your MySQL server version for the right syntax to use near 'WHERE correlation_id = 9 AND type = 1 AND comment_author_name = 'ceshi04' AND co' at line 1
 [ SQL语句 ] : SELECT cid FROM  WHERE correlation_id = 9 AND type = 1 AND comment_author_name = 'ceshi04' AND comment_author_email = 'trydemo04@163.com' AND comment_content = 'dfsdfs' LIMIT 1
ERR: 1064:You have an error in your SQL syntax; check the manual that corresponds to your MySQL server version for the right syntax to use near 'WHERE correlation_id = 9 AND type = 1 AND comment_author_name = 'ceshi04' AND co' at line 1
 [ SQL语句 ] : SELECT cid FROM  WHERE correlation_id = 9 AND type = 1 AND comment_author_name = 'ceshi04' AND comment_author_email = 'trydemo04@163.com' AND comment_content = 'dfsdfs' LIMIT 1

[ 2016-04-27T00:01:25+08:00 ] ::1 /opened/index.php?m=&c=Company&a=index&id=9
INFO: [ app_init ] --START--
INFO: Run Behavior\BuildLiteBehavior [ RunTime:0.000015s ]
INFO: [ app_init ] --END-- [ RunTime:0.000436s ]

[ 2016-04-27T00:01:25+08:00 ] ::1 /opened/Public/Js/Common/jquery.min.map
INFO: [ app_init ] --START--
INFO: Run Behavior\BuildLiteBehavior [ RunTime:0.000014s ]
INFO: [ app_init ] --END-- [ RunTime:0.000383s ]
ERR: 无法加载控制器:Public

[ 2016-04-27T00:01:43+08:00 ] ::1 /opened/index.php?m=&c=Company&a=index&id=9
INFO: [ app_init ] --START--
INFO: Run Behavior\BuildLiteBehavior [ RunTime:0.000013s ]
INFO: [ app_init ] --END-- [ RunTime:0.000483s ]

[ 2016-04-27T00:01:44+08:00 ] ::1 /opened/Public/Js/Common/jquery.min.map
INFO: [ app_init ] --START--
INFO: Run Behavior\BuildLiteBehavior [ RunTime:0.000012s ]
INFO: [ app_init ] --END-- [ RunTime:0.000385s ]
ERR: 无法加载控制器:Public

[ 2016-04-27T00:01:48+08:00 ] ::1 /opened/Company/ajaxComment
INFO: [ app_init ] --START--
INFO: Run Behavior\BuildLiteBehavior [ RunTime:0.000014s ]
INFO: [ app_init ] --END-- [ RunTime:0.000414s ]
INFO: [ app_begin ] --START--
INFO: Run Behavior\ReadHtmlCacheBehavior [ RunTime:0.000540s ]
INFO: [ app_begin ] --END-- [ RunTime:0.000584s ]
SQL: SHOW COLUMNS FROM `td_company` [ RunTime:0.0040s ]
SQL: SHOW COLUMNS FROM `td_company_user` [ RunTime:0.0037s ]
SQL: SHOW COLUMNS FROM `td_role` [ RunTime:0.0038s ]
SQL: SHOW COLUMNS FROM `td_role_user` [ RunTime:0.0043s ]
SQL: SHOW COLUMNS FROM `td_file` [ RunTime:0.0037s ]
NOTIC: [8] Undefined index: uid G:\works\code\php\phpStudy\WWW\opened\Application\Home\Controller\CompanyController.class.php 第 362 行.
SQL: SELECT * FROM `td_company` WHERE ( cid = 9 ) LIMIT 1   [ RunTime:0.0004s ]
NOTIC: [8] Undefined index: uid G:\works\code\php\phpStudy\WWW\opened\Application\Home\Controller\CompanyController.class.php 第 394 行.
ERR: 1064:You have an error in your SQL syntax; check the manual that corresponds to your MySQL server version for the right syntax to use near 'WHERE correlation_id = 9 AND type = 1 AND comment_author_name = 'ceshi04' AND co' at line 1
 [ SQL语句 ] : SELECT cid FROM  WHERE correlation_id = 9 AND type = 1 AND comment_author_name = 'ceshi04' AND comment_author_email = 'trydemo04@163.com' AND comment_content = 'aaaa' LIMIT 1
ERR: 1064:You have an error in your SQL syntax; check the manual that corresponds to your MySQL server version for the right syntax to use near 'WHERE correlation_id = 9 AND type = 1 AND comment_author_name = 'ceshi04' AND co' at line 1
 [ SQL语句 ] : SELECT cid FROM  WHERE correlation_id = 9 AND type = 1 AND comment_author_name = 'ceshi04' AND comment_author_email = 'trydemo04@163.com' AND comment_content = 'aaaa' LIMIT 1

[ 2016-04-27T00:01:55+08:00 ] ::1 /opened/Company/ajaxComment
INFO: [ app_init ] --START--
INFO: Run Behavior\BuildLiteBehavior [ RunTime:0.000014s ]
INFO: [ app_init ] --END-- [ RunTime:0.000409s ]
INFO: [ app_begin ] --START--
INFO: Run Behavior\ReadHtmlCacheBehavior [ RunTime:0.000503s ]
INFO: [ app_begin ] --END-- [ RunTime:0.000542s ]
SQL: SHOW COLUMNS FROM `td_company` [ RunTime:0.0047s ]
SQL: SHOW COLUMNS FROM `td_company_user` [ RunTime:0.0056s ]
SQL: SHOW COLUMNS FROM `td_role` [ RunTime:0.0048s ]
SQL: SHOW COLUMNS FROM `td_role_user` [ RunTime:0.0035s ]
SQL: SHOW COLUMNS FROM `td_file` [ RunTime:0.0062s ]
NOTIC: [8] Undefined index: uid G:\works\code\php\phpStudy\WWW\opened\Application\Home\Controller\CompanyController.class.php 第 362 行.
SQL: SELECT * FROM `td_company` WHERE ( cid = 9 ) LIMIT 1   [ RunTime:0.0005s ]
NOTIC: [8] Undefined index: uid G:\works\code\php\phpStudy\WWW\opened\Application\Home\Controller\CompanyController.class.php 第 394 行.
ERR: 1064:You have an error in your SQL syntax; check the manual that corresponds to your MySQL server version for the right syntax to use near 'WHERE correlation_id = 9 AND type = 1 AND comment_author_name = 'ceshi04' AND co' at line 1
 [ SQL语句 ] : SELECT cid FROM  WHERE correlation_id = 9 AND type = 1 AND comment_author_name = 'ceshi04' AND comment_author_email = 'trydemo04@163.com' AND comment_content = 'aaaa' LIMIT 1
ERR: 1064:You have an error in your SQL syntax; check the manual that corresponds to your MySQL server version for the right syntax to use near 'WHERE correlation_id = 9 AND type = 1 AND comment_author_name = 'ceshi04' AND co' at line 1
 [ SQL语句 ] : SELECT cid FROM  WHERE correlation_id = 9 AND type = 1 AND comment_author_name = 'ceshi04' AND comment_author_email = 'trydemo04@163.com' AND comment_content = 'aaaa' LIMIT 1

[ 2016-04-27T00:02:41+08:00 ] ::1 /opened/Company/ajaxComment
INFO: [ app_init ] --START--
INFO: Run Behavior\BuildLiteBehavior [ RunTime:0.000015s ]
INFO: [ app_init ] --END-- [ RunTime:0.000473s ]
INFO: [ app_begin ] --START--
INFO: Run Behavior\ReadHtmlCacheBehavior [ RunTime:0.000585s ]
INFO: [ app_begin ] --END-- [ RunTime:0.000635s ]
SQL: SHOW COLUMNS FROM `td_company` [ RunTime:0.0434s ]
SQL: SHOW COLUMNS FROM `td_company_user` [ RunTime:0.0064s ]
SQL: SHOW COLUMNS FROM `td_role` [ RunTime:0.0038s ]
SQL: SHOW COLUMNS FROM `td_role_user` [ RunTime:0.0033s ]
SQL: SHOW COLUMNS FROM `td_file` [ RunTime:0.0060s ]
NOTIC: [8] Undefined index: uid G:\works\code\php\phpStudy\WWW\opened\Application\Home\Controller\CompanyController.class.php 第 362 行.
SQL: SELECT * FROM `td_company` WHERE ( cid = 9 ) LIMIT 1   [ RunTime:0.0005s ]
NOTIC: [8] Undefined index: uid G:\works\code\php\phpStudy\WWW\opened\Application\Home\Controller\CompanyController.class.php 第 394 行.
ERR: 1064:You have an error in your SQL syntax; check the manual that corresponds to your MySQL server version for the right syntax to use near 'WHERE correlation_id = 9 AND type = 1 AND comment_author_name = 'ceshi04' AND co' at line 1
 [ SQL语句 ] : SELECT cid FROM  WHERE correlation_id = 9 AND type = 1 AND comment_author_name = 'ceshi04' AND comment_author_email = 'trydemo04@163.com' AND comment_content = 'aaaa' LIMIT 1
ERR: 1064:You have an error in your SQL syntax; check the manual that corresponds to your MySQL server version for the right syntax to use near 'WHERE correlation_id = 9 AND type = 1 AND comment_author_name = 'ceshi04' AND co' at line 1
 [ SQL语句 ] : SELECT cid FROM  WHERE correlation_id = 9 AND type = 1 AND comment_author_name = 'ceshi04' AND comment_author_email = 'trydemo04@163.com' AND comment_content = 'aaaa' LIMIT 1

[ 2016-04-27T00:05:24+08:00 ] ::1 /opened/index.php?m=&c=Company&a=index&id=9
INFO: [ app_init ] --START--
INFO: Run Behavior\BuildLiteBehavior [ RunTime:0.000014s ]
INFO: [ app_init ] --END-- [ RunTime:0.000470s ]

[ 2016-04-27T00:05:25+08:00 ] ::1 /opened/Public/Js/Common/jquery.min.map
INFO: [ app_init ] --START--
INFO: Run Behavior\BuildLiteBehavior [ RunTime:0.000012s ]
INFO: [ app_init ] --END-- [ RunTime:0.000417s ]
ERR: 无法加载控制器:Public

[ 2016-04-27T00:05:28+08:00 ] ::1 /opened/index.php?m=&c=Company&a=ajaxComment
INFO: [ app_init ] --START--
INFO: Run Behavior\BuildLiteBehavior [ RunTime:0.000014s ]
INFO: [ app_init ] --END-- [ RunTime:0.000418s ]
INFO: [ app_begin ] --START--
INFO: Run Behavior\ReadHtmlCacheBehavior [ RunTime:0.000534s ]
INFO: [ app_begin ] --END-- [ RunTime:0.000577s ]
SQL: SHOW COLUMNS FROM `td_company` [ RunTime:0.0038s ]
SQL: SHOW COLUMNS FROM `td_company_user` [ RunTime:0.0068s ]
SQL: SHOW COLUMNS FROM `td_role` [ RunTime:0.0052s ]
SQL: SHOW COLUMNS FROM `td_role_user` [ RunTime:0.0047s ]
SQL: SHOW COLUMNS FROM `td_file` [ RunTime:0.0046s ]
NOTIC: [8] Undefined index: uid G:\works\code\php\phpStudy\WWW\opened\Application\Home\Controller\CompanyController.class.php 第 362 行.
SQL: SELECT * FROM `td_company` WHERE ( cid = 9 ) LIMIT 1   [ RunTime:0.0004s ]
NOTIC: [8] Undefined index: uid G:\works\code\php\phpStudy\WWW\opened\Application\Home\Controller\CompanyController.class.php 第 394 行.
ERR: 1064:You have an error in your SQL syntax; check the manual that corresponds to your MySQL server version for the right syntax to use near 'WHERE correlation_id = 9 AND type = 1 AND comment_author_name = 'ceshi04' AND co' at line 1
 [ SQL语句 ] : SELECT cid FROM  WHERE correlation_id = 9 AND type = 1 AND comment_author_name = 'ceshi04' AND comment_author_email = 'trydemo04@163.com' AND comment_content = 'aaaa' LIMIT 1
ERR: 1064:You have an error in your SQL syntax; check the manual that corresponds to your MySQL server version for the right syntax to use near 'WHERE correlation_id = 9 AND type = 1 AND comment_author_name = 'ceshi04' AND co' at line 1
 [ SQL语句 ] : SELECT cid FROM  WHERE correlation_id = 9 AND type = 1 AND comment_author_name = 'ceshi04' AND comment_author_email = 'trydemo04@163.com' AND comment_content = 'aaaa' LIMIT 1

[ 2016-04-27T00:06:08+08:00 ] ::1 /opened/index.php?m=&c=Company&a=ajaxComment
INFO: [ app_init ] --START--
INFO: Run Behavior\BuildLiteBehavior [ RunTime:0.000014s ]
INFO: [ app_init ] --END-- [ RunTime:0.000419s ]
INFO: [ app_begin ] --START--
INFO: Run Behavior\ReadHtmlCacheBehavior [ RunTime:0.000589s ]
INFO: [ app_begin ] --END-- [ RunTime:0.000635s ]
SQL: SHOW COLUMNS FROM `td_company` [ RunTime:0.0407s ]
SQL: SHOW COLUMNS FROM `td_company_user` [ RunTime:0.0042s ]
SQL: SHOW COLUMNS FROM `td_role` [ RunTime:0.0035s ]
SQL: SHOW COLUMNS FROM `td_role_user` [ RunTime:0.0034s ]
SQL: SHOW COLUMNS FROM `td_file` [ RunTime:0.0040s ]
NOTIC: [8] Undefined index: uid G:\works\code\php\phpStudy\WWW\opened\Application\Home\Controller\CompanyController.class.php 第 362 行.
SQL: SELECT * FROM `td_company` WHERE ( cid = 9 ) LIMIT 1   [ RunTime:0.0004s ]
NOTIC: [8] Undefined index: uid G:\works\code\php\phpStudy\WWW\opened\Application\Home\Controller\CompanyController.class.php 第 394 行.
ERR: 1064:You have an error in your SQL syntax; check the manual that corresponds to your MySQL server version for the right syntax to use near 'WHERE correlation_id = 9 AND type = 1 AND comment_author_name = 'ceshi04' AND co' at line 1
 [ SQL语句 ] : SELECT cid FROM  WHERE correlation_id = 9 AND type = 1 AND comment_author_name = 'ceshi04' AND comment_author_email = 'trydemo04@163.com' AND comment_content = 'aaaa' LIMIT 1
ERR: 1064:You have an error in your SQL syntax; check the manual that corresponds to your MySQL server version for the right syntax to use near 'WHERE correlation_id = 9 AND type = 1 AND comment_author_name = 'ceshi04' AND co' at line 1
 [ SQL语句 ] : SELECT cid FROM  WHERE correlation_id = 9 AND type = 1 AND comment_author_name = 'ceshi04' AND comment_author_email = 'trydemo04@163.com' AND comment_content = 'aaaa' LIMIT 1

[ 2016-04-27T00:06:35+08:00 ] ::1 /opened/index.php?m=&c=Company&a=index&id=9
INFO: [ app_init ] --START--
INFO: Run Behavior\BuildLiteBehavior [ RunTime:0.000012s ]
INFO: [ app_init ] --END-- [ RunTime:0.000452s ]

[ 2016-04-27T00:06:35+08:00 ] ::1 /opened/Public/Js/Common/jquery.min.map
INFO: [ app_init ] --START--
INFO: Run Behavior\BuildLiteBehavior [ RunTime:0.000042s ]
INFO: [ app_init ] --END-- [ RunTime:0.000600s ]
ERR: 无法加载控制器:Public

[ 2016-04-27T00:06:41+08:00 ] ::1 /opened/index.php?m=&c=Company&a=ajaxComment
INFO: [ app_init ] --START--
INFO: Run Behavior\BuildLiteBehavior [ RunTime:0.000013s ]
INFO: [ app_init ] --END-- [ RunTime:0.000408s ]
INFO: [ app_begin ] --START--
INFO: Run Behavior\ReadHtmlCacheBehavior [ RunTime:0.000579s ]
INFO: [ app_begin ] --END-- [ RunTime:0.000629s ]
SQL: SHOW COLUMNS FROM `td_company` [ RunTime:0.0053s ]
SQL: SHOW COLUMNS FROM `td_company_user` [ RunTime:0.0036s ]
SQL: SHOW COLUMNS FROM `td_role` [ RunTime:0.0040s ]
SQL: SHOW COLUMNS FROM `td_role_user` [ RunTime:0.0033s ]
SQL: SHOW COLUMNS FROM `td_file` [ RunTime:0.0047s ]
NOTIC: [8] Undefined index: uid G:\works\code\php\phpStudy\WWW\opened\Application\Home\Controller\CompanyController.class.php 第 362 行.
SQL: SELECT * FROM `td_company` WHERE ( cid = 9 ) LIMIT 1   [ RunTime:0.0005s ]
NOTIC: [8] Undefined index: uid G:\works\code\php\phpStudy\WWW\opened\Application\Home\Controller\CompanyController.class.php 第 394 行.
ERR: 1064:You have an error in your SQL syntax; check the manual that corresponds to your MySQL server version for the right syntax to use near 'WHERE correlation_id = 9 AND type = 1 AND comment_author_name = 'ceshi04' AND co' at line 1
 [ SQL语句 ] : SELECT cid FROM  WHERE correlation_id = 9 AND type = 1 AND comment_author_name = 'ceshi04' AND comment_author_email = 'trydemo04@163.com' AND comment_content = 'aaaaaaa' LIMIT 1
ERR: 1064:You have an error in your SQL syntax; check the manual that corresponds to your MySQL server version for the right syntax to use near 'WHERE correlation_id = 9 AND type = 1 AND comment_author_name = 'ceshi04' AND co' at line 1
 [ SQL语句 ] : SELECT cid FROM  WHERE correlation_id = 9 AND type = 1 AND comment_author_name = 'ceshi04' AND comment_author_email = 'trydemo04@163.com' AND comment_content = 'aaaaaaa' LIMIT 1

[ 2016-04-27T00:07:09+08:00 ] ::1 /opened/index.php?m=&c=Company&a=index&id=9
INFO: [ app_init ] --START--
INFO: Run Behavior\BuildLiteBehavior [ RunTime:0.000014s ]
INFO: [ app_init ] --END-- [ RunTime:0.000413s ]

[ 2016-04-27T00:07:10+08:00 ] ::1 /opened/Public/Js/Common/jquery.min.map
INFO: [ app_init ] --START--
INFO: Run Behavior\BuildLiteBehavior [ RunTime:0.000014s ]
INFO: [ app_init ] --END-- [ RunTime:0.000397s ]
ERR: 无法加载控制器:Public

[ 2016-04-27T00:07:19+08:00 ] ::1 /opened/index.php?m=&c=Company&a=ajaxComment
INFO: [ app_init ] --START--
INFO: Run Behavior\BuildLiteBehavior [ RunTime:0.000014s ]
INFO: [ app_init ] --END-- [ RunTime:0.000417s ]
INFO: [ app_begin ] --START--
INFO: Run Behavior\ReadHtmlCacheBehavior [ RunTime:0.000662s ]
INFO: [ app_begin ] --END-- [ RunTime:0.000727s ]
SQL: SHOW COLUMNS FROM `td_company` [ RunTime:0.0043s ]
SQL: SHOW COLUMNS FROM `td_company_user` [ RunTime:0.0041s ]
SQL: SHOW COLUMNS FROM `td_role` [ RunTime:0.0034s ]
SQL: SHOW COLUMNS FROM `td_role_user` [ RunTime:0.0041s ]
SQL: SHOW COLUMNS FROM `td_file` [ RunTime:0.0065s ]
NOTIC: [8] Undefined index: uid G:\works\code\php\phpStudy\WWW\opened\Application\Home\Controller\CompanyController.class.php 第 362 行.
SQL: SELECT * FROM `td_company` WHERE ( cid = 9 ) LIMIT 1   [ RunTime:0.0004s ]
NOTIC: [8] Undefined index: uid G:\works\code\php\phpStudy\WWW\opened\Application\Home\Controller\CompanyController.class.php 第 394 行.
ERR: 1064:You have an error in your SQL syntax; check the manual that corresponds to your MySQL server version for the right syntax to use near 'WHERE correlation_id = 9 AND type = 1 AND comment_author_name = 'ceshi04' AND co' at line 1
 [ SQL语句 ] : SELECT cid FROM  WHERE correlation_id = 9 AND type = 1 AND comment_author_name = 'ceshi04' AND comment_author_email = 'trydemo04@163.com' AND comment_content = 'aaaaaaaaa' LIMIT 1
ERR: 1064:You have an error in your SQL syntax; check the manual that corresponds to your MySQL server version for the right syntax to use near 'WHERE correlation_id = 9 AND type = 1 AND comment_author_name = 'ceshi04' AND co' at line 1
 [ SQL语句 ] : SELECT cid FROM  WHERE correlation_id = 9 AND type = 1 AND comment_author_name = 'ceshi04' AND comment_author_email = 'trydemo04@163.com' AND comment_content = 'aaaaaaaaa' LIMIT 1

[ 2016-04-27T00:09:38+08:00 ] ::1 /opened/index.php?m=&c=Company&a=index&id=9
INFO: [ app_init ] --START--
INFO: Run Behavior\BuildLiteBehavior [ RunTime:0.000017s ]
INFO: [ app_init ] --END-- [ RunTime:0.000553s ]

[ 2016-04-27T00:09:39+08:00 ] ::1 /opened/Public/Js/Common/jquery.min.map
INFO: [ app_init ] --START--
INFO: Run Behavior\BuildLiteBehavior [ RunTime:0.000019s ]
INFO: [ app_init ] --END-- [ RunTime:0.000498s ]
ERR: 无法加载控制器:Public

[ 2016-04-27T00:09:46+08:00 ] ::1 /opened/index.php?m=&c=Company&a=ajaxComment
INFO: [ app_init ] --START--
INFO: Run Behavior\BuildLiteBehavior [ RunTime:0.000018s ]
INFO: [ app_init ] --END-- [ RunTime:0.000553s ]
INFO: [ app_begin ] --START--
INFO: Run Behavior\ReadHtmlCacheBehavior [ RunTime:0.000726s ]
INFO: [ app_begin ] --END-- [ RunTime:0.000782s ]
SQL: SHOW COLUMNS FROM `td_company` [ RunTime:0.0052s ]
SQL: SHOW COLUMNS FROM `td_company_user` [ RunTime:0.0057s ]
SQL: SHOW COLUMNS FROM `td_role` [ RunTime:0.0032s ]
SQL: SHOW COLUMNS FROM `td_role_user` [ RunTime:0.0036s ]
SQL: SHOW COLUMNS FROM `td_file` [ RunTime:0.0039s ]
NOTIC: [8] Undefined index: uid G:\works\code\php\phpStudy\WWW\opened\Application\Home\Controller\CompanyController.class.php 第 362 行.
SQL: SELECT * FROM `td_company` WHERE ( cid = 9 ) LIMIT 1   [ RunTime:0.0004s ]
NOTIC: [8] Undefined index: uid G:\works\code\php\phpStudy\WWW\opened\Application\Home\Controller\CompanyController.class.php 第 394 行.
ERR: 1064:You have an error in your SQL syntax; check the manual that corresponds to your MySQL server version for the right syntax to use near 'WHERE correlation_id = 9 AND type = 1 AND comment_author_name = 'ceshi04' AND co' at line 1
 [ SQL语句 ] : SELECT cid FROM  WHERE correlation_id = 9 AND type = 1 AND comment_author_name = 'ceshi04' AND comment_author_email = 'trydemo04@163.com' AND comment_content = 'aaaaaaaaa' LIMIT 1
ERR: 1064:You have an error in your SQL syntax; check the manual that corresponds to your MySQL server version for the right syntax to use near 'WHERE correlation_id = 9 AND type = 1 AND comment_author_name = 'ceshi04' AND co' at line 1
 [ SQL语句 ] : SELECT cid FROM  WHERE correlation_id = 9 AND type = 1 AND comment_author_name = 'ceshi04' AND comment_author_email = 'trydemo04@163.com' AND comment_content = 'aaaaaaaaa' LIMIT 1

[ 2016-04-27T00:10:14+08:00 ] ::1 /opened/index.php?m=&c=Company&a=index&id=9
INFO: [ app_init ] --START--
INFO: Run Behavior\BuildLiteBehavior [ RunTime:0.000012s ]
INFO: [ app_init ] --END-- [ RunTime:0.000425s ]

[ 2016-04-27T00:10:14+08:00 ] ::1 /opened/Public/Js/Common/jquery.min.map
INFO: [ app_init ] --START--
INFO: Run Behavior\BuildLiteBehavior [ RunTime:0.000012s ]
INFO: [ app_init ] --END-- [ RunTime:0.000447s ]
ERR: 无法加载控制器:Public

[ 2016-04-27T00:10:19+08:00 ] ::1 /opened/index.php?m=&c=Company&a=ajaxComment
INFO: [ app_init ] --START--
INFO: Run Behavior\BuildLiteBehavior [ RunTime:0.000013s ]
INFO: [ app_init ] --END-- [ RunTime:0.000396s ]
INFO: [ app_begin ] --START--
INFO: Run Behavior\ReadHtmlCacheBehavior [ RunTime:0.000518s ]
INFO: [ app_begin ] --END-- [ RunTime:0.000561s ]
SQL: SHOW COLUMNS FROM `td_company` [ RunTime:0.0468s ]
SQL: SHOW COLUMNS FROM `td_company_user` [ RunTime:0.0035s ]
SQL: SHOW COLUMNS FROM `td_role` [ RunTime:0.0035s ]
SQL: SHOW COLUMNS FROM `td_role_user` [ RunTime:0.0033s ]
SQL: SHOW COLUMNS FROM `td_file` [ RunTime:0.0042s ]
NOTIC: [8] Undefined index: uid G:\works\code\php\phpStudy\WWW\opened\Application\Home\Controller\CompanyController.class.php 第 362 行.
SQL: SELECT * FROM `td_company` WHERE ( cid = 9 ) LIMIT 1   [ RunTime:0.0004s ]
NOTIC: [8] Undefined index: uid G:\works\code\php\phpStudy\WWW\opened\Application\Home\Controller\CompanyController.class.php 第 394 行.
ERR: 1064:You have an error in your SQL syntax; check the manual that corresponds to your MySQL server version for the right syntax to use near 'WHERE correlation_id = 9 AND type = 1 AND comment_author_name = 'ceshi04' AND co' at line 1
 [ SQL语句 ] : SELECT cid FROM  WHERE correlation_id = 9 AND type = 1 AND comment_author_name = 'ceshi04' AND comment_author_email = 'trydemo04@163.com' AND comment_content = 'aaaaaaaaa' LIMIT 1
ERR: 1064:You have an error in your SQL syntax; check the manual that corresponds to your MySQL server version for the right syntax to use near 'WHERE correlation_id = 9 AND type = 1 AND comment_author_name = 'ceshi04' AND co' at line 1
 [ SQL语句 ] : SELECT cid FROM  WHERE correlation_id = 9 AND type = 1 AND comment_author_name = 'ceshi04' AND comment_author_email = 'trydemo04@163.com' AND comment_content = 'aaaaaaaaa' LIMIT 1

[ 2016-04-27T00:11:10+08:00 ] ::1 /opened/index.php?m=&c=Company&a=ajaxComment
INFO: [ app_init ] --START--
INFO: Run Behavior\BuildLiteBehavior [ RunTime:0.000013s ]
INFO: [ app_init ] --END-- [ RunTime:0.000421s ]

[ 2016-04-27T00:12:01+08:00 ] ::1 /opened/index.php?m=&c=Company&a=index&id=9
INFO: [ app_init ] --START--
INFO: Run Behavior\BuildLiteBehavior [ RunTime:0.000012s ]
INFO: [ app_init ] --END-- [ RunTime:0.000487s ]

[ 2016-04-27T00:12:02+08:00 ] ::1 /opened/Public/Js/Common/jquery.min.map
INFO: [ app_init ] --START--
INFO: Run Behavior\BuildLiteBehavior [ RunTime:0.000012s ]
INFO: [ app_init ] --END-- [ RunTime:0.000376s ]
ERR: 无法加载控制器:Public

[ 2016-04-27T00:12:11+08:00 ] ::1 /opened/index.php?m=&c=Company&a=ajaxComment
INFO: [ app_init ] --START--
INFO: Run Behavior\BuildLiteBehavior [ RunTime:0.000014s ]
INFO: [ app_init ] --END-- [ RunTime:0.000421s ]
INFO: [ app_begin ] --START--
INFO: Run Behavior\ReadHtmlCacheBehavior [ RunTime:0.000526s ]
INFO: [ app_begin ] --END-- [ RunTime:0.000570s ]
SQL: SHOW COLUMNS FROM `td_company` [ RunTime:0.0045s ]
SQL: SHOW COLUMNS FROM `td_company_user` [ RunTime:0.0047s ]
SQL: SHOW COLUMNS FROM `td_role` [ RunTime:0.0053s ]
SQL: SHOW COLUMNS FROM `td_role_user` [ RunTime:0.0036s ]
SQL: SHOW COLUMNS FROM `td_file` [ RunTime:0.0044s ]
NOTIC: [8] Undefined index: uid G:\works\code\php\phpStudy\WWW\opened\Application\Home\Controller\CompanyController.class.php 第 362 行.
SQL: SELECT * FROM `td_company` WHERE ( cid = 9 ) LIMIT 1   [ RunTime:0.0004s ]
NOTIC: [8] Undefined index: uid G:\works\code\php\phpStudy\WWW\opened\Application\Home\Controller\CompanyController.class.php 第 394 行.
ERR: 1064:You have an error in your SQL syntax; check the manual that corresponds to your MySQL server version for the right syntax to use near 'WHERE correlation_id = 9 AND type = 1 AND comment_author_name = 'ceshi04' AND co' at line 1
 [ SQL语句 ] : SELECT cid FROM  WHERE correlation_id = 9 AND type = 1 AND comment_author_name = 'ceshi04' AND comment_author_email = 'trydemo04@163.com' AND comment_content = '333333' LIMIT 1
ERR: 1064:You have an error in your SQL syntax; check the manual that corresponds to your MySQL server version for the right syntax to use near 'WHERE correlation_id = 9 AND type = 1 AND comment_author_name = 'ceshi04' AND co' at line 1
 [ SQL语句 ] : SELECT cid FROM  WHERE correlation_id = 9 AND type = 1 AND comment_author_name = 'ceshi04' AND comment_author_email = 'trydemo04@163.com' AND comment_content = '333333' LIMIT 1

[ 2016-04-27T00:12:56+08:00 ] ::1 /opened/index.php?m=&c=Company&a=index&id=9
INFO: [ app_init ] --START--
INFO: Run Behavior\BuildLiteBehavior [ RunTime:0.000012s ]
INFO: [ app_init ] --END-- [ RunTime:0.000514s ]

[ 2016-04-27T00:12:56+08:00 ] ::1 /opened/Public/Js/Common/jquery.min.map
INFO: [ app_init ] --START--
INFO: Run Behavior\BuildLiteBehavior [ RunTime:0.000011s ]
INFO: [ app_init ] --END-- [ RunTime:0.000499s ]
ERR: 无法加载控制器:Public

[ 2016-04-27T00:13:03+08:00 ] ::1 /opened/index.php?m=&c=Company&a=ajaxComment
INFO: [ app_init ] --START--
INFO: Run Behavior\BuildLiteBehavior [ RunTime:0.000017s ]
INFO: [ app_init ] --END-- [ RunTime:0.000575s ]
INFO: [ app_begin ] --START--
INFO: Run Behavior\ReadHtmlCacheBehavior [ RunTime:0.000711s ]
INFO: [ app_begin ] --END-- [ RunTime:0.000764s ]
SQL: SHOW COLUMNS FROM `td_company` [ RunTime:0.0036s ]
SQL: SHOW COLUMNS FROM `td_company_user` [ RunTime:0.0075s ]
SQL: SHOW COLUMNS FROM `td_role` [ RunTime:0.0038s ]
SQL: SHOW COLUMNS FROM `td_role_user` [ RunTime:0.0033s ]
SQL: SHOW COLUMNS FROM `td_file` [ RunTime:0.0036s ]
NOTIC: [8] Undefined index: uid G:\works\code\php\phpStudy\WWW\opened\Application\Home\Controller\CompanyController.class.php 第 362 行.
SQL: SELECT * FROM `td_company` WHERE ( cid = 9 ) LIMIT 1   [ RunTime:0.0004s ]
NOTIC: [8] Undefined index: uid G:\works\code\php\phpStudy\WWW\opened\Application\Home\Controller\CompanyController.class.php 第 394 行.
ERR: 1064:You have an error in your SQL syntax; check the manual that corresponds to your MySQL server version for the right syntax to use near 'WHERE correlation_id = 9 AND type = 1 AND comment_author_name = 'ceshi04' AND co' at line 1
 [ SQL语句 ] : SELECT cid FROM  WHERE correlation_id = 9 AND type = 1 AND comment_author_name = 'ceshi04' AND comment_author_email = 'trydemo04@163.com' AND comment_content = '333333ddfsdfafafad' LIMIT 1
ERR: 1064:You have an error in your SQL syntax; check the manual that corresponds to your MySQL server version for the right syntax to use near 'WHERE correlation_id = 9 AND type = 1 AND comment_author_name = 'ceshi04' AND co' at line 1
 [ SQL语句 ] : SELECT cid FROM  WHERE correlation_id = 9 AND type = 1 AND comment_author_name = 'ceshi04' AND comment_author_email = 'trydemo04@163.com' AND comment_content = '333333ddfsdfafafad' LIMIT 1

[ 2016-04-27T00:19:30+08:00 ] ::1 /opened/index.php?m=&c=Company&a=index&id=9
INFO: [ app_init ] --START--
INFO: Run Behavior\BuildLiteBehavior [ RunTime:0.000014s ]
INFO: [ app_init ] --END-- [ RunTime:0.000492s ]

[ 2016-04-27T00:19:31+08:00 ] ::1 /opened/Public/Js/Common/jquery.min.map
INFO: [ app_init ] --START--
INFO: Run Behavior\BuildLiteBehavior [ RunTime:0.000011s ]
INFO: [ app_init ] --END-- [ RunTime:0.000420s ]
ERR: 无法加载控制器:Public

[ 2016-04-27T00:20:20+08:00 ] ::1 /opened/index.php?m=&c=Company&a=ajaxComment
INFO: [ app_init ] --START--
INFO: Run Behavior\BuildLiteBehavior [ RunTime:0.000015s ]
INFO: [ app_init ] --END-- [ RunTime:0.000423s ]
INFO: [ app_begin ] --START--
INFO: Run Behavior\ReadHtmlCacheBehavior [ RunTime:0.000533s ]
INFO: [ app_begin ] --END-- [ RunTime:0.000576s ]
SQL: SHOW COLUMNS FROM `td_company` [ RunTime:0.0048s ]
SQL: SHOW COLUMNS FROM `td_company_user` [ RunTime:0.0047s ]
SQL: SHOW COLUMNS FROM `td_role` [ RunTime:0.0039s ]
SQL: SHOW COLUMNS FROM `td_role_user` [ RunTime:0.0038s ]
SQL: SHOW COLUMNS FROM `td_file` [ RunTime:0.0048s ]
NOTIC: [8] Undefined index: uid G:\works\code\php\phpStudy\WWW\opened\Application\Home\Controller\CompanyController.class.php 第 364 行.
SQL: SELECT * FROM `td_company` WHERE ( cid = 9 ) LIMIT 1   [ RunTime:0.0004s ]
NOTIC: [8] Undefined index: uid G:\works\code\php\phpStudy\WWW\opened\Application\Home\Controller\CompanyController.class.php 第 396 行.
SQL: SELECT cid FROM td_comments WHERE correlation_id = 9 AND type = 1 AND comment_author_name = 'ceshi04' AND comment_author_email = 'trydemo04@163.com' AND comment_content = '333333ddfsdfafafad' LIMIT 1 [ RunTime:0.0002s ]
NOTIC: [8] Use of undefined constant CONFIG_A_REPLY_INTERVAL - assumed 'CONFIG_A_REPLY_INTERVAL' G:\works\code\php\phpStudy\WWW\opened\Application\Home\Controller\CompanyController.class.php 第 438 行.

[ 2016-04-27T00:22:34+08:00 ] ::1 /opened/index.php?m=&c=Company&a=index&id=9
INFO: [ app_init ] --START--
INFO: Run Behavior\BuildLiteBehavior [ RunTime:0.000014s ]
INFO: [ app_init ] --END-- [ RunTime:0.000488s ]

[ 2016-04-27T00:22:34+08:00 ] ::1 /opened/Public/Js/Common/jquery.min.map
INFO: [ app_init ] --START--
INFO: Run Behavior\BuildLiteBehavior [ RunTime:0.000013s ]
INFO: [ app_init ] --END-- [ RunTime:0.000490s ]
ERR: 无法加载控制器:Public

[ 2016-04-27T00:22:39+08:00 ] ::1 /opened/index.php?m=&c=Company&a=ajaxComment
INFO: [ app_init ] --START--
INFO: Run Behavior\BuildLiteBehavior [ RunTime:0.000016s ]
INFO: [ app_init ] --END-- [ RunTime:0.000517s ]
INFO: [ app_begin ] --START--
INFO: Run Behavior\ReadHtmlCacheBehavior [ RunTime:0.000719s ]
INFO: [ app_begin ] --END-- [ RunTime:0.000777s ]
SQL: SHOW COLUMNS FROM `td_company` [ RunTime:0.0047s ]
SQL: SHOW COLUMNS FROM `td_company_user` [ RunTime:0.0039s ]
SQL: SHOW COLUMNS FROM `td_role` [ RunTime:0.0038s ]
SQL: SHOW COLUMNS FROM `td_role_user` [ RunTime:0.0033s ]
SQL: SHOW COLUMNS FROM `td_file` [ RunTime:0.0038s ]
SQL: SHOW COLUMNS FROM `td_comments` [ RunTime:0.0043s ]
NOTIC: [8] Undefined index: uid G:\works\code\php\phpStudy\WWW\opened\Application\Home\Controller\CompanyController.class.php 第 365 行.
SQL: SELECT * FROM `td_company` WHERE ( cid = 9 ) LIMIT 1   [ RunTime:0.0005s ]
NOTIC: [8] Undefined index: uid G:\works\code\php\phpStudy\WWW\opened\Application\Home\Controller\CompanyController.class.php 第 397 行.
SQL: SELECT cid FROM td_comments WHERE correlation_id = 9 AND type = 1 AND comment_author_name = 'ceshi04' AND comment_author_email = 'trydemo04@163.com' AND comment_content = '333333ddfsdfafafad' LIMIT 1 [ RunTime:0.0003s ]
NOTIC: [8] Use of undefined constant CONFIG_A_REPLY_INTERVAL - assumed 'CONFIG_A_REPLY_INTERVAL' G:\works\code\php\phpStudy\WWW\opened\Application\Home\Controller\CompanyController.class.php 第 439 行.
SQL: INSERT INTO `td_comments` (`aid`,`uid`,`type`,`correlation_id`,`comment_author_name`,`comment_author_email`,`comment_author_avatar`,`comment_author_url`,`comment_add_date`,`comment_edit_date`,`comment_content`,`comment_top_parent`,`comment_parent`,`comment_agent`,`comment_type`,`comment_author_ip`) VALUES ('0','0','1','9','ceshi04','trydemo04@163.com','user100_1586.jpg','','1461687759','1461687759','333333ddfsdfafafad','0','0','Mozilla/5.0 (Windows NT 10.0; WOW64; rv:45.0) Gecko/20100101 Firefox/45.0','0','0.0.0.0') [ RunTime:0.0004s ]
ERR: 1054:Unknown column 'atitle' in 'field list'
 [ SQL语句 ] : SELECT `cid`,`aid`,`uid`,`atitle`,`comment_author_name`,`comment_author_avatar`,`comment_author_email`,`comment_author_url`,`comment_author_ip`,`comment_add_date`,`comment_edit_date`,`comment_content`,`comment_karma`,`comment_approved`,`comment_agent`,`comment_type`,`comment_top_parent`,`comment_parent`,`is_lock` FROM `td_comments` WHERE ( cid=368 ) LIMIT 1  
ERR: 1054:Unknown column 'atitle' in 'field list'
 [ SQL语句 ] : SELECT `cid`,`aid`,`uid`,`atitle`,`comment_author_name`,`comment_author_avatar`,`comment_author_email`,`comment_author_url`,`comment_author_ip`,`comment_add_date`,`comment_edit_date`,`comment_content`,`comment_karma`,`comment_approved`,`comment_agent`,`comment_type`,`comment_top_parent`,`comment_parent`,`is_lock` FROM `td_comments` WHERE ( cid=368 ) LIMIT 1  

[ 2016-04-27T00:26:39+08:00 ] ::1 /opened/index.php?m=&c=Company&a=index&id=9
INFO: [ app_init ] --START--
INFO: Run Behavior\BuildLiteBehavior [ RunTime:0.000041s ]
INFO: [ app_init ] --END-- [ RunTime:0.000818s ]

[ 2016-04-27T00:26:39+08:00 ] ::1 /opened/Public/Js/Common/jquery.min.map
INFO: [ app_init ] --START--
INFO: Run Behavior\BuildLiteBehavior [ RunTime:0.000014s ]
INFO: [ app_init ] --END-- [ RunTime:0.000461s ]
ERR: 无法加载控制器:Public

[ 2016-04-27T00:26:45+08:00 ] ::1 /opened/index.php?m=&c=Company&a=ajaxComment
INFO: [ app_init ] --START--
INFO: Run Behavior\BuildLiteBehavior [ RunTime:0.000019s ]
INFO: [ app_init ] --END-- [ RunTime:0.000715s ]
INFO: [ app_begin ] --START--
INFO: Run Behavior\ReadHtmlCacheBehavior [ RunTime:0.000544s ]
INFO: [ app_begin ] --END-- [ RunTime:0.000592s ]
SQL: SHOW COLUMNS FROM `td_company` [ RunTime:0.0036s ]
SQL: SHOW COLUMNS FROM `td_company_user` [ RunTime:0.0046s ]
SQL: SHOW COLUMNS FROM `td_role` [ RunTime:0.0047s ]
SQL: SHOW COLUMNS FROM `td_role_user` [ RunTime:0.0035s ]
SQL: SHOW COLUMNS FROM `td_file` [ RunTime:0.0035s ]
SQL: SHOW COLUMNS FROM `td_comments` [ RunTime:0.0064s ]
NOTIC: [8] Undefined index: uid G:\works\code\php\phpStudy\WWW\opened\Application\Home\Controller\CompanyController.class.php 第 365 行.
SQL: SELECT * FROM `td_company` WHERE ( cid = 9 ) LIMIT 1   [ RunTime:0.0004s ]
NOTIC: [8] Undefined index: uid G:\works\code\php\phpStudy\WWW\opened\Application\Home\Controller\CompanyController.class.php 第 397 行.
SQL: SELECT cid FROM td_comments WHERE correlation_id = 9 AND type = 1 AND comment_author_name = 'ceshi04' AND comment_author_email = 'trydemo04@163.com' AND comment_content = '333333ddfsdfafafad' LIMIT 1 [ RunTime:0.0004s ]

[ 2016-04-27T00:27:39+08:00 ] ::1 /opened/index.php?m=&c=Company&a=index&id=9
INFO: [ app_init ] --START--
INFO: Run Behavior\BuildLiteBehavior [ RunTime:0.000015s ]
INFO: [ app_init ] --END-- [ RunTime:0.000607s ]

[ 2016-04-27T00:27:40+08:00 ] ::1 /opened/Public/Js/Common/jquery.min.map
INFO: [ app_init ] --START--
INFO: Run Behavior\BuildLiteBehavior [ RunTime:0.000013s ]
INFO: [ app_init ] --END-- [ RunTime:0.000404s ]
ERR: 无法加载控制器:Public

[ 2016-04-27T00:27:54+08:00 ] ::1 /opened/index.php?m=&c=Company&a=ajaxComment
INFO: [ app_init ] --START--
INFO: Run Behavior\BuildLiteBehavior [ RunTime:0.000013s ]
INFO: [ app_init ] --END-- [ RunTime:0.000407s ]
INFO: [ app_begin ] --START--
INFO: Run Behavior\ReadHtmlCacheBehavior [ RunTime:0.000643s ]
INFO: [ app_begin ] --END-- [ RunTime:0.000702s ]
SQL: SHOW COLUMNS FROM `td_company` [ RunTime:0.0045s ]
SQL: SHOW COLUMNS FROM `td_company_user` [ RunTime:0.0041s ]
SQL: SHOW COLUMNS FROM `td_role` [ RunTime:0.0053s ]
SQL: SHOW COLUMNS FROM `td_role_user` [ RunTime:0.0046s ]
SQL: SHOW COLUMNS FROM `td_file` [ RunTime:0.0035s ]
SQL: SHOW COLUMNS FROM `td_comments` [ RunTime:0.0041s ]
NOTIC: [8] Undefined index: uid G:\works\code\php\phpStudy\WWW\opened\Application\Home\Controller\CompanyController.class.php 第 365 行.
SQL: SELECT * FROM `td_company` WHERE ( cid = 9 ) LIMIT 1   [ RunTime:0.0005s ]
NOTIC: [8] Undefined index: uid G:\works\code\php\phpStudy\WWW\opened\Application\Home\Controller\CompanyController.class.php 第 397 行.
SQL: SELECT cid FROM td_comments WHERE correlation_id = 9 AND type = 1 AND comment_author_name = 'ceshi04' AND comment_author_email = 'trydemo04@163.com' AND comment_content = '这仅仅是一个小测试！！！' LIMIT 1 [ RunTime:0.0006s ]
NOTIC: [8] Use of undefined constant CONFIG_A_REPLY_INTERVAL - assumed 'CONFIG_A_REPLY_INTERVAL' G:\works\code\php\phpStudy\WWW\opened\Application\Home\Controller\CompanyController.class.php 第 439 行.
SQL: INSERT INTO `td_comments` (`aid`,`uid`,`type`,`correlation_id`,`comment_author_name`,`comment_author_email`,`comment_author_avatar`,`comment_author_url`,`comment_add_date`,`comment_edit_date`,`comment_content`,`comment_top_parent`,`comment_parent`,`comment_agent`,`comment_type`,`comment_author_ip`) VALUES ('0','0','1','9','ceshi04','trydemo04@163.com','user100_1586.jpg','','1461688074','1461688074','这仅仅是一个小测试！！！','0','0','Mozilla/5.0 (Windows NT 10.0; WOW64; rv:45.0) Gecko/20100101 Firefox/45.0','0','0.0.0.0') [ RunTime:0.0004s ]
SQL: SELECT `cid`,`aid`,`uid`,`type`,`correlation_id`,`title`,`comment_author_name`,`comment_author_avatar`,`comment_author_email`,`comment_author_url`,`comment_author_ip`,`comment_add_date`,`comment_edit_date`,`comment_content`,`comment_karma`,`comment_approved`,`comment_agent`,`comment_type`,`comment_top_parent`,`comment_parent`,`is_lock` FROM `td_comments` WHERE ( cid=369 ) LIMIT 1   [ RunTime:0.0004s ]

[ 2016-04-27T00:32:22+08:00 ] ::1 /opened/index.php?m=&c=Company&a=index&id=9
INFO: [ app_init ] --START--
INFO: Run Behavior\BuildLiteBehavior [ RunTime:0.000016s ]
INFO: [ app_init ] --END-- [ RunTime:0.000502s ]

[ 2016-04-27T00:32:22+08:00 ] ::1 /opened/Public/Js/Common/jquery.min.map
INFO: [ app_init ] --START--
INFO: Run Behavior\BuildLiteBehavior [ RunTime:0.000012s ]
INFO: [ app_init ] --END-- [ RunTime:0.000530s ]
ERR: 无法加载控制器:Public

[ 2016-04-27T00:32:27+08:00 ] ::1 /opened/index.php?m=&c=Company&a=ajaxComment
INFO: [ app_init ] --START--
INFO: Run Behavior\BuildLiteBehavior [ RunTime:0.000014s ]
INFO: [ app_init ] --END-- [ RunTime:0.000405s ]
INFO: [ app_begin ] --START--
INFO: Run Behavior\ReadHtmlCacheBehavior [ RunTime:0.000508s ]
INFO: [ app_begin ] --END-- [ RunTime:0.000555s ]
SQL: SHOW COLUMNS FROM `td_company` [ RunTime:0.0040s ]
SQL: SHOW COLUMNS FROM `td_company_user` [ RunTime:0.0039s ]
SQL: SHOW COLUMNS FROM `td_role` [ RunTime:0.0051s ]
SQL: SHOW COLUMNS FROM `td_role_user` [ RunTime:0.0033s ]
SQL: SHOW COLUMNS FROM `td_file` [ RunTime:0.0042s ]
SQL: SHOW COLUMNS FROM `td_comments` [ RunTime:0.0043s ]
NOTIC: [8] Undefined index: uid G:\works\code\php\phpStudy\WWW\opened\Application\Home\Controller\CompanyController.class.php 第 366 行.
SQL: SELECT * FROM `td_company` WHERE ( cid = 0 ) LIMIT 1   [ RunTime:0.0005s ]
NOTIC: [8] Undefined index: uid G:\works\code\php\phpStudy\WWW\opened\Application\Home\Controller\CompanyController.class.php 第 400 行.
SQL: SELECT cid FROM td_comments WHERE correlation_id = 0 AND type = 1 AND comment_author_name = 'ceshi04' AND comment_author_email = 'trydemo04@163.com' AND comment_content = '这仅仅是一个小测试！！！哟哟哟' LIMIT 1 [ RunTime:0.0004s ]
NOTIC: [8] Use of undefined constant CONFIG_A_REPLY_INTERVAL - assumed 'CONFIG_A_REPLY_INTERVAL' G:\works\code\php\phpStudy\WWW\opened\Application\Home\Controller\CompanyController.class.php 第 442 行.
SQL: INSERT INTO `td_comments` (`aid`,`uid`,`type`,`correlation_id`,`comment_author_name`,`comment_author_email`,`comment_author_avatar`,`comment_author_url`,`comment_add_date`,`comment_edit_date`,`comment_content`,`comment_top_parent`,`comment_parent`,`comment_agent`,`comment_type`,`comment_author_ip`) VALUES ('0','0','1','0','ceshi04','trydemo04@163.com','user100_1586.jpg','','1461688347','1461688347','这仅仅是一个小测试！！！哟哟哟','0','0','Mozilla/5.0 (Windows NT 10.0; WOW64; rv:45.0) Gecko/20100101 Firefox/45.0','0','0.0.0.0') [ RunTime:0.0003s ]
SQL: SELECT `cid`,`aid`,`uid`,`type`,`correlation_id`,`title`,`comment_author_name`,`comment_author_avatar`,`comment_author_email`,`comment_author_url`,`comment_author_ip`,`comment_add_date`,`comment_edit_date`,`comment_content`,`comment_karma`,`comment_approved`,`comment_agent`,`comment_type`,`comment_top_parent`,`comment_parent`,`is_lock` FROM `td_comments` WHERE ( cid=370 ) LIMIT 1   [ RunTime:0.0004s ]

[ 2016-04-27T00:33:26+08:00 ] ::1 /opened/index.php?m=&c=Company&a=index&id=9
INFO: [ app_init ] --START--
INFO: Run Behavior\BuildLiteBehavior [ RunTime:0.000016s ]
INFO: [ app_init ] --END-- [ RunTime:0.000425s ]

[ 2016-04-27T00:33:26+08:00 ] ::1 /opened/Public/Js/Common/jquery.min.map
INFO: [ app_init ] --START--
INFO: Run Behavior\BuildLiteBehavior [ RunTime:0.000013s ]
INFO: [ app_init ] --END-- [ RunTime:0.000400s ]
ERR: 无法加载控制器:Public

[ 2016-04-27T00:34:13+08:00 ] ::1 /opened/index.php?m=&c=Company&a=index&id=9
INFO: [ app_init ] --START--
INFO: Run Behavior\BuildLiteBehavior [ RunTime:0.000021s ]
INFO: [ app_init ] --END-- [ RunTime:0.000646s ]

[ 2016-04-27T00:34:13+08:00 ] ::1 /opened/Public/Js/Common/jquery.min.map
INFO: [ app_init ] --START--
INFO: Run Behavior\BuildLiteBehavior [ RunTime:0.000012s ]
INFO: [ app_init ] --END-- [ RunTime:0.000519s ]
ERR: 无法加载控制器:Public

[ 2016-04-27T00:36:22+08:00 ] ::1 /opened/index.php?m=&c=Company&a=index&id=9
INFO: [ app_init ] --START--
INFO: Run Behavior\BuildLiteBehavior [ RunTime:0.000013s ]
INFO: [ app_init ] --END-- [ RunTime:0.000553s ]

[ 2016-04-27T00:36:23+08:00 ] ::1 /opened/Public/Js/Common/jquery.min.map
INFO: [ app_init ] --START--
INFO: Run Behavior\BuildLiteBehavior [ RunTime:0.000021s ]
INFO: [ app_init ] --END-- [ RunTime:0.001173s ]
ERR: 无法加载控制器:Public

[ 2016-04-27T00:36:38+08:00 ] ::1 /opened/index.php?m=&c=Company&a=ajaxComment
INFO: [ app_init ] --START--
INFO: Run Behavior\BuildLiteBehavior [ RunTime:0.000014s ]
INFO: [ app_init ] --END-- [ RunTime:0.000466s ]
INFO: [ app_begin ] --START--
INFO: Run Behavior\ReadHtmlCacheBehavior [ RunTime:0.000579s ]
INFO: [ app_begin ] --END-- [ RunTime:0.000626s ]
SQL: SHOW COLUMNS FROM `td_company` [ RunTime:0.0059s ]
SQL: SHOW COLUMNS FROM `td_company_user` [ RunTime:0.0045s ]
SQL: SHOW COLUMNS FROM `td_role` [ RunTime:0.0043s ]
SQL: SHOW COLUMNS FROM `td_role_user` [ RunTime:0.0035s ]
SQL: SHOW COLUMNS FROM `td_file` [ RunTime:0.0093s ]
SQL: SHOW COLUMNS FROM `td_comments` [ RunTime:0.0041s ]
NOTIC: [8] Undefined index: uid G:\works\code\php\phpStudy\WWW\opened\Application\Home\Controller\CompanyController.class.php 第 366 行.
SQL: SELECT * FROM `td_company` WHERE ( cid = 9 ) LIMIT 1   [ RunTime:0.0005s ]
NOTIC: [8] Undefined index: uid G:\works\code\php\phpStudy\WWW\opened\Application\Home\Controller\CompanyController.class.php 第 400 行.
SQL: SELECT cid FROM td_comments WHERE correlation_id = 9 AND type = 1 AND comment_author_name = 'ceshi04' AND comment_author_email = 'trydemo04@163.com' AND comment_content = '这仅仅是一个小测试哟！！！！' LIMIT 1 [ RunTime:0.0358s ]
NOTIC: [8] Use of undefined constant CONFIG_A_REPLY_INTERVAL - assumed 'CONFIG_A_REPLY_INTERVAL' G:\works\code\php\phpStudy\WWW\opened\Application\Home\Controller\CompanyController.class.php 第 442 行.
SQL: INSERT INTO `td_comments` (`aid`,`uid`,`type`,`correlation_id`,`comment_author_name`,`comment_author_email`,`comment_author_avatar`,`comment_author_url`,`comment_add_date`,`comment_edit_date`,`comment_content`,`comment_top_parent`,`comment_parent`,`comment_agent`,`comment_type`,`comment_author_ip`) VALUES ('0','0','1','9','ceshi04','trydemo04@163.com','user100_1586.jpg','','1461688598','1461688598','这仅仅是一个小测试哟！！！！','0','0','Mozilla/5.0 (Windows NT 10.0; WOW64; rv:45.0) Gecko/20100101 Firefox/45.0','0','0.0.0.0') [ RunTime:0.0005s ]
SQL: SELECT `cid`,`aid`,`uid`,`type`,`correlation_id`,`title`,`comment_author_name`,`comment_author_avatar`,`comment_author_email`,`comment_author_url`,`comment_author_ip`,`comment_add_date`,`comment_edit_date`,`comment_content`,`comment_karma`,`comment_approved`,`comment_agent`,`comment_type`,`comment_top_parent`,`comment_parent`,`is_lock` FROM `td_comments` WHERE ( cid=371 ) LIMIT 1   [ RunTime:0.0003s ]

[ 2016-04-27T00:37:23+08:00 ] ::1 /opened/index.php?m=&c=Company&a=ajaxComment
INFO: [ app_init ] --START--
INFO: Run Behavior\BuildLiteBehavior [ RunTime:0.000013s ]
INFO: [ app_init ] --END-- [ RunTime:0.000408s ]
INFO: [ app_begin ] --START--
INFO: Run Behavior\ReadHtmlCacheBehavior [ RunTime:0.000613s ]
INFO: [ app_begin ] --END-- [ RunTime:0.000681s ]
SQL: SHOW COLUMNS FROM `td_company` [ RunTime:0.0057s ]
SQL: SHOW COLUMNS FROM `td_company_user` [ RunTime:0.0043s ]
SQL: SHOW COLUMNS FROM `td_role` [ RunTime:0.0050s ]
SQL: SHOW COLUMNS FROM `td_role_user` [ RunTime:0.0040s ]
SQL: SHOW COLUMNS FROM `td_file` [ RunTime:0.0055s ]
SQL: SHOW COLUMNS FROM `td_comments` [ RunTime:0.0044s ]
NOTIC: [8] Undefined index: uid G:\works\code\php\phpStudy\WWW\opened\Application\Home\Controller\CompanyController.class.php 第 366 行.
SQL: SELECT * FROM `td_company` WHERE ( cid = 0 ) LIMIT 1   [ RunTime:0.0004s ]
NOTIC: [8] Use of undefined constant CONFIG_A_REPLY_INTERVAL - assumed 'CONFIG_A_REPLY_INTERVAL' G:\works\code\php\phpStudy\WWW\opened\Application\Home\Controller\CompanyController.class.php 第 442 行.
SQL: UPDATE `td_comments` SET `comment_edit_date`='1461688643',`comment_content`='这仅仅是一个小测试哟！！！！哟哟哟！！！',`comment_agent`='Mozilla/5.0 (Windows NT 10.0; WOW64; rv:45.0) Gecko/20100101 Firefox/45.0',`comment_author_ip`='0.0.0.0' WHERE ( cid=371 ) [ RunTime:0.0005s ]
SQL: SELECT `cid`,`aid`,`uid`,`type`,`correlation_id`,`title`,`comment_author_name`,`comment_author_avatar`,`comment_author_email`,`comment_author_url`,`comment_author_ip`,`comment_add_date`,`comment_edit_date`,`comment_content`,`comment_karma`,`comment_approved`,`comment_agent`,`comment_type`,`comment_top_parent`,`comment_parent`,`is_lock` FROM `td_comments` WHERE ( cid=371 ) LIMIT 1   [ RunTime:0.0005s ]

[ 2016-04-27T00:39:38+08:00 ] ::1 /opened/index.php?m=&c=Company&a=index&id=9
INFO: [ app_init ] --START--
INFO: Run Behavior\BuildLiteBehavior [ RunTime:0.000022s ]
INFO: [ app_init ] --END-- [ RunTime:0.001561s ]

[ 2016-04-27T00:39:38+08:00 ] ::1 /opened/Public/Js/Common/jquery.min.map
INFO: [ app_init ] --START--
INFO: Run Behavior\BuildLiteBehavior [ RunTime:0.000015s ]
INFO: [ app_init ] --END-- [ RunTime:0.000414s ]
ERR: 无法加载控制器:Public

[ 2016-04-27T00:39:42+08:00 ] ::1 /opened/index.php?m=&c=Company&a=ajaxComment
INFO: [ app_init ] --START--
INFO: Run Behavior\BuildLiteBehavior [ RunTime:0.000012s ]
INFO: [ app_init ] --END-- [ RunTime:0.000483s ]
INFO: [ app_begin ] --START--
INFO: Run Behavior\ReadHtmlCacheBehavior [ RunTime:0.000513s ]
INFO: [ app_begin ] --END-- [ RunTime:0.000557s ]
SQL: SHOW COLUMNS FROM `td_company` [ RunTime:0.0037s ]
SQL: SHOW COLUMNS FROM `td_company_user` [ RunTime:0.0074s ]
SQL: SHOW COLUMNS FROM `td_role` [ RunTime:0.0051s ]
SQL: SHOW COLUMNS FROM `td_role_user` [ RunTime:0.0034s ]
SQL: SHOW COLUMNS FROM `td_file` [ RunTime:0.0035s ]
SQL: SHOW COLUMNS FROM `td_comments` [ RunTime:0.0074s ]
SQL: SELECT * FROM `td_company` WHERE ( cid = 0 ) LIMIT 1   [ RunTime:0.0003s ]
SQL: SELECT cid FROM td_comments WHERE correlation_id = 0 AND type = 1 AND uid = 89005 AND comment_content = '1' LIMIT 1 [ RunTime:0.0004s ]
NOTIC: [8] Use of undefined constant CONFIG_A_REPLY_INTERVAL - assumed 'CONFIG_A_REPLY_INTERVAL' G:\works\code\php\phpStudy\WWW\opened\Application\Home\Controller\CompanyController.class.php 第 442 行.
SQL: INSERT INTO `td_comments` (`aid`,`uid`,`type`,`correlation_id`,`comment_author_name`,`comment_author_email`,`comment_author_avatar`,`comment_author_url`,`comment_add_date`,`comment_edit_date`,`comment_content`,`comment_top_parent`,`comment_parent`,`comment_agent`,`comment_type`,`comment_author_ip`) VALUES ('0','89005','1','0','ceshi04','trydemo04@163.com','user100_1586.jpg','','1461688782','1461688782','1','0','0','Mozilla/5.0 (Windows NT 10.0; WOW64; rv:45.0) Gecko/20100101 Firefox/45.0','0','0.0.0.0') [ RunTime:0.0003s ]
SQL: SELECT `cid`,`aid`,`uid`,`type`,`correlation_id`,`title`,`comment_author_name`,`comment_author_avatar`,`comment_author_email`,`comment_author_url`,`comment_author_ip`,`comment_add_date`,`comment_edit_date`,`comment_content`,`comment_karma`,`comment_approved`,`comment_agent`,`comment_type`,`comment_top_parent`,`comment_parent`,`is_lock` FROM `td_comments` WHERE ( cid=372 ) LIMIT 1   [ RunTime:0.0003s ]

[ 2016-04-27T00:39:46+08:00 ] ::1 /opened/index.php?m=&c=Company&a=index&id=9
INFO: [ app_init ] --START--
INFO: Run Behavior\BuildLiteBehavior [ RunTime:0.000019s ]
INFO: [ app_init ] --END-- [ RunTime:0.000862s ]

[ 2016-04-27T00:39:47+08:00 ] ::1 /opened/Public/Js/Common/jquery.min.map
INFO: [ app_init ] --START--
INFO: Run Behavior\BuildLiteBehavior [ RunTime:0.000013s ]
INFO: [ app_init ] --END-- [ RunTime:0.000400s ]
ERR: 无法加载控制器:Public

[ 2016-04-27T00:39:59+08:00 ] ::1 /opened/index.php?m=&c=Company&a=ajaxComment
INFO: [ app_init ] --START--
INFO: Run Behavior\BuildLiteBehavior [ RunTime:0.000014s ]
INFO: [ app_init ] --END-- [ RunTime:0.000425s ]
INFO: [ app_begin ] --START--
INFO: Run Behavior\ReadHtmlCacheBehavior [ RunTime:0.000548s ]
INFO: [ app_begin ] --END-- [ RunTime:0.000606s ]
SQL: SHOW COLUMNS FROM `td_company` [ RunTime:0.0056s ]
SQL: SHOW COLUMNS FROM `td_company_user` [ RunTime:0.0057s ]
SQL: SHOW COLUMNS FROM `td_role` [ RunTime:0.0062s ]
SQL: SHOW COLUMNS FROM `td_role_user` [ RunTime:0.0042s ]
SQL: SHOW COLUMNS FROM `td_file` [ RunTime:0.0042s ]
SQL: SHOW COLUMNS FROM `td_comments` [ RunTime:0.0037s ]
SQL: SELECT * FROM `td_company` WHERE ( cid = 9 ) LIMIT 1   [ RunTime:0.0005s ]
SQL: SELECT cid FROM td_comments WHERE correlation_id = 9 AND type = 1 AND uid = 89005 AND comment_content = '1' LIMIT 1 [ RunTime:0.0006s ]
NOTIC: [8] Use of undefined constant CONFIG_A_REPLY_INTERVAL - assumed 'CONFIG_A_REPLY_INTERVAL' G:\works\code\php\phpStudy\WWW\opened\Application\Home\Controller\CompanyController.class.php 第 442 行.
SQL: INSERT INTO `td_comments` (`aid`,`uid`,`type`,`correlation_id`,`comment_author_name`,`comment_author_email`,`comment_author_avatar`,`comment_author_url`,`comment_add_date`,`comment_edit_date`,`comment_content`,`comment_top_parent`,`comment_parent`,`comment_agent`,`comment_type`,`comment_author_ip`) VALUES ('0','89005','1','9','ceshi04','trydemo04@163.com','user100_1586.jpg','','1461688799','1461688799','1','0','0','Mozilla/5.0 (Windows NT 10.0; WOW64; rv:45.0) Gecko/20100101 Firefox/45.0','0','0.0.0.0') [ RunTime:0.0004s ]
SQL: SELECT `cid`,`aid`,`uid`,`type`,`correlation_id`,`title`,`comment_author_name`,`comment_author_avatar`,`comment_author_email`,`comment_author_url`,`comment_author_ip`,`comment_add_date`,`comment_edit_date`,`comment_content`,`comment_karma`,`comment_approved`,`comment_agent`,`comment_type`,`comment_top_parent`,`comment_parent`,`is_lock` FROM `td_comments` WHERE ( cid=373 ) LIMIT 1   [ RunTime:0.0004s ]

[ 2016-04-27T00:41:08+08:00 ] ::1 /opened/index.php?m=&c=Company&a=index&id=9
INFO: [ app_init ] --START--
INFO: Run Behavior\BuildLiteBehavior [ RunTime:0.000013s ]
INFO: [ app_init ] --END-- [ RunTime:0.000510s ]

[ 2016-04-27T00:41:09+08:00 ] ::1 /opened/Public/Js/Common/jquery.min.map
INFO: [ app_init ] --START--
INFO: Run Behavior\BuildLiteBehavior [ RunTime:0.000018s ]
INFO: [ app_init ] --END-- [ RunTime:0.000401s ]
ERR: 无法加载控制器:Public

[ 2016-04-27T00:41:21+08:00 ] ::1 /opened/index.php?m=&c=Company&a=ajaxComment
INFO: [ app_init ] --START--
INFO: Run Behavior\BuildLiteBehavior [ RunTime:0.000012s ]
INFO: [ app_init ] --END-- [ RunTime:0.000381s ]
INFO: [ app_begin ] --START--
INFO: Run Behavior\ReadHtmlCacheBehavior [ RunTime:0.000599s ]
INFO: [ app_begin ] --END-- [ RunTime:0.000655s ]
SQL: SHOW COLUMNS FROM `td_company` [ RunTime:0.0041s ]
SQL: SHOW COLUMNS FROM `td_company_user` [ RunTime:0.0087s ]
SQL: SHOW COLUMNS FROM `td_role` [ RunTime:0.0041s ]
SQL: SHOW COLUMNS FROM `td_role_user` [ RunTime:0.0043s ]
SQL: SHOW COLUMNS FROM `td_file` [ RunTime:0.0038s ]
SQL: SHOW COLUMNS FROM `td_comments` [ RunTime:0.0041s ]
SQL: SELECT * FROM `td_company` WHERE ( cid = 9 ) LIMIT 1   [ RunTime:0.0004s ]
SQL: SELECT cid FROM td_comments WHERE correlation_id = 9 AND type = 1 AND uid = 89005 AND comment_content = '1' LIMIT 1 [ RunTime:0.0003s ]
NOTIC: [8] Use of undefined constant CONFIG_A_REPLY_INTERVAL - assumed 'CONFIG_A_REPLY_INTERVAL' G:\works\code\php\phpStudy\WWW\opened\Application\Home\Controller\CompanyController.class.php 第 442 行.
SQL: INSERT INTO `td_comments` (`aid`,`uid`,`type`,`correlation_id`,`title`,`comment_author_name`,`comment_author_email`,`comment_author_avatar`,`comment_author_url`,`comment_add_date`,`comment_edit_date`,`comment_content`,`comment_top_parent`,`comment_parent`,`comment_agent`,`comment_type`,`comment_author_ip`) VALUES ('0','89005','1','9','北京小米科技有限责任公司','ceshi04','trydemo04@163.com','user100_1586.jpg','','1461688881','1461688881','1','0','0','Mozilla/5.0 (Windows NT 10.0; WOW64; rv:45.0) Gecko/20100101 Firefox/45.0','0','0.0.0.0') [ RunTime:0.0003s ]
SQL: SELECT `cid`,`aid`,`uid`,`type`,`correlation_id`,`title`,`comment_author_name`,`comment_author_avatar`,`comment_author_email`,`comment_author_url`,`comment_author_ip`,`comment_add_date`,`comment_edit_date`,`comment_content`,`comment_karma`,`comment_approved`,`comment_agent`,`comment_type`,`comment_top_parent`,`comment_parent`,`is_lock` FROM `td_comments` WHERE ( cid=374 ) LIMIT 1   [ RunTime:0.0008s ]

[ 2016-04-27T00:41:51+08:00 ] ::1 /opened/index.php?m=&c=Company&a=ajaxComment
INFO: [ app_init ] --START--
INFO: Run Behavior\BuildLiteBehavior [ RunTime:0.000015s ]
INFO: [ app_init ] --END-- [ RunTime:0.000573s ]
INFO: [ app_begin ] --START--
INFO: Run Behavior\ReadHtmlCacheBehavior [ RunTime:0.000611s ]
INFO: [ app_begin ] --END-- [ RunTime:0.000658s ]
SQL: SHOW COLUMNS FROM `td_company` [ RunTime:0.0043s ]
SQL: SHOW COLUMNS FROM `td_company_user` [ RunTime:0.0059s ]
SQL: SHOW COLUMNS FROM `td_role` [ RunTime:0.0056s ]
SQL: SHOW COLUMNS FROM `td_role_user` [ RunTime:0.0048s ]
SQL: SHOW COLUMNS FROM `td_file` [ RunTime:0.0041s ]
SQL: SHOW COLUMNS FROM `td_comments` [ RunTime:0.0037s ]
SQL: SELECT * FROM `td_company` WHERE ( cid = 0 ) LIMIT 1   [ RunTime:0.0004s ]
NOTIC: [8] Use of undefined constant CONFIG_A_REPLY_INTERVAL - assumed 'CONFIG_A_REPLY_INTERVAL' G:\works\code\php\phpStudy\WWW\opened\Application\Home\Controller\CompanyController.class.php 第 442 行.
SQL: UPDATE `td_comments` SET `comment_edit_date`='1461688911',`comment_content`='11',`comment_agent`='Mozilla/5.0 (Windows NT 10.0; WOW64; rv:45.0) Gecko/20100101 Firefox/45.0',`comment_author_ip`='0.0.0.0' WHERE ( cid=374 ) [ RunTime:0.0004s ]
SQL: SELECT `cid`,`aid`,`uid`,`type`,`correlation_id`,`title`,`comment_author_name`,`comment_author_avatar`,`comment_author_email`,`comment_author_url`,`comment_author_ip`,`comment_add_date`,`comment_edit_date`,`comment_content`,`comment_karma`,`comment_approved`,`comment_agent`,`comment_type`,`comment_top_parent`,`comment_parent`,`is_lock` FROM `td_comments` WHERE ( cid=374 ) LIMIT 1   [ RunTime:0.0004s ]

[ 2016-04-27T00:44:28+08:00 ] ::1 /opened/index.php?m=&c=Company&a=index&id=9
INFO: [ app_init ] --START--
INFO: Run Behavior\BuildLiteBehavior [ RunTime:0.000014s ]
INFO: [ app_init ] --END-- [ RunTime:0.000499s ]

[ 2016-04-27T00:44:29+08:00 ] ::1 /opened/Public/Js/Common/jquery.min.map
INFO: [ app_init ] --START--
INFO: Run Behavior\BuildLiteBehavior [ RunTime:0.000013s ]
INFO: [ app_init ] --END-- [ RunTime:0.000511s ]
ERR: 无法加载控制器:Public

[ 2016-04-27T00:44:34+08:00 ] ::1 /opened/index.php?m=&c=Company&a=ajaxComment
INFO: [ app_init ] --START--
INFO: Run Behavior\BuildLiteBehavior [ RunTime:0.000013s ]
INFO: [ app_init ] --END-- [ RunTime:0.000523s ]
INFO: [ app_begin ] --START--
INFO: Run Behavior\ReadHtmlCacheBehavior [ RunTime:0.000544s ]
INFO: [ app_begin ] --END-- [ RunTime:0.000593s ]
SQL: SHOW COLUMNS FROM `td_company` [ RunTime:0.0036s ]
SQL: SHOW COLUMNS FROM `td_company_user` [ RunTime:0.0105s ]
SQL: SHOW COLUMNS FROM `td_role` [ RunTime:0.0045s ]
SQL: SHOW COLUMNS FROM `td_role_user` [ RunTime:0.0033s ]
SQL: SHOW COLUMNS FROM `td_file` [ RunTime:0.0035s ]
SQL: SHOW COLUMNS FROM `td_comments` [ RunTime:0.0050s ]
SQL: SELECT * FROM `td_company` WHERE ( cid = 9 ) LIMIT 1   [ RunTime:0.0004s ]
SQL: SELECT cid FROM td_comments WHERE correlation_id = 9 AND type = 1 AND uid = 89005 AND comment_content = '2' LIMIT 1 [ RunTime:0.0003s ]
NOTIC: [8] Use of undefined constant CONFIG_A_REPLY_INTERVAL - assumed 'CONFIG_A_REPLY_INTERVAL' G:\works\code\php\phpStudy\WWW\opened\Application\Home\Controller\CompanyController.class.php 第 442 行.
SQL: INSERT INTO `td_comments` (`aid`,`uid`,`type`,`correlation_id`,`title`,`comment_author_name`,`comment_author_email`,`comment_author_avatar`,`comment_author_url`,`comment_add_date`,`comment_edit_date`,`comment_content`,`comment_top_parent`,`comment_parent`,`comment_agent`,`comment_type`,`comment_author_ip`) VALUES ('0','89005','1','9','北京小米科技有限责任公司','ceshi04','trydemo04@163.com','user100_1586.jpg','','1461689074','1461689074','2','0','0','Mozilla/5.0 (Windows NT 10.0; WOW64; rv:45.0) Gecko/20100101 Firefox/45.0','0','0.0.0.0') [ RunTime:0.0003s ]
SQL: SELECT `cid`,`aid`,`uid`,`type`,`correlation_id`,`title`,`comment_author_name`,`comment_author_avatar`,`comment_author_email`,`comment_author_url`,`comment_author_ip`,`comment_add_date`,`comment_edit_date`,`comment_content`,`comment_karma`,`comment_approved`,`comment_agent`,`comment_type`,`comment_top_parent`,`comment_parent`,`is_lock` FROM `td_comments` WHERE ( cid=375 ) LIMIT 1   [ RunTime:0.0003s ]

[ 2016-04-27T00:48:33+08:00 ] ::1 /opened/index.php?m=&c=Company&a=index&id=9
INFO: [ app_init ] --START--
INFO: Run Behavior\BuildLiteBehavior [ RunTime:0.000015s ]
INFO: [ app_init ] --END-- [ RunTime:0.000462s ]

[ 2016-04-27T00:48:33+08:00 ] ::1 /opened/Public/Js/Common/jquery.min.map
INFO: [ app_init ] --START--
INFO: Run Behavior\BuildLiteBehavior [ RunTime:0.000013s ]
INFO: [ app_init ] --END-- [ RunTime:0.000430s ]
ERR: 无法加载控制器:Public

[ 2016-04-27T00:48:38+08:00 ] ::1 /opened/index.php?m=&c=Company&a=ajaxComment
INFO: [ app_init ] --START--
INFO: Run Behavior\BuildLiteBehavior [ RunTime:0.000020s ]
INFO: [ app_init ] --END-- [ RunTime:0.001205s ]
INFO: [ app_begin ] --START--
INFO: Run Behavior\ReadHtmlCacheBehavior [ RunTime:0.000598s ]
INFO: [ app_begin ] --END-- [ RunTime:0.000645s ]
SQL: SHOW COLUMNS FROM `td_company` [ RunTime:0.0041s ]
SQL: SHOW COLUMNS FROM `td_company_user` [ RunTime:0.0041s ]
SQL: SHOW COLUMNS FROM `td_role` [ RunTime:0.0038s ]
SQL: SHOW COLUMNS FROM `td_role_user` [ RunTime:0.0033s ]
SQL: SHOW COLUMNS FROM `td_file` [ RunTime:0.0038s ]
SQL: SHOW COLUMNS FROM `td_comments` [ RunTime:0.0039s ]
SQL: SELECT * FROM `td_company` WHERE ( cid = 9 ) LIMIT 1   [ RunTime:0.0004s ]
SQL: SELECT cid FROM td_comments WHERE correlation_id = 9 AND type = 1 AND uid = 89005 AND comment_content = '3' LIMIT 1 [ RunTime:0.0004s ]
NOTIC: [8] Use of undefined constant CONFIG_A_REPLY_INTERVAL - assumed 'CONFIG_A_REPLY_INTERVAL' G:\works\code\php\phpStudy\WWW\opened\Application\Home\Controller\CompanyController.class.php 第 442 行.
SQL: INSERT INTO `td_comments` (`aid`,`uid`,`type`,`correlation_id`,`title`,`comment_author_name`,`comment_author_email`,`comment_author_avatar`,`comment_author_url`,`comment_add_date`,`comment_edit_date`,`comment_content`,`comment_top_parent`,`comment_parent`,`comment_agent`,`comment_type`,`comment_author_ip`) VALUES ('0','89005','1','9','北京小米科技有限责任公司','ceshi04','trydemo04@163.com','user100_1586.jpg','','1461689318','1461689318','3','0','0','Mozilla/5.0 (Windows NT 10.0; WOW64; rv:45.0) Gecko/20100101 Firefox/45.0','0','0.0.0.0') [ RunTime:0.0004s ]
SQL: SELECT `cid`,`aid`,`uid`,`type`,`correlation_id`,`title`,`comment_author_name`,`comment_author_avatar`,`comment_author_email`,`comment_author_url`,`comment_author_ip`,`comment_add_date`,`comment_edit_date`,`comment_content`,`comment_karma`,`comment_approved`,`comment_agent`,`comment_type`,`comment_top_parent`,`comment_parent`,`is_lock` FROM `td_comments` WHERE ( cid=376 ) LIMIT 1   [ RunTime:0.0003s ]

[ 2016-04-27T00:49:17+08:00 ] ::1 /opened/index.php?m=&c=Company&a=ajaxComment
INFO: [ app_init ] --START--
INFO: Run Behavior\BuildLiteBehavior [ RunTime:0.000016s ]
INFO: [ app_init ] --END-- [ RunTime:0.000477s ]
INFO: [ app_begin ] --START--
INFO: Run Behavior\ReadHtmlCacheBehavior [ RunTime:0.000567s ]
INFO: [ app_begin ] --END-- [ RunTime:0.000619s ]
SQL: SHOW COLUMNS FROM `td_company` [ RunTime:0.0045s ]
SQL: SHOW COLUMNS FROM `td_company_user` [ RunTime:0.0072s ]
SQL: SHOW COLUMNS FROM `td_role` [ RunTime:0.0035s ]
SQL: SHOW COLUMNS FROM `td_role_user` [ RunTime:0.0034s ]
SQL: SHOW COLUMNS FROM `td_file` [ RunTime:0.0049s ]
SQL: SHOW COLUMNS FROM `td_comments` [ RunTime:0.0038s ]
SQL: SELECT * FROM `td_company` WHERE ( cid = 9 ) LIMIT 1   [ RunTime:0.0004s ]
NOTIC: [8] Use of undefined constant CONFIG_A_REPLY_INTERVAL - assumed 'CONFIG_A_REPLY_INTERVAL' G:\works\code\php\phpStudy\WWW\opened\Application\Home\Controller\CompanyController.class.php 第 442 行.
SQL: UPDATE `td_comments` SET `comment_edit_date`='1461689357',`comment_content`='33',`comment_agent`='Mozilla/5.0 (Windows NT 10.0; WOW64; rv:45.0) Gecko/20100101 Firefox/45.0',`comment_author_ip`='0.0.0.0' WHERE ( cid=376 ) [ RunTime:0.0003s ]
SQL: SELECT `cid`,`aid`,`uid`,`type`,`correlation_id`,`title`,`comment_author_name`,`comment_author_avatar`,`comment_author_email`,`comment_author_url`,`comment_author_ip`,`comment_add_date`,`comment_edit_date`,`comment_content`,`comment_karma`,`comment_approved`,`comment_agent`,`comment_type`,`comment_top_parent`,`comment_parent`,`is_lock` FROM `td_comments` WHERE ( cid=376 ) LIMIT 1   [ RunTime:0.0003s ]

[ 2016-04-27T00:50:14+08:00 ] ::1 /opened/index.php?m=&c=Company&a=ajaxComment
INFO: [ app_init ] --START--
INFO: Run Behavior\BuildLiteBehavior [ RunTime:0.000015s ]
INFO: [ app_init ] --END-- [ RunTime:0.000424s ]
INFO: [ app_begin ] --START--
INFO: Run Behavior\ReadHtmlCacheBehavior [ RunTime:0.000549s ]
INFO: [ app_begin ] --END-- [ RunTime:0.000598s ]
SQL: SHOW COLUMNS FROM `td_company` [ RunTime:0.0038s ]
SQL: SHOW COLUMNS FROM `td_company_user` [ RunTime:0.0055s ]
SQL: SHOW COLUMNS FROM `td_role` [ RunTime:0.0054s ]
SQL: SHOW COLUMNS FROM `td_role_user` [ RunTime:0.0035s ]
SQL: SHOW COLUMNS FROM `td_file` [ RunTime:0.0035s ]
SQL: SHOW COLUMNS FROM `td_comments` [ RunTime:0.0042s ]
SQL: SELECT * FROM `td_company` WHERE ( cid = 9 ) LIMIT 1   [ RunTime:0.0004s ]
NOTIC: [8] Use of undefined constant CONFIG_A_REPLY_INTERVAL - assumed 'CONFIG_A_REPLY_INTERVAL' G:\works\code\php\phpStudy\WWW\opened\Application\Home\Controller\CompanyController.class.php 第 442 行.
SQL: UPDATE `td_comments` SET `comment_edit_date`='1461689414',`comment_content`='333',`comment_agent`='Mozilla/5.0 (Windows NT 10.0; WOW64; rv:45.0) Gecko/20100101 Firefox/45.0',`comment_author_ip`='0.0.0.0' WHERE ( cid=376 ) [ RunTime:0.0004s ]
SQL: SELECT `cid`,`aid`,`uid`,`type`,`correlation_id`,`title`,`comment_author_name`,`comment_author_avatar`,`comment_author_email`,`comment_author_url`,`comment_author_ip`,`comment_add_date`,`comment_edit_date`,`comment_content`,`comment_karma`,`comment_approved`,`comment_agent`,`comment_type`,`comment_top_parent`,`comment_parent`,`is_lock` FROM `td_comments` WHERE ( cid=376 ) LIMIT 1   [ RunTime:0.0003s ]

[ 2016-04-27T00:50:40+08:00 ] ::1 /opened/index.php?m=&c=Company&a=ajaxComment
INFO: [ app_init ] --START--
INFO: Run Behavior\BuildLiteBehavior [ RunTime:0.000022s ]
INFO: [ app_init ] --END-- [ RunTime:0.000579s ]
INFO: [ app_begin ] --START--
INFO: Run Behavior\ReadHtmlCacheBehavior [ RunTime:0.000694s ]
INFO: [ app_begin ] --END-- [ RunTime:0.000741s ]
SQL: SHOW COLUMNS FROM `td_company` [ RunTime:0.0042s ]
SQL: SHOW COLUMNS FROM `td_company_user` [ RunTime:0.0037s ]
SQL: SHOW COLUMNS FROM `td_role` [ RunTime:0.0037s ]
SQL: SHOW COLUMNS FROM `td_role_user` [ RunTime:0.0040s ]
SQL: SHOW COLUMNS FROM `td_file` [ RunTime:0.0045s ]
SQL: SHOW COLUMNS FROM `td_comments` [ RunTime:0.0042s ]
SQL: SELECT * FROM `td_company` WHERE ( cid = 9 ) LIMIT 1   [ RunTime:0.0004s ]
NOTIC: [8] Use of undefined constant CONFIG_A_REPLY_INTERVAL - assumed 'CONFIG_A_REPLY_INTERVAL' G:\works\code\php\phpStudy\WWW\opened\Application\Home\Controller\CompanyController.class.php 第 442 行.
SQL: UPDATE `td_comments` SET `comment_edit_date`='1461689440',`comment_content`='3333',`comment_agent`='Mozilla/5.0 (Windows NT 10.0; WOW64; rv:45.0) Gecko/20100101 Firefox/45.0',`comment_author_ip`='0.0.0.0' WHERE ( cid=376 ) [ RunTime:0.0003s ]
SQL: SELECT `cid`,`aid`,`uid`,`type`,`correlation_id`,`title`,`comment_author_name`,`comment_author_avatar`,`comment_author_email`,`comment_author_url`,`comment_author_ip`,`comment_add_date`,`comment_edit_date`,`comment_content`,`comment_karma`,`comment_approved`,`comment_agent`,`comment_type`,`comment_top_parent`,`comment_parent`,`is_lock` FROM `td_comments` WHERE ( cid=376 ) LIMIT 1   [ RunTime:0.0003s ]

[ 2016-04-27T00:50:57+08:00 ] ::1 /opened/index.php?m=&c=Company&a=ajaxComment
INFO: [ app_init ] --START--
INFO: Run Behavior\BuildLiteBehavior [ RunTime:0.000014s ]
INFO: [ app_init ] --END-- [ RunTime:0.000452s ]
INFO: [ app_begin ] --START--
INFO: Run Behavior\ReadHtmlCacheBehavior [ RunTime:0.000540s ]
INFO: [ app_begin ] --END-- [ RunTime:0.000580s ]
SQL: SHOW COLUMNS FROM `td_company` [ RunTime:0.0044s ]
SQL: SHOW COLUMNS FROM `td_company_user` [ RunTime:0.0063s ]
SQL: SHOW COLUMNS FROM `td_role` [ RunTime:0.0036s ]
SQL: SHOW COLUMNS FROM `td_role_user` [ RunTime:0.0045s ]
SQL: SHOW COLUMNS FROM `td_file` [ RunTime:0.0045s ]
SQL: SHOW COLUMNS FROM `td_comments` [ RunTime:0.0048s ]
SQL: SELECT * FROM `td_company` WHERE ( cid = 9 ) LIMIT 1   [ RunTime:0.0004s ]
SQL: SELECT cid FROM td_comments WHERE correlation_id = 9 AND type = 1 AND uid = 89005 AND comment_content = '4' LIMIT 1 [ RunTime:0.0003s ]
NOTIC: [8] Use of undefined constant CONFIG_A_REPLY_INTERVAL - assumed 'CONFIG_A_REPLY_INTERVAL' G:\works\code\php\phpStudy\WWW\opened\Application\Home\Controller\CompanyController.class.php 第 442 行.
SQL: INSERT INTO `td_comments` (`aid`,`uid`,`type`,`correlation_id`,`title`,`comment_author_name`,`comment_author_email`,`comment_author_avatar`,`comment_author_url`,`comment_add_date`,`comment_edit_date`,`comment_content`,`comment_top_parent`,`comment_parent`,`comment_agent`,`comment_type`,`comment_author_ip`) VALUES ('0','89005','1','9','北京小米科技有限责任公司','ceshi04','trydemo04@163.com','user100_1586.jpg','','1461689457','1461689457','4','0','0','Mozilla/5.0 (Windows NT 10.0; WOW64; rv:45.0) Gecko/20100101 Firefox/45.0','0','0.0.0.0') [ RunTime:0.0003s ]
SQL: SELECT `cid`,`aid`,`uid`,`type`,`correlation_id`,`title`,`comment_author_name`,`comment_author_avatar`,`comment_author_email`,`comment_author_url`,`comment_author_ip`,`comment_add_date`,`comment_edit_date`,`comment_content`,`comment_karma`,`comment_approved`,`comment_agent`,`comment_type`,`comment_top_parent`,`comment_parent`,`is_lock` FROM `td_comments` WHERE ( cid=377 ) LIMIT 1   [ RunTime:0.0003s ]

[ 2016-04-27T00:55:46+08:00 ] ::1 /opened/index.php?m=&c=Company&a=index&id=9
INFO: [ app_init ] --START--
INFO: Run Behavior\BuildLiteBehavior [ RunTime:0.000014s ]
INFO: [ app_init ] --END-- [ RunTime:0.000456s ]

[ 2016-04-27T00:55:47+08:00 ] ::1 /opened/Public/Js/Common/jquery.min.map
INFO: [ app_init ] --START--
INFO: Run Behavior\BuildLiteBehavior [ RunTime:0.000011s ]
INFO: [ app_init ] --END-- [ RunTime:0.000393s ]
ERR: 无法加载控制器:Public

[ 2016-04-27T00:55:51+08:00 ] ::1 /opened/index.php?m=&c=Company&a=ajaxComment
INFO: [ app_init ] --START--
INFO: Run Behavior\BuildLiteBehavior [ RunTime:0.000013s ]
INFO: [ app_init ] --END-- [ RunTime:0.000407s ]
INFO: [ app_begin ] --START--
INFO: Run Behavior\ReadHtmlCacheBehavior [ RunTime:0.000597s ]
INFO: [ app_begin ] --END-- [ RunTime:0.000637s ]
SQL: SHOW COLUMNS FROM `td_company` [ RunTime:0.0070s ]
SQL: SHOW COLUMNS FROM `td_company_user` [ RunTime:0.0036s ]
SQL: SHOW COLUMNS FROM `td_role` [ RunTime:0.0040s ]
SQL: SHOW COLUMNS FROM `td_role_user` [ RunTime:0.0037s ]
SQL: SHOW COLUMNS FROM `td_file` [ RunTime:0.0039s ]
SQL: SHOW COLUMNS FROM `td_comments` [ RunTime:0.0041s ]
SQL: SELECT * FROM `td_company` WHERE ( cid = 9 ) LIMIT 1   [ RunTime:0.0004s ]
SQL: SELECT cid FROM td_comments WHERE correlation_id = 9 AND type = 1 AND uid = 89005 AND comment_content = '1' LIMIT 1 [ RunTime:0.0004s ]
NOTIC: [8] Use of undefined constant CONFIG_A_REPLY_INTERVAL - assumed 'CONFIG_A_REPLY_INTERVAL' G:\works\code\php\phpStudy\WWW\opened\Application\Home\Controller\CompanyController.class.php 第 442 行.
SQL: INSERT INTO `td_comments` (`aid`,`uid`,`type`,`correlation_id`,`title`,`comment_author_name`,`comment_author_email`,`comment_author_avatar`,`comment_author_url`,`comment_add_date`,`comment_edit_date`,`comment_content`,`comment_top_parent`,`comment_parent`,`comment_agent`,`comment_type`,`comment_author_ip`) VALUES ('0','89005','1','9','北京小米科技有限责任公司','ceshi04','trydemo04@163.com','user100_1586.jpg','','1461689751','1461689751','1','0','0','Mozilla/5.0 (Windows NT 10.0; WOW64; rv:45.0) Gecko/20100101 Firefox/45.0','0','0.0.0.0') [ RunTime:0.0006s ]
SQL: SELECT `cid`,`aid`,`uid`,`type`,`correlation_id`,`title`,`comment_author_name`,`comment_author_avatar`,`comment_author_email`,`comment_author_url`,`comment_author_ip`,`comment_add_date`,`comment_edit_date`,`comment_content`,`comment_karma`,`comment_approved`,`comment_agent`,`comment_type`,`comment_top_parent`,`comment_parent`,`is_lock` FROM `td_comments` WHERE ( cid=378 ) LIMIT 1   [ RunTime:0.0004s ]

[ 2016-04-27T00:56:11+08:00 ] ::1 /opened/index.php?m=&c=Company&a=ajaxComment
INFO: [ app_init ] --START--
INFO: Run Behavior\BuildLiteBehavior [ RunTime:0.000015s ]
INFO: [ app_init ] --END-- [ RunTime:0.000436s ]
INFO: [ app_begin ] --START--
INFO: Run Behavior\ReadHtmlCacheBehavior [ RunTime:0.000527s ]
INFO: [ app_begin ] --END-- [ RunTime:0.000574s ]
SQL: SHOW COLUMNS FROM `td_company` [ RunTime:0.0048s ]
SQL: SHOW COLUMNS FROM `td_company_user` [ RunTime:0.0039s ]
SQL: SHOW COLUMNS FROM `td_role` [ RunTime:0.0038s ]
SQL: SHOW COLUMNS FROM `td_role_user` [ RunTime:0.0034s ]
SQL: SHOW COLUMNS FROM `td_file` [ RunTime:0.0051s ]
SQL: SHOW COLUMNS FROM `td_comments` [ RunTime:0.0055s ]
SQL: SELECT * FROM `td_company` WHERE ( cid = 9 ) LIMIT 1   [ RunTime:0.0005s ]
NOTIC: [8] Use of undefined constant CONFIG_A_REPLY_INTERVAL - assumed 'CONFIG_A_REPLY_INTERVAL' G:\works\code\php\phpStudy\WWW\opened\Application\Home\Controller\CompanyController.class.php 第 442 行.
SQL: UPDATE `td_comments` SET `comment_edit_date`='1461689771',`comment_content`='111',`comment_agent`='Mozilla/5.0 (Windows NT 10.0; WOW64; rv:45.0) Gecko/20100101 Firefox/45.0',`comment_author_ip`='0.0.0.0' WHERE ( cid=378 ) [ RunTime:0.0004s ]
SQL: SELECT `cid`,`aid`,`uid`,`type`,`correlation_id`,`title`,`comment_author_name`,`comment_author_avatar`,`comment_author_email`,`comment_author_url`,`comment_author_ip`,`comment_add_date`,`comment_edit_date`,`comment_content`,`comment_karma`,`comment_approved`,`comment_agent`,`comment_type`,`comment_top_parent`,`comment_parent`,`is_lock` FROM `td_comments` WHERE ( cid=378 ) LIMIT 1   [ RunTime:0.0003s ]

[ 2016-04-27T00:57:05+08:00 ] ::1 /opened/index.php?m=&c=Company&a=index&id=9
INFO: [ app_init ] --START--
INFO: Run Behavior\BuildLiteBehavior [ RunTime:0.000019s ]
INFO: [ app_init ] --END-- [ RunTime:0.000641s ]

[ 2016-04-27T00:57:06+08:00 ] ::1 /opened/Public/Js/Common/jquery.min.map
INFO: [ app_init ] --START--
INFO: Run Behavior\BuildLiteBehavior [ RunTime:0.000014s ]
INFO: [ app_init ] --END-- [ RunTime:0.000482s ]
ERR: 无法加载控制器:Public

[ 2016-04-27T00:57:09+08:00 ] ::1 /opened/index.php?m=&c=Company&a=ajaxComment
INFO: [ app_init ] --START--
INFO: Run Behavior\BuildLiteBehavior [ RunTime:0.000012s ]
INFO: [ app_init ] --END-- [ RunTime:0.000450s ]
INFO: [ app_begin ] --START--
INFO: Run Behavior\ReadHtmlCacheBehavior [ RunTime:0.000527s ]
INFO: [ app_begin ] --END-- [ RunTime:0.000568s ]
SQL: SHOW COLUMNS FROM `td_company` [ RunTime:0.0038s ]
SQL: SHOW COLUMNS FROM `td_company_user` [ RunTime:0.0196s ]
SQL: SHOW COLUMNS FROM `td_role` [ RunTime:0.0052s ]
SQL: SHOW COLUMNS FROM `td_role_user` [ RunTime:0.0034s ]
SQL: SHOW COLUMNS FROM `td_file` [ RunTime:0.0036s ]
SQL: SHOW COLUMNS FROM `td_comments` [ RunTime:0.0044s ]
SQL: SELECT * FROM `td_company` WHERE ( cid = 9 ) LIMIT 1   [ RunTime:0.0004s ]
SQL: SELECT cid FROM td_comments WHERE correlation_id = 9 AND type = 1 AND uid = 89005 AND comment_content = '11' LIMIT 1 [ RunTime:0.0004s ]

[ 2016-04-27T00:57:13+08:00 ] ::1 /opened/index.php?m=&c=Company&a=ajaxComment
INFO: [ app_init ] --START--
INFO: Run Behavior\BuildLiteBehavior [ RunTime:0.000015s ]
INFO: [ app_init ] --END-- [ RunTime:0.000437s ]
INFO: [ app_begin ] --START--
INFO: Run Behavior\ReadHtmlCacheBehavior [ RunTime:0.000563s ]
INFO: [ app_begin ] --END-- [ RunTime:0.000607s ]
SQL: SHOW COLUMNS FROM `td_company` [ RunTime:0.0042s ]
SQL: SHOW COLUMNS FROM `td_company_user` [ RunTime:0.0061s ]
SQL: SHOW COLUMNS FROM `td_role` [ RunTime:0.0047s ]
SQL: SHOW COLUMNS FROM `td_role_user` [ RunTime:0.0043s ]
SQL: SHOW COLUMNS FROM `td_file` [ RunTime:0.0045s ]
SQL: SHOW COLUMNS FROM `td_comments` [ RunTime:0.0227s ]
SQL: SELECT * FROM `td_company` WHERE ( cid = 9 ) LIMIT 1   [ RunTime:0.0004s ]
SQL: SELECT cid FROM td_comments WHERE correlation_id = 9 AND type = 1 AND uid = 89005 AND comment_content = '111' LIMIT 1 [ RunTime:0.0004s ]

[ 2016-04-27T00:57:18+08:00 ] ::1 /opened/index.php?m=&c=Company&a=ajaxComment
INFO: [ app_init ] --START--
INFO: Run Behavior\BuildLiteBehavior [ RunTime:0.000015s ]
INFO: [ app_init ] --END-- [ RunTime:0.000451s ]
INFO: [ app_begin ] --START--
INFO: Run Behavior\ReadHtmlCacheBehavior [ RunTime:0.000549s ]
INFO: [ app_begin ] --END-- [ RunTime:0.000594s ]
SQL: SHOW COLUMNS FROM `td_company` [ RunTime:0.0036s ]
SQL: SHOW COLUMNS FROM `td_company_user` [ RunTime:0.0070s ]
SQL: SHOW COLUMNS FROM `td_role` [ RunTime:0.0052s ]
SQL: SHOW COLUMNS FROM `td_role_user` [ RunTime:0.0039s ]
SQL: SHOW COLUMNS FROM `td_file` [ RunTime:0.0041s ]
SQL: SHOW COLUMNS FROM `td_comments` [ RunTime:0.0039s ]
SQL: SELECT * FROM `td_company` WHERE ( cid = 9 ) LIMIT 1   [ RunTime:0.0004s ]
SQL: SELECT cid FROM td_comments WHERE correlation_id = 9 AND type = 1 AND uid = 89005 AND comment_content = '11111' LIMIT 1 [ RunTime:0.0004s ]
NOTIC: [8] Use of undefined constant CONFIG_A_REPLY_INTERVAL - assumed 'CONFIG_A_REPLY_INTERVAL' G:\works\code\php\phpStudy\WWW\opened\Application\Home\Controller\CompanyController.class.php 第 442 行.
SQL: INSERT INTO `td_comments` (`aid`,`uid`,`type`,`correlation_id`,`title`,`comment_author_name`,`comment_author_email`,`comment_author_avatar`,`comment_author_url`,`comment_add_date`,`comment_edit_date`,`comment_content`,`comment_top_parent`,`comment_parent`,`comment_agent`,`comment_type`,`comment_author_ip`) VALUES ('0','89005','1','9','北京小米科技有限责任公司','ceshi04','trydemo04@163.com','user100_1586.jpg','','1461689838','1461689838','11111','0','0','Mozilla/5.0 (Windows NT 10.0; WOW64; rv:45.0) Gecko/20100101 Firefox/45.0','0','0.0.0.0') [ RunTime:0.0004s ]
SQL: SELECT `cid`,`aid`,`uid`,`type`,`correlation_id`,`title`,`comment_author_name`,`comment_author_avatar`,`comment_author_email`,`comment_author_url`,`comment_author_ip`,`comment_add_date`,`comment_edit_date`,`comment_content`,`comment_karma`,`comment_approved`,`comment_agent`,`comment_type`,`comment_top_parent`,`comment_parent`,`is_lock` FROM `td_comments` WHERE ( cid=379 ) LIMIT 1   [ RunTime:0.0004s ]

[ 2016-04-27T00:59:00+08:00 ] ::1 /opened/index.php?m=&c=Company&a=index&id=9
INFO: [ app_init ] --START--
INFO: Run Behavior\BuildLiteBehavior [ RunTime:0.000013s ]
INFO: [ app_init ] --END-- [ RunTime:0.000506s ]

[ 2016-04-27T00:59:01+08:00 ] ::1 /opened/Public/Js/Common/jquery.min.map
INFO: [ app_init ] --START--
INFO: Run Behavior\BuildLiteBehavior [ RunTime:0.000023s ]
INFO: [ app_init ] --END-- [ RunTime:0.000661s ]
ERR: 无法加载控制器:Public

[ 2016-04-27T00:59:06+08:00 ] ::1 /opened/index.php?m=&c=Company&a=ajaxComment
INFO: [ app_init ] --START--
INFO: Run Behavior\BuildLiteBehavior [ RunTime:0.000018s ]
INFO: [ app_init ] --END-- [ RunTime:0.000431s ]
INFO: [ app_begin ] --START--
INFO: Run Behavior\ReadHtmlCacheBehavior [ RunTime:0.000607s ]
INFO: [ app_begin ] --END-- [ RunTime:0.000658s ]
SQL: SHOW COLUMNS FROM `td_company` [ RunTime:0.0045s ]
SQL: SHOW COLUMNS FROM `td_company_user` [ RunTime:0.0035s ]
SQL: SHOW COLUMNS FROM `td_role` [ RunTime:0.0038s ]
SQL: SHOW COLUMNS FROM `td_role_user` [ RunTime:0.0039s ]
SQL: SHOW COLUMNS FROM `td_file` [ RunTime:0.0042s ]
SQL: SHOW COLUMNS FROM `td_comments` [ RunTime:0.0041s ]
SQL: SELECT * FROM `td_company` WHERE ( cid = 9 ) LIMIT 1   [ RunTime:0.0004s ]
SQL: SELECT cid FROM td_comments WHERE correlation_id = 9 AND type = 1 AND uid = 89005 AND comment_content = '2222222' LIMIT 1 [ RunTime:0.0003s ]
NOTIC: [8] Use of undefined constant CONFIG_A_REPLY_INTERVAL - assumed 'CONFIG_A_REPLY_INTERVAL' G:\works\code\php\phpStudy\WWW\opened\Application\Home\Controller\CompanyController.class.php 第 442 行.
SQL: INSERT INTO `td_comments` (`aid`,`uid`,`type`,`correlation_id`,`title`,`comment_author_name`,`comment_author_email`,`comment_author_avatar`,`comment_author_url`,`comment_add_date`,`comment_edit_date`,`comment_content`,`comment_top_parent`,`comment_parent`,`comment_agent`,`comment_type`,`comment_author_ip`) VALUES ('0','89005','1','9','北京小米科技有限责任公司','ceshi04','trydemo04@163.com','user100_1586.jpg','','1461689946','1461689946','2222222','0','0','Mozilla/5.0 (Windows NT 10.0; WOW64; rv:45.0) Gecko/20100101 Firefox/45.0','0','0.0.0.0') [ RunTime:0.0003s ]
SQL: SELECT `cid`,`aid`,`uid`,`type`,`correlation_id`,`title`,`comment_author_name`,`comment_author_avatar`,`comment_author_email`,`comment_author_url`,`comment_author_ip`,`comment_add_date`,`comment_edit_date`,`comment_content`,`comment_karma`,`comment_approved`,`comment_agent`,`comment_type`,`comment_top_parent`,`comment_parent`,`is_lock` FROM `td_comments` WHERE ( cid=380 ) LIMIT 1   [ RunTime:0.0003s ]

[ 2016-04-27T01:01:41+08:00 ] ::1 /opened/index.php?m=&c=Company&a=index&id=9
INFO: [ app_init ] --START--
INFO: Run Behavior\BuildLiteBehavior [ RunTime:0.000012s ]
INFO: [ app_init ] --END-- [ RunTime:0.000443s ]

[ 2016-04-27T01:01:41+08:00 ] ::1 /opened/Public/Js/Common/jquery.min.map
INFO: [ app_init ] --START--
INFO: Run Behavior\BuildLiteBehavior [ RunTime:0.000012s ]
INFO: [ app_init ] --END-- [ RunTime:0.000458s ]
ERR: 无法加载控制器:Public

[ 2016-04-27T01:01:46+08:00 ] ::1 /opened/index.php?m=&c=Company&a=ajaxComment
INFO: [ app_init ] --START--
INFO: Run Behavior\BuildLiteBehavior [ RunTime:0.000013s ]
INFO: [ app_init ] --END-- [ RunTime:0.000505s ]
INFO: [ app_begin ] --START--
INFO: Run Behavior\ReadHtmlCacheBehavior [ RunTime:0.000718s ]
INFO: [ app_begin ] --END-- [ RunTime:0.000773s ]
SQL: SHOW COLUMNS FROM `td_company` [ RunTime:0.0038s ]
SQL: SHOW COLUMNS FROM `td_company_user` [ RunTime:0.0068s ]
SQL: SHOW COLUMNS FROM `td_role` [ RunTime:0.0047s ]
SQL: SHOW COLUMNS FROM `td_role_user` [ RunTime:0.0043s ]
SQL: SHOW COLUMNS FROM `td_file` [ RunTime:0.0035s ]
SQL: SHOW COLUMNS FROM `td_comments` [ RunTime:0.0045s ]
SQL: SELECT * FROM `td_company` WHERE ( cid = 9 ) LIMIT 1   [ RunTime:0.0004s ]
SQL: SELECT cid FROM td_comments WHERE correlation_id = 9 AND type = 1 AND uid = 89005 AND comment_content = '12123123' LIMIT 1 [ RunTime:0.0004s ]
NOTIC: [8] Use of undefined constant CONFIG_A_REPLY_INTERVAL - assumed 'CONFIG_A_REPLY_INTERVAL' G:\works\code\php\phpStudy\WWW\opened\Application\Home\Controller\CompanyController.class.php 第 442 行.
SQL: INSERT INTO `td_comments` (`aid`,`uid`,`type`,`correlation_id`,`title`,`comment_author_name`,`comment_author_email`,`comment_author_avatar`,`comment_author_url`,`comment_add_date`,`comment_edit_date`,`comment_content`,`comment_top_parent`,`comment_parent`,`comment_agent`,`comment_type`,`comment_author_ip`) VALUES ('0','89005','1','9','北京小米科技有限责任公司','ceshi04','trydemo04@163.com','user100_1586.jpg','','1461690106','1461690106','12123123','0','0','Mozilla/5.0 (Windows NT 10.0; WOW64; rv:45.0) Gecko/20100101 Firefox/45.0','0','0.0.0.0') [ RunTime:0.0003s ]
SQL: SELECT `cid`,`aid`,`uid`,`type`,`correlation_id`,`title`,`comment_author_name`,`comment_author_avatar`,`comment_author_email`,`comment_author_url`,`comment_author_ip`,`comment_add_date`,`comment_edit_date`,`comment_content`,`comment_karma`,`comment_approved`,`comment_agent`,`comment_type`,`comment_top_parent`,`comment_parent`,`is_lock` FROM `td_comments` WHERE ( cid=381 ) LIMIT 1   [ RunTime:0.0003s ]

[ 2016-04-27T01:02:53+08:00 ] ::1 /opened/index.php?m=&c=Company&a=index&id=9
INFO: [ app_init ] --START--
INFO: Run Behavior\BuildLiteBehavior [ RunTime:0.000012s ]
INFO: [ app_init ] --END-- [ RunTime:0.000525s ]

[ 2016-04-27T01:02:54+08:00 ] ::1 /opened/Public/Js/Common/jquery.min.map
INFO: [ app_init ] --START--
INFO: Run Behavior\BuildLiteBehavior [ RunTime:0.000013s ]
INFO: [ app_init ] --END-- [ RunTime:0.000460s ]
ERR: 无法加载控制器:Public

[ 2016-04-27T01:04:10+08:00 ] ::1 /opened/index.php?m=&c=Company&a=index&id=9
INFO: [ app_init ] --START--
INFO: Run Behavior\BuildLiteBehavior [ RunTime:0.000013s ]
INFO: [ app_init ] --END-- [ RunTime:0.000434s ]

[ 2016-04-27T01:05:29+08:00 ] ::1 /opened/index.php?m=&c=Company&a=index&id=9
INFO: [ app_init ] --START--
INFO: Run Behavior\BuildLiteBehavior [ RunTime:0.000012s ]
INFO: [ app_init ] --END-- [ RunTime:0.000540s ]

[ 2016-04-27T01:05:29+08:00 ] ::1 /opened/Public/Js/Common/jquery.min.map
INFO: [ app_init ] --START--
INFO: Run Behavior\BuildLiteBehavior [ RunTime:0.000013s ]
INFO: [ app_init ] --END-- [ RunTime:0.000443s ]
ERR: 无法加载控制器:Public

[ 2016-04-27T01:05:39+08:00 ] ::1 /opened/index.php?m=&c=Company&a=index&id=9
INFO: [ app_init ] --START--
INFO: Run Behavior\BuildLiteBehavior [ RunTime:0.000014s ]
INFO: [ app_init ] --END-- [ RunTime:0.000420s ]

[ 2016-04-27T01:05:42+08:00 ] ::1 /opened/Public/Js/Common/jquery.min.map
INFO: [ app_init ] --START--
INFO: Run Behavior\BuildLiteBehavior [ RunTime:0.000014s ]
INFO: [ app_init ] --END-- [ RunTime:0.000396s ]
ERR: 无法加载控制器:Public

[ 2016-04-27T01:07:18+08:00 ] ::1 /opened/index.php?m=&c=Company&a=index&id=9
INFO: [ app_init ] --START--
INFO: Run Behavior\BuildLiteBehavior [ RunTime:0.000013s ]
INFO: [ app_init ] --END-- [ RunTime:0.000423s ]

[ 2016-04-27T01:07:19+08:00 ] ::1 /opened/Public/Js/Common/jquery.min.map
INFO: [ app_init ] --START--
INFO: Run Behavior\BuildLiteBehavior [ RunTime:0.000011s ]
INFO: [ app_init ] --END-- [ RunTime:0.000394s ]
ERR: 无法加载控制器:Public

[ 2016-04-27T09:06:12+08:00 ] ::1 /opened/index.php?m=&c=Company&a=index&id=9
INFO: [ app_init ] --START--
INFO: Run Behavior\BuildLiteBehavior [ RunTime:0.000014s ]
INFO: [ app_init ] --END-- [ RunTime:0.000500s ]

[ 2016-04-27T09:06:13+08:00 ] ::1 /opened/index.php?m=&c=Index&a=index
INFO: [ app_init ] --START--
INFO: Run Behavior\BuildLiteBehavior [ RunTime:0.000022s ]
INFO: [ app_init ] --END-- [ RunTime:0.000601s ]

[ 2016-04-27T09:06:13+08:00 ] ::1 /opened/Public/Js/Common/jquery.min.map
INFO: [ app_init ] --START--
INFO: Run Behavior\BuildLiteBehavior [ RunTime:0.000013s ]
INFO: [ app_init ] --END-- [ RunTime:0.000404s ]
ERR: 无法加载控制器:Public

[ 2016-04-27T09:21:16+08:00 ] ::1 /opened/index.php?m=&c=User&a=loginAct
INFO: [ app_init ] --START--
INFO: Run Behavior\BuildLiteBehavior [ RunTime:0.000014s ]
INFO: [ app_init ] --END-- [ RunTime:0.000494s ]

[ 2016-04-27T09:21:16+08:00 ] ::1 /opened/Public/Js/Common/jquery.min.map
INFO: [ app_init ] --START--
INFO: Run Behavior\BuildLiteBehavior [ RunTime:0.000012s ]
INFO: [ app_init ] --END-- [ RunTime:0.000409s ]
ERR: 无法加载控制器:Public

[ 2016-04-27T09:21:16+08:00 ] ::1 /opened/index.php?m=&c=User&a=creatVerifyCode
INFO: [ app_init ] --START--
INFO: Run Behavior\BuildLiteBehavior [ RunTime:0.000014s ]
INFO: [ app_init ] --END-- [ RunTime:0.000412s ]

[ 2016-04-27T09:21:20+08:00 ] ::1 /opened/index.php?m=&c=User&a=creatVerifyCode&random=0.259306322733061
INFO: [ app_init ] --START--
INFO: Run Behavior\BuildLiteBehavior [ RunTime:0.000013s ]
INFO: [ app_init ] --END-- [ RunTime:0.000520s ]

[ 2016-04-27T09:21:21+08:00 ] ::1 /opened/index.php?m=&c=User&a=creatVerifyCode&random=0.10245597190266986
INFO: [ app_init ] --START--
INFO: Run Behavior\BuildLiteBehavior [ RunTime:0.000019s ]
INFO: [ app_init ] --END-- [ RunTime:0.000518s ]

[ 2016-04-27T09:21:26+08:00 ] ::1 /opened/index.php?m=&c=User&a=loginAct
INFO: [ app_init ] --START--
INFO: Run Behavior\BuildLiteBehavior [ RunTime:0.000014s ]
INFO: [ app_init ] --END-- [ RunTime:0.000433s ]

[ 2016-04-27T09:21:26+08:00 ] ::1 /opened/index.php?m=&c=User&a=uCenter
INFO: [ app_init ] --START--
INFO: Run Behavior\BuildLiteBehavior [ RunTime:0.000012s ]
INFO: [ app_init ] --END-- [ RunTime:0.000496s ]

[ 2016-04-27T09:21:26+08:00 ] ::1 /opened/Public/Js/Common/jquery.min.map
INFO: [ app_init ] --START--
INFO: Run Behavior\BuildLiteBehavior [ RunTime:0.000011s ]
INFO: [ app_init ] --END-- [ RunTime:0.000457s ]
ERR: 无法加载控制器:Public

[ 2016-04-27T09:21:30+08:00 ] ::1 /opened/index.php?m=&c=Company&a=index&id=9
INFO: [ app_init ] --START--
INFO: Run Behavior\BuildLiteBehavior [ RunTime:0.000013s ]
INFO: [ app_init ] --END-- [ RunTime:0.000427s ]

[ 2016-04-27T09:21:32+08:00 ] ::1 /opened/Public/Js/Common/jquery.min.map
INFO: [ app_init ] --START--
INFO: Run Behavior\BuildLiteBehavior [ RunTime:0.000013s ]
INFO: [ app_init ] --END-- [ RunTime:0.000476s ]
ERR: 无法加载控制器:Public

[ 2016-04-27T14:49:05+08:00 ] ::1 /opened/index.php?m=&c=Company&a=index&id=9
INFO: [ app_init ] --START--
INFO: Run Behavior\BuildLiteBehavior [ RunTime:0.000012s ]
INFO: [ app_init ] --END-- [ RunTime:0.000555s ]

[ 2016-04-27T14:49:05+08:00 ] ::1 /opened/index.php?m=&c=Index&a=index
INFO: [ app_init ] --START--
INFO: Run Behavior\BuildLiteBehavior [ RunTime:0.000013s ]
INFO: [ app_init ] --END-- [ RunTime:0.000414s ]

[ 2016-04-27T14:49:05+08:00 ] ::1 /opened/Public/Js/Common/jquery.min.map
INFO: [ app_init ] --START--
INFO: Run Behavior\BuildLiteBehavior [ RunTime:0.000012s ]
INFO: [ app_init ] --END-- [ RunTime:0.000383s ]
ERR: 无法加载控制器:Public

[ 2016-04-27T14:49:08+08:00 ] ::1 /opened/index.php?m=&c=User&a=loginAct
INFO: [ app_init ] --START--
INFO: Run Behavior\BuildLiteBehavior [ RunTime:0.000019s ]
INFO: [ app_init ] --END-- [ RunTime:0.000765s ]

[ 2016-04-27T14:49:08+08:00 ] ::1 /opened/index.php?m=&c=User&a=creatVerifyCode
INFO: [ app_init ] --START--
INFO: Run Behavior\BuildLiteBehavior [ RunTime:0.000022s ]
INFO: [ app_init ] --END-- [ RunTime:0.001004s ]

[ 2016-04-27T14:49:08+08:00 ] ::1 /opened/Public/Js/Common/jquery.min.map
INFO: [ app_init ] --START--
INFO: Run Behavior\BuildLiteBehavior [ RunTime:0.000012s ]
INFO: [ app_init ] --END-- [ RunTime:0.000372s ]
ERR: 无法加载控制器:Public

[ 2016-04-27T14:49:16+08:00 ] ::1 /opened/index.php?m=&c=User&a=loginAct
INFO: [ app_init ] --START--
INFO: Run Behavior\BuildLiteBehavior [ RunTime:0.000013s ]
INFO: [ app_init ] --END-- [ RunTime:0.000413s ]

[ 2016-04-27T14:49:16+08:00 ] ::1 /opened/index.php?m=&c=User&a=uCenter
INFO: [ app_init ] --START--
INFO: Run Behavior\BuildLiteBehavior [ RunTime:0.000012s ]
INFO: [ app_init ] --END-- [ RunTime:0.000466s ]

[ 2016-04-27T14:49:16+08:00 ] ::1 /opened/Public/Js/Common/jquery.min.map
INFO: [ app_init ] --START--
INFO: Run Behavior\BuildLiteBehavior [ RunTime:0.000020s ]
INFO: [ app_init ] --END-- [ RunTime:0.001134s ]
ERR: 无法加载控制器:Public

[ 2016-04-27T14:49:26+08:00 ] ::1 /opened/index.php?m=&c=Company&a=index&id=9
INFO: [ app_init ] --START--
INFO: Run Behavior\BuildLiteBehavior [ RunTime:0.000012s ]
INFO: [ app_init ] --END-- [ RunTime:0.000503s ]

[ 2016-04-27T14:49:26+08:00 ] ::1 /opened/Public/Js/Common/jquery.min.map
INFO: [ app_init ] --START--
INFO: Run Behavior\BuildLiteBehavior [ RunTime:0.000011s ]
INFO: [ app_init ] --END-- [ RunTime:0.000376s ]
ERR: 无法加载控制器:Public

