[ 2016-04-28T12:01:01+08:00 ] ::1 /opened/index.php?m=&c=User&a=logout
INFO: [ app_init ] --START--
INFO: Run Behavior\BuildLiteBehavior [ RunTime:0.000013s ]
INFO: [ app_init ] --END-- [ RunTime:0.000640s ]

[ 2016-04-28T12:01:02+08:00 ] ::1 /opened/index.php?m=&c=Index&a=index
INFO: [ app_init ] --START--
INFO: Run Behavior\BuildLiteBehavior [ RunTime:0.000012s ]
INFO: [ app_init ] --END-- [ RunTime:0.000448s ]

[ 2016-04-28T12:01:02+08:00 ] ::1 /opened/Public/Js/Common/jquery.min.map
INFO: [ app_init ] --START--
INFO: Run Behavior\BuildLiteBehavior [ RunTime:0.000015s ]
INFO: [ app_init ] --END-- [ RunTime:0.000521s ]
ERR: 无法加载控制器:Public

[ 2016-04-28T12:01:16+08:00 ] ::1 /opened/index.php?m=&c=User&a=loginAct
INFO: [ app_init ] --START--
INFO: Run Behavior\BuildLiteBehavior [ RunTime:0.000012s ]
INFO: [ app_init ] --END-- [ RunTime:0.000487s ]

[ 2016-04-28T12:01:16+08:00 ] ::1 /opened/Public/Js/Common/jquery.min.map
INFO: [ app_init ] --START--
INFO: Run Behavior\BuildLiteBehavior [ RunTime:0.000013s ]
INFO: [ app_init ] --END-- [ RunTime:0.000569s ]
ERR: 无法加载控制器:Public

[ 2016-04-28T12:01:17+08:00 ] ::1 /opened/index.php?m=&c=User&a=creatVerifyCode
INFO: [ app_init ] --START--
INFO: Run Behavior\BuildLiteBehavior [ RunTime:0.000016s ]
INFO: [ app_init ] --END-- [ RunTime:0.000455s ]

[ 2016-04-28T12:01:25+08:00 ] ::1 /opened/index.php?m=&c=User&a=loginAct
INFO: [ app_init ] --START--
INFO: Run Behavior\BuildLiteBehavior [ RunTime:0.000013s ]
INFO: [ app_init ] --END-- [ RunTime:0.000516s ]

[ 2016-04-28T12:01:25+08:00 ] ::1 /opened/index.php?m=&c=User&a=uCenter
INFO: [ app_init ] --START--
INFO: Run Behavior\BuildLiteBehavior [ RunTime:0.000015s ]
INFO: [ app_init ] --END-- [ RunTime:0.000436s ]

[ 2016-04-28T12:01:26+08:00 ] ::1 /opened/Public/Js/Common/jquery.min.map
INFO: [ app_init ] --START--
INFO: Run Behavior\BuildLiteBehavior [ RunTime:0.000017s ]
INFO: [ app_init ] --END-- [ RunTime:0.000554s ]
ERR: 无法加载控制器:Public

[ 2016-04-28T12:01:33+08:00 ] ::1 /opened/index.php?m=&c=Company&a=index&id=9
INFO: [ app_init ] --START--
INFO: Run Behavior\BuildLiteBehavior [ RunTime:0.000013s ]
INFO: [ app_init ] --END-- [ RunTime:0.000497s ]

[ 2016-04-28T12:01:33+08:00 ] ::1 /opened/Public/Js/Common/jquery.min.map
INFO: [ app_init ] --START--
INFO: Run Behavior\BuildLiteBehavior [ RunTime:0.000012s ]
INFO: [ app_init ] --END-- [ RunTime:0.000389s ]
ERR: 无法加载控制器:Public

[ 2016-04-28T12:01:51+08:00 ] ::1 /opened/index.php?m=&c=Company&a=ajaxComment
INFO: [ app_init ] --START--
INFO: Run Behavior\BuildLiteBehavior [ RunTime:0.000014s ]
INFO: [ app_init ] --END-- [ RunTime:0.000427s ]
INFO: [ app_begin ] --START--
INFO: Run Behavior\ReadHtmlCacheBehavior [ RunTime:0.000623s ]
INFO: [ app_begin ] --END-- [ RunTime:0.000687s ]
SQL: SHOW COLUMNS FROM `td_company` [ RunTime:0.0040s ]
SQL: SHOW COLUMNS FROM `td_company_user` [ RunTime:0.0047s ]
SQL: SHOW COLUMNS FROM `td_role` [ RunTime:0.0036s ]
SQL: SHOW COLUMNS FROM `td_role_user` [ RunTime:0.0035s ]
SQL: SHOW COLUMNS FROM `td_file` [ RunTime:0.0043s ]
SQL: SHOW COLUMNS FROM `td_comments` [ RunTime:0.0042s ]
SQL: SHOW COLUMNS FROM `td_admin` [ RunTime:0.0039s ]
SQL: SELECT * FROM `td_company` WHERE ( cid = 9 ) LIMIT 1   [ RunTime:0.0005s ]
SQL: SELECT cid FROM td_comments WHERE correlation_id = 9 AND type = 1 AND uid = 89005 AND comment_content = 'ddddddddddddd' LIMIT 1 [ RunTime:0.0103s ]
NOTIC: [8] Use of undefined constant CONFIG_A_REPLY_INTERVAL - assumed 'CONFIG_A_REPLY_INTERVAL' G:\works\code\php\phpStudy\WWW\opened\Application\Home\Controller\CompanyController.class.php 第 443 行.
SQL: INSERT INTO `td_comments` (`aid`,`uid`,`type`,`correlation_id`,`title`,`comment_author_name`,`comment_author_email`,`comment_author_avatar`,`comment_author_url`,`comment_add_date`,`comment_edit_date`,`comment_content`,`comment_top_parent`,`comment_parent`,`comment_agent`,`comment_type`,`comment_author_ip`) VALUES ('0','89005','1','9','北京小米科技有限责任公司','ceshi04','trydemo04@163.com','user100_1586.jpg','','1461816111','1461816111','ddddddddddddd','0','0','Mozilla/5.0 (Windows NT 10.0; WOW64; rv:45.0) Gecko/20100101 Firefox/45.0','0','0.0.0.0') [ RunTime:0.0004s ]
SQL: SELECT `cid`,`aid`,`uid`,`type`,`correlation_id`,`title`,`comment_author_name`,`comment_author_avatar`,`comment_author_email`,`comment_author_url`,`comment_author_ip`,`comment_add_date`,`comment_edit_date`,`comment_content`,`comment_karma`,`comment_approved`,`comment_agent`,`comment_type`,`comment_top_parent`,`comment_parent`,`is_lock` FROM `td_comments` WHERE ( cid=382 ) LIMIT 1   [ RunTime:0.0004s ]

[ 2016-04-28T12:02:22+08:00 ] ::1 /opened/index.php?m=&c=Company&a=upload
INFO: [ app_init ] --START--
INFO: Run Behavior\BuildLiteBehavior [ RunTime:0.000023s ]
INFO: [ app_init ] --END-- [ RunTime:0.000662s ]
INFO: [ app_begin ] --START--
INFO: Run Behavior\ReadHtmlCacheBehavior [ RunTime:0.000881s ]
INFO: [ app_begin ] --END-- [ RunTime:0.000984s ]
SQL: SHOW COLUMNS FROM `td_company` [ RunTime:0.0053s ]
SQL: SHOW COLUMNS FROM `td_company_user` [ RunTime:0.0052s ]
SQL: SHOW COLUMNS FROM `td_role` [ RunTime:0.0049s ]
SQL: SHOW COLUMNS FROM `td_role_user` [ RunTime:0.0040s ]
SQL: SHOW COLUMNS FROM `td_file` [ RunTime:0.0039s ]
SQL: SHOW COLUMNS FROM `td_comments` [ RunTime:0.0034s ]
SQL: SHOW COLUMNS FROM `td_admin` [ RunTime:0.0035s ]
NOTIC: [2] call_user_func() expects parameter 1 to be a valid callback, no array or string given G:\works\code\php\phpStudy\WWW\opened\ThinkPHP\Library\Think\Upload.class.php 第 170 行.
NOTIC: [8] Array to string conversion G:\works\code\php\phpStudy\WWW\opened\ThinkPHP\Common\functions.php 第 1604 行.
NOTIC: [8] Undefined index: validate G:\works\code\php\phpStudy\WWW\opened\ThinkPHP\Library\Think\Model.class.php 第 1185 行.
NOTIC: [8] Undefined index: auto G:\works\code\php\phpStudy\WWW\opened\ThinkPHP\Library\Think\Model.class.php 第 1128 行.
SQL: INSERT INTO `td_file` (`pid`,`status`,`type`,`is_del`,`remark`,`create_time`,`update_time`,`name`,`address`) VALUES ('2','1','8','0','','1461816142','1461816142','2016-4-27测试问题.docx','20160428/57218b4e3c4c4.docx') [ RunTime:0.0163s ]

[ 2016-04-28T12:11:01+08:00 ] ::1 /opened/index.php?m=&c=Company&a=index&id=9
INFO: [ app_init ] --START--
INFO: Run Behavior\BuildLiteBehavior [ RunTime:0.000013s ]
INFO: [ app_init ] --END-- [ RunTime:0.000509s ]

[ 2016-04-28T12:11:02+08:00 ] ::1 /opened/Public/Js/Common/jquery.min.map
INFO: [ app_init ] --START--
INFO: Run Behavior\BuildLiteBehavior [ RunTime:0.000012s ]
INFO: [ app_init ] --END-- [ RunTime:0.000469s ]
ERR: 无法加载控制器:Public

[ 2016-04-28T12:13:28+08:00 ] ::1 /opened/Public/Js/Common/jquery.min.map
INFO: [ app_init ] --START--
INFO: Run Behavior\BuildLiteBehavior [ RunTime:0.000017s ]
INFO: [ app_init ] --END-- [ RunTime:0.000553s ]
ERR: 无法加载控制器:Public

[ 2016-04-28T12:14:30+08:00 ] ::1 /opened/index.php?m=&c=Company&a=index&id=9
INFO: [ app_init ] --START--
INFO: Run Behavior\BuildLiteBehavior [ RunTime:0.000012s ]
INFO: [ app_init ] --END-- [ RunTime:0.000494s ]

[ 2016-04-28T12:14:30+08:00 ] ::1 /opened/Public/Js/Common/jquery.min.map
INFO: [ app_init ] --START--
INFO: Run Behavior\BuildLiteBehavior [ RunTime:0.000012s ]
INFO: [ app_init ] --END-- [ RunTime:0.000395s ]
ERR: 无法加载控制器:Public

[ 2016-04-28T12:14:48+08:00 ] ::1 /opened/Public/Js/Common/jquery.min.map
INFO: [ app_init ] --START--
INFO: Run Behavior\BuildLiteBehavior [ RunTime:0.000013s ]
INFO: [ app_init ] --END-- [ RunTime:0.000491s ]
ERR: 无法加载控制器:Public

[ 2016-04-28T12:15:23+08:00 ] ::1 /opened/index.php?m=&c=Company&a=index&id=9
INFO: [ app_init ] --START--
INFO: Run Behavior\BuildLiteBehavior [ RunTime:0.000018s ]
INFO: [ app_init ] --END-- [ RunTime:0.000497s ]

[ 2016-04-28T12:15:24+08:00 ] ::1 /opened/Public/Js/Common/jquery.min.map
INFO: [ app_init ] --START--
INFO: Run Behavior\BuildLiteBehavior [ RunTime:0.000013s ]
INFO: [ app_init ] --END-- [ RunTime:0.000503s ]
ERR: 无法加载控制器:Public

[ 2016-04-28T12:16:09+08:00 ] ::1 /opened/Public/Js/Common/jquery.min.map
INFO: [ app_init ] --START--
INFO: Run Behavior\BuildLiteBehavior [ RunTime:0.000019s ]
INFO: [ app_init ] --END-- [ RunTime:0.000591s ]
ERR: 无法加载控制器:Public

[ 2016-04-28T12:18:22+08:00 ] ::1 /opened/index.php?m=&c=Company&a=index&id=9
INFO: [ app_init ] --START--
INFO: Run Behavior\BuildLiteBehavior [ RunTime:0.000013s ]
INFO: [ app_init ] --END-- [ RunTime:0.000544s ]

[ 2016-04-28T12:18:22+08:00 ] ::1 /opened/Public/Js/Common/jquery.min.map
INFO: [ app_init ] --START--
INFO: Run Behavior\BuildLiteBehavior [ RunTime:0.000019s ]
INFO: [ app_init ] --END-- [ RunTime:0.000722s ]
ERR: 无法加载控制器:Public

[ 2016-04-28T12:19:50+08:00 ] ::1 /opened/index.php?m=&c=Project&a=index
INFO: [ app_init ] --START--
INFO: Run Behavior\BuildLiteBehavior [ RunTime:0.000012s ]
INFO: [ app_init ] --END-- [ RunTime:0.000468s ]

[ 2016-04-28T12:19:51+08:00 ] ::1 /opened/Public/Js/Common/jquery.min.map
INFO: [ app_init ] --START--
INFO: Run Behavior\BuildLiteBehavior [ RunTime:0.000014s ]
INFO: [ app_init ] --END-- [ RunTime:0.000552s ]
ERR: 无法加载控制器:Public

[ 2016-04-28T12:24:23+08:00 ] ::1 /opened/Public/Js/Common/jquery.min.map
INFO: [ app_init ] --START--
INFO: Run Behavior\BuildLiteBehavior [ RunTime:0.000017s ]
INFO: [ app_init ] --END-- [ RunTime:0.000612s ]
ERR: 无法加载控制器:Public

[ 2016-04-28T12:24:25+08:00 ] ::1 /opened/Public/Js/Common/jquery.min.map
INFO: [ app_init ] --START--
INFO: Run Behavior\BuildLiteBehavior [ RunTime:0.000018s ]
INFO: [ app_init ] --END-- [ RunTime:0.000629s ]
ERR: 无法加载控制器:Public

[ 2016-04-28T12:24:31+08:00 ] ::1 /opened/Public/Js/Common/jquery.min.map
INFO: [ app_init ] --START--
INFO: Run Behavior\BuildLiteBehavior [ RunTime:0.000012s ]
INFO: [ app_init ] --END-- [ RunTime:0.000394s ]
ERR: 无法加载控制器:Public

[ 2016-04-28T12:29:05+08:00 ] ::1 /opened/index.php?m=&c=Project&a=index
INFO: [ app_init ] --START--
INFO: Run Behavior\BuildLiteBehavior [ RunTime:0.000013s ]
INFO: [ app_init ] --END-- [ RunTime:0.000520s ]

[ 2016-04-28T12:29:06+08:00 ] ::1 /opened/Public/Js/Common/jquery.min.map
INFO: [ app_init ] --START--
INFO: Run Behavior\BuildLiteBehavior [ RunTime:0.000012s ]
INFO: [ app_init ] --END-- [ RunTime:0.000469s ]
ERR: 无法加载控制器:Public

[ 2016-04-28T12:29:36+08:00 ] ::1 /opened/Public/Js/Common/jquery.min.map
INFO: [ app_init ] --START--
INFO: Run Behavior\BuildLiteBehavior [ RunTime:0.000012s ]
INFO: [ app_init ] --END-- [ RunTime:0.000380s ]
ERR: 无法加载控制器:Public

[ 2016-04-28T12:29:49+08:00 ] ::1 /opened/Public/Js/Common/jquery.min.map
INFO: [ app_init ] --START--
INFO: Run Behavior\BuildLiteBehavior [ RunTime:0.000013s ]
INFO: [ app_init ] --END-- [ RunTime:0.000483s ]
ERR: 无法加载控制器:Public

[ 2016-04-28T12:30:03+08:00 ] ::1 /opened/Public/Js/Common/jquery.min.map
INFO: [ app_init ] --START--
INFO: Run Behavior\BuildLiteBehavior [ RunTime:0.000012s ]
INFO: [ app_init ] --END-- [ RunTime:0.000463s ]
ERR: 无法加载控制器:Public

[ 2016-04-28T12:30:07+08:00 ] ::1 /opened/Public/Js/Common/jquery.min.map
INFO: [ app_init ] --START--
INFO: Run Behavior\BuildLiteBehavior [ RunTime:0.000012s ]
INFO: [ app_init ] --END-- [ RunTime:0.000502s ]
ERR: 无法加载控制器:Public

[ 2016-04-28T12:31:11+08:00 ] ::1 /opened/Public/Js/Common/jquery.min.map
INFO: [ app_init ] --START--
INFO: Run Behavior\BuildLiteBehavior [ RunTime:0.000011s ]
INFO: [ app_init ] --END-- [ RunTime:0.000470s ]
ERR: 无法加载控制器:Public

[ 2016-04-28T12:31:12+08:00 ] ::1 /opened/Public/Js/Common/jquery.min.map
INFO: [ app_init ] --START--
INFO: Run Behavior\BuildLiteBehavior [ RunTime:0.000011s ]
INFO: [ app_init ] --END-- [ RunTime:0.000464s ]
ERR: 无法加载控制器:Public

[ 2016-04-28T12:35:17+08:00 ] ::1 /opened/index.php?m=&c=Company&a=index&id=9
INFO: [ app_init ] --START--
INFO: Run Behavior\BuildLiteBehavior [ RunTime:0.000014s ]
INFO: [ app_init ] --END-- [ RunTime:0.000547s ]

[ 2016-04-28T12:35:18+08:00 ] ::1 /opened/Public/Js/Common/jquery.min.map
INFO: [ app_init ] --START--
INFO: Run Behavior\BuildLiteBehavior [ RunTime:0.000012s ]
INFO: [ app_init ] --END-- [ RunTime:0.000434s ]
ERR: 无法加载控制器:Public

[ 2016-04-28T12:41:07+08:00 ] ::1 /opened/index.php?m=&c=Company&a=ajaxComment
INFO: [ app_init ] --START--
INFO: Run Behavior\BuildLiteBehavior [ RunTime:0.000019s ]
INFO: [ app_init ] --END-- [ RunTime:0.000557s ]
INFO: [ app_begin ] --START--
INFO: Run Behavior\ReadHtmlCacheBehavior [ RunTime:0.000614s ]
INFO: [ app_begin ] --END-- [ RunTime:0.000656s ]
SQL: SHOW COLUMNS FROM `td_company` [ RunTime:0.0054s ]
SQL: SHOW COLUMNS FROM `td_company_user` [ RunTime:0.0043s ]
SQL: SHOW COLUMNS FROM `td_role` [ RunTime:0.0043s ]
SQL: SHOW COLUMNS FROM `td_role_user` [ RunTime:0.0037s ]
SQL: SHOW COLUMNS FROM `td_file` [ RunTime:0.0049s ]
SQL: SHOW COLUMNS FROM `td_comments` [ RunTime:0.0038s ]
SQL: SHOW COLUMNS FROM `td_admin` [ RunTime:0.0040s ]
SQL: SELECT * FROM `td_company` WHERE ( cid = 9 ) LIMIT 1   [ RunTime:0.0005s ]
SQL: SELECT cid FROM td_comments WHERE correlation_id = 9 AND type = 1 AND uid = 89005 AND comment_content = 'dfsdfsdfdfsdfdsf' LIMIT 1 [ RunTime:0.0003s ]
NOTIC: [8] Use of undefined constant CONFIG_A_REPLY_INTERVAL - assumed 'CONFIG_A_REPLY_INTERVAL' G:\works\code\php\phpStudy\WWW\opened\Application\Home\Controller\CompanyController.class.php 第 443 行.
SQL: INSERT INTO `td_comments` (`aid`,`uid`,`type`,`correlation_id`,`title`,`comment_author_name`,`comment_author_email`,`comment_author_avatar`,`comment_author_url`,`comment_add_date`,`comment_edit_date`,`comment_content`,`comment_top_parent`,`comment_parent`,`comment_agent`,`comment_type`,`comment_author_ip`) VALUES ('0','89005','1','9','北京小米科技有限责任公司','ceshi04','trydemo04@163.com','user100_1586.jpg','','1461818467','1461818467','dfsdfsdfdfsdfdsf','0','0','Mozilla/5.0 (Windows NT 10.0; WOW64; rv:45.0) Gecko/20100101 Firefox/45.0','0','0.0.0.0') [ RunTime:0.0003s ]
SQL: SELECT `cid`,`aid`,`uid`,`type`,`correlation_id`,`title`,`comment_author_name`,`comment_author_avatar`,`comment_author_email`,`comment_author_url`,`comment_author_ip`,`comment_add_date`,`comment_edit_date`,`comment_content`,`comment_karma`,`comment_approved`,`comment_agent`,`comment_type`,`comment_top_parent`,`comment_parent`,`is_lock` FROM `td_comments` WHERE ( cid=383 ) LIMIT 1   [ RunTime:0.0003s ]

[ 2016-04-28T12:41:21+08:00 ] ::1 /opened/Public/Js/Common/jquery.min.map
INFO: [ app_init ] --START--
INFO: Run Behavior\BuildLiteBehavior [ RunTime:0.000013s ]
INFO: [ app_init ] --END-- [ RunTime:0.000529s ]
ERR: 无法加载控制器:Public

[ 2016-04-28T12:41:54+08:00 ] ::1 /opened/index.php?m=&c=User&a=loginAct
INFO: [ app_init ] --START--
INFO: Run Behavior\BuildLiteBehavior [ RunTime:0.000014s ]
INFO: [ app_init ] --END-- [ RunTime:0.000507s ]

[ 2016-04-28T12:41:54+08:00 ] ::1 /opened/Public/Js/Common/jquery.min.map
INFO: [ app_init ] --START--
INFO: Run Behavior\BuildLiteBehavior [ RunTime:0.000012s ]
INFO: [ app_init ] --END-- [ RunTime:0.000454s ]
ERR: 无法加载控制器:Public

[ 2016-04-28T12:41:56+08:00 ] ::1 /opened/Public/Js/Common/jquery.min.map
INFO: [ app_init ] --START--
INFO: Run Behavior\BuildLiteBehavior [ RunTime:0.000021s ]
INFO: [ app_init ] --END-- [ RunTime:0.000856s ]
ERR: 无法加载控制器:Public

[ 2016-04-28T12:43:03+08:00 ] ::1 /opened/Public/Js/Common/jquery.min.map
INFO: [ app_init ] --START--
INFO: Run Behavior\BuildLiteBehavior [ RunTime:0.000012s ]
INFO: [ app_init ] --END-- [ RunTime:0.000545s ]
ERR: 无法加载控制器:Public

[ 2016-04-28T12:43:09+08:00 ] ::1 /opened/index.php?m=&c=Index&a=index
INFO: [ app_init ] --START--
INFO: Run Behavior\BuildLiteBehavior [ RunTime:0.000015s ]
INFO: [ app_init ] --END-- [ RunTime:0.000428s ]

[ 2016-04-28T12:43:11+08:00 ] ::1 /opened/Public/Js/Common/jquery.min.map
INFO: [ app_init ] --START--
INFO: Run Behavior\BuildLiteBehavior [ RunTime:0.000013s ]
INFO: [ app_init ] --END-- [ RunTime:0.000493s ]
ERR: 无法加载控制器:Public

[ 2016-04-28T12:43:13+08:00 ] ::1 /opened/index.php?m=&c=User&a=uCenter
INFO: [ app_init ] --START--
INFO: Run Behavior\BuildLiteBehavior [ RunTime:0.000012s ]
INFO: [ app_init ] --END-- [ RunTime:0.000393s ]

[ 2016-04-28T12:43:14+08:00 ] ::1 /opened/Public/Js/Common/jquery.min.map
INFO: [ app_init ] --START--
INFO: Run Behavior\BuildLiteBehavior [ RunTime:0.000012s ]
INFO: [ app_init ] --END-- [ RunTime:0.000398s ]
ERR: 无法加载控制器:Public

[ 2016-04-28T12:43:15+08:00 ] ::1 /opened/index.php?m=&c=User&a=uCenter
INFO: [ app_init ] --START--
INFO: Run Behavior\BuildLiteBehavior [ RunTime:0.000013s ]
INFO: [ app_init ] --END-- [ RunTime:0.000498s ]

[ 2016-04-28T12:43:16+08:00 ] ::1 /opened/Public/Js/Common/jquery.min.map
INFO: [ app_init ] --START--
INFO: Run Behavior\BuildLiteBehavior [ RunTime:0.000014s ]
INFO: [ app_init ] --END-- [ RunTime:0.000490s ]
ERR: 无法加载控制器:Public

[ 2016-04-28T12:50:20+08:00 ] ::1 /opened/index.php?m=&c=Company&a=index&id=9
INFO: [ app_init ] --START--
INFO: Run Behavior\BuildLiteBehavior [ RunTime:0.000014s ]
INFO: [ app_init ] --END-- [ RunTime:0.000521s ]

[ 2016-04-28T12:50:20+08:00 ] ::1 /opened/Public/Js/Common/jquery.min.map
INFO: [ app_init ] --START--
INFO: Run Behavior\BuildLiteBehavior [ RunTime:0.000013s ]
INFO: [ app_init ] --END-- [ RunTime:0.000533s ]
ERR: 无法加载控制器:Public

[ 2016-04-28T12:50:43+08:00 ] ::1 /opened/index.php?m=&c=Company&a=index&id=9
INFO: [ app_init ] --START--
INFO: Run Behavior\BuildLiteBehavior [ RunTime:0.000012s ]
INFO: [ app_init ] --END-- [ RunTime:0.000467s ]

[ 2016-04-28T12:50:45+08:00 ] ::1 /opened/Public/Js/Common/jquery.min.map
INFO: [ app_init ] --START--
INFO: Run Behavior\BuildLiteBehavior [ RunTime:0.000013s ]
INFO: [ app_init ] --END-- [ RunTime:0.000502s ]
ERR: 无法加载控制器:Public

