[ 2016-04-25T09:43:57+08:00 ] ::1 /opened/index.php?m=&c=Company&a=index&id=9
INFO: [ app_init ] --START--
INFO: Run Behavior\BuildLiteBehavior [ RunTime:0.000015s ]
INFO: [ app_init ] --END-- [ RunTime:0.076661s ]

[ 2016-04-25T10:18:25+08:00 ] ::1 /opened/index.php?m=&c=User&a=uCenter
INFO: [ app_init ] --START--
INFO: Run Behavior\BuildLiteBehavior [ RunTime:0.000021s ]
INFO: [ app_init ] --END-- [ RunTime:0.000525s ]

[ 2016-04-25T10:18:26+08:00 ] ::1 /opened/index.php?m=&c=Index&a=index
INFO: [ app_init ] --START--
INFO: Run Behavior\BuildLiteBehavior [ RunTime:0.000014s ]
INFO: [ app_init ] --END-- [ RunTime:0.000444s ]

[ 2016-04-25T10:18:28+08:00 ] ::1 /opened/index.php?m=&c=User&a=loginAct
INFO: [ app_init ] --START--
INFO: Run Behavior\BuildLiteBehavior [ RunTime:0.000027s ]
INFO: [ app_init ] --END-- [ RunTime:0.000465s ]

[ 2016-04-25T10:18:29+08:00 ] ::1 /opened/index.php?m=&c=User&a=creatVerifyCode
INFO: [ app_init ] --START--
INFO: Run Behavior\BuildLiteBehavior [ RunTime:0.000011s ]
INFO: [ app_init ] --END-- [ RunTime:0.000446s ]

[ 2016-04-25T10:18:36+08:00 ] ::1 /opened/index.php?m=&c=User&a=loginAct
INFO: [ app_init ] --START--
INFO: Run Behavior\BuildLiteBehavior [ RunTime:0.000020s ]
INFO: [ app_init ] --END-- [ RunTime:0.000700s ]

[ 2016-04-25T10:18:36+08:00 ] ::1 /opened/index.php?m=&c=User&a=uCenter
INFO: [ app_init ] --START--
INFO: Run Behavior\BuildLiteBehavior [ RunTime:0.000011s ]
INFO: [ app_init ] --END-- [ RunTime:0.000457s ]

[ 2016-04-25T10:18:40+08:00 ] ::1 /opened/index.php?m=&c=Company&a=index&id=9
INFO: [ app_init ] --START--
INFO: Run Behavior\BuildLiteBehavior [ RunTime:0.000014s ]
INFO: [ app_init ] --END-- [ RunTime:0.000415s ]

[ 2016-04-25T10:29:36+08:00 ] ::1 /opened/index.php?m=&c=Company&a=index&id=9
INFO: [ app_init ] --START--
INFO: Run Behavior\BuildLiteBehavior [ RunTime:0.000012s ]
INFO: [ app_init ] --END-- [ RunTime:0.000574s ]

[ 2016-04-25T10:29:41+08:00 ] ::1 /opened/index.php?m=&c=Company&a=index
INFO: [ app_init ] --START--
INFO: Run Behavior\BuildLiteBehavior [ RunTime:0.000022s ]
INFO: [ app_init ] --END-- [ RunTime:0.000780s ]
ERR: 1064:You have an error in your SQL syntax; check the manual that corresponds to your MySQL server version for the right syntax to use near 'and status = 1 and is_del = 0 ) LIMIT 1' at line 1
 [ SQL语句 ] : SELECT `cid`,`name`,`email`,`phone`,`address`,`website`,`company_amounts`,`business_license`,`company_logo`,`aid`,`remark`,`type`,`create_time` FROM `td_company` WHERE ( cid= and status = 1 and is_del = 0 ) LIMIT 1  

[ 2016-04-25T10:53:32+08:00 ] ::1 /opened/index.php?m=&c=Company&a=index
INFO: [ app_init ] --START--
INFO: Run Behavior\BuildLiteBehavior [ RunTime:0.000012s ]
INFO: [ app_init ] --END-- [ RunTime:0.000425s ]

[ 2016-04-25T10:53:35+08:00 ] ::1 /opened/index.php?m=&c=User&a=uCenter
INFO: [ app_init ] --START--
INFO: Run Behavior\BuildLiteBehavior [ RunTime:0.000016s ]
INFO: [ app_init ] --END-- [ RunTime:0.000464s ]

[ 2016-04-25T10:53:37+08:00 ] ::1 /opened/index.php?m=&c=Company&a=index&id=9
INFO: [ app_init ] --START--
INFO: Run Behavior\BuildLiteBehavior [ RunTime:0.000015s ]
INFO: [ app_init ] --END-- [ RunTime:0.000471s ]

[ 2016-04-25T10:53:41+08:00 ] ::1 /opened/index.php?m=&c=Company&a=index
INFO: [ app_init ] --START--
INFO: Run Behavior\BuildLiteBehavior [ RunTime:0.000019s ]
INFO: [ app_init ] --END-- [ RunTime:0.000560s ]

[ 2016-04-25T10:53:44+08:00 ] ::1 /opened/index.php?m=&c=User&a=uCenter
INFO: [ app_init ] --START--
INFO: Run Behavior\BuildLiteBehavior [ RunTime:0.000022s ]
INFO: [ app_init ] --END-- [ RunTime:0.000620s ]

[ 2016-04-25T10:54:28+08:00 ] ::1 /opened/index.php?m=&c=Company&a=index&id=9
INFO: [ app_init ] --START--
INFO: Run Behavior\BuildLiteBehavior [ RunTime:0.000012s ]
INFO: [ app_init ] --END-- [ RunTime:0.000472s ]

[ 2016-04-25T11:12:03+08:00 ] ::1 /opened/index.php?m=&c=Company&a=index&id=9
INFO: [ app_init ] --START--
INFO: Run Behavior\BuildLiteBehavior [ RunTime:0.000028s ]
INFO: [ app_init ] --END-- [ RunTime:0.001089s ]

[ 2016-04-25T11:27:51+08:00 ] ::1 /opened/index.php?m=&c=Company&a=index&id=9
INFO: [ app_init ] --START--
INFO: Run Behavior\BuildLiteBehavior [ RunTime:0.000020s ]
INFO: [ app_init ] --END-- [ RunTime:0.000891s ]

[ 2016-04-25T11:28:36+08:00 ] ::1 /opened/Public/Js/Common/jquery.min.map
INFO: [ app_init ] --START--
INFO: Run Behavior\BuildLiteBehavior [ RunTime:0.000027s ]
INFO: [ app_init ] --END-- [ RunTime:0.000976s ]
ERR: 无法加载控制器:Public

[ 2016-04-25T11:30:28+08:00 ] ::1 /opened/index.php?m=&c=Company&a=index&id=9
INFO: [ app_init ] --START--
INFO: Run Behavior\BuildLiteBehavior [ RunTime:0.000020s ]
INFO: [ app_init ] --END-- [ RunTime:0.000690s ]

[ 2016-04-25T11:30:28+08:00 ] ::1 /opened/Public/Js/Common/jquery.min.map
INFO: [ app_init ] --START--
INFO: Run Behavior\BuildLiteBehavior [ RunTime:0.000019s ]
INFO: [ app_init ] --END-- [ RunTime:0.000625s ]
ERR: 无法加载控制器:Public

[ 2016-04-25T11:30:52+08:00 ] ::1 /opened/index.php?m=&c=Company&a=index&id=9
INFO: [ app_init ] --START--
INFO: Run Behavior\BuildLiteBehavior [ RunTime:0.000028s ]
INFO: [ app_init ] --END-- [ RunTime:0.000852s ]

[ 2016-04-25T11:30:52+08:00 ] ::1 /opened/Public/Js/Common/jquery.min.map
INFO: [ app_init ] --START--
INFO: Run Behavior\BuildLiteBehavior [ RunTime:0.000017s ]
INFO: [ app_init ] --END-- [ RunTime:0.000597s ]
ERR: 无法加载控制器:Public

[ 2016-04-25T11:31:25+08:00 ] ::1 /opened/index.php?m=&c=Company&a=index&id=9
INFO: [ app_init ] --START--
INFO: Run Behavior\BuildLiteBehavior [ RunTime:0.000018s ]
INFO: [ app_init ] --END-- [ RunTime:0.000630s ]

[ 2016-04-25T11:31:26+08:00 ] ::1 /opened/Public/Js/Common/jquery.min.map
INFO: [ app_init ] --START--
INFO: Run Behavior\BuildLiteBehavior [ RunTime:0.000065s ]
INFO: [ app_init ] --END-- [ RunTime:0.001031s ]
ERR: 无法加载控制器:Public

[ 2016-04-25T11:32:04+08:00 ] ::1 /opened/index.php?m=&c=Company&a=index&id=9
INFO: [ app_init ] --START--
INFO: Run Behavior\BuildLiteBehavior [ RunTime:0.000026s ]
INFO: [ app_init ] --END-- [ RunTime:0.000851s ]

[ 2016-04-25T11:32:05+08:00 ] ::1 /opened/Public/Js/Common/jquery.min.map
INFO: [ app_init ] --START--
INFO: Run Behavior\BuildLiteBehavior [ RunTime:0.000031s ]
INFO: [ app_init ] --END-- [ RunTime:0.001119s ]
ERR: 无法加载控制器:Public

[ 2016-04-25T11:32:38+08:00 ] ::1 /opened/index.php?m=&c=Company&a=index&id=9
INFO: [ app_init ] --START--
INFO: Run Behavior\BuildLiteBehavior [ RunTime:0.000034s ]
INFO: [ app_init ] --END-- [ RunTime:0.001233s ]

[ 2016-04-25T11:32:38+08:00 ] ::1 /opened/Public/Js/Common/jquery.min.map
INFO: [ app_init ] --START--
INFO: Run Behavior\BuildLiteBehavior [ RunTime:0.000018s ]
INFO: [ app_init ] --END-- [ RunTime:0.000717s ]
ERR: 无法加载控制器:Public

[ 2016-04-25T11:33:43+08:00 ] ::1 /opened/index.php?m=&c=Company&a=index&id=9
INFO: [ app_init ] --START--
INFO: Run Behavior\BuildLiteBehavior [ RunTime:0.000020s ]
INFO: [ app_init ] --END-- [ RunTime:0.000593s ]

[ 2016-04-25T11:33:43+08:00 ] ::1 /opened/Public/Js/Common/jquery.min.map
INFO: [ app_init ] --START--
INFO: Run Behavior\BuildLiteBehavior [ RunTime:0.000022s ]
INFO: [ app_init ] --END-- [ RunTime:0.000825s ]
ERR: 无法加载控制器:Public

[ 2016-04-25T11:34:19+08:00 ] ::1 /opened/index.php?m=&c=Company&a=index&id=9
INFO: [ app_init ] --START--
INFO: Run Behavior\BuildLiteBehavior [ RunTime:0.000017s ]
INFO: [ app_init ] --END-- [ RunTime:0.000668s ]

[ 2016-04-25T11:34:20+08:00 ] ::1 /opened/Public/Js/Common/jquery.min.map
INFO: [ app_init ] --START--
INFO: Run Behavior\BuildLiteBehavior [ RunTime:0.000017s ]
INFO: [ app_init ] --END-- [ RunTime:0.000621s ]
ERR: 无法加载控制器:Public

[ 2016-04-25T11:35:24+08:00 ] ::1 /opened/index.php?m=&c=Company&a=index&id=9
INFO: [ app_init ] --START--
INFO: Run Behavior\BuildLiteBehavior [ RunTime:0.000020s ]
INFO: [ app_init ] --END-- [ RunTime:0.000745s ]

[ 2016-04-25T11:35:24+08:00 ] ::1 /opened/Public/Js/Common/jquery.min.map
INFO: [ app_init ] --START--
INFO: Run Behavior\BuildLiteBehavior [ RunTime:0.000019s ]
INFO: [ app_init ] --END-- [ RunTime:0.000720s ]
ERR: 无法加载控制器:Public

[ 2016-04-25T13:18:20+08:00 ] ::1 /opened/index.php?m=&c=Company&a=index&id=9
INFO: [ app_init ] --START--
INFO: Run Behavior\BuildLiteBehavior [ RunTime:0.000018s ]
INFO: [ app_init ] --END-- [ RunTime:0.000723s ]

[ 2016-04-25T13:18:20+08:00 ] ::1 /opened/index.php?m=&c=Index&a=index
INFO: [ app_init ] --START--
INFO: Run Behavior\BuildLiteBehavior [ RunTime:0.000018s ]
INFO: [ app_init ] --END-- [ RunTime:0.000635s ]

[ 2016-04-25T13:18:21+08:00 ] ::1 /opened/Public/Js/Common/jquery.min.map
INFO: [ app_init ] --START--
INFO: Run Behavior\BuildLiteBehavior [ RunTime:0.000019s ]
INFO: [ app_init ] --END-- [ RunTime:0.000662s ]
ERR: 无法加载控制器:Public

[ 2016-04-25T13:18:24+08:00 ] ::1 /opened/index.php?m=&c=User&a=loginAct
INFO: [ app_init ] --START--
INFO: Run Behavior\BuildLiteBehavior [ RunTime:0.000058s ]
INFO: [ app_init ] --END-- [ RunTime:0.000838s ]

[ 2016-04-25T13:18:24+08:00 ] ::1 /opened/index.php?m=&c=User&a=creatVerifyCode
INFO: [ app_init ] --START--
INFO: Run Behavior\BuildLiteBehavior [ RunTime:0.000021s ]
INFO: [ app_init ] --END-- [ RunTime:0.000636s ]

[ 2016-04-25T13:18:25+08:00 ] ::1 /opened/Public/Js/Common/jquery.min.map
INFO: [ app_init ] --START--
INFO: Run Behavior\BuildLiteBehavior [ RunTime:0.000018s ]
INFO: [ app_init ] --END-- [ RunTime:0.000673s ]
ERR: 无法加载控制器:Public

[ 2016-04-25T13:18:29+08:00 ] ::1 /opened/index.php?m=&c=User&a=creatVerifyCode&random=0.3504327189343349
INFO: [ app_init ] --START--
INFO: Run Behavior\BuildLiteBehavior [ RunTime:0.000019s ]
INFO: [ app_init ] --END-- [ RunTime:0.000685s ]

[ 2016-04-25T13:18:33+08:00 ] ::1 /opened/index.php?m=&c=User&a=loginAct
INFO: [ app_init ] --START--
INFO: Run Behavior\BuildLiteBehavior [ RunTime:0.000020s ]
INFO: [ app_init ] --END-- [ RunTime:0.000635s ]

[ 2016-04-25T13:18:33+08:00 ] ::1 /opened/index.php?m=&c=User&a=uCenter
INFO: [ app_init ] --START--
INFO: Run Behavior\BuildLiteBehavior [ RunTime:0.000021s ]
INFO: [ app_init ] --END-- [ RunTime:0.000612s ]

[ 2016-04-25T13:18:33+08:00 ] ::1 /opened/Public/Js/Common/jquery.min.map
INFO: [ app_init ] --START--
INFO: Run Behavior\BuildLiteBehavior [ RunTime:0.000021s ]
INFO: [ app_init ] --END-- [ RunTime:0.000623s ]
ERR: 无法加载控制器:Public

[ 2016-04-25T13:18:39+08:00 ] ::1 /opened/index.php?m=&c=User&a=uCenter
INFO: [ app_init ] --START--
INFO: Run Behavior\BuildLiteBehavior [ RunTime:0.000017s ]
INFO: [ app_init ] --END-- [ RunTime:0.000656s ]

[ 2016-04-25T13:18:39+08:00 ] ::1 /opened/Public/Js/Common/jquery.min.map
INFO: [ app_init ] --START--
INFO: Run Behavior\BuildLiteBehavior [ RunTime:0.000016s ]
INFO: [ app_init ] --END-- [ RunTime:0.000569s ]
ERR: 无法加载控制器:Public

[ 2016-04-25T13:18:41+08:00 ] ::1 /opened/index.php?m=&c=User&a=uCenter
INFO: [ app_init ] --START--
INFO: Run Behavior\BuildLiteBehavior [ RunTime:0.000019s ]
INFO: [ app_init ] --END-- [ RunTime:0.000633s ]

[ 2016-04-25T13:18:41+08:00 ] ::1 /opened/Public/Js/Common/jquery.min.map
INFO: [ app_init ] --START--
INFO: Run Behavior\BuildLiteBehavior [ RunTime:0.000018s ]
INFO: [ app_init ] --END-- [ RunTime:0.000595s ]
ERR: 无法加载控制器:Public

[ 2016-04-25T13:18:48+08:00 ] ::1 /opened/index.php?m=&c=User&a=loginAct
INFO: [ app_init ] --START--
INFO: Run Behavior\BuildLiteBehavior [ RunTime:0.000018s ]
INFO: [ app_init ] --END-- [ RunTime:0.000615s ]

[ 2016-04-25T13:18:48+08:00 ] ::1 /opened/Public/Js/Common/jquery.min.map
INFO: [ app_init ] --START--
INFO: Run Behavior\BuildLiteBehavior [ RunTime:0.000018s ]
INFO: [ app_init ] --END-- [ RunTime:0.000643s ]
ERR: 无法加载控制器:Public

[ 2016-04-25T13:18:50+08:00 ] ::1 /opened/index.php?m=&c=User&a=loginAct
INFO: [ app_init ] --START--
INFO: Run Behavior\BuildLiteBehavior [ RunTime:0.000018s ]
INFO: [ app_init ] --END-- [ RunTime:0.000661s ]

[ 2016-04-25T13:18:50+08:00 ] ::1 /opened/index.php?m=&c=Index&a=index
INFO: [ app_init ] --START--
INFO: Run Behavior\BuildLiteBehavior [ RunTime:0.000019s ]
INFO: [ app_init ] --END-- [ RunTime:0.000655s ]

[ 2016-04-25T13:18:51+08:00 ] ::1 /opened/Public/Js/Common/jquery.min.map
INFO: [ app_init ] --START--
INFO: Run Behavior\BuildLiteBehavior [ RunTime:0.000017s ]
INFO: [ app_init ] --END-- [ RunTime:0.000658s ]
ERR: 无法加载控制器:Public

[ 2016-04-25T13:18:53+08:00 ] ::1 /opened/index.php?m=&c=User&a=logout
INFO: [ app_init ] --START--
INFO: Run Behavior\BuildLiteBehavior [ RunTime:0.000018s ]
INFO: [ app_init ] --END-- [ RunTime:0.000660s ]

[ 2016-04-25T13:18:53+08:00 ] ::1 /opened/index.php?m=&c=Index&a=index
INFO: [ app_init ] --START--
INFO: Run Behavior\BuildLiteBehavior [ RunTime:0.000019s ]
INFO: [ app_init ] --END-- [ RunTime:0.000678s ]

[ 2016-04-25T13:18:53+08:00 ] ::1 /opened/Public/Js/Common/jquery.min.map
INFO: [ app_init ] --START--
INFO: Run Behavior\BuildLiteBehavior [ RunTime:0.000019s ]
INFO: [ app_init ] --END-- [ RunTime:0.000640s ]
ERR: 无法加载控制器:Public

[ 2016-04-25T13:18:56+08:00 ] ::1 /opened/index.php?m=&c=User&a=loginAct
INFO: [ app_init ] --START--
INFO: Run Behavior\BuildLiteBehavior [ RunTime:0.000017s ]
INFO: [ app_init ] --END-- [ RunTime:0.000662s ]

[ 2016-04-25T13:18:56+08:00 ] ::1 /opened/index.php?m=&c=User&a=creatVerifyCode
INFO: [ app_init ] --START--
INFO: Run Behavior\BuildLiteBehavior [ RunTime:0.000019s ]
INFO: [ app_init ] --END-- [ RunTime:0.000751s ]

[ 2016-04-25T13:18:57+08:00 ] ::1 /opened/Public/Js/Common/jquery.min.map
INFO: [ app_init ] --START--
INFO: Run Behavior\BuildLiteBehavior [ RunTime:0.000018s ]
INFO: [ app_init ] --END-- [ RunTime:0.000663s ]
ERR: 无法加载控制器:Public

[ 2016-04-25T13:19:04+08:00 ] ::1 /opened/index.php?m=&c=User&a=loginAct
INFO: [ app_init ] --START--
INFO: Run Behavior\BuildLiteBehavior [ RunTime:0.000020s ]
INFO: [ app_init ] --END-- [ RunTime:0.000695s ]

[ 2016-04-25T13:19:04+08:00 ] ::1 /opened/index.php?m=&c=User&a=uCenter
INFO: [ app_init ] --START--
INFO: Run Behavior\BuildLiteBehavior [ RunTime:0.000026s ]
INFO: [ app_init ] --END-- [ RunTime:0.000706s ]

[ 2016-04-25T13:19:04+08:00 ] ::1 /opened/Public/Js/Common/jquery.min.map
INFO: [ app_init ] --START--
INFO: Run Behavior\BuildLiteBehavior [ RunTime:0.000017s ]
INFO: [ app_init ] --END-- [ RunTime:0.000580s ]
ERR: 无法加载控制器:Public

[ 2016-04-25T13:19:06+08:00 ] ::1 /opened/index.php?m=&c=Company&a=index&id=9
INFO: [ app_init ] --START--
INFO: Run Behavior\BuildLiteBehavior [ RunTime:0.000018s ]
INFO: [ app_init ] --END-- [ RunTime:0.000694s ]

[ 2016-04-25T13:19:06+08:00 ] ::1 /opened/Public/Js/Common/jquery.min.map
INFO: [ app_init ] --START--
INFO: Run Behavior\BuildLiteBehavior [ RunTime:0.000018s ]
INFO: [ app_init ] --END-- [ RunTime:0.000657s ]
ERR: 无法加载控制器:Public

[ 2016-04-25T13:24:33+08:00 ] ::1 /opened/index.php?m=&c=Company&a=index&id=9
INFO: [ app_init ] --START--
INFO: Run Behavior\BuildLiteBehavior [ RunTime:0.000033s ]
INFO: [ app_init ] --END-- [ RunTime:0.001105s ]

[ 2016-04-25T13:24:34+08:00 ] ::1 /opened/Public/Js/Common/jquery.min.map
INFO: [ app_init ] --START--
INFO: Run Behavior\BuildLiteBehavior [ RunTime:0.000018s ]
INFO: [ app_init ] --END-- [ RunTime:0.000595s ]
ERR: 无法加载控制器:Public

[ 2016-04-25T13:26:10+08:00 ] ::1 /opened/index.php?m=&c=Company&a=index&id=9
INFO: [ app_init ] --START--
INFO: Run Behavior\BuildLiteBehavior [ RunTime:0.000019s ]
INFO: [ app_init ] --END-- [ RunTime:0.000792s ]

[ 2016-04-25T13:26:11+08:00 ] ::1 /opened/Public/Js/Common/jquery.min.map
INFO: [ app_init ] --START--
INFO: Run Behavior\BuildLiteBehavior [ RunTime:0.000018s ]
INFO: [ app_init ] --END-- [ RunTime:0.000668s ]
ERR: 无法加载控制器:Public

[ 2016-04-25T13:26:26+08:00 ] ::1 /opened/index.php?m=&c=Company&a=index&id=9
INFO: [ app_init ] --START--
INFO: Run Behavior\BuildLiteBehavior [ RunTime:0.000018s ]
INFO: [ app_init ] --END-- [ RunTime:0.000604s ]

[ 2016-04-25T13:26:27+08:00 ] ::1 /opened/Public/Js/Common/jquery.min.map
INFO: [ app_init ] --START--
INFO: Run Behavior\BuildLiteBehavior [ RunTime:0.000019s ]
INFO: [ app_init ] --END-- [ RunTime:0.000626s ]
ERR: 无法加载控制器:Public

[ 2016-04-25T13:26:43+08:00 ] ::1 /opened/index.php?m=&c=Company&a=index&id=9
INFO: [ app_init ] --START--
INFO: Run Behavior\BuildLiteBehavior [ RunTime:0.000020s ]
INFO: [ app_init ] --END-- [ RunTime:0.000600s ]

[ 2016-04-25T13:26:44+08:00 ] ::1 /opened/Public/Js/Common/jquery.min.map
INFO: [ app_init ] --START--
INFO: Run Behavior\BuildLiteBehavior [ RunTime:0.000018s ]
INFO: [ app_init ] --END-- [ RunTime:0.000650s ]
ERR: 无法加载控制器:Public

[ 2016-04-25T13:27:54+08:00 ] ::1 /opened/index.php?m=&c=Company&a=index&id=9
INFO: [ app_init ] --START--
INFO: Run Behavior\BuildLiteBehavior [ RunTime:0.000021s ]
INFO: [ app_init ] --END-- [ RunTime:0.000851s ]

[ 2016-04-25T13:27:54+08:00 ] ::1 /opened/Public/Js/Common/jquery.min.map
INFO: [ app_init ] --START--
INFO: Run Behavior\BuildLiteBehavior [ RunTime:0.000019s ]
INFO: [ app_init ] --END-- [ RunTime:0.000628s ]
ERR: 无法加载控制器:Public

[ 2016-04-25T13:28:44+08:00 ] ::1 /opened/Public/Js/Common/jquery.min.map
INFO: [ app_init ] --START--
INFO: Run Behavior\BuildLiteBehavior [ RunTime:0.000021s ]
INFO: [ app_init ] --END-- [ RunTime:0.000828s ]
ERR: 无法加载控制器:Public

[ 2016-04-25T13:28:49+08:00 ] ::1 /opened/index.php?m=&c=Company&a=index&id=9
INFO: [ app_init ] --START--
INFO: Run Behavior\BuildLiteBehavior [ RunTime:0.000019s ]
INFO: [ app_init ] --END-- [ RunTime:0.000593s ]

[ 2016-04-25T13:28:50+08:00 ] ::1 /opened/Public/Js/Common/jquery.min.map
INFO: [ app_init ] --START--
INFO: Run Behavior\BuildLiteBehavior [ RunTime:0.000020s ]
INFO: [ app_init ] --END-- [ RunTime:0.000710s ]
ERR: 无法加载控制器:Public

[ 2016-04-25T13:29:25+08:00 ] ::1 /opened/index.php?m=&c=Company&a=index&id=9
INFO: [ app_init ] --START--
INFO: Run Behavior\BuildLiteBehavior [ RunTime:0.000018s ]
INFO: [ app_init ] --END-- [ RunTime:0.000616s ]

[ 2016-04-25T13:29:25+08:00 ] ::1 /opened/Public/Js/Common/jquery.min.map
INFO: [ app_init ] --START--
INFO: Run Behavior\BuildLiteBehavior [ RunTime:0.000026s ]
INFO: [ app_init ] --END-- [ RunTime:0.000632s ]
ERR: 无法加载控制器:Public

[ 2016-04-25T13:29:39+08:00 ] ::1 /opened/index.php?m=&c=Company&a=index&id=9
INFO: [ app_init ] --START--
INFO: Run Behavior\BuildLiteBehavior [ RunTime:0.000019s ]
INFO: [ app_init ] --END-- [ RunTime:0.000596s ]

[ 2016-04-25T13:29:40+08:00 ] ::1 /opened/Public/Js/Common/jquery.min.map
INFO: [ app_init ] --START--
INFO: Run Behavior\BuildLiteBehavior [ RunTime:0.000019s ]
INFO: [ app_init ] --END-- [ RunTime:0.000609s ]
ERR: 无法加载控制器:Public

[ 2016-04-25T13:31:04+08:00 ] ::1 /opened/index.php?m=&c=Company&a=index&id=9
INFO: [ app_init ] --START--
INFO: Run Behavior\BuildLiteBehavior [ RunTime:0.000032s ]
INFO: [ app_init ] --END-- [ RunTime:0.000977s ]

[ 2016-04-25T13:31:04+08:00 ] ::1 /opened/Public/Js/Common/jquery.min.map
INFO: [ app_init ] --START--
INFO: Run Behavior\BuildLiteBehavior [ RunTime:0.000020s ]
INFO: [ app_init ] --END-- [ RunTime:0.000599s ]
ERR: 无法加载控制器:Public

[ 2016-04-25T13:31:31+08:00 ] ::1 /opened/index.php?m=&c=Company&a=index&id=9
INFO: [ app_init ] --START--
INFO: Run Behavior\BuildLiteBehavior [ RunTime:0.000019s ]
INFO: [ app_init ] --END-- [ RunTime:0.000572s ]

[ 2016-04-25T13:31:32+08:00 ] ::1 /opened/Public/Js/Common/jquery.min.map
INFO: [ app_init ] --START--
INFO: Run Behavior\BuildLiteBehavior [ RunTime:0.000020s ]
INFO: [ app_init ] --END-- [ RunTime:0.000683s ]
ERR: 无法加载控制器:Public

[ 2016-04-25T13:32:20+08:00 ] ::1 /opened/index.php?m=&c=Company&a=index&id=9
INFO: [ app_init ] --START--
INFO: Run Behavior\BuildLiteBehavior [ RunTime:0.000019s ]
INFO: [ app_init ] --END-- [ RunTime:0.000618s ]

[ 2016-04-25T13:32:20+08:00 ] ::1 /opened/Public/Js/Common/jquery.min.map
INFO: [ app_init ] --START--
INFO: Run Behavior\BuildLiteBehavior [ RunTime:0.000018s ]
INFO: [ app_init ] --END-- [ RunTime:0.000599s ]
ERR: 无法加载控制器:Public

[ 2016-04-25T13:33:45+08:00 ] ::1 /opened/index.php?m=&c=Company&a=index&id=9
INFO: [ app_init ] --START--
INFO: Run Behavior\BuildLiteBehavior [ RunTime:0.000021s ]
INFO: [ app_init ] --END-- [ RunTime:0.001094s ]

[ 2016-04-25T13:33:46+08:00 ] ::1 /opened/Public/Js/Common/jquery.min.map
INFO: [ app_init ] --START--
INFO: Run Behavior\BuildLiteBehavior [ RunTime:0.000017s ]
INFO: [ app_init ] --END-- [ RunTime:0.000573s ]
ERR: 无法加载控制器:Public

[ 2016-04-25T13:39:30+08:00 ] ::1 /opened/index.php?m=&c=Company&a=index&id=9
INFO: [ app_init ] --START--
INFO: Run Behavior\BuildLiteBehavior [ RunTime:0.000017s ]
INFO: [ app_init ] --END-- [ RunTime:0.000651s ]

[ 2016-04-25T13:39:30+08:00 ] ::1 /opened/Public/Js/Common/jquery.min.map
INFO: [ app_init ] --START--
INFO: Run Behavior\BuildLiteBehavior [ RunTime:0.000018s ]
INFO: [ app_init ] --END-- [ RunTime:0.000667s ]
ERR: 无法加载控制器:Public

[ 2016-04-25T13:39:56+08:00 ] ::1 /opened/index.php?m=&c=Company&a=index&id=9
INFO: [ app_init ] --START--
INFO: Run Behavior\BuildLiteBehavior [ RunTime:0.000024s ]
INFO: [ app_init ] --END-- [ RunTime:0.000616s ]

[ 2016-04-25T13:39:57+08:00 ] ::1 /opened/Public/Js/Common/jquery.min.map
INFO: [ app_init ] --START--
INFO: Run Behavior\BuildLiteBehavior [ RunTime:0.000020s ]
INFO: [ app_init ] --END-- [ RunTime:0.000617s ]
ERR: 无法加载控制器:Public

[ 2016-04-25T13:40:34+08:00 ] ::1 /opened/index.php?m=&c=Company&a=index&id=9
INFO: [ app_init ] --START--
INFO: Run Behavior\BuildLiteBehavior [ RunTime:0.000020s ]
INFO: [ app_init ] --END-- [ RunTime:0.000688s ]

[ 2016-04-25T13:40:35+08:00 ] ::1 /opened/Public/Js/Common/jquery.min.map
INFO: [ app_init ] --START--
INFO: Run Behavior\BuildLiteBehavior [ RunTime:0.000025s ]
INFO: [ app_init ] --END-- [ RunTime:0.000587s ]
ERR: 无法加载控制器:Public

[ 2016-04-25T13:42:14+08:00 ] ::1 /opened/index.php?m=&c=Company&a=index&id=9
INFO: [ app_init ] --START--
INFO: Run Behavior\BuildLiteBehavior [ RunTime:0.000035s ]
INFO: [ app_init ] --END-- [ RunTime:0.001380s ]

[ 2016-04-25T13:42:15+08:00 ] ::1 /opened/Public/Js/Common/jquery.min.map
INFO: [ app_init ] --START--
INFO: Run Behavior\BuildLiteBehavior [ RunTime:0.000018s ]
INFO: [ app_init ] --END-- [ RunTime:0.000674s ]
ERR: 无法加载控制器:Public

[ 2016-04-25T13:43:08+08:00 ] ::1 /opened/index.php?m=&c=Company&a=index&id=9
INFO: [ app_init ] --START--
INFO: Run Behavior\BuildLiteBehavior [ RunTime:0.000019s ]
INFO: [ app_init ] --END-- [ RunTime:0.000627s ]

[ 2016-04-25T13:43:09+08:00 ] ::1 /opened/Public/Js/Common/jquery.min.map
INFO: [ app_init ] --START--
INFO: Run Behavior\BuildLiteBehavior [ RunTime:0.000021s ]
INFO: [ app_init ] --END-- [ RunTime:0.000673s ]
ERR: 无法加载控制器:Public

[ 2016-04-25T13:45:15+08:00 ] ::1 /opened/index.php?m=&c=Company&a=index&id=9
INFO: [ app_init ] --START--
INFO: Run Behavior\BuildLiteBehavior [ RunTime:0.000021s ]
INFO: [ app_init ] --END-- [ RunTime:0.000701s ]

[ 2016-04-25T13:45:15+08:00 ] ::1 /opened/Public/Js/Common/jquery.min.map
INFO: [ app_init ] --START--
INFO: Run Behavior\BuildLiteBehavior [ RunTime:0.000020s ]
INFO: [ app_init ] --END-- [ RunTime:0.000616s ]
ERR: 无法加载控制器:Public

[ 2016-04-25T13:45:43+08:00 ] ::1 /opened/index.php?m=&c=Company&a=index&id=9
INFO: [ app_init ] --START--
INFO: Run Behavior\BuildLiteBehavior [ RunTime:0.000018s ]
INFO: [ app_init ] --END-- [ RunTime:0.000677s ]

[ 2016-04-25T13:45:43+08:00 ] ::1 /opened/index.php?m=&c=Company&a=index&id=9
INFO: [ app_init ] --START--
INFO: Run Behavior\BuildLiteBehavior [ RunTime:0.000018s ]
INFO: [ app_init ] --END-- [ RunTime:0.000662s ]

[ 2016-04-25T13:45:43+08:00 ] ::1 /opened/Public/Js/Common/jquery.min.map
INFO: [ app_init ] --START--
INFO: Run Behavior\BuildLiteBehavior [ RunTime:0.000020s ]
INFO: [ app_init ] --END-- [ RunTime:0.000760s ]
ERR: 无法加载控制器:Public

[ 2016-04-25T13:53:12+08:00 ] ::1 /opened/index.php?m=&c=Company&a=index&id=9
INFO: [ app_init ] --START--
INFO: Run Behavior\BuildLiteBehavior [ RunTime:0.000018s ]
INFO: [ app_init ] --END-- [ RunTime:0.000669s ]

[ 2016-04-25T13:53:13+08:00 ] ::1 /opened/Public/Js/Common/jquery.min.map
INFO: [ app_init ] --START--
INFO: Run Behavior\BuildLiteBehavior [ RunTime:0.000020s ]
INFO: [ app_init ] --END-- [ RunTime:0.000576s ]
ERR: 无法加载控制器:Public

[ 2016-04-25T14:00:34+08:00 ] ::1 /opened/index.php?m=&c=Company&a=index&id=9
INFO: [ app_init ] --START--
INFO: Run Behavior\BuildLiteBehavior [ RunTime:0.000021s ]
INFO: [ app_init ] --END-- [ RunTime:0.000715s ]

[ 2016-04-25T14:00:34+08:00 ] ::1 /opened/Public/Js/Common/jquery.min.map
INFO: [ app_init ] --START--
INFO: Run Behavior\BuildLiteBehavior [ RunTime:0.000017s ]
INFO: [ app_init ] --END-- [ RunTime:0.000573s ]
ERR: 无法加载控制器:Public

[ 2016-04-25T14:00:36+08:00 ] ::1 /opened/index.php?m=&c=Company&a=index&id=9
INFO: [ app_init ] --START--
INFO: Run Behavior\BuildLiteBehavior [ RunTime:0.000020s ]
INFO: [ app_init ] --END-- [ RunTime:0.000657s ]

[ 2016-04-25T14:00:36+08:00 ] ::1 /opened/Public/Js/Common/jquery.min.map
INFO: [ app_init ] --START--
INFO: Run Behavior\BuildLiteBehavior [ RunTime:0.000020s ]
INFO: [ app_init ] --END-- [ RunTime:0.000661s ]
ERR: 无法加载控制器:Public

[ 2016-04-25T14:02:16+08:00 ] ::1 /opened/index.php?m=&c=Company&a=index&id=9
INFO: [ app_init ] --START--
INFO: Run Behavior\BuildLiteBehavior [ RunTime:0.000018s ]
INFO: [ app_init ] --END-- [ RunTime:0.000581s ]

[ 2016-04-25T14:02:16+08:00 ] ::1 /opened/Public/Js/Common/jquery.min.map
INFO: [ app_init ] --START--
INFO: Run Behavior\BuildLiteBehavior [ RunTime:0.000029s ]
INFO: [ app_init ] --END-- [ RunTime:0.001026s ]
ERR: 无法加载控制器:Public

[ 2016-04-25T14:06:08+08:00 ] ::1 /opened/index.php?m=&c=Company&a=index&id=9
INFO: [ app_init ] --START--
INFO: Run Behavior\BuildLiteBehavior [ RunTime:0.000020s ]
INFO: [ app_init ] --END-- [ RunTime:0.000692s ]

[ 2016-04-25T14:06:09+08:00 ] ::1 /opened/Public/Js/Common/jquery.min.map
INFO: [ app_init ] --START--
INFO: Run Behavior\BuildLiteBehavior [ RunTime:0.000018s ]
INFO: [ app_init ] --END-- [ RunTime:0.000658s ]
ERR: 无法加载控制器:Public

[ 2016-04-25T14:07:16+08:00 ] ::1 /opened/index.php?m=&c=Company&a=index&id=9
INFO: [ app_init ] --START--
INFO: Run Behavior\BuildLiteBehavior [ RunTime:0.000019s ]
INFO: [ app_init ] --END-- [ RunTime:0.000608s ]

[ 2016-04-25T14:07:17+08:00 ] ::1 /opened/Public/Js/Common/jquery.min.map
INFO: [ app_init ] --START--
INFO: Run Behavior\BuildLiteBehavior [ RunTime:0.000017s ]
INFO: [ app_init ] --END-- [ RunTime:0.000651s ]
ERR: 无法加载控制器:Public

[ 2016-04-25T14:12:07+08:00 ] ::1 /opened/index.php?m=&c=Company&a=index&id=9
INFO: [ app_init ] --START--
INFO: Run Behavior\BuildLiteBehavior [ RunTime:0.000019s ]
INFO: [ app_init ] --END-- [ RunTime:0.000850s ]

[ 2016-04-25T14:12:07+08:00 ] ::1 /opened/Public/Js/Common/jquery.min.map
INFO: [ app_init ] --START--
INFO: Run Behavior\BuildLiteBehavior [ RunTime:0.000018s ]
INFO: [ app_init ] --END-- [ RunTime:0.000570s ]
ERR: 无法加载控制器:Public

[ 2016-04-25T14:12:34+08:00 ] ::1 /opened/index.php?m=&c=Company&a=index&id=9
INFO: [ app_init ] --START--
INFO: Run Behavior\BuildLiteBehavior [ RunTime:0.000018s ]
INFO: [ app_init ] --END-- [ RunTime:0.000599s ]

[ 2016-04-25T14:12:34+08:00 ] ::1 /opened/Public/Js/Common/jquery.min.map
INFO: [ app_init ] --START--
INFO: Run Behavior\BuildLiteBehavior [ RunTime:0.000017s ]
INFO: [ app_init ] --END-- [ RunTime:0.000579s ]
ERR: 无法加载控制器:Public

[ 2016-04-25T14:18:27+08:00 ] ::1 /opened/index.php?m=&c=Company&a=index&id=9
INFO: [ app_init ] --START--
INFO: Run Behavior\BuildLiteBehavior [ RunTime:0.000017s ]
INFO: [ app_init ] --END-- [ RunTime:0.000639s ]

[ 2016-04-25T14:18:27+08:00 ] ::1 /opened/Public/Js/Common/jquery.min.map
INFO: [ app_init ] --START--
INFO: Run Behavior\BuildLiteBehavior [ RunTime:0.000019s ]
INFO: [ app_init ] --END-- [ RunTime:0.000646s ]
ERR: 无法加载控制器:Public

[ 2016-04-25T14:28:35+08:00 ] ::1 /opened/index.php?m=&c=Company&a=index&id=9
INFO: [ app_init ] --START--
INFO: Run Behavior\BuildLiteBehavior [ RunTime:0.000018s ]
INFO: [ app_init ] --END-- [ RunTime:0.000732s ]

[ 2016-04-25T14:28:36+08:00 ] ::1 /opened/Public/Js/Common/jquery.min.map
INFO: [ app_init ] --START--
INFO: Run Behavior\BuildLiteBehavior [ RunTime:0.000020s ]
INFO: [ app_init ] --END-- [ RunTime:0.000686s ]
ERR: 无法加载控制器:Public

[ 2016-04-25T14:36:49+08:00 ] ::1 /opened/Public/Js/Common/jquery.min.map
INFO: [ app_init ] --START--
INFO: Run Behavior\BuildLiteBehavior [ RunTime:0.000024s ]
INFO: [ app_init ] --END-- [ RunTime:0.001348s ]
ERR: 无法加载控制器:Public

[ 2016-04-25T14:37:04+08:00 ] ::1 /opened/Public/Js/Common/jquery.min.map
INFO: [ app_init ] --START--
INFO: Run Behavior\BuildLiteBehavior [ RunTime:0.000018s ]
INFO: [ app_init ] --END-- [ RunTime:0.000651s ]
ERR: 无法加载控制器:Public

