[ 2016-06-01T09:36:21+08:00 ] ::1 /opened/index.php?m=&c=User&a=uCenter
INFO: [ app_init ] --START--
INFO: Run Behavior\BuildLiteBehavior [ RunTime:0.000013s ]
INFO: [ app_init ] --END-- [ RunTime:0.000457s ]

[ 2016-06-01T09:36:22+08:00 ] ::1 /opened/index.php?m=&c=Index&a=index
INFO: [ app_init ] --START--
INFO: Run Behavior\BuildLiteBehavior [ RunTime:0.000012s ]
INFO: [ app_init ] --END-- [ RunTime:0.000412s ]

[ 2016-06-01T09:36:24+08:00 ] ::1 /opened/index.php?m=&c=User&a=loginAct
INFO: [ app_init ] --START--
INFO: Run Behavior\BuildLiteBehavior [ RunTime:0.000011s ]
INFO: [ app_init ] --END-- [ RunTime:0.000456s ]

[ 2016-06-01T09:36:24+08:00 ] ::1 /opened/index.php?m=&c=User&a=creatVerifyCode
INFO: [ app_init ] --START--
INFO: Run Behavior\BuildLiteBehavior [ RunTime:0.000012s ]
INFO: [ app_init ] --END-- [ RunTime:0.000463s ]

[ 2016-06-01T09:36:31+08:00 ] ::1 /opened/index.php?m=&c=User&a=loginAct
INFO: [ app_init ] --START--
INFO: Run Behavior\BuildLiteBehavior [ RunTime:0.000013s ]
INFO: [ app_init ] --END-- [ RunTime:0.000449s ]

[ 2016-06-01T09:36:31+08:00 ] ::1 /opened/index.php?m=&c=User&a=uCenter
INFO: [ app_init ] --START--
INFO: Run Behavior\BuildLiteBehavior [ RunTime:0.000011s ]
INFO: [ app_init ] --END-- [ RunTime:0.000456s ]

[ 2016-06-01T09:36:42+08:00 ] ::1 /opened/index.php?m=&c=User&a=uCenter
INFO: [ app_init ] --START--
INFO: Run Behavior\BuildLiteBehavior [ RunTime:0.000010s ]
INFO: [ app_init ] --END-- [ RunTime:0.000396s ]

[ 2016-06-01T09:36:46+08:00 ] ::1 /opened/index.php?m=&c=User&a=uCenter
INFO: [ app_init ] --START--
INFO: Run Behavior\BuildLiteBehavior [ RunTime:0.000012s ]
INFO: [ app_init ] --END-- [ RunTime:0.000407s ]

[ 2016-06-01T09:36:47+08:00 ] ::1 /opened/index.php?m=&c=User&a=uCenter
INFO: [ app_init ] --START--
INFO: Run Behavior\BuildLiteBehavior [ RunTime:0.000011s ]
INFO: [ app_init ] --END-- [ RunTime:0.000482s ]

[ 2016-06-01T09:42:56+08:00 ] ::1 /opened/index.php?m=&c=Company&a=ajaxComment
INFO: [ app_init ] --START--
INFO: Run Behavior\BuildLiteBehavior [ RunTime:0.000013s ]
INFO: [ app_init ] --END-- [ RunTime:0.000522s ]
INFO: [ app_begin ] --START--
INFO: Run Behavior\ReadHtmlCacheBehavior [ RunTime:0.000630s ]
INFO: [ app_begin ] --END-- [ RunTime:0.000668s ]
SQL: SHOW COLUMNS FROM `td_company` [ RunTime:0.0034s ]
SQL: SHOW COLUMNS FROM `td_company_user` [ RunTime:0.0032s ]
SQL: SHOW COLUMNS FROM `td_role` [ RunTime:0.0744s ]
SQL: SHOW COLUMNS FROM `td_role_user` [ RunTime:0.0029s ]
SQL: SHOW COLUMNS FROM `td_file` [ RunTime:0.0498s ]
SQL: SHOW COLUMNS FROM `td_comments` [ RunTime:0.0253s ]
SQL: SHOW COLUMNS FROM `td_admin` [ RunTime:0.0038s ]
SQL: SELECT * FROM `td_company` WHERE ( cid = 0 ) LIMIT 1   [ RunTime:0.0004s ]
SQL: SELECT cid FROM td_comments WHERE correlation_id = 0 AND type = 1 AND uid = 89005 AND comment_content = '123123' LIMIT 1 [ RunTime:0.0005s ]
NOTIC: [8] Use of undefined constant CONFIG_A_REPLY_INTERVAL - assumed 'CONFIG_A_REPLY_INTERVAL' G:\works\code\php\phpStudy\WWW\opened\Application\Home\Controller\CompanyController.class.php 第 443 行.
ERR: 1048:Column 'title' cannot be null
 [ SQL语句 ] : INSERT INTO `td_comments` (`aid`,`uid`,`type`,`correlation_id`,`title`,`comment_author_name`,`comment_author_email`,`comment_author_avatar`,`comment_author_url`,`comment_add_date`,`comment_edit_date`,`comment_content`,`comment_top_parent`,`comment_parent`,`comment_agent`,`comment_type`,`comment_author_ip`) VALUES ('0','89005','1','0',NULL,'ceshi04','trydemo04@163.com','user100_1586.jpg','','1464745376','1464745376','123123','0','0','Mozilla/5.0 (Windows NT 10.0; WOW64; rv:46.0) Gecko/20100101 Firefox/46.0','0','0.0.0.0')
ERR: 1048:Column 'title' cannot be null
 [ SQL语句 ] : INSERT INTO `td_comments` (`aid`,`uid`,`type`,`correlation_id`,`title`,`comment_author_name`,`comment_author_email`,`comment_author_avatar`,`comment_author_url`,`comment_add_date`,`comment_edit_date`,`comment_content`,`comment_top_parent`,`comment_parent`,`comment_agent`,`comment_type`,`comment_author_ip`) VALUES ('0','89005','1','0',NULL,'ceshi04','trydemo04@163.com','user100_1586.jpg','','1464745376','1464745376','123123','0','0','Mozilla/5.0 (Windows NT 10.0; WOW64; rv:46.0) Gecko/20100101 Firefox/46.0','0','0.0.0.0')

[ 2016-06-01T09:43:00+08:00 ] ::1 /opened/index.php?m=&c=Company&a=ajaxComment
INFO: [ app_init ] --START--
INFO: Run Behavior\BuildLiteBehavior [ RunTime:0.000012s ]
INFO: [ app_init ] --END-- [ RunTime:0.000420s ]
INFO: [ app_begin ] --START--
INFO: Run Behavior\ReadHtmlCacheBehavior [ RunTime:0.000630s ]
INFO: [ app_begin ] --END-- [ RunTime:0.000668s ]
SQL: SHOW COLUMNS FROM `td_company` [ RunTime:0.0042s ]
SQL: SHOW COLUMNS FROM `td_company_user` [ RunTime:0.0059s ]
SQL: SHOW COLUMNS FROM `td_role` [ RunTime:0.0033s ]
SQL: SHOW COLUMNS FROM `td_role_user` [ RunTime:0.0033s ]
SQL: SHOW COLUMNS FROM `td_file` [ RunTime:0.0047s ]
SQL: SHOW COLUMNS FROM `td_comments` [ RunTime:0.0033s ]
SQL: SHOW COLUMNS FROM `td_admin` [ RunTime:0.0032s ]
SQL: SELECT * FROM `td_company` WHERE ( cid = 0 ) LIMIT 1   [ RunTime:0.0003s ]
SQL: SELECT cid FROM td_comments WHERE correlation_id = 0 AND type = 1 AND uid = 89005 AND comment_content = '123123123123' LIMIT 1 [ RunTime:0.0003s ]
NOTIC: [8] Use of undefined constant CONFIG_A_REPLY_INTERVAL - assumed 'CONFIG_A_REPLY_INTERVAL' G:\works\code\php\phpStudy\WWW\opened\Application\Home\Controller\CompanyController.class.php 第 443 行.
ERR: 1048:Column 'title' cannot be null
 [ SQL语句 ] : INSERT INTO `td_comments` (`aid`,`uid`,`type`,`correlation_id`,`title`,`comment_author_name`,`comment_author_email`,`comment_author_avatar`,`comment_author_url`,`comment_add_date`,`comment_edit_date`,`comment_content`,`comment_top_parent`,`comment_parent`,`comment_agent`,`comment_type`,`comment_author_ip`) VALUES ('0','89005','1','0',NULL,'ceshi04','trydemo04@163.com','user100_1586.jpg','','1464745380','1464745380','123123123123','0','0','Mozilla/5.0 (Windows NT 10.0; WOW64; rv:46.0) Gecko/20100101 Firefox/46.0','0','0.0.0.0')
ERR: 1048:Column 'title' cannot be null
 [ SQL语句 ] : INSERT INTO `td_comments` (`aid`,`uid`,`type`,`correlation_id`,`title`,`comment_author_name`,`comment_author_email`,`comment_author_avatar`,`comment_author_url`,`comment_add_date`,`comment_edit_date`,`comment_content`,`comment_top_parent`,`comment_parent`,`comment_agent`,`comment_type`,`comment_author_ip`) VALUES ('0','89005','1','0',NULL,'ceshi04','trydemo04@163.com','user100_1586.jpg','','1464745380','1464745380','123123123123','0','0','Mozilla/5.0 (Windows NT 10.0; WOW64; rv:46.0) Gecko/20100101 Firefox/46.0','0','0.0.0.0')

[ 2016-06-01T09:44:31+08:00 ] ::1 /opened/index.php?m=&c=Company&a=index&id=9
INFO: [ app_init ] --START--
INFO: Run Behavior\BuildLiteBehavior [ RunTime:0.000013s ]
INFO: [ app_init ] --END-- [ RunTime:0.000616s ]

[ 2016-06-01T09:44:36+08:00 ] ::1 /opened/index.php?m=&c=Company&a=ajaxComment
INFO: [ app_init ] --START--
INFO: Run Behavior\BuildLiteBehavior [ RunTime:0.000014s ]
INFO: [ app_init ] --END-- [ RunTime:0.000408s ]
INFO: [ app_begin ] --START--
INFO: Run Behavior\ReadHtmlCacheBehavior [ RunTime:0.000565s ]
INFO: [ app_begin ] --END-- [ RunTime:0.000618s ]
SQL: SHOW COLUMNS FROM `td_company` [ RunTime:0.0032s ]
SQL: SHOW COLUMNS FROM `td_company_user` [ RunTime:0.0032s ]
SQL: SHOW COLUMNS FROM `td_role` [ RunTime:0.0039s ]
SQL: SHOW COLUMNS FROM `td_role_user` [ RunTime:0.0037s ]
SQL: SHOW COLUMNS FROM `td_file` [ RunTime:0.0041s ]
SQL: SHOW COLUMNS FROM `td_comments` [ RunTime:0.0055s ]
SQL: SHOW COLUMNS FROM `td_admin` [ RunTime:0.0031s ]
SQL: SELECT * FROM `td_company` WHERE ( cid = 9 ) LIMIT 1   [ RunTime:0.0005s ]
SQL: SELECT cid FROM td_comments WHERE correlation_id = 9 AND type = 1 AND uid = 89005 AND comment_content = '1212123123123' LIMIT 1 [ RunTime:0.0003s ]
NOTIC: [8] Use of undefined constant CONFIG_A_REPLY_INTERVAL - assumed 'CONFIG_A_REPLY_INTERVAL' G:\works\code\php\phpStudy\WWW\opened\Application\Home\Controller\CompanyController.class.php 第 443 行.
SQL: INSERT INTO `td_comments` (`aid`,`uid`,`type`,`correlation_id`,`title`,`comment_author_name`,`comment_author_email`,`comment_author_avatar`,`comment_author_url`,`comment_add_date`,`comment_edit_date`,`comment_content`,`comment_top_parent`,`comment_parent`,`comment_agent`,`comment_type`,`comment_author_ip`) VALUES ('0','89005','1','9','北京小米科技有限责任公司','ceshi04','trydemo04@163.com','user100_1586.jpg','','1464745476','1464745476','1212123123123','0','0','Mozilla/5.0 (Windows NT 10.0; WOW64; rv:46.0) Gecko/20100101 Firefox/46.0','0','0.0.0.0') [ RunTime:0.0003s ]
SQL: SELECT `cid`,`aid`,`uid`,`type`,`correlation_id`,`title`,`comment_author_name`,`comment_author_avatar`,`comment_author_email`,`comment_author_url`,`comment_author_ip`,`comment_add_date`,`comment_edit_date`,`comment_content`,`comment_karma`,`comment_approved`,`comment_agent`,`comment_type`,`comment_top_parent`,`comment_parent`,`is_lock` FROM `td_comments` WHERE ( cid=384 ) LIMIT 1   [ RunTime:0.0003s ]

[ 2016-06-01T09:49:14+08:00 ] ::1 /opened/index.php?m=&c=Company&a=index&id=9
INFO: [ app_init ] --START--
INFO: Run Behavior\BuildLiteBehavior [ RunTime:0.000013s ]
INFO: [ app_init ] --END-- [ RunTime:0.000506s ]

[ 2016-06-01T09:49:25+08:00 ] ::1 /opened/index.php?m=&c=Company&a=ajaxComment
INFO: [ app_init ] --START--
INFO: Run Behavior\BuildLiteBehavior [ RunTime:0.000012s ]
INFO: [ app_init ] --END-- [ RunTime:0.000487s ]
INFO: [ app_begin ] --START--
INFO: Run Behavior\ReadHtmlCacheBehavior [ RunTime:0.000540s ]
INFO: [ app_begin ] --END-- [ RunTime:0.000588s ]
SQL: SHOW COLUMNS FROM `td_company` [ RunTime:0.0462s ]
SQL: SHOW COLUMNS FROM `td_company_user` [ RunTime:0.0027s ]
SQL: SHOW COLUMNS FROM `td_role` [ RunTime:0.0030s ]
SQL: SHOW COLUMNS FROM `td_role_user` [ RunTime:0.0029s ]
SQL: SHOW COLUMNS FROM `td_file` [ RunTime:0.0030s ]
SQL: SHOW COLUMNS FROM `td_comments` [ RunTime:0.0033s ]
SQL: SHOW COLUMNS FROM `td_admin` [ RunTime:0.0031s ]
SQL: SELECT * FROM `td_company` WHERE ( cid = 9 ) LIMIT 1   [ RunTime:0.0004s ]
SQL: SELECT cid FROM td_comments WHERE correlation_id = 9 AND type = 1 AND uid = 89005 AND comment_content = '123123123123' LIMIT 1 [ RunTime:0.0002s ]
NOTIC: [8] Use of undefined constant CONFIG_A_REPLY_INTERVAL - assumed 'CONFIG_A_REPLY_INTERVAL' G:\works\code\php\phpStudy\WWW\opened\Application\Home\Controller\CompanyController.class.php 第 443 行.
SQL: INSERT INTO `td_comments` (`aid`,`uid`,`type`,`correlation_id`,`title`,`comment_author_name`,`comment_author_email`,`comment_author_avatar`,`comment_author_url`,`comment_add_date`,`comment_edit_date`,`comment_content`,`comment_top_parent`,`comment_parent`,`comment_agent`,`comment_type`,`comment_author_ip`) VALUES ('0','89005','1','9','北京小米科技有限责任公司','ceshi04','trydemo04@163.com','user100_1586.jpg','','1464745765','1464745765','123123123123','0','0','Mozilla/5.0 (Windows NT 10.0; WOW64; rv:46.0) Gecko/20100101 Firefox/46.0','0','0.0.0.0') [ RunTime:0.0003s ]
SQL: SELECT `cid`,`aid`,`uid`,`type`,`correlation_id`,`title`,`comment_author_name`,`comment_author_avatar`,`comment_author_email`,`comment_author_url`,`comment_author_ip`,`comment_add_date`,`comment_edit_date`,`comment_content`,`comment_karma`,`comment_approved`,`comment_agent`,`comment_type`,`comment_top_parent`,`comment_parent`,`is_lock` FROM `td_comments` WHERE ( cid=385 ) LIMIT 1   [ RunTime:0.0003s ]

[ 2016-06-01T09:49:52+08:00 ] ::1 /opened/index.php?m=&c=Company&a=ajaxComment
INFO: [ app_init ] --START--
INFO: Run Behavior\BuildLiteBehavior [ RunTime:0.000012s ]
INFO: [ app_init ] --END-- [ RunTime:0.000472s ]
INFO: [ app_begin ] --START--
INFO: Run Behavior\ReadHtmlCacheBehavior [ RunTime:0.000555s ]
INFO: [ app_begin ] --END-- [ RunTime:0.000604s ]
SQL: SHOW COLUMNS FROM `td_company` [ RunTime:0.0031s ]
SQL: SHOW COLUMNS FROM `td_company_user` [ RunTime:0.0029s ]
SQL: SHOW COLUMNS FROM `td_role` [ RunTime:0.0034s ]
SQL: SHOW COLUMNS FROM `td_role_user` [ RunTime:0.0032s ]
SQL: SHOW COLUMNS FROM `td_file` [ RunTime:0.0036s ]
SQL: SHOW COLUMNS FROM `td_comments` [ RunTime:0.0031s ]
SQL: SHOW COLUMNS FROM `td_admin` [ RunTime:0.0032s ]
SQL: SELECT * FROM `td_company` WHERE ( cid = 9 ) LIMIT 1   [ RunTime:0.0004s ]
NOTIC: [8] Use of undefined constant CONFIG_A_REPLY_INTERVAL - assumed 'CONFIG_A_REPLY_INTERVAL' G:\works\code\php\phpStudy\WWW\opened\Application\Home\Controller\CompanyController.class.php 第 443 行.
SQL: UPDATE `td_comments` SET `comment_edit_date`='1464745792',`comment_content`='123123123123',`comment_agent`='Mozilla/5.0 (Windows NT 10.0; WOW64; rv:46.0) Gecko/20100101 Firefox/46.0',`comment_author_ip`='0.0.0.0' WHERE ( cid=385 ) [ RunTime:0.0003s ]
SQL: SELECT `cid`,`aid`,`uid`,`type`,`correlation_id`,`title`,`comment_author_name`,`comment_author_avatar`,`comment_author_email`,`comment_author_url`,`comment_author_ip`,`comment_add_date`,`comment_edit_date`,`comment_content`,`comment_karma`,`comment_approved`,`comment_agent`,`comment_type`,`comment_top_parent`,`comment_parent`,`is_lock` FROM `td_comments` WHERE ( cid=385 ) LIMIT 1   [ RunTime:0.0003s ]

[ 2016-06-01T09:50:09+08:00 ] ::1 /opened/Public/Js/Common/jquery.min.map
INFO: [ app_init ] --START--
INFO: Run Behavior\BuildLiteBehavior [ RunTime:0.000014s ]
INFO: [ app_init ] --END-- [ RunTime:0.000401s ]
ERR: 无法加载控制器:Public

[ 2016-06-01T09:50:25+08:00 ] ::1 /opened/Public/Js/Common/jquery.min.map
INFO: [ app_init ] --START--
INFO: Run Behavior\BuildLiteBehavior [ RunTime:0.000013s ]
INFO: [ app_init ] --END-- [ RunTime:0.000533s ]
ERR: 无法加载控制器:Public

[ 2016-06-01T09:50:29+08:00 ] ::1 /opened/Public/Js/Common/jquery.min.map
INFO: [ app_init ] --START--
INFO: Run Behavior\BuildLiteBehavior [ RunTime:0.000012s ]
INFO: [ app_init ] --END-- [ RunTime:0.000504s ]
ERR: 无法加载控制器:Public

[ 2016-06-01T10:14:21+08:00 ] ::1 /opened/index.php?m=&c=Company&a=index&id=9
INFO: [ app_init ] --START--
INFO: Run Behavior\BuildLiteBehavior [ RunTime:0.000013s ]
INFO: [ app_init ] --END-- [ RunTime:0.000536s ]

[ 2016-06-01T10:14:21+08:00 ] ::1 /opened/Public/Js/Common/jquery.min.map
INFO: [ app_init ] --START--
INFO: Run Behavior\BuildLiteBehavior [ RunTime:0.000012s ]
INFO: [ app_init ] --END-- [ RunTime:0.000401s ]
ERR: 无法加载控制器:Public

[ 2016-06-01T10:14:30+08:00 ] ::1 /opened/index.php?m=&c=User&a=uCenter
INFO: [ app_init ] --START--
INFO: Run Behavior\BuildLiteBehavior [ RunTime:0.000021s ]
INFO: [ app_init ] --END-- [ RunTime:0.000572s ]

[ 2016-06-01T10:14:30+08:00 ] ::1 /opened/Public/Js/Common/jquery.min.map
INFO: [ app_init ] --START--
INFO: Run Behavior\BuildLiteBehavior [ RunTime:0.000014s ]
INFO: [ app_init ] --END-- [ RunTime:0.000559s ]
ERR: 无法加载控制器:Public

[ 2016-06-01T10:15:07+08:00 ] ::1 /opened/index.php?m=&c=User&a=uCenter
INFO: [ app_init ] --START--
INFO: Run Behavior\BuildLiteBehavior [ RunTime:0.000012s ]
INFO: [ app_init ] --END-- [ RunTime:0.000490s ]

[ 2016-06-01T10:15:07+08:00 ] ::1 /opened/Public/Js/Common/jquery.min.map
INFO: [ app_init ] --START--
INFO: Run Behavior\BuildLiteBehavior [ RunTime:0.000012s ]
INFO: [ app_init ] --END-- [ RunTime:0.000416s ]
ERR: 无法加载控制器:Public

[ 2016-06-01T10:18:04+08:00 ] ::1 /opened/index.php?m=&c=Company&a=index&id=9
INFO: [ app_init ] --START--
INFO: Run Behavior\BuildLiteBehavior [ RunTime:0.000012s ]
INFO: [ app_init ] --END-- [ RunTime:0.000512s ]

[ 2016-06-01T10:26:17+08:00 ] ::1 /opened/Public/Js/Common/jquery.min.map
INFO: [ app_init ] --START--
INFO: Run Behavior\BuildLiteBehavior [ RunTime:0.000013s ]
INFO: [ app_init ] --END-- [ RunTime:0.000446s ]
ERR: 无法加载控制器:Public

[ 2016-06-01T10:30:54+08:00 ] ::1 /opened/index.php?m=&c=User&a=uCenter
INFO: [ app_init ] --START--
INFO: Run Behavior\BuildLiteBehavior [ RunTime:0.000012s ]
INFO: [ app_init ] --END-- [ RunTime:0.000482s ]

[ 2016-06-01T10:30:54+08:00 ] ::1 /opened/Public/Js/Common/jquery.min.map
INFO: [ app_init ] --START--
INFO: Run Behavior\BuildLiteBehavior [ RunTime:0.000013s ]
INFO: [ app_init ] --END-- [ RunTime:0.000400s ]
ERR: 无法加载控制器:Public

[ 2016-06-01T10:32:33+08:00 ] ::1 /opened/index.php?m=&c=User&a=uCenter
INFO: [ app_init ] --START--
INFO: Run Behavior\BuildLiteBehavior [ RunTime:0.000014s ]
INFO: [ app_init ] --END-- [ RunTime:0.000487s ]

[ 2016-06-01T10:32:34+08:00 ] ::1 /opened/Public/Js/Common/jquery.min.map
INFO: [ app_init ] --START--
INFO: Run Behavior\BuildLiteBehavior [ RunTime:0.000019s ]
INFO: [ app_init ] --END-- [ RunTime:0.000450s ]
ERR: 无法加载控制器:Public

[ 2016-06-01T10:32:41+08:00 ] ::1 /opened/index.php?m=&c=User&a=uCenter
INFO: [ app_init ] --START--
INFO: Run Behavior\BuildLiteBehavior [ RunTime:0.000012s ]
INFO: [ app_init ] --END-- [ RunTime:0.000423s ]

[ 2016-06-01T10:32:42+08:00 ] ::1 /opened/Public/Js/Common/jquery.min.map
INFO: [ app_init ] --START--
INFO: Run Behavior\BuildLiteBehavior [ RunTime:0.000012s ]
INFO: [ app_init ] --END-- [ RunTime:0.000404s ]
ERR: 无法加载控制器:Public

[ 2016-06-01T10:33:42+08:00 ] ::1 /opened/index.php?m=&c=User&a=uCenter
INFO: [ app_init ] --START--
INFO: Run Behavior\BuildLiteBehavior [ RunTime:0.000012s ]
INFO: [ app_init ] --END-- [ RunTime:0.000393s ]

[ 2016-06-01T10:33:42+08:00 ] ::1 /opened/Public/Js/Common/jquery.min.map
INFO: [ app_init ] --START--
INFO: Run Behavior\BuildLiteBehavior [ RunTime:0.000013s ]
INFO: [ app_init ] --END-- [ RunTime:0.000421s ]
ERR: 无法加载控制器:Public

[ 2016-06-01T10:34:15+08:00 ] ::1 /opened/Public/Js/Common/jquery.min.map
INFO: [ app_init ] --START--
INFO: Run Behavior\BuildLiteBehavior [ RunTime:0.000012s ]
INFO: [ app_init ] --END-- [ RunTime:0.000397s ]
ERR: 无法加载控制器:Public

[ 2016-06-01T10:35:47+08:00 ] ::1 /opened/Uploads/Common/avatar_small/user100_1301.jpg
INFO: [ app_init ] --START--
INFO: Run Behavior\BuildLiteBehavior [ RunTime:0.000012s ]
INFO: [ app_init ] --END-- [ RunTime:0.000403s ]

[ 2016-06-01T11:28:07+08:00 ] ::1 /opened/Public/Js/Common/jquery.min.map
INFO: [ app_init ] --START--
INFO: Run Behavior\BuildLiteBehavior [ RunTime:0.000012s ]
INFO: [ app_init ] --END-- [ RunTime:0.000383s ]
ERR: 无法加载控制器:Public

[ 2016-06-01T11:28:10+08:00 ] ::1 /opened/Uploads/Common/avatar_small/user100_1301.jpg
INFO: [ app_init ] --START--
INFO: Run Behavior\BuildLiteBehavior [ RunTime:0.000014s ]
INFO: [ app_init ] --END-- [ RunTime:0.000520s ]

[ 2016-06-01T11:28:10+08:00 ] ::1 /opened/Uploads/Common/avatar_small/user100_1301.jpg
INFO: [ app_init ] --START--
INFO: Run Behavior\BuildLiteBehavior [ RunTime:0.000013s ]
INFO: [ app_init ] --END-- [ RunTime:0.000408s ]

[ 2016-06-01T15:25:49+08:00 ] ::1 /opened/Public/Js/Common/jquery.min.map
INFO: [ app_init ] --START--
INFO: Run Behavior\BuildLiteBehavior [ RunTime:0.000012s ]
INFO: [ app_init ] --END-- [ RunTime:0.000398s ]
ERR: 无法加载控制器:Public

[ 2016-06-01T15:26:25+08:00 ] ::1 /opened/Uploads/Common/avatar_small/user100_1301.jpg
INFO: [ app_init ] --START--
INFO: Run Behavior\BuildLiteBehavior [ RunTime:0.000012s ]
INFO: [ app_init ] --END-- [ RunTime:0.000386s ]

[ 2016-06-01T15:26:26+08:00 ] ::1 /opened/Uploads/Common/avatar_small/user100_1301.jpg
INFO: [ app_init ] --START--
INFO: Run Behavior\BuildLiteBehavior [ RunTime:0.000014s ]
INFO: [ app_init ] --END-- [ RunTime:0.000418s ]

[ 2016-06-01T15:55:38+08:00 ] ::1 /opened/index.php?m=&c=User&a=uCenter
INFO: [ app_init ] --START--
INFO: Run Behavior\BuildLiteBehavior [ RunTime:0.000013s ]
INFO: [ app_init ] --END-- [ RunTime:0.000479s ]

[ 2016-06-01T15:55:38+08:00 ] ::1 /opened/index.php?m=&c=Index&a=index
INFO: [ app_init ] --START--
INFO: Run Behavior\BuildLiteBehavior [ RunTime:0.000014s ]
INFO: [ app_init ] --END-- [ RunTime:0.000419s ]

[ 2016-06-01T15:55:39+08:00 ] ::1 /opened/Public/Js/Common/jquery.min.map
INFO: [ app_init ] --START--
INFO: Run Behavior\BuildLiteBehavior [ RunTime:0.000019s ]
INFO: [ app_init ] --END-- [ RunTime:0.000591s ]
ERR: 无法加载控制器:Public

[ 2016-06-01T15:55:41+08:00 ] ::1 /opened/index.php?m=&c=User&a=loginAct
INFO: [ app_init ] --START--
INFO: Run Behavior\BuildLiteBehavior [ RunTime:0.000013s ]
INFO: [ app_init ] --END-- [ RunTime:0.000485s ]

[ 2016-06-01T15:55:41+08:00 ] ::1 /opened/index.php?m=&c=User&a=creatVerifyCode
INFO: [ app_init ] --START--
INFO: Run Behavior\BuildLiteBehavior [ RunTime:0.000019s ]
INFO: [ app_init ] --END-- [ RunTime:0.000617s ]

[ 2016-06-01T15:55:42+08:00 ] ::1 /opened/Public/Js/Common/jquery.min.map
INFO: [ app_init ] --START--
INFO: Run Behavior\BuildLiteBehavior [ RunTime:0.000018s ]
INFO: [ app_init ] --END-- [ RunTime:0.000601s ]
ERR: 无法加载控制器:Public

[ 2016-06-01T15:55:45+08:00 ] ::1 /opened/index.php?m=&c=User&a=creatVerifyCode&random=0.23511341980536538
INFO: [ app_init ] --START--
INFO: Run Behavior\BuildLiteBehavior [ RunTime:0.000012s ]
INFO: [ app_init ] --END-- [ RunTime:0.000372s ]

[ 2016-06-01T15:55:49+08:00 ] ::1 /opened/index.php?m=&c=User&a=loginAct
INFO: [ app_init ] --START--
INFO: Run Behavior\BuildLiteBehavior [ RunTime:0.000020s ]
INFO: [ app_init ] --END-- [ RunTime:0.000624s ]

[ 2016-06-01T15:55:49+08:00 ] ::1 /opened/index.php?m=&c=User&a=uCenter
INFO: [ app_init ] --START--
INFO: Run Behavior\BuildLiteBehavior [ RunTime:0.000019s ]
INFO: [ app_init ] --END-- [ RunTime:0.000520s ]

[ 2016-06-01T15:55:49+08:00 ] ::1 /opened/Public/Js/Common/jquery.min.map
INFO: [ app_init ] --START--
INFO: Run Behavior\BuildLiteBehavior [ RunTime:0.000022s ]
INFO: [ app_init ] --END-- [ RunTime:0.001281s ]
ERR: 无法加载控制器:Public

[ 2016-06-01T16:05:57+08:00 ] ::1 /opened/index.php?m=&c=Company&a=index&id=1
INFO: [ app_init ] --START--
INFO: Run Behavior\BuildLiteBehavior [ RunTime:0.000023s ]
INFO: [ app_init ] --END-- [ RunTime:0.001515s ]

[ 2016-06-01T16:05:57+08:00 ] ::1 /opened/Public/Js/Common/jquery.min.map
INFO: [ app_init ] --START--
INFO: Run Behavior\BuildLiteBehavior [ RunTime:0.000025s ]
INFO: [ app_init ] --END-- [ RunTime:0.000776s ]
ERR: 无法加载控制器:Public

[ 2016-06-01T16:06:05+08:00 ] ::1 /opened/Public/Js/Common/jquery.min.map
INFO: [ app_init ] --START--
INFO: Run Behavior\BuildLiteBehavior [ RunTime:0.000024s ]
INFO: [ app_init ] --END-- [ RunTime:0.000600s ]
ERR: 无法加载控制器:Public

[ 2016-06-01T16:06:11+08:00 ] ::1 /opened/index.php?m=&c=Company&a=index&id=9
INFO: [ app_init ] --START--
INFO: Run Behavior\BuildLiteBehavior [ RunTime:0.000018s ]
INFO: [ app_init ] --END-- [ RunTime:0.000582s ]

[ 2016-06-01T16:06:12+08:00 ] ::1 /opened/Public/Js/Common/jquery.min.map
INFO: [ app_init ] --START--
INFO: Run Behavior\BuildLiteBehavior [ RunTime:0.000013s ]
INFO: [ app_init ] --END-- [ RunTime:0.000448s ]
ERR: 无法加载控制器:Public

[ 2016-06-01T16:06:15+08:00 ] ::1 /opened/Public/Js/Common/jquery.min.map
INFO: [ app_init ] --START--
INFO: Run Behavior\BuildLiteBehavior [ RunTime:0.000012s ]
INFO: [ app_init ] --END-- [ RunTime:0.000386s ]
ERR: 无法加载控制器:Public

[ 2016-06-01T16:06:16+08:00 ] ::1 /opened/index.php?m=&c=Company&a=index&id=1
INFO: [ app_init ] --START--
INFO: Run Behavior\BuildLiteBehavior [ RunTime:0.000017s ]
INFO: [ app_init ] --END-- [ RunTime:0.000573s ]

[ 2016-06-01T16:06:16+08:00 ] ::1 /opened/Public/Js/Common/jquery.min.map
INFO: [ app_init ] --START--
INFO: Run Behavior\BuildLiteBehavior [ RunTime:0.000013s ]
INFO: [ app_init ] --END-- [ RunTime:0.000378s ]
ERR: 无法加载控制器:Public

[ 2016-06-01T16:06:22+08:00 ] ::1 /opened/Public/Js/Common/jquery.min.map
INFO: [ app_init ] --START--
INFO: Run Behavior\BuildLiteBehavior [ RunTime:0.000017s ]
INFO: [ app_init ] --END-- [ RunTime:0.000557s ]
ERR: 无法加载控制器:Public

[ 2016-06-01T16:24:43+08:00 ] ::1 /opened/index.php?m=&c=User&a=uCenter
INFO: [ app_init ] --START--
INFO: Run Behavior\BuildLiteBehavior [ RunTime:0.000014s ]
INFO: [ app_init ] --END-- [ RunTime:0.000495s ]

[ 2016-06-01T16:24:44+08:00 ] ::1 /opened/Public/Js/Common/jquery.min.map
INFO: [ app_init ] --START--
INFO: Run Behavior\BuildLiteBehavior [ RunTime:0.000024s ]
INFO: [ app_init ] --END-- [ RunTime:0.000655s ]
ERR: 无法加载控制器:Public

[ 2016-06-01T16:25:33+08:00 ] ::1 /opened/index.php?m=&c=User&a=uCenter
INFO: [ app_init ] --START--
INFO: Run Behavior\BuildLiteBehavior [ RunTime:0.000016s ]
INFO: [ app_init ] --END-- [ RunTime:0.000556s ]

[ 2016-06-01T16:25:33+08:00 ] ::1 /opened/Public/Js/Common/jquery.min.map
INFO: [ app_init ] --START--
INFO: Run Behavior\BuildLiteBehavior [ RunTime:0.000022s ]
INFO: [ app_init ] --END-- [ RunTime:0.001219s ]
ERR: 无法加载控制器:Public

[ 2016-06-01T16:26:22+08:00 ] ::1 /opened/index.php?m=&c=User&a=uCenter
INFO: [ app_init ] --START--
INFO: Run Behavior\BuildLiteBehavior [ RunTime:0.000018s ]
INFO: [ app_init ] --END-- [ RunTime:0.000701s ]

[ 2016-06-01T16:26:22+08:00 ] ::1 /opened/Public/Js/Common/jquery.min.map
INFO: [ app_init ] --START--
INFO: Run Behavior\BuildLiteBehavior [ RunTime:0.000018s ]
INFO: [ app_init ] --END-- [ RunTime:0.000574s ]
ERR: 无法加载控制器:Public

[ 2016-06-01T16:26:54+08:00 ] ::1 /opened/index.php?m=&c=User&a=uCenter
INFO: [ app_init ] --START--
INFO: Run Behavior\BuildLiteBehavior [ RunTime:0.000016s ]
INFO: [ app_init ] --END-- [ RunTime:0.000644s ]

[ 2016-06-01T16:26:55+08:00 ] ::1 /opened/Public/Js/Common/jquery.min.map
INFO: [ app_init ] --START--
INFO: Run Behavior\BuildLiteBehavior [ RunTime:0.000013s ]
INFO: [ app_init ] --END-- [ RunTime:0.000402s ]
ERR: 无法加载控制器:Public

[ 2016-06-01T16:31:17+08:00 ] ::1 /opened/index.php?m=&c=User&a=uCenter
INFO: [ app_init ] --START--
INFO: Run Behavior\BuildLiteBehavior [ RunTime:0.000013s ]
INFO: [ app_init ] --END-- [ RunTime:0.000449s ]

[ 2016-06-01T16:31:17+08:00 ] ::1 /opened/Public/Js/Common/jquery.min.map
INFO: [ app_init ] --START--
INFO: Run Behavior\BuildLiteBehavior [ RunTime:0.000021s ]
INFO: [ app_init ] --END-- [ RunTime:0.000618s ]
ERR: 无法加载控制器:Public

[ 2016-06-01T16:33:08+08:00 ] ::1 /opened/index.php?m=&c=User&a=uCenter
INFO: [ app_init ] --START--
INFO: Run Behavior\BuildLiteBehavior [ RunTime:0.000012s ]
INFO: [ app_init ] --END-- [ RunTime:0.000440s ]

[ 2016-06-01T16:33:09+08:00 ] ::1 /opened/Public/Js/Common/jquery.min.map
INFO: [ app_init ] --START--
INFO: Run Behavior\BuildLiteBehavior [ RunTime:0.000027s ]
INFO: [ app_init ] --END-- [ RunTime:0.000612s ]
ERR: 无法加载控制器:Public

[ 2016-06-01T16:36:25+08:00 ] ::1 /opened/index.php?m=&c=User&a=uCenter
INFO: [ app_init ] --START--
INFO: Run Behavior\BuildLiteBehavior [ RunTime:0.000019s ]
INFO: [ app_init ] --END-- [ RunTime:0.000726s ]

[ 2016-06-01T16:36:26+08:00 ] ::1 /opened/Public/Js/Common/jquery.min.map
INFO: [ app_init ] --START--
INFO: Run Behavior\BuildLiteBehavior [ RunTime:0.000031s ]
INFO: [ app_init ] --END-- [ RunTime:0.000765s ]
ERR: 无法加载控制器:Public

[ 2016-06-01T16:37:32+08:00 ] ::1 /opened/index.php?m=&c=User&a=uCenter
INFO: [ app_init ] --START--
INFO: Run Behavior\BuildLiteBehavior [ RunTime:0.000014s ]
INFO: [ app_init ] --END-- [ RunTime:0.000448s ]

[ 2016-06-01T16:37:32+08:00 ] ::1 /opened/Public/Js/Common/jquery.min.map
INFO: [ app_init ] --START--
INFO: Run Behavior\BuildLiteBehavior [ RunTime:0.000023s ]
INFO: [ app_init ] --END-- [ RunTime:0.000681s ]
ERR: 无法加载控制器:Public

[ 2016-06-01T16:39:53+08:00 ] ::1 /opened/index.php?m=&c=User&a=uCenter
INFO: [ app_init ] --START--
INFO: Run Behavior\BuildLiteBehavior [ RunTime:0.000020s ]
INFO: [ app_init ] --END-- [ RunTime:0.000615s ]

[ 2016-06-01T16:39:54+08:00 ] ::1 /opened/Public/Js/Common/jquery.min.map
INFO: [ app_init ] --START--
INFO: Run Behavior\BuildLiteBehavior [ RunTime:0.000022s ]
INFO: [ app_init ] --END-- [ RunTime:0.000744s ]
ERR: 无法加载控制器:Public

[ 2016-06-01T16:40:26+08:00 ] ::1 /opened/index.php?m=&c=User&a=uCenter
INFO: [ app_init ] --START--
INFO: Run Behavior\BuildLiteBehavior [ RunTime:0.000013s ]
INFO: [ app_init ] --END-- [ RunTime:0.000528s ]

[ 2016-06-01T16:40:27+08:00 ] ::1 /opened/Public/Js/Common/jquery.min.map
INFO: [ app_init ] --START--
INFO: Run Behavior\BuildLiteBehavior [ RunTime:0.000019s ]
INFO: [ app_init ] --END-- [ RunTime:0.000586s ]
ERR: 无法加载控制器:Public

[ 2016-06-01T16:41:14+08:00 ] ::1 /opened/index.php?m=&c=User&a=uCenter
INFO: [ app_init ] --START--
INFO: Run Behavior\BuildLiteBehavior [ RunTime:0.000012s ]
INFO: [ app_init ] --END-- [ RunTime:0.000491s ]

[ 2016-06-01T16:41:15+08:00 ] ::1 /opened/Public/Js/Common/jquery.min.map
INFO: [ app_init ] --START--
INFO: Run Behavior\BuildLiteBehavior [ RunTime:0.000019s ]
INFO: [ app_init ] --END-- [ RunTime:0.000608s ]
ERR: 无法加载控制器:Public

[ 2016-06-01T16:41:40+08:00 ] ::1 /opened/index.php?m=&c=User&a=uCenter
INFO: [ app_init ] --START--
INFO: Run Behavior\BuildLiteBehavior [ RunTime:0.000038s ]
INFO: [ app_init ] --END-- [ RunTime:0.000803s ]

[ 2016-06-01T16:41:40+08:00 ] ::1 /opened/Public/Js/Common/jquery.min.map
INFO: [ app_init ] --START--
INFO: Run Behavior\BuildLiteBehavior [ RunTime:0.000022s ]
INFO: [ app_init ] --END-- [ RunTime:0.000688s ]
ERR: 无法加载控制器:Public

[ 2016-06-01T16:51:11+08:00 ] ::1 /opened/index.php?m=&c=User&a=uCenter
INFO: [ app_init ] --START--
INFO: Run Behavior\BuildLiteBehavior [ RunTime:0.000012s ]
INFO: [ app_init ] --END-- [ RunTime:0.000423s ]

[ 2016-06-01T16:51:12+08:00 ] ::1 /opened/Public/Js/Common/jquery.min.map
INFO: [ app_init ] --START--
INFO: Run Behavior\BuildLiteBehavior [ RunTime:0.000020s ]
INFO: [ app_init ] --END-- [ RunTime:0.000689s ]
ERR: 无法加载控制器:Public

[ 2016-06-01T16:52:21+08:00 ] ::1 /opened/index.php?m=&c=User&a=uCenter
INFO: [ app_init ] --START--
INFO: Run Behavior\BuildLiteBehavior [ RunTime:0.000013s ]
INFO: [ app_init ] --END-- [ RunTime:0.000414s ]

[ 2016-06-01T16:52:22+08:00 ] ::1 /opened/Public/Js/Common/jquery.min.map
INFO: [ app_init ] --START--
INFO: Run Behavior\BuildLiteBehavior [ RunTime:0.000014s ]
INFO: [ app_init ] --END-- [ RunTime:0.000395s ]
ERR: 无法加载控制器:Public

[ 2016-06-01T16:52:38+08:00 ] ::1 /opened/index.php?m=&c=Company&a=ajaxComment
INFO: [ app_init ] --START--
INFO: Run Behavior\BuildLiteBehavior [ RunTime:0.000022s ]
INFO: [ app_init ] --END-- [ RunTime:0.000645s ]
INFO: [ app_begin ] --START--
INFO: Run Behavior\ReadHtmlCacheBehavior [ RunTime:0.000660s ]
INFO: [ app_begin ] --END-- [ RunTime:0.000724s ]
SQL: SHOW COLUMNS FROM `td_company` [ RunTime:0.0038s ]
SQL: SHOW COLUMNS FROM `td_company_user` [ RunTime:0.0067s ]
SQL: SHOW COLUMNS FROM `td_role` [ RunTime:0.0049s ]
SQL: SHOW COLUMNS FROM `td_role_user` [ RunTime:0.0040s ]
SQL: SHOW COLUMNS FROM `td_file` [ RunTime:0.0041s ]
SQL: SHOW COLUMNS FROM `td_comments` [ RunTime:0.0044s ]
SQL: SHOW COLUMNS FROM `td_admin` [ RunTime:0.0045s ]
SQL: SELECT * FROM `td_company` WHERE ( cid = 2 ) LIMIT 1   [ RunTime:0.0004s ]
SQL: SELECT cid FROM td_comments WHERE correlation_id = 2 AND type = 1 AND uid = 89005 AND comment_content = '1231231' LIMIT 1 [ RunTime:0.0003s ]
NOTIC: [8] Use of undefined constant CONFIG_A_REPLY_INTERVAL - assumed 'CONFIG_A_REPLY_INTERVAL' G:\works\code\php\phpStudy\WWW\opened\Application\Home\Controller\CompanyController.class.php 第 443 行.
SQL: INSERT INTO `td_comments` (`aid`,`uid`,`type`,`correlation_id`,`title`,`comment_author_name`,`comment_author_email`,`comment_author_avatar`,`comment_author_url`,`comment_add_date`,`comment_edit_date`,`comment_content`,`comment_top_parent`,`comment_parent`,`comment_agent`,`comment_type`,`comment_author_ip`) VALUES ('0','89005','1','2','中邮世纪','ceshi04','trydemo04@163.com','user100_1586.jpg','','1464771158','1464771158','1231231','1','1','Mozilla/5.0 (Windows NT 10.0; WOW64; rv:46.0) Gecko/20100101 Firefox/46.0','0','0.0.0.0') [ RunTime:0.0004s ]
SQL: SELECT `cid`,`aid`,`uid`,`type`,`correlation_id`,`title`,`comment_author_name`,`comment_author_avatar`,`comment_author_email`,`comment_author_url`,`comment_author_ip`,`comment_add_date`,`comment_edit_date`,`comment_content`,`comment_karma`,`comment_approved`,`comment_agent`,`comment_type`,`comment_top_parent`,`comment_parent`,`is_lock` FROM `td_comments` WHERE ( cid=386 ) LIMIT 1   [ RunTime:0.0003s ]

