[ 2016-04-20T14:05:27+08:00 ] ::1 /opened/td_admin_system.php?m=Admin&c=Index&a=index
INFO: [ app_init ] --START--
INFO: Run Behavior\BuildLiteBehavior [ RunTime:0.000013s ]
INFO: [ app_init ] --END-- [ RunTime:0.000542s ]

[ 2016-04-20T14:05:29+08:00 ] ::1 /opened/td_admin_system.php?m=Admin&c=Public&a=index
INFO: [ app_init ] --START--
INFO: Run Behavior\BuildLiteBehavior [ RunTime:0.000013s ]
INFO: [ app_init ] --END-- [ RunTime:0.000448s ]

[ 2016-04-20T14:05:33+08:00 ] ::1 /opened/td_admin_system.php?m=Admin&c=Public&a=index
INFO: [ app_init ] --START--
INFO: Run Behavior\BuildLiteBehavior [ RunTime:0.000012s ]
INFO: [ app_init ] --END-- [ RunTime:0.000489s ]

[ 2016-04-20T14:05:35+08:00 ] ::1 /opened/td_admin_system.php?m=Admin&c=Index&a=index
INFO: [ app_init ] --START--
INFO: Run Behavior\BuildLiteBehavior [ RunTime:0.000012s ]
INFO: [ app_init ] --END-- [ RunTime:0.000470s ]

[ 2016-04-20T14:05:35+08:00 ] ::1 /opened/td_admin_system.php?m=Admin&c=Index&a=left
INFO: [ app_init ] --START--
INFO: Run Behavior\BuildLiteBehavior [ RunTime:0.000013s ]
INFO: [ app_init ] --END-- [ RunTime:0.000416s ]

[ 2016-04-20T14:05:36+08:00 ] ::1 /opened/td_admin_system.php?m=Admin&c=Index&a=nav
INFO: [ app_init ] --START--
INFO: Run Behavior\BuildLiteBehavior [ RunTime:0.000013s ]
INFO: [ app_init ] --END-- [ RunTime:0.000426s ]

[ 2016-04-20T14:05:36+08:00 ] ::1 /opened/td_admin_system.php?m=Admin&c=Index&a=main
INFO: [ app_init ] --START--
INFO: Run Behavior\BuildLiteBehavior [ RunTime:0.000014s ]
INFO: [ app_init ] --END-- [ RunTime:0.000513s ]

[ 2016-04-20T14:05:40+08:00 ] ::1 /opened/td_admin_system.php?m=Admin&c=Finance&a=index
INFO: [ app_init ] --START--
INFO: Run Behavior\BuildLiteBehavior [ RunTime:0.000013s ]
INFO: [ app_init ] --END-- [ RunTime:0.000467s ]

[ 2016-04-20T14:05:45+08:00 ] ::1 /opened/td_admin_system.php?m=Admin&c=Access&a=mAdd
INFO: [ app_init ] --START--
INFO: Run Behavior\BuildLiteBehavior [ RunTime:0.000019s ]
INFO: [ app_init ] --END-- [ RunTime:0.000643s ]

[ 2016-04-20T14:06:20+08:00 ] ::1 /opened/td_admin_system.php?m=Admin&c=Access&a=mAdminRoleList
INFO: [ app_init ] --START--
INFO: Run Behavior\BuildLiteBehavior [ RunTime:0.000012s ]
INFO: [ app_init ] --END-- [ RunTime:0.000465s ]

[ 2016-04-20T14:06:27+08:00 ] ::1 /opened/td_admin_system.php?m=Admin&c=Access&a=index
INFO: [ app_init ] --START--
INFO: Run Behavior\BuildLiteBehavior [ RunTime:0.000012s ]
INFO: [ app_init ] --END-- [ RunTime:0.000456s ]

[ 2016-04-20T14:06:38+08:00 ] ::1 /opened/td_admin_system.php?m=Admin&c=Access&a=index&m=Admin&p=2
INFO: [ app_init ] --START--
INFO: Run Behavior\BuildLiteBehavior [ RunTime:0.000013s ]
INFO: [ app_init ] --END-- [ RunTime:0.000444s ]

[ 2016-04-20T14:06:41+08:00 ] ::1 /opened/td_admin_system.php?m=Admin&c=Access&a=index&m=Admin&p=3
INFO: [ app_init ] --START--
INFO: Run Behavior\BuildLiteBehavior [ RunTime:0.000011s ]
INFO: [ app_init ] --END-- [ RunTime:0.000437s ]

[ 2016-04-20T15:00:08+08:00 ] ::1 /opened/td_admin_system.php?m=Admin&c=Index&a=index
INFO: [ app_init ] --START--
INFO: Run Behavior\BuildLiteBehavior [ RunTime:0.000016s ]
INFO: [ app_init ] --END-- [ RunTime:0.000593s ]

[ 2016-04-20T15:00:09+08:00 ] ::1 /opened/td_admin_system.php?m=Admin&c=Index&a=left
INFO: [ app_init ] --START--
INFO: Run Behavior\BuildLiteBehavior [ RunTime:0.000013s ]
INFO: [ app_init ] --END-- [ RunTime:0.000398s ]

[ 2016-04-20T15:00:10+08:00 ] ::1 /opened/td_admin_system.php?m=Admin&c=Index&a=nav
INFO: [ app_init ] --START--
INFO: Run Behavior\BuildLiteBehavior [ RunTime:0.000020s ]
INFO: [ app_init ] --END-- [ RunTime:0.000626s ]

[ 2016-04-20T15:00:10+08:00 ] ::1 /opened/td_admin_system.php?m=Admin&c=Index&a=main
INFO: [ app_init ] --START--
INFO: Run Behavior\BuildLiteBehavior [ RunTime:0.000013s ]
INFO: [ app_init ] --END-- [ RunTime:0.000456s ]

[ 2016-04-20T15:00:12+08:00 ] ::1 /opened/td_admin_system.php?m=Admin&c=Finance&a=index
INFO: [ app_init ] --START--
INFO: Run Behavior\BuildLiteBehavior [ RunTime:0.000013s ]
INFO: [ app_init ] --END-- [ RunTime:0.000404s ]

[ 2016-04-20T15:00:19+08:00 ] ::1 /opened/td_admin_system.php?m=Admin&c=Finance&a=mEdit&id=9
INFO: [ app_init ] --START--
INFO: Run Behavior\BuildLiteBehavior [ RunTime:0.000012s ]
INFO: [ app_init ] --END-- [ RunTime:0.000391s ]

[ 2016-04-20T15:13:17+08:00 ] ::1 /opened/td_admin_system.php?m=Admin&c=Finance&a=mEdit
INFO: [ app_init ] --START--
INFO: Run Behavior\BuildLiteBehavior [ RunTime:0.000020s ]
INFO: [ app_init ] --END-- [ RunTime:0.000705s ]

[ 2016-04-20T15:13:18+08:00 ] ::1 /opened/td_admin_system.php?m=Admin&c=Finance&a=index
INFO: [ app_init ] --START--
INFO: Run Behavior\BuildLiteBehavior [ RunTime:0.000013s ]
INFO: [ app_init ] --END-- [ RunTime:0.000458s ]

[ 2016-04-20T15:13:22+08:00 ] ::1 /opened/td_admin_system.php?m=Admin&c=Finance&a=mEdit&id=9
INFO: [ app_init ] --START--
INFO: Run Behavior\BuildLiteBehavior [ RunTime:0.000012s ]
INFO: [ app_init ] --END-- [ RunTime:0.000467s ]

[ 2016-04-20T15:14:18+08:00 ] ::1 /opened/td_admin_system.php?m=Admin&c=Index&a=index
INFO: [ app_init ] --START--
INFO: Run Behavior\BuildLiteBehavior [ RunTime:0.000012s ]
INFO: [ app_init ] --END-- [ RunTime:0.000484s ]

[ 2016-04-20T15:14:19+08:00 ] ::1 /opened/td_admin_system.php?m=Admin&c=Index&a=left
INFO: [ app_init ] --START--
INFO: Run Behavior\BuildLiteBehavior [ RunTime:0.000017s ]
INFO: [ app_init ] --END-- [ RunTime:0.000583s ]

[ 2016-04-20T15:14:20+08:00 ] ::1 /opened/td_admin_system.php?m=Admin&c=Index&a=nav
INFO: [ app_init ] --START--
INFO: Run Behavior\BuildLiteBehavior [ RunTime:0.000021s ]
INFO: [ app_init ] --END-- [ RunTime:0.000632s ]

[ 2016-04-20T15:14:20+08:00 ] ::1 /opened/td_admin_system.php?m=Admin&c=Index&a=main
INFO: [ app_init ] --START--
INFO: Run Behavior\BuildLiteBehavior [ RunTime:0.000021s ]
INFO: [ app_init ] --END-- [ RunTime:0.000641s ]

[ 2016-04-20T15:14:22+08:00 ] ::1 /opened/td_admin_system.php?m=Admin&c=Finance&a=mAdd
INFO: [ app_init ] --START--
INFO: Run Behavior\BuildLiteBehavior [ RunTime:0.000013s ]
INFO: [ app_init ] --END-- [ RunTime:0.000466s ]

[ 2016-04-20T15:14:23+08:00 ] ::1 /opened/td_admin_system.php?m=Admin&c=Finance&a=index
INFO: [ app_init ] --START--
INFO: Run Behavior\BuildLiteBehavior [ RunTime:0.000013s ]
INFO: [ app_init ] --END-- [ RunTime:0.000410s ]

[ 2016-04-20T15:14:26+08:00 ] ::1 /opened/td_admin_system.php?m=Admin&c=Finance&a=mEdit&id=9
INFO: [ app_init ] --START--
INFO: Run Behavior\BuildLiteBehavior [ RunTime:0.000011s ]
INFO: [ app_init ] --END-- [ RunTime:0.000460s ]

[ 2016-04-20T15:14:55+08:00 ] ::1 /opened/td_admin_system.php?m=Admin&c=Finance&a=mEdit
INFO: [ app_init ] --START--
INFO: Run Behavior\BuildLiteBehavior [ RunTime:0.000013s ]
INFO: [ app_init ] --END-- [ RunTime:0.000451s ]

[ 2016-04-20T15:14:56+08:00 ] ::1 /opened/td_admin_system.php?m=Admin&c=Finance&a=index
INFO: [ app_init ] --START--
INFO: Run Behavior\BuildLiteBehavior [ RunTime:0.000014s ]
INFO: [ app_init ] --END-- [ RunTime:0.000494s ]

[ 2016-04-20T15:20:03+08:00 ] ::1 /opened/td_admin_system.php?m=Admin&c=Finance&a=index
INFO: [ app_init ] --START--
INFO: Run Behavior\BuildLiteBehavior [ RunTime:0.000012s ]
INFO: [ app_init ] --END-- [ RunTime:0.000522s ]

[ 2016-04-20T15:20:04+08:00 ] ::1 /opened/td_admin_system.php?m=Admin&c=Finance&a=index
INFO: [ app_init ] --START--
INFO: Run Behavior\BuildLiteBehavior [ RunTime:0.000012s ]
INFO: [ app_init ] --END-- [ RunTime:0.000486s ]

[ 2016-04-20T15:20:09+08:00 ] ::1 /opened/td_admin_system.php?m=Admin&c=Finance&a=mAdd
INFO: [ app_init ] --START--
INFO: Run Behavior\BuildLiteBehavior [ RunTime:0.000019s ]
INFO: [ app_init ] --END-- [ RunTime:0.000582s ]

[ 2016-04-20T15:20:10+08:00 ] ::1 /opened/td_admin_system.php?m=Admin&c=Finance&a=index
INFO: [ app_init ] --START--
INFO: Run Behavior\BuildLiteBehavior [ RunTime:0.000012s ]
INFO: [ app_init ] --END-- [ RunTime:0.000455s ]

[ 2016-04-20T15:20:12+08:00 ] ::1 /opened/td_admin_system.php?m=Admin&c=Finance&a=mEdit&id=9
INFO: [ app_init ] --START--
INFO: Run Behavior\BuildLiteBehavior [ RunTime:0.000012s ]
INFO: [ app_init ] --END-- [ RunTime:0.000485s ]

[ 2016-04-20T15:20:20+08:00 ] ::1 /opened/td_admin_system.php?m=Admin&c=Finance&a=ajax_check_edit_name
INFO: [ app_init ] --START--
INFO: Run Behavior\BuildLiteBehavior [ RunTime:0.000012s ]
INFO: [ app_init ] --END-- [ RunTime:0.000489s ]
INFO: [ app_begin ] --START--
INFO: Run Behavior\ReadHtmlCacheBehavior [ RunTime:0.000532s ]
INFO: [ app_begin ] --END-- [ RunTime:0.000585s ]
SQL: SHOW COLUMNS FROM `td_company` [ RunTime:0.0045s ]
SQL: SHOW COLUMNS FROM `td_company_user` [ RunTime:0.0037s ]
SQL: SHOW COLUMNS FROM `td_admin` [ RunTime:0.0054s ]
SQL: SHOW COLUMNS FROM `td_role` [ RunTime:0.0037s ]
SQL: SHOW COLUMNS FROM `td_role_user` [ RunTime:0.0047s ]
SQL: SELECT * FROM `td_company` WHERE ( cid = 9 ) LIMIT 1   [ RunTime:0.0004s ]

[ 2016-04-20T15:20:54+08:00 ] ::1 /opened/td_admin_system.php?m=Admin&c=Finance&a=mEdit
INFO: [ app_init ] --START--
INFO: Run Behavior\BuildLiteBehavior [ RunTime:0.000013s ]
INFO: [ app_init ] --END-- [ RunTime:0.000407s ]

[ 2016-04-20T15:20:55+08:00 ] ::1 /opened/td_admin_system.php?m=Admin&c=Finance&a=index
INFO: [ app_init ] --START--
INFO: Run Behavior\BuildLiteBehavior [ RunTime:0.000013s ]
INFO: [ app_init ] --END-- [ RunTime:0.000471s ]

[ 2016-04-20T15:21:09+08:00 ] ::1 /opened/td_admin_system.php?m=Admin&c=Finance&a=index
INFO: [ app_init ] --START--
INFO: Run Behavior\BuildLiteBehavior [ RunTime:0.000013s ]
INFO: [ app_init ] --END-- [ RunTime:0.000458s ]

[ 2016-04-20T15:21:13+08:00 ] ::1 /opened/td_admin_system.php?m=Admin&c=Finance&a=mEdit&id=9
INFO: [ app_init ] --START--
INFO: Run Behavior\BuildLiteBehavior [ RunTime:0.000011s ]
INFO: [ app_init ] --END-- [ RunTime:0.000461s ]

[ 2016-04-20T15:32:43+08:00 ] ::1 /opened/td_admin_system.php?m=Admin&c=Finance&a=index
INFO: [ app_init ] --START--
INFO: Run Behavior\BuildLiteBehavior [ RunTime:0.000013s ]
INFO: [ app_init ] --END-- [ RunTime:0.000650s ]

[ 2016-04-20T15:32:49+08:00 ] ::1 /opened/td_admin_system.php?m=Admin&c=Finance&a=mEdit&id=9
INFO: [ app_init ] --START--
INFO: Run Behavior\BuildLiteBehavior [ RunTime:0.000013s ]
INFO: [ app_init ] --END-- [ RunTime:0.000526s ]

[ 2016-04-20T15:45:19+08:00 ] ::1 /opened/td_admin_system.php?m=Admin&c=Finance&a=index
INFO: [ app_init ] --START--
INFO: Run Behavior\BuildLiteBehavior [ RunTime:0.000012s ]
INFO: [ app_init ] --END-- [ RunTime:0.000549s ]

[ 2016-04-20T15:45:23+08:00 ] ::1 /opened/td_admin_system.php?m=Admin&c=Finance&a=mEdit&id=9
INFO: [ app_init ] --START--
INFO: Run Behavior\BuildLiteBehavior [ RunTime:0.000013s ]
INFO: [ app_init ] --END-- [ RunTime:0.000500s ]

[ 2016-04-20T15:46:47+08:00 ] ::1 /opened/td_admin_system.php?m=Admin&c=Finance&a=mEdit
INFO: [ app_init ] --START--
INFO: Run Behavior\BuildLiteBehavior [ RunTime:0.000021s ]
INFO: [ app_init ] --END-- [ RunTime:0.000653s ]

[ 2016-04-20T15:46:48+08:00 ] ::1 /opened/td_admin_system.php?m=Admin&c=Finance&a=index
INFO: [ app_init ] --START--
INFO: Run Behavior\BuildLiteBehavior [ RunTime:0.000013s ]
INFO: [ app_init ] --END-- [ RunTime:0.000735s ]

[ 2016-04-20T15:47:27+08:00 ] ::1 /opened/td_admin_system.php?m=Admin&c=Finance&a=mAdd
INFO: [ app_init ] --START--
INFO: Run Behavior\BuildLiteBehavior [ RunTime:0.000021s ]
INFO: [ app_init ] --END-- [ RunTime:0.001017s ]

[ 2016-04-20T15:47:28+08:00 ] ::1 /opened/td_admin_system.php?m=Admin&c=Finance&a=index
INFO: [ app_init ] --START--
INFO: Run Behavior\BuildLiteBehavior [ RunTime:0.000014s ]
INFO: [ app_init ] --END-- [ RunTime:0.000523s ]

[ 2016-04-20T15:47:30+08:00 ] ::1 /opened/td_admin_system.php?m=Admin&c=Finance&a=mEdit&id=9
INFO: [ app_init ] --START--
INFO: Run Behavior\BuildLiteBehavior [ RunTime:0.000033s ]
INFO: [ app_init ] --END-- [ RunTime:0.000643s ]

[ 2016-04-20T15:47:33+08:00 ] ::1 /opened/td_admin_system.php?m=Admin&c=Finance&a=ajax_check_edit_name
INFO: [ app_init ] --START--
INFO: Run Behavior\BuildLiteBehavior [ RunTime:0.000012s ]
INFO: [ app_init ] --END-- [ RunTime:0.000474s ]
INFO: [ app_begin ] --START--
INFO: Run Behavior\ReadHtmlCacheBehavior [ RunTime:0.000753s ]
INFO: [ app_begin ] --END-- [ RunTime:0.000820s ]
SQL: SHOW COLUMNS FROM `td_company` [ RunTime:0.0040s ]
SQL: SHOW COLUMNS FROM `td_company_user` [ RunTime:0.0079s ]
SQL: SHOW COLUMNS FROM `td_admin` [ RunTime:0.0042s ]
SQL: SHOW COLUMNS FROM `td_role` [ RunTime:0.0038s ]
SQL: SHOW COLUMNS FROM `td_role_user` [ RunTime:0.0036s ]
SQL: SELECT * FROM `td_company` WHERE ( cid = 9 ) LIMIT 1   [ RunTime:0.0004s ]
SQL: SELECT COUNT(*) AS tp_count FROM `td_company` WHERE ( name = '北京小米科技有限责任公司' ) LIMIT 1   [ RunTime:0.0003s ]

[ 2016-04-20T15:47:35+08:00 ] ::1 /opened/td_admin_system.php?m=Admin&c=Finance&a=mEdit
INFO: [ app_init ] --START--
INFO: Run Behavior\BuildLiteBehavior [ RunTime:0.000013s ]
INFO: [ app_init ] --END-- [ RunTime:0.000537s ]

[ 2016-04-20T15:47:37+08:00 ] ::1 /opened/td_admin_system.php?m=Admin&c=Finance&a=index
INFO: [ app_init ] --START--
INFO: Run Behavior\BuildLiteBehavior [ RunTime:0.000014s ]
INFO: [ app_init ] --END-- [ RunTime:0.000522s ]

[ 2016-04-20T15:48:13+08:00 ] ::1 /opened/td_admin_system.php?m=Admin&c=Finance&a=index
INFO: [ app_init ] --START--
INFO: Run Behavior\BuildLiteBehavior [ RunTime:0.000012s ]
INFO: [ app_init ] --END-- [ RunTime:0.000484s ]

[ 2016-04-20T15:48:16+08:00 ] ::1 /opened/td_admin_system.php?m=Admin&c=Finance&a=mEdit&id=9
INFO: [ app_init ] --START--
INFO: Run Behavior\BuildLiteBehavior [ RunTime:0.000011s ]
INFO: [ app_init ] --END-- [ RunTime:0.000480s ]

[ 2016-04-20T15:48:21+08:00 ] ::1 /opened/td_admin_system.php?m=Admin&c=Finance&a=mEdit
INFO: [ app_init ] --START--
INFO: Run Behavior\BuildLiteBehavior [ RunTime:0.000012s ]
INFO: [ app_init ] --END-- [ RunTime:0.000476s ]

[ 2016-04-20T15:48:22+08:00 ] ::1 /opened/td_admin_system.php?m=Admin&c=Finance&a=index
INFO: [ app_init ] --START--
INFO: Run Behavior\BuildLiteBehavior [ RunTime:0.000019s ]
INFO: [ app_init ] --END-- [ RunTime:0.000591s ]

[ 2016-04-20T15:50:29+08:00 ] ::1 /opened/td_admin_system.php?m=Admin&c=User&a=index
INFO: [ app_init ] --START--
INFO: Run Behavior\BuildLiteBehavior [ RunTime:0.000013s ]
INFO: [ app_init ] --END-- [ RunTime:0.000590s ]

[ 2016-04-20T15:50:41+08:00 ] ::1 /opened/td_admin_system.php?m=Admin&c=User&a=index&m=Admin&p=2
INFO: [ app_init ] --START--
INFO: Run Behavior\BuildLiteBehavior [ RunTime:0.000020s ]
INFO: [ app_init ] --END-- [ RunTime:0.000611s ]

[ 2016-04-20T15:50:41+08:00 ] ::1 /opened/td_admin_system.php?m=Admin&c=User&a=index&m=Admin&p=2
INFO: [ app_init ] --START--
INFO: Run Behavior\BuildLiteBehavior [ RunTime:0.000013s ]
INFO: [ app_init ] --END-- [ RunTime:0.000424s ]

[ 2016-04-20T15:50:45+08:00 ] ::1 /opened/td_admin_system.php?m=Admin&c=User&a=index&m=Admin&p=3
INFO: [ app_init ] --START--
INFO: Run Behavior\BuildLiteBehavior [ RunTime:0.000012s ]
INFO: [ app_init ] --END-- [ RunTime:0.000500s ]

[ 2016-04-20T15:50:47+08:00 ] ::1 /opened/td_admin_system.php?m=Admin&c=User&a=index&m=Admin&p=4
INFO: [ app_init ] --START--
INFO: Run Behavior\BuildLiteBehavior [ RunTime:0.000013s ]
INFO: [ app_init ] --END-- [ RunTime:0.000457s ]

[ 2016-04-20T15:50:50+08:00 ] ::1 /opened/td_admin_system.php?m=Admin&c=User&a=index&m=Admin&p=1
INFO: [ app_init ] --START--
INFO: Run Behavior\BuildLiteBehavior [ RunTime:0.000013s ]
INFO: [ app_init ] --END-- [ RunTime:0.000532s ]

[ 2016-04-20T15:50:55+08:00 ] ::1 /opened/td_admin_system.php?m=Admin&c=User&a=index&m=Admin&p=2
INFO: [ app_init ] --START--
INFO: Run Behavior\BuildLiteBehavior [ RunTime:0.000012s ]
INFO: [ app_init ] --END-- [ RunTime:0.000482s ]

[ 2016-04-20T15:50:58+08:00 ] ::1 /opened/td_admin_system.php?m=Admin&c=User&a=index&m=Admin&p=3
INFO: [ app_init ] --START--
INFO: Run Behavior\BuildLiteBehavior [ RunTime:0.000012s ]
INFO: [ app_init ] --END-- [ RunTime:0.000516s ]

[ 2016-04-20T15:55:55+08:00 ] ::1 /opened/td_admin_system.php?m=Admin&c=User&a=index
INFO: [ app_init ] --START--
INFO: Run Behavior\BuildLiteBehavior [ RunTime:0.000021s ]
INFO: [ app_init ] --END-- [ RunTime:0.000596s ]

[ 2016-04-20T15:55:58+08:00 ] ::1 /opened/td_admin_system.php?m=Admin&c=User&a=index&m=Admin&p=2
INFO: [ app_init ] --START--
INFO: Run Behavior\BuildLiteBehavior [ RunTime:0.000012s ]
INFO: [ app_init ] --END-- [ RunTime:0.000453s ]

[ 2016-04-20T15:56:01+08:00 ] ::1 /opened/td_admin_system.php?m=Admin&c=User&a=index&m=Admin&p=3
INFO: [ app_init ] --START--
INFO: Run Behavior\BuildLiteBehavior [ RunTime:0.000012s ]
INFO: [ app_init ] --END-- [ RunTime:0.000396s ]

[ 2016-04-20T15:56:06+08:00 ] ::1 /opened/td_admin_system.php?m=Admin&c=User&a=mEdit&id=89003
INFO: [ app_init ] --START--
INFO: Run Behavior\BuildLiteBehavior [ RunTime:0.000013s ]
INFO: [ app_init ] --END-- [ RunTime:0.000495s ]

[ 2016-04-20T15:56:19+08:00 ] ::1 /opened/td_admin_system.php?m=Admin&c=User&a=mEdit
INFO: [ app_init ] --START--
INFO: Run Behavior\BuildLiteBehavior [ RunTime:0.000013s ]
INFO: [ app_init ] --END-- [ RunTime:0.000405s ]

[ 2016-04-20T15:56:22+08:00 ] ::1 /opened/td_admin_system.php?m=Admin&c=User&a=mAdd&id=89003
INFO: [ app_init ] --START--
INFO: Run Behavior\BuildLiteBehavior [ RunTime:0.000013s ]
INFO: [ app_init ] --END-- [ RunTime:0.000404s ]

[ 2016-04-20T15:56:26+08:00 ] ::1 /opened/td_admin_system.php?m=Admin&c=User&a=index
INFO: [ app_init ] --START--
INFO: Run Behavior\BuildLiteBehavior [ RunTime:0.000019s ]
INFO: [ app_init ] --END-- [ RunTime:0.000568s ]

[ 2016-04-20T15:56:29+08:00 ] ::1 /opened/td_admin_system.php?m=Admin&c=User&a=index&m=Admin&p=2
INFO: [ app_init ] --START--
INFO: Run Behavior\BuildLiteBehavior [ RunTime:0.000012s ]
INFO: [ app_init ] --END-- [ RunTime:0.000458s ]

[ 2016-04-20T15:56:32+08:00 ] ::1 /opened/td_admin_system.php?m=Admin&c=User&a=index&m=Admin&p=3
INFO: [ app_init ] --START--
INFO: Run Behavior\BuildLiteBehavior [ RunTime:0.000013s ]
INFO: [ app_init ] --END-- [ RunTime:0.000478s ]

[ 2016-04-20T15:56:35+08:00 ] ::1 /opened/td_admin_system.php?m=Admin&c=User&a=mEdit&id=89003
INFO: [ app_init ] --START--
INFO: Run Behavior\BuildLiteBehavior [ RunTime:0.000012s ]
INFO: [ app_init ] --END-- [ RunTime:0.000514s ]

[ 2016-04-20T15:57:01+08:00 ] ::1 /opened/td_admin_system.php?m=Admin&c=User&a=mEdit
INFO: [ app_init ] --START--
INFO: Run Behavior\BuildLiteBehavior [ RunTime:0.000022s ]
INFO: [ app_init ] --END-- [ RunTime:0.000505s ]

[ 2016-04-20T15:57:03+08:00 ] ::1 /opened/td_admin_system.php?m=Admin&c=User&a=index
INFO: [ app_init ] --START--
INFO: Run Behavior\BuildLiteBehavior [ RunTime:0.000012s ]
INFO: [ app_init ] --END-- [ RunTime:0.000518s ]

[ 2016-04-20T15:57:59+08:00 ] ::1 /opened/td_admin_system.php?m=Admin&c=User&a=index
INFO: [ app_init ] --START--
INFO: Run Behavior\BuildLiteBehavior [ RunTime:0.000013s ]
INFO: [ app_init ] --END-- [ RunTime:0.000411s ]

[ 2016-04-20T15:58:46+08:00 ] ::1 /opened/td_admin_system.php?m=Admin&c=User&a=index
INFO: [ app_init ] --START--
INFO: Run Behavior\BuildLiteBehavior [ RunTime:0.000012s ]
INFO: [ app_init ] --END-- [ RunTime:0.000430s ]

[ 2016-04-20T16:03:22+08:00 ] ::1 /opened/td_admin_system.php?m=Admin&c=Index&a=index
INFO: [ app_init ] --START--
INFO: Run Behavior\BuildLiteBehavior [ RunTime:0.000012s ]
INFO: [ app_init ] --END-- [ RunTime:0.000427s ]

[ 2016-04-20T16:03:23+08:00 ] ::1 /opened/td_admin_system.php?m=Admin&c=Index&a=left
INFO: [ app_init ] --START--
INFO: Run Behavior\BuildLiteBehavior [ RunTime:0.000015s ]
INFO: [ app_init ] --END-- [ RunTime:0.000457s ]

[ 2016-04-20T16:03:24+08:00 ] ::1 /opened/td_admin_system.php?m=Admin&c=Index&a=nav
INFO: [ app_init ] --START--
INFO: Run Behavior\BuildLiteBehavior [ RunTime:0.000022s ]
INFO: [ app_init ] --END-- [ RunTime:0.000603s ]

[ 2016-04-20T16:03:24+08:00 ] ::1 /opened/td_admin_system.php?m=Admin&c=Index&a=main
INFO: [ app_init ] --START--
INFO: Run Behavior\BuildLiteBehavior [ RunTime:0.000013s ]
INFO: [ app_init ] --END-- [ RunTime:0.000431s ]

[ 2016-04-20T16:03:30+08:00 ] ::1 /opened/td_admin_system.php?m=Admin&c=User&a=index
INFO: [ app_init ] --START--
INFO: Run Behavior\BuildLiteBehavior [ RunTime:0.000018s ]
INFO: [ app_init ] --END-- [ RunTime:0.000427s ]

[ 2016-04-20T16:03:55+08:00 ] ::1 /opened/td_admin_system.php?m=Admin&c=Access&a=index
INFO: [ app_init ] --START--
INFO: Run Behavior\BuildLiteBehavior [ RunTime:0.000018s ]
INFO: [ app_init ] --END-- [ RunTime:0.000594s ]

[ 2016-04-20T16:07:24+08:00 ] ::1 /opened/td_admin_system.php?m=Admin&c=User&a=index
INFO: [ app_init ] --START--
INFO: Run Behavior\BuildLiteBehavior [ RunTime:0.000013s ]
INFO: [ app_init ] --END-- [ RunTime:0.000436s ]

[ 2016-04-20T16:07:28+08:00 ] ::1 /opened/td_admin_system.php?m=Admin&c=User&a=index&m=Admin&p=2
INFO: [ app_init ] --START--
INFO: Run Behavior\BuildLiteBehavior [ RunTime:0.000014s ]
INFO: [ app_init ] --END-- [ RunTime:0.000526s ]

[ 2016-04-20T16:07:31+08:00 ] ::1 /opened/td_admin_system.php?m=Admin&c=User&a=index&m=Admin&p=1
INFO: [ app_init ] --START--
INFO: Run Behavior\BuildLiteBehavior [ RunTime:0.000012s ]
INFO: [ app_init ] --END-- [ RunTime:0.000401s ]

[ 2016-04-20T16:09:10+08:00 ] ::1 /opened/td_admin_system.php?m=Admin&c=User&a=index
INFO: [ app_init ] --START--
INFO: Run Behavior\BuildLiteBehavior [ RunTime:0.000020s ]
INFO: [ app_init ] --END-- [ RunTime:0.000560s ]

[ 2016-04-20T16:10:53+08:00 ] ::1 /opened/td_admin_system.php?m=Admin&c=User&a=index
INFO: [ app_init ] --START--
INFO: Run Behavior\BuildLiteBehavior [ RunTime:0.000013s ]
INFO: [ app_init ] --END-- [ RunTime:0.000769s ]

[ 2016-04-20T16:11:25+08:00 ] ::1 /opened/td_admin_system.php?m=Admin&c=User&a=index
INFO: [ app_init ] --START--
INFO: Run Behavior\BuildLiteBehavior [ RunTime:0.000012s ]
INFO: [ app_init ] --END-- [ RunTime:0.000462s ]

[ 2016-04-20T16:11:38+08:00 ] ::1 /opened/td_admin_system.php?m=Admin&c=User&a=index&m=Admin&p=2
INFO: [ app_init ] --START--
INFO: Run Behavior\BuildLiteBehavior [ RunTime:0.000011s ]
INFO: [ app_init ] --END-- [ RunTime:0.000574s ]

[ 2016-04-20T16:11:44+08:00 ] ::1 /opened/td_admin_system.php?m=Admin&c=User&a=index&m=Admin&p=1
INFO: [ app_init ] --START--
INFO: Run Behavior\BuildLiteBehavior [ RunTime:0.000016s ]
INFO: [ app_init ] --END-- [ RunTime:0.000426s ]

[ 2016-04-20T16:12:06+08:00 ] ::1 /opened/td_admin_system.php?m=Admin&c=User&a=mEdit&id=89004
INFO: [ app_init ] --START--
INFO: Run Behavior\BuildLiteBehavior [ RunTime:0.000015s ]
INFO: [ app_init ] --END-- [ RunTime:0.000499s ]

[ 2016-04-20T16:12:51+08:00 ] ::1 /opened/td_admin_system.php?m=Admin&c=User&a=mTrash
INFO: [ app_init ] --START--
INFO: Run Behavior\BuildLiteBehavior [ RunTime:0.000016s ]
INFO: [ app_init ] --END-- [ RunTime:0.000577s ]

[ 2016-04-20T16:12:55+08:00 ] ::1 /opened/td_admin_system.php?m=Admin&c=User&a=index
INFO: [ app_init ] --START--
INFO: Run Behavior\BuildLiteBehavior [ RunTime:0.000022s ]
INFO: [ app_init ] --END-- [ RunTime:0.000822s ]

[ 2016-04-20T16:16:00+08:00 ] ::1 /opened/td_admin_system.php?m=Admin&c=User&a=mEdit&id=89005
INFO: [ app_init ] --START--
INFO: Run Behavior\BuildLiteBehavior [ RunTime:0.000020s ]
INFO: [ app_init ] --END-- [ RunTime:0.000652s ]

[ 2016-04-20T16:17:46+08:00 ] ::1 /opened/td_admin_system.php?m=Admin&c=User&a=mEdit
INFO: [ app_init ] --START--
INFO: Run Behavior\BuildLiteBehavior [ RunTime:0.000020s ]
INFO: [ app_init ] --END-- [ RunTime:0.000604s ]

[ 2016-04-20T16:17:47+08:00 ] ::1 /opened/td_admin_system.php?m=Admin&c=User&a=index
INFO: [ app_init ] --START--
INFO: Run Behavior\BuildLiteBehavior [ RunTime:0.000013s ]
INFO: [ app_init ] --END-- [ RunTime:0.000448s ]

[ 2016-04-20T16:35:01+08:00 ] ::1 /opened/td_admin_system.php?m=Admin&c=User&a=index
INFO: [ app_init ] --START--
INFO: Run Behavior\BuildLiteBehavior [ RunTime:0.000020s ]
INFO: [ app_init ] --END-- [ RunTime:0.000750s ]

[ 2016-04-20T16:35:03+08:00 ] ::1 /opened/td_admin_system.php?m=Admin&c=User&a=index
INFO: [ app_init ] --START--
INFO: Run Behavior\BuildLiteBehavior [ RunTime:0.000019s ]
INFO: [ app_init ] --END-- [ RunTime:0.000595s ]

[ 2016-04-20T16:35:11+08:00 ] ::1 /opened/td_admin_system.php?m=Admin&c=User&a=mEdit&id=89005
INFO: [ app_init ] --START--
INFO: Run Behavior\BuildLiteBehavior [ RunTime:0.000013s ]
INFO: [ app_init ] --END-- [ RunTime:0.000476s ]

[ 2016-04-20T16:37:19+08:00 ] ::1 /opened/td_admin_system.php?m=Admin&c=User&a=index
INFO: [ app_init ] --START--
INFO: Run Behavior\BuildLiteBehavior [ RunTime:0.000021s ]
INFO: [ app_init ] --END-- [ RunTime:0.000675s ]

[ 2016-04-20T16:37:50+08:00 ] ::1 /opened/td_admin_system.php?m=Admin&c=User&a=mEdit&id=89005
INFO: [ app_init ] --START--
INFO: Run Behavior\BuildLiteBehavior [ RunTime:0.000019s ]
INFO: [ app_init ] --END-- [ RunTime:0.000628s ]

[ 2016-04-20T16:38:14+08:00 ] ::1 /opened/td_admin_system.php?m=Admin&c=User&a=mEdit
INFO: [ app_init ] --START--
INFO: Run Behavior\BuildLiteBehavior [ RunTime:0.000017s ]
INFO: [ app_init ] --END-- [ RunTime:0.000432s ]

[ 2016-04-20T16:38:16+08:00 ] ::1 /opened/td_admin_system.php?m=Admin&c=User&a=index
INFO: [ app_init ] --START--
INFO: Run Behavior\BuildLiteBehavior [ RunTime:0.000014s ]
INFO: [ app_init ] --END-- [ RunTime:0.000401s ]

[ 2016-04-20T16:40:13+08:00 ] ::1 /opened/td_admin_system.php?m=Admin&c=User&a=mEdit&id=89005
INFO: [ app_init ] --START--
INFO: Run Behavior\BuildLiteBehavior [ RunTime:0.000015s ]
INFO: [ app_init ] --END-- [ RunTime:0.000539s ]

[ 2016-04-20T16:41:45+08:00 ] ::1 /opened/td_admin_system.php?m=Admin&c=User&a=index
INFO: [ app_init ] --START--
INFO: Run Behavior\BuildLiteBehavior [ RunTime:0.000016s ]
INFO: [ app_init ] --END-- [ RunTime:0.000653s ]

[ 2016-04-20T16:41:53+08:00 ] ::1 /opened/td_admin_system.php?m=Admin&c=User&a=mEdit&id=89005
INFO: [ app_init ] --START--
INFO: Run Behavior\BuildLiteBehavior [ RunTime:0.000016s ]
INFO: [ app_init ] --END-- [ RunTime:0.000440s ]

[ 2016-04-20T16:45:11+08:00 ] ::1 /opened/td_admin_system.php?m=Admin&c=User&a=index
INFO: [ app_init ] --START--
INFO: Run Behavior\BuildLiteBehavior [ RunTime:0.000016s ]
INFO: [ app_init ] --END-- [ RunTime:0.000460s ]

[ 2016-04-20T16:45:18+08:00 ] ::1 /opened/td_admin_system.php?m=Admin&c=User&a=index
INFO: [ app_init ] --START--
INFO: Run Behavior\BuildLiteBehavior [ RunTime:0.000012s ]
INFO: [ app_init ] --END-- [ RunTime:0.000508s ]

[ 2016-04-20T16:45:20+08:00 ] ::1 /opened/td_admin_system.php?m=Admin&c=User&a=mEdit&id=89005
INFO: [ app_init ] --START--
INFO: Run Behavior\BuildLiteBehavior [ RunTime:0.000019s ]
INFO: [ app_init ] --END-- [ RunTime:0.000611s ]

[ 2016-04-20T16:45:40+08:00 ] ::1 /opened/td_admin_system.php?m=Admin&c=User&a=mEdit
INFO: [ app_init ] --START--
INFO: Run Behavior\BuildLiteBehavior [ RunTime:0.000020s ]
INFO: [ app_init ] --END-- [ RunTime:0.000838s ]

[ 2016-04-20T16:45:41+08:00 ] ::1 /opened/td_admin_system.php?m=Admin&c=User&a=index
INFO: [ app_init ] --START--
INFO: Run Behavior\BuildLiteBehavior [ RunTime:0.000019s ]
INFO: [ app_init ] --END-- [ RunTime:0.000513s ]

[ 2016-04-20T16:46:36+08:00 ] ::1 /opened/td_admin_system.php?m=Admin&c=User&a=index
INFO: [ app_init ] --START--
INFO: Run Behavior\BuildLiteBehavior [ RunTime:0.000019s ]
INFO: [ app_init ] --END-- [ RunTime:0.000429s ]

[ 2016-04-20T16:46:39+08:00 ] ::1 /opened/td_admin_system.php?m=Admin&c=User&a=mEdit&id=89005
INFO: [ app_init ] --START--
INFO: Run Behavior\BuildLiteBehavior [ RunTime:0.000012s ]
INFO: [ app_init ] --END-- [ RunTime:0.000389s ]

[ 2016-04-20T16:47:00+08:00 ] ::1 /opened/td_admin_system.php?m=Admin&c=User&a=mEdit
INFO: [ app_init ] --START--
INFO: Run Behavior\BuildLiteBehavior [ RunTime:0.000021s ]
INFO: [ app_init ] --END-- [ RunTime:0.000639s ]

[ 2016-04-20T16:47:02+08:00 ] ::1 /opened/td_admin_system.php?m=Admin&c=User&a=index
INFO: [ app_init ] --START--
INFO: Run Behavior\BuildLiteBehavior [ RunTime:0.000014s ]
INFO: [ app_init ] --END-- [ RunTime:0.000443s ]

[ 2016-04-20T17:00:17+08:00 ] ::1 /opened/td_admin_system.php?m=Admin&c=User&a=index
INFO: [ app_init ] --START--
INFO: Run Behavior\BuildLiteBehavior [ RunTime:0.000018s ]
INFO: [ app_init ] --END-- [ RunTime:0.000502s ]

