[ 2016-04-21T09:32:55+08:00 ] ::1 /opened/td_admin_system.php?m=Admin&c=Index&a=index
INFO: [ app_init ] --START--
INFO: Run Behavior\BuildLiteBehavior [ RunTime:0.000013s ]
INFO: [ app_init ] --END-- [ RunTime:0.000529s ]

[ 2016-04-21T09:33:04+08:00 ] ::1 /opened/td_admin_system.php?m=Admin&c=Public&a=index
INFO: [ app_init ] --START--
INFO: Run Behavior\BuildLiteBehavior [ RunTime:0.000013s ]
INFO: [ app_init ] --END-- [ RunTime:0.000421s ]

[ 2016-04-21T09:33:04+08:00 ] ::1 /opened/td_admin_system.php?m=Admin&c=Index&a=index
INFO: [ app_init ] --START--
INFO: Run Behavior\BuildLiteBehavior [ RunTime:0.000017s ]
INFO: [ app_init ] --END-- [ RunTime:0.000375s ]

[ 2016-04-21T09:33:04+08:00 ] ::1 /opened/td_admin_system.php?m=Admin&c=Public&a=index
INFO: [ app_init ] --START--
INFO: Run Behavior\BuildLiteBehavior [ RunTime:0.000012s ]
INFO: [ app_init ] --END-- [ RunTime:0.000375s ]

[ 2016-04-21T09:33:09+08:00 ] ::1 /opened/td_admin_system.php?m=Admin&c=Public&a=index
INFO: [ app_init ] --START--
INFO: Run Behavior\BuildLiteBehavior [ RunTime:0.000015s ]
INFO: [ app_init ] --END-- [ RunTime:0.000519s ]

[ 2016-04-21T09:33:10+08:00 ] ::1 /opened/td_admin_system.php?m=Admin&c=Index&a=index
INFO: [ app_init ] --START--
INFO: Run Behavior\BuildLiteBehavior [ RunTime:0.000020s ]
INFO: [ app_init ] --END-- [ RunTime:0.000666s ]

[ 2016-04-21T09:33:11+08:00 ] ::1 /opened/td_admin_system.php?m=Admin&c=Index&a=left
INFO: [ app_init ] --START--
INFO: Run Behavior\BuildLiteBehavior [ RunTime:0.000013s ]
INFO: [ app_init ] --END-- [ RunTime:0.000410s ]

[ 2016-04-21T09:33:12+08:00 ] ::1 /opened/td_admin_system.php?m=Admin&c=Index&a=nav
INFO: [ app_init ] --START--
INFO: Run Behavior\BuildLiteBehavior [ RunTime:0.000014s ]
INFO: [ app_init ] --END-- [ RunTime:0.000400s ]

[ 2016-04-21T09:33:12+08:00 ] ::1 /opened/td_admin_system.php?m=Admin&c=Index&a=main
INFO: [ app_init ] --START--
INFO: Run Behavior\BuildLiteBehavior [ RunTime:0.000014s ]
INFO: [ app_init ] --END-- [ RunTime:0.000603s ]

[ 2016-04-21T09:33:18+08:00 ] ::1 /opened/td_admin_system.php?m=Admin&c=Finance&a=index
INFO: [ app_init ] --START--
INFO: Run Behavior\BuildLiteBehavior [ RunTime:0.000020s ]
INFO: [ app_init ] --END-- [ RunTime:0.000451s ]

[ 2016-04-21T09:33:23+08:00 ] ::1 /opened/td_admin_system.php?m=Admin&c=Finance&a=mEdit&id=11
INFO: [ app_init ] --START--
INFO: Run Behavior\BuildLiteBehavior [ RunTime:0.000013s ]
INFO: [ app_init ] --END-- [ RunTime:0.000401s ]

[ 2016-04-21T09:33:31+08:00 ] ::1 /opened/td_admin_system.php?m=Admin&c=Finance&a=index
INFO: [ app_init ] --START--
INFO: Run Behavior\BuildLiteBehavior [ RunTime:0.000014s ]
INFO: [ app_init ] --END-- [ RunTime:0.000486s ]

[ 2016-04-21T09:33:33+08:00 ] ::1 /opened/td_admin_system.php?m=Admin&c=Finance&a=mCompanyMember&id=11
INFO: [ app_init ] --START--
INFO: Run Behavior\BuildLiteBehavior [ RunTime:0.000013s ]
INFO: [ app_init ] --END-- [ RunTime:0.000419s ]

[ 2016-04-21T09:33:34+08:00 ] ::1 /opened/td_admin_system.php?m=Admin&c=Finance&a=ajax_search_user
INFO: [ app_init ] --START--
INFO: Run Behavior\BuildLiteBehavior [ RunTime:0.000014s ]
INFO: [ app_init ] --END-- [ RunTime:0.000500s ]
INFO: [ app_begin ] --START--
INFO: Run Behavior\ReadHtmlCacheBehavior [ RunTime:0.000500s ]
INFO: [ app_begin ] --END-- [ RunTime:0.000557s ]
SQL: SHOW COLUMNS FROM `td_company` [ RunTime:0.0048s ]
SQL: SHOW COLUMNS FROM `td_company_user` [ RunTime:0.0061s ]
SQL: SHOW COLUMNS FROM `td_admin` [ RunTime:0.0047s ]
SQL: SHOW COLUMNS FROM `td_role` [ RunTime:0.0039s ]
SQL: SHOW COLUMNS FROM `td_role_user` [ RunTime:0.0032s ]
SQL: SELECT `id`,`name`,`pid`,`status`,`remark`,`update_time`,`create_time`,`operator_id` FROM `td_role` WHERE ( id = 12 )  [ RunTime:0.0003s ]
SQL: SELECT a.aid,a.username,a.avatar,a.mobile_number,cu.role_id,cu.id FROM `td_admin` as a RIGHT JOIN td_company_user as cu ON a.aid = cu.aid  WHERE ( cu.cid = 11 )  [ RunTime:0.0003s ]
SQL:  SELECT a.aid,a.username,a.avatar,a.mobile_number,ru.role_id FROM td_admin as a RIGHT JOIN td_role_user as ru ON a.aid = ru.user_id where a.status = 1 and a.is_del = 0 and ru.role_id = 12  [ RunTime:0.0004s ]

[ 2016-04-21T09:33:54+08:00 ] ::1 /opened/td_admin_system.php?m=Admin&c=Finance&a=mAdd
INFO: [ app_init ] --START--
INFO: Run Behavior\BuildLiteBehavior [ RunTime:0.000025s ]
INFO: [ app_init ] --END-- [ RunTime:0.000488s ]

[ 2016-04-21T09:35:43+08:00 ] ::1 /opened/td_admin_system.php?m=Admin&c=Finance&a=index
INFO: [ app_init ] --START--
INFO: Run Behavior\BuildLiteBehavior [ RunTime:0.000012s ]
INFO: [ app_init ] --END-- [ RunTime:0.000531s ]

[ 2016-04-21T09:35:46+08:00 ] ::1 /opened/td_admin_system.php?m=Admin&c=Finance&a=mAdd
INFO: [ app_init ] --START--
INFO: Run Behavior\BuildLiteBehavior [ RunTime:0.000012s ]
INFO: [ app_init ] --END-- [ RunTime:0.000453s ]

[ 2016-04-21T09:35:52+08:00 ] ::1 /opened/td_admin_system.php?m=Admin&c=Finance&a=index
INFO: [ app_init ] --START--
INFO: Run Behavior\BuildLiteBehavior [ RunTime:0.000012s ]
INFO: [ app_init ] --END-- [ RunTime:0.000524s ]

[ 2016-04-21T09:36:12+08:00 ] ::1 /opened/td_admin_system.php?m=Admin&c=Finance&a=mCompanyMember&id=10
INFO: [ app_init ] --START--
INFO: Run Behavior\BuildLiteBehavior [ RunTime:0.000012s ]
INFO: [ app_init ] --END-- [ RunTime:0.000529s ]

[ 2016-04-21T09:36:13+08:00 ] ::1 /opened/td_admin_system.php?m=Admin&c=Finance&a=ajax_search_user
INFO: [ app_init ] --START--
INFO: Run Behavior\BuildLiteBehavior [ RunTime:0.000014s ]
INFO: [ app_init ] --END-- [ RunTime:0.000411s ]
INFO: [ app_begin ] --START--
INFO: Run Behavior\ReadHtmlCacheBehavior [ RunTime:0.000519s ]
INFO: [ app_begin ] --END-- [ RunTime:0.000575s ]
SQL: SHOW COLUMNS FROM `td_company` [ RunTime:0.0058s ]
SQL: SHOW COLUMNS FROM `td_company_user` [ RunTime:0.0069s ]
SQL: SHOW COLUMNS FROM `td_admin` [ RunTime:0.0040s ]
SQL: SHOW COLUMNS FROM `td_role` [ RunTime:0.0047s ]
SQL: SHOW COLUMNS FROM `td_role_user` [ RunTime:0.0038s ]
SQL: SELECT `id`,`name`,`pid`,`status`,`remark`,`update_time`,`create_time`,`operator_id` FROM `td_role` WHERE ( id = 12 )  [ RunTime:0.0004s ]
SQL: SELECT a.aid,a.username,a.avatar,a.mobile_number,cu.role_id,cu.id FROM `td_admin` as a RIGHT JOIN td_company_user as cu ON a.aid = cu.aid  WHERE ( cu.cid = 10 )  [ RunTime:0.0003s ]
SQL:  SELECT a.aid,a.username,a.avatar,a.mobile_number,ru.role_id FROM td_admin as a RIGHT JOIN td_role_user as ru ON a.aid = ru.user_id where a.status = 1 and a.is_del = 0 and ru.role_id = 12  [ RunTime:0.0004s ]

[ 2016-04-21T09:38:05+08:00 ] ::1 /opened/td_admin_system.php?m=Admin&c=Finance&a=index
INFO: [ app_init ] --START--
INFO: Run Behavior\BuildLiteBehavior [ RunTime:0.000013s ]
INFO: [ app_init ] --END-- [ RunTime:0.000473s ]

[ 2016-04-21T09:38:13+08:00 ] ::1 /opened/td_admin_system.php?m=Admin&c=Finance&a=mEdit&id=5
INFO: [ app_init ] --START--
INFO: Run Behavior\BuildLiteBehavior [ RunTime:0.000013s ]
INFO: [ app_init ] --END-- [ RunTime:0.000439s ]

[ 2016-04-21T09:38:18+08:00 ] ::1 /opened/td_admin_system.php?m=Admin&c=Finance&a=index
INFO: [ app_init ] --START--
INFO: Run Behavior\BuildLiteBehavior [ RunTime:0.000014s ]
INFO: [ app_init ] --END-- [ RunTime:0.000442s ]

[ 2016-04-21T09:38:22+08:00 ] ::1 /opened/td_admin_system.php?m=Admin&c=Finance&a=mEdit&id=11
INFO: [ app_init ] --START--
INFO: Run Behavior\BuildLiteBehavior [ RunTime:0.000013s ]
INFO: [ app_init ] --END-- [ RunTime:0.000400s ]

[ 2016-04-21T09:38:24+08:00 ] ::1 /opened/td_admin_system.php?m=Admin&c=Finance&a=index
INFO: [ app_init ] --START--
INFO: Run Behavior\BuildLiteBehavior [ RunTime:0.000011s ]
INFO: [ app_init ] --END-- [ RunTime:0.000449s ]

[ 2016-04-21T09:38:26+08:00 ] ::1 /opened/td_admin_system.php?m=Admin&c=Finance&a=index
INFO: [ app_init ] --START--
INFO: Run Behavior\BuildLiteBehavior [ RunTime:0.000013s ]
INFO: [ app_init ] --END-- [ RunTime:0.000414s ]

[ 2016-04-21T09:38:30+08:00 ] ::1 /opened/td_admin_system.php?m=Admin&c=Finance&a=mEdit&id=9
INFO: [ app_init ] --START--
INFO: Run Behavior\BuildLiteBehavior [ RunTime:0.000013s ]
INFO: [ app_init ] --END-- [ RunTime:0.000427s ]

[ 2016-04-21T09:38:40+08:00 ] ::1 /opened/td_admin_system.php?m=Admin&c=Finance&a=index
INFO: [ app_init ] --START--
INFO: Run Behavior\BuildLiteBehavior [ RunTime:0.000012s ]
INFO: [ app_init ] --END-- [ RunTime:0.000422s ]

[ 2016-04-21T09:38:42+08:00 ] ::1 /opened/td_admin_system.php?m=Admin&c=Finance&a=index
INFO: [ app_init ] --START--
INFO: Run Behavior\BuildLiteBehavior [ RunTime:0.000013s ]
INFO: [ app_init ] --END-- [ RunTime:0.000395s ]

[ 2016-04-21T09:38:47+08:00 ] ::1 /opened/td_admin_system.php?m=Admin&c=Finance&a=mCompanyMember&id=9
INFO: [ app_init ] --START--
INFO: Run Behavior\BuildLiteBehavior [ RunTime:0.000011s ]
INFO: [ app_init ] --END-- [ RunTime:0.000437s ]

[ 2016-04-21T09:38:47+08:00 ] ::1 /opened/td_admin_system.php?m=Admin&c=Finance&a=ajax_search_user
INFO: [ app_init ] --START--
INFO: Run Behavior\BuildLiteBehavior [ RunTime:0.000013s ]
INFO: [ app_init ] --END-- [ RunTime:0.000406s ]
INFO: [ app_begin ] --START--
INFO: Run Behavior\ReadHtmlCacheBehavior [ RunTime:0.000552s ]
INFO: [ app_begin ] --END-- [ RunTime:0.000611s ]
SQL: SHOW COLUMNS FROM `td_company` [ RunTime:0.0041s ]
SQL: SHOW COLUMNS FROM `td_company_user` [ RunTime:0.0041s ]
SQL: SHOW COLUMNS FROM `td_admin` [ RunTime:0.0040s ]
SQL: SHOW COLUMNS FROM `td_role` [ RunTime:0.0045s ]
SQL: SHOW COLUMNS FROM `td_role_user` [ RunTime:0.0037s ]
SQL: SELECT `id`,`name`,`pid`,`status`,`remark`,`update_time`,`create_time`,`operator_id` FROM `td_role` WHERE ( id = 12 )  [ RunTime:0.0004s ]
SQL: SELECT a.aid,a.username,a.avatar,a.mobile_number,cu.role_id,cu.id FROM `td_admin` as a RIGHT JOIN td_company_user as cu ON a.aid = cu.aid  WHERE ( cu.cid = 9 )  [ RunTime:0.0004s ]
SQL:  SELECT a.aid,a.username,a.avatar,a.mobile_number,ru.role_id FROM td_admin as a RIGHT JOIN td_role_user as ru ON a.aid = ru.user_id where a.status = 1 and a.is_del = 0 and ru.role_id = 12  [ RunTime:0.0004s ]

[ 2016-04-21T09:38:59+08:00 ] ::1 /opened/td_admin_system.php?m=Admin&c=Finance&a=index
INFO: [ app_init ] --START--
INFO: Run Behavior\BuildLiteBehavior [ RunTime:0.000012s ]
INFO: [ app_init ] --END-- [ RunTime:0.000500s ]

[ 2016-04-21T09:39:02+08:00 ] ::1 /opened/td_admin_system.php?m=Admin&c=Finance&a=mCompanyMember&id=11
INFO: [ app_init ] --START--
INFO: Run Behavior\BuildLiteBehavior [ RunTime:0.000012s ]
INFO: [ app_init ] --END-- [ RunTime:0.000465s ]

[ 2016-04-21T09:39:02+08:00 ] ::1 /opened/td_admin_system.php?m=Admin&c=Finance&a=ajax_search_user
INFO: [ app_init ] --START--
INFO: Run Behavior\BuildLiteBehavior [ RunTime:0.000013s ]
INFO: [ app_init ] --END-- [ RunTime:0.000394s ]
INFO: [ app_begin ] --START--
INFO: Run Behavior\ReadHtmlCacheBehavior [ RunTime:0.000498s ]
INFO: [ app_begin ] --END-- [ RunTime:0.000553s ]
SQL: SHOW COLUMNS FROM `td_company` [ RunTime:0.0045s ]
SQL: SHOW COLUMNS FROM `td_company_user` [ RunTime:0.0067s ]
SQL: SHOW COLUMNS FROM `td_admin` [ RunTime:0.0056s ]
SQL: SHOW COLUMNS FROM `td_role` [ RunTime:0.0046s ]
SQL: SHOW COLUMNS FROM `td_role_user` [ RunTime:0.0035s ]
SQL: SELECT `id`,`name`,`pid`,`status`,`remark`,`update_time`,`create_time`,`operator_id` FROM `td_role` WHERE ( id = 12 )  [ RunTime:0.0003s ]
SQL: SELECT a.aid,a.username,a.avatar,a.mobile_number,cu.role_id,cu.id FROM `td_admin` as a RIGHT JOIN td_company_user as cu ON a.aid = cu.aid  WHERE ( cu.cid = 11 )  [ RunTime:0.0003s ]
SQL:  SELECT a.aid,a.username,a.avatar,a.mobile_number,ru.role_id FROM td_admin as a RIGHT JOIN td_role_user as ru ON a.aid = ru.user_id where a.status = 1 and a.is_del = 0 and ru.role_id = 12  [ RunTime:0.0003s ]

[ 2016-04-21T09:39:05+08:00 ] ::1 /opened/td_admin_system.php?m=Admin&c=Finance&a=index
INFO: [ app_init ] --START--
INFO: Run Behavior\BuildLiteBehavior [ RunTime:0.000012s ]
INFO: [ app_init ] --END-- [ RunTime:0.000468s ]

[ 2016-04-21T09:39:58+08:00 ] ::1 /opened/td_admin_system.php?m=Admin&c=Finance&a=mCompanyMember&id=10
INFO: [ app_init ] --START--
INFO: Run Behavior\BuildLiteBehavior [ RunTime:0.000014s ]
INFO: [ app_init ] --END-- [ RunTime:0.000547s ]

[ 2016-04-21T09:39:59+08:00 ] ::1 /opened/td_admin_system.php?m=Admin&c=Finance&a=ajax_search_user
INFO: [ app_init ] --START--
INFO: Run Behavior\BuildLiteBehavior [ RunTime:0.000013s ]
INFO: [ app_init ] --END-- [ RunTime:0.000389s ]
INFO: [ app_begin ] --START--
INFO: Run Behavior\ReadHtmlCacheBehavior [ RunTime:0.000498s ]
INFO: [ app_begin ] --END-- [ RunTime:0.000556s ]
SQL: SHOW COLUMNS FROM `td_company` [ RunTime:0.0052s ]
SQL: SHOW COLUMNS FROM `td_company_user` [ RunTime:0.0034s ]
SQL: SHOW COLUMNS FROM `td_admin` [ RunTime:0.0051s ]
SQL: SHOW COLUMNS FROM `td_role` [ RunTime:0.0040s ]
SQL: SHOW COLUMNS FROM `td_role_user` [ RunTime:0.0032s ]
SQL: SELECT `id`,`name`,`pid`,`status`,`remark`,`update_time`,`create_time`,`operator_id` FROM `td_role` WHERE ( id = 12 )  [ RunTime:0.0003s ]
SQL: SELECT a.aid,a.username,a.avatar,a.mobile_number,cu.role_id,cu.id FROM `td_admin` as a RIGHT JOIN td_company_user as cu ON a.aid = cu.aid  WHERE ( cu.cid = 10 )  [ RunTime:0.0002s ]
SQL:  SELECT a.aid,a.username,a.avatar,a.mobile_number,ru.role_id FROM td_admin as a RIGHT JOIN td_role_user as ru ON a.aid = ru.user_id where a.status = 1 and a.is_del = 0 and ru.role_id = 12  [ RunTime:0.0003s ]

[ 2016-04-21T09:40:01+08:00 ] ::1 /opened/td_admin_system.php?m=Admin&c=Finance&a=index
INFO: [ app_init ] --START--
INFO: Run Behavior\BuildLiteBehavior [ RunTime:0.000013s ]
INFO: [ app_init ] --END-- [ RunTime:0.000455s ]

[ 2016-04-21T09:40:03+08:00 ] ::1 /opened/td_admin_system.php?m=Admin&c=Finance&a=mCompanyMember&id=9
INFO: [ app_init ] --START--
INFO: Run Behavior\BuildLiteBehavior [ RunTime:0.000011s ]
INFO: [ app_init ] --END-- [ RunTime:0.000486s ]

[ 2016-04-21T09:40:05+08:00 ] ::1 /opened/td_admin_system.php?m=Admin&c=Finance&a=ajax_search_user
INFO: [ app_init ] --START--
INFO: Run Behavior\BuildLiteBehavior [ RunTime:0.000013s ]
INFO: [ app_init ] --END-- [ RunTime:0.000392s ]
INFO: [ app_begin ] --START--
INFO: Run Behavior\ReadHtmlCacheBehavior [ RunTime:0.000630s ]
INFO: [ app_begin ] --END-- [ RunTime:0.000705s ]
SQL: SHOW COLUMNS FROM `td_company` [ RunTime:0.0038s ]
SQL: SHOW COLUMNS FROM `td_company_user` [ RunTime:0.0071s ]
SQL: SHOW COLUMNS FROM `td_admin` [ RunTime:0.0037s ]
SQL: SHOW COLUMNS FROM `td_role` [ RunTime:0.0036s ]
SQL: SHOW COLUMNS FROM `td_role_user` [ RunTime:0.0036s ]
SQL: SELECT `id`,`name`,`pid`,`status`,`remark`,`update_time`,`create_time`,`operator_id` FROM `td_role` WHERE ( id = 12 )  [ RunTime:0.0004s ]
SQL: SELECT a.aid,a.username,a.avatar,a.mobile_number,cu.role_id,cu.id FROM `td_admin` as a RIGHT JOIN td_company_user as cu ON a.aid = cu.aid  WHERE ( cu.cid = 9 )  [ RunTime:0.0005s ]
SQL:  SELECT a.aid,a.username,a.avatar,a.mobile_number,ru.role_id FROM td_admin as a RIGHT JOIN td_role_user as ru ON a.aid = ru.user_id where a.status = 1 and a.is_del = 0 and ru.role_id = 12  [ RunTime:0.0007s ]

[ 2016-04-21T09:40:10+08:00 ] ::1 /opened/td_admin_system.php?m=Admin&c=Finance&a=index
INFO: [ app_init ] --START--
INFO: Run Behavior\BuildLiteBehavior [ RunTime:0.000014s ]
INFO: [ app_init ] --END-- [ RunTime:0.000532s ]

[ 2016-04-21T09:41:09+08:00 ] ::1 /opened/td_admin_system.php?m=Admin&c=Finance&a=mCompanyMember&id=9
INFO: [ app_init ] --START--
INFO: Run Behavior\BuildLiteBehavior [ RunTime:0.000013s ]
INFO: [ app_init ] --END-- [ RunTime:0.000411s ]

[ 2016-04-21T09:41:10+08:00 ] ::1 /opened/td_admin_system.php?m=Admin&c=Finance&a=ajax_search_user
INFO: [ app_init ] --START--
INFO: Run Behavior\BuildLiteBehavior [ RunTime:0.000013s ]
INFO: [ app_init ] --END-- [ RunTime:0.000425s ]
INFO: [ app_begin ] --START--
INFO: Run Behavior\ReadHtmlCacheBehavior [ RunTime:0.000519s ]
INFO: [ app_begin ] --END-- [ RunTime:0.000580s ]
SQL: SHOW COLUMNS FROM `td_company` [ RunTime:0.0041s ]
SQL: SHOW COLUMNS FROM `td_company_user` [ RunTime:0.0050s ]
SQL: SHOW COLUMNS FROM `td_admin` [ RunTime:0.0050s ]
SQL: SHOW COLUMNS FROM `td_role` [ RunTime:0.0050s ]
SQL: SHOW COLUMNS FROM `td_role_user` [ RunTime:0.0045s ]
SQL: SELECT `id`,`name`,`pid`,`status`,`remark`,`update_time`,`create_time`,`operator_id` FROM `td_role` WHERE ( id = 12 )  [ RunTime:0.0003s ]
SQL: SELECT a.aid,a.username,a.avatar,a.mobile_number,cu.role_id,cu.id FROM `td_admin` as a RIGHT JOIN td_company_user as cu ON a.aid = cu.aid  WHERE ( cu.cid = 9 )  [ RunTime:0.0004s ]
SQL:  SELECT a.aid,a.username,a.avatar,a.mobile_number,ru.role_id FROM td_admin as a RIGHT JOIN td_role_user as ru ON a.aid = ru.user_id where a.status = 1 and a.is_del = 0 and ru.role_id = 12  [ RunTime:0.0010s ]

[ 2016-04-21T09:41:22+08:00 ] ::1 /opened/td_admin_system.php?m=Admin&c=Access&a=mAdminRoleList
INFO: [ app_init ] --START--
INFO: Run Behavior\BuildLiteBehavior [ RunTime:0.000014s ]
INFO: [ app_init ] --END-- [ RunTime:0.000400s ]

[ 2016-04-21T09:41:25+08:00 ] ::1 /opened/td_admin_system.php?m=Admin&c=Finance&a=index
INFO: [ app_init ] --START--
INFO: Run Behavior\BuildLiteBehavior [ RunTime:0.000013s ]
INFO: [ app_init ] --END-- [ RunTime:0.000522s ]

[ 2016-04-21T09:41:30+08:00 ] ::1 /opened/td_admin_system.php?m=Admin&c=Finance&a=mCompanyMember&id=9
INFO: [ app_init ] --START--
INFO: Run Behavior\BuildLiteBehavior [ RunTime:0.000013s ]
INFO: [ app_init ] --END-- [ RunTime:0.000390s ]

[ 2016-04-21T09:41:30+08:00 ] ::1 /opened/td_admin_system.php?m=Admin&c=Finance&a=ajax_search_user
INFO: [ app_init ] --START--
INFO: Run Behavior\BuildLiteBehavior [ RunTime:0.000020s ]
INFO: [ app_init ] --END-- [ RunTime:0.000581s ]
INFO: [ app_begin ] --START--
INFO: Run Behavior\ReadHtmlCacheBehavior [ RunTime:0.000655s ]
INFO: [ app_begin ] --END-- [ RunTime:0.000732s ]
SQL: SHOW COLUMNS FROM `td_company` [ RunTime:0.0036s ]
SQL: SHOW COLUMNS FROM `td_company_user` [ RunTime:0.0037s ]
SQL: SHOW COLUMNS FROM `td_admin` [ RunTime:0.0047s ]
SQL: SHOW COLUMNS FROM `td_role` [ RunTime:0.0043s ]
SQL: SHOW COLUMNS FROM `td_role_user` [ RunTime:0.0034s ]
SQL: SELECT `id`,`name`,`pid`,`status`,`remark`,`update_time`,`create_time`,`operator_id` FROM `td_role` WHERE ( id = 12 )  [ RunTime:0.0003s ]
SQL: SELECT a.aid,a.username,a.avatar,a.mobile_number,cu.role_id,cu.id FROM `td_admin` as a RIGHT JOIN td_company_user as cu ON a.aid = cu.aid  WHERE ( cu.cid = 9 )  [ RunTime:0.0003s ]
SQL:  SELECT a.aid,a.username,a.avatar,a.mobile_number,ru.role_id FROM td_admin as a RIGHT JOIN td_role_user as ru ON a.aid = ru.user_id where a.status = 1 and a.is_del = 0 and ru.role_id = 12  [ RunTime:0.0004s ]

[ 2016-04-21T09:41:34+08:00 ] ::1 /opened/td_admin_system.php?m=Admin&c=Finance&a=ajax_search_user
INFO: [ app_init ] --START--
INFO: Run Behavior\BuildLiteBehavior [ RunTime:0.000017s ]
INFO: [ app_init ] --END-- [ RunTime:0.000574s ]
INFO: [ app_begin ] --START--
INFO: Run Behavior\ReadHtmlCacheBehavior [ RunTime:0.000595s ]
INFO: [ app_begin ] --END-- [ RunTime:0.000657s ]
SQL: SHOW COLUMNS FROM `td_company` [ RunTime:0.0151s ]
SQL: SHOW COLUMNS FROM `td_company_user` [ RunTime:0.0576s ]
SQL: SHOW COLUMNS FROM `td_admin` [ RunTime:0.0038s ]
SQL: SHOW COLUMNS FROM `td_role` [ RunTime:0.0038s ]
SQL: SHOW COLUMNS FROM `td_role_user` [ RunTime:0.0041s ]
SQL: SELECT `id`,`name`,`pid`,`status`,`remark`,`update_time`,`create_time`,`operator_id` FROM `td_role` WHERE ( id = 12 )  [ RunTime:0.0003s ]
SQL: SELECT a.aid,a.username,a.avatar,a.mobile_number,cu.role_id,cu.id FROM `td_admin` as a RIGHT JOIN td_company_user as cu ON a.aid = cu.aid  WHERE ( cu.cid = 9 )  [ RunTime:0.0003s ]
SQL:  SELECT a.aid,a.username,a.avatar,a.mobile_number,ru.role_id FROM td_admin as a RIGHT JOIN td_role_user as ru ON a.aid = ru.user_id where a.status = 1 and a.is_del = 0 and ru.role_id = 12 and a.username like '%ceshi%'  [ RunTime:0.0003s ]

[ 2016-04-21T09:41:42+08:00 ] ::1 /opened/td_admin_system.php?m=Admin&c=Finance&a=ajax_search_user
INFO: [ app_init ] --START--
INFO: Run Behavior\BuildLiteBehavior [ RunTime:0.000018s ]
INFO: [ app_init ] --END-- [ RunTime:0.000422s ]
INFO: [ app_begin ] --START--
INFO: Run Behavior\ReadHtmlCacheBehavior [ RunTime:0.000568s ]
INFO: [ app_begin ] --END-- [ RunTime:0.000614s ]
SQL: SHOW COLUMNS FROM `td_company` [ RunTime:0.0040s ]
SQL: SHOW COLUMNS FROM `td_company_user` [ RunTime:0.0043s ]
SQL: SHOW COLUMNS FROM `td_admin` [ RunTime:0.0039s ]
SQL: SHOW COLUMNS FROM `td_role` [ RunTime:0.0040s ]
SQL: SHOW COLUMNS FROM `td_role_user` [ RunTime:0.0032s ]
SQL: SELECT `id`,`name`,`pid`,`status`,`remark`,`update_time`,`create_time`,`operator_id` FROM `td_role` WHERE ( id = 12 )  [ RunTime:0.0003s ]
SQL: SELECT a.aid,a.username,a.avatar,a.mobile_number,cu.role_id,cu.id FROM `td_admin` as a RIGHT JOIN td_company_user as cu ON a.aid = cu.aid  WHERE ( cu.cid = 9 )  [ RunTime:0.0004s ]
SQL:  SELECT a.aid,a.username,a.avatar,a.mobile_number,ru.role_id FROM td_admin as a RIGHT JOIN td_role_user as ru ON a.aid = ru.user_id where a.status = 1 and a.is_del = 0 and ru.role_id = 12  [ RunTime:0.0003s ]

[ 2016-04-21T09:44:08+08:00 ] ::1 /opened/td_admin_system.php?m=Admin&c=Project&a=index
INFO: [ app_init ] --START--
INFO: Run Behavior\BuildLiteBehavior [ RunTime:0.000012s ]
INFO: [ app_init ] --END-- [ RunTime:0.000501s ]

[ 2016-04-21T09:44:11+08:00 ] ::1 /opened/td_admin_system.php?m=Admin&c=Project&a=mProjectMember&id=2
INFO: [ app_init ] --START--
INFO: Run Behavior\BuildLiteBehavior [ RunTime:0.000021s ]
INFO: [ app_init ] --END-- [ RunTime:0.000493s ]

[ 2016-04-21T09:44:22+08:00 ] ::1 /opened/td_admin_system.php?m=Admin&c=Finance&a=index
INFO: [ app_init ] --START--
INFO: Run Behavior\BuildLiteBehavior [ RunTime:0.000012s ]
INFO: [ app_init ] --END-- [ RunTime:0.000475s ]

[ 2016-04-21T09:44:26+08:00 ] ::1 /opened/td_admin_system.php?m=Admin&c=Finance&a=mCompanyMember&id=11
INFO: [ app_init ] --START--
INFO: Run Behavior\BuildLiteBehavior [ RunTime:0.000012s ]
INFO: [ app_init ] --END-- [ RunTime:0.000443s ]

[ 2016-04-21T09:44:27+08:00 ] ::1 /opened/td_admin_system.php?m=Admin&c=Finance&a=ajax_search_user
INFO: [ app_init ] --START--
INFO: Run Behavior\BuildLiteBehavior [ RunTime:0.000013s ]
INFO: [ app_init ] --END-- [ RunTime:0.000426s ]
INFO: [ app_begin ] --START--
INFO: Run Behavior\ReadHtmlCacheBehavior [ RunTime:0.000500s ]
INFO: [ app_begin ] --END-- [ RunTime:0.000554s ]
SQL: SHOW COLUMNS FROM `td_company` [ RunTime:0.0045s ]
SQL: SHOW COLUMNS FROM `td_company_user` [ RunTime:0.0062s ]
SQL: SHOW COLUMNS FROM `td_admin` [ RunTime:0.0061s ]
SQL: SHOW COLUMNS FROM `td_role` [ RunTime:0.0042s ]
SQL: SHOW COLUMNS FROM `td_role_user` [ RunTime:0.0034s ]
SQL: SELECT `id`,`name`,`pid`,`status`,`remark`,`update_time`,`create_time`,`operator_id` FROM `td_role` WHERE ( id = 12 )  [ RunTime:0.0003s ]
SQL: SELECT a.aid,a.username,a.avatar,a.mobile_number,cu.role_id,cu.id FROM `td_admin` as a RIGHT JOIN td_company_user as cu ON a.aid = cu.aid  WHERE ( cu.cid = 11 )  [ RunTime:0.0003s ]
SQL:  SELECT a.aid,a.username,a.avatar,a.mobile_number,ru.role_id FROM td_admin as a RIGHT JOIN td_role_user as ru ON a.aid = ru.user_id where a.status = 1 and a.is_del = 0 and ru.role_id = 12  [ RunTime:0.0004s ]

[ 2016-04-21T09:44:31+08:00 ] ::1 /opened/td_admin_system.php?m=Admin&c=Finance&a=index
INFO: [ app_init ] --START--
INFO: Run Behavior\BuildLiteBehavior [ RunTime:0.000012s ]
INFO: [ app_init ] --END-- [ RunTime:0.000490s ]

[ 2016-04-21T09:44:35+08:00 ] ::1 /opened/td_admin_system.php?m=Admin&c=Finance&a=mCompanyMember&id=4
INFO: [ app_init ] --START--
INFO: Run Behavior\BuildLiteBehavior [ RunTime:0.000014s ]
INFO: [ app_init ] --END-- [ RunTime:0.000514s ]

[ 2016-04-21T09:44:36+08:00 ] ::1 /opened/td_admin_system.php?m=Admin&c=Finance&a=ajax_search_user
INFO: [ app_init ] --START--
INFO: Run Behavior\BuildLiteBehavior [ RunTime:0.000018s ]
INFO: [ app_init ] --END-- [ RunTime:0.000571s ]
INFO: [ app_begin ] --START--
INFO: Run Behavior\ReadHtmlCacheBehavior [ RunTime:0.000782s ]
INFO: [ app_begin ] --END-- [ RunTime:0.000875s ]
SQL: SHOW COLUMNS FROM `td_company` [ RunTime:0.0040s ]
SQL: SHOW COLUMNS FROM `td_company_user` [ RunTime:0.0203s ]
SQL: SHOW COLUMNS FROM `td_admin` [ RunTime:0.0042s ]
SQL: SHOW COLUMNS FROM `td_role` [ RunTime:0.0049s ]
SQL: SHOW COLUMNS FROM `td_role_user` [ RunTime:0.0034s ]
SQL: SELECT `id`,`name`,`pid`,`status`,`remark`,`update_time`,`create_time`,`operator_id` FROM `td_role` WHERE ( id = 12 )  [ RunTime:0.0003s ]
SQL: SELECT a.aid,a.username,a.avatar,a.mobile_number,cu.role_id,cu.id FROM `td_admin` as a RIGHT JOIN td_company_user as cu ON a.aid = cu.aid  WHERE ( cu.cid = 4 )  [ RunTime:0.0003s ]
SQL:  SELECT a.aid,a.username,a.avatar,a.mobile_number,ru.role_id FROM td_admin as a RIGHT JOIN td_role_user as ru ON a.aid = ru.user_id where a.status = 1 and a.is_del = 0 and ru.role_id = 12  [ RunTime:0.0003s ]

[ 2016-04-21T09:44:41+08:00 ] ::1 /opened/td_admin_system.php?m=Admin&c=Finance&a=index
INFO: [ app_init ] --START--
INFO: Run Behavior\BuildLiteBehavior [ RunTime:0.000013s ]
INFO: [ app_init ] --END-- [ RunTime:0.000460s ]

[ 2016-04-21T09:45:01+08:00 ] ::1 /opened/td_admin_system.php?m=Admin&c=Finance&a=index&m=Admin&p=2
INFO: [ app_init ] --START--
INFO: Run Behavior\BuildLiteBehavior [ RunTime:0.000036s ]
INFO: [ app_init ] --END-- [ RunTime:0.000479s ]

[ 2016-04-21T09:45:06+08:00 ] ::1 /opened/td_admin_system.php?m=Admin&c=Finance&a=mCompanyMember&id=1
INFO: [ app_init ] --START--
INFO: Run Behavior\BuildLiteBehavior [ RunTime:0.000013s ]
INFO: [ app_init ] --END-- [ RunTime:0.000398s ]

[ 2016-04-21T09:45:06+08:00 ] ::1 /opened/td_admin_system.php?m=Admin&c=Finance&a=ajax_search_user
INFO: [ app_init ] --START--
INFO: Run Behavior\BuildLiteBehavior [ RunTime:0.000013s ]
INFO: [ app_init ] --END-- [ RunTime:0.000394s ]
INFO: [ app_begin ] --START--
INFO: Run Behavior\ReadHtmlCacheBehavior [ RunTime:0.000484s ]
INFO: [ app_begin ] --END-- [ RunTime:0.000542s ]
SQL: SHOW COLUMNS FROM `td_company` [ RunTime:0.0043s ]
SQL: SHOW COLUMNS FROM `td_company_user` [ RunTime:0.0035s ]
SQL: SHOW COLUMNS FROM `td_admin` [ RunTime:0.0038s ]
SQL: SHOW COLUMNS FROM `td_role` [ RunTime:0.0034s ]
SQL: SHOW COLUMNS FROM `td_role_user` [ RunTime:0.0060s ]
SQL: SELECT `id`,`name`,`pid`,`status`,`remark`,`update_time`,`create_time`,`operator_id` FROM `td_role` WHERE ( id = 12 )  [ RunTime:0.0004s ]
SQL: SELECT a.aid,a.username,a.avatar,a.mobile_number,cu.role_id,cu.id FROM `td_admin` as a RIGHT JOIN td_company_user as cu ON a.aid = cu.aid  WHERE ( cu.cid = 1 )  [ RunTime:0.0003s ]
SQL:  SELECT a.aid,a.username,a.avatar,a.mobile_number,ru.role_id FROM td_admin as a RIGHT JOIN td_role_user as ru ON a.aid = ru.user_id where a.status = 1 and a.is_del = 0 and ru.role_id = 12  [ RunTime:0.0004s ]

[ 2016-04-21T09:47:16+08:00 ] ::1 /opened/td_admin_system.php?m=Admin&c=Finance&a=index
INFO: [ app_init ] --START--
INFO: Run Behavior\BuildLiteBehavior [ RunTime:0.000013s ]
INFO: [ app_init ] --END-- [ RunTime:0.000424s ]

[ 2016-04-21T09:48:54+08:00 ] ::1 /opened/td_admin_system.php?m=Admin&c=Finance&a=index
INFO: [ app_init ] --START--
INFO: Run Behavior\BuildLiteBehavior [ RunTime:0.000012s ]
INFO: [ app_init ] --END-- [ RunTime:0.000444s ]

[ 2016-04-21T09:49:03+08:00 ] ::1 /opened/td_admin_system.php?m=Admin&c=Finance&a=mCompanyMember&id=1
INFO: [ app_init ] --START--
INFO: Run Behavior\BuildLiteBehavior [ RunTime:0.000012s ]
INFO: [ app_init ] --END-- [ RunTime:0.000519s ]

[ 2016-04-21T09:49:03+08:00 ] ::1 /opened/td_admin_system.php?m=Admin&c=Finance&a=ajax_search_user
INFO: [ app_init ] --START--
INFO: Run Behavior\BuildLiteBehavior [ RunTime:0.000015s ]
INFO: [ app_init ] --END-- [ RunTime:0.000498s ]
INFO: [ app_begin ] --START--
INFO: Run Behavior\ReadHtmlCacheBehavior [ RunTime:0.000680s ]
INFO: [ app_begin ] --END-- [ RunTime:0.000751s ]
SQL: SHOW COLUMNS FROM `td_company` [ RunTime:0.0035s ]
SQL: SHOW COLUMNS FROM `td_company_user` [ RunTime:0.0071s ]
SQL: SHOW COLUMNS FROM `td_admin` [ RunTime:0.0043s ]
SQL: SHOW COLUMNS FROM `td_role` [ RunTime:0.0040s ]
SQL: SHOW COLUMNS FROM `td_role_user` [ RunTime:0.0033s ]
SQL: SELECT `id`,`name`,`pid`,`status`,`remark`,`update_time`,`create_time`,`operator_id` FROM `td_role` WHERE ( id = 12 )  [ RunTime:0.0003s ]
SQL: SELECT a.aid,a.username,a.avatar,a.mobile_number,cu.role_id,cu.id FROM `td_admin` as a RIGHT JOIN td_company_user as cu ON a.aid = cu.aid  WHERE ( cu.cid = 1 )  [ RunTime:0.0003s ]
SQL:  SELECT a.aid,a.username,a.avatar,a.mobile_number,ru.role_id FROM td_admin as a RIGHT JOIN td_role_user as ru ON a.aid = ru.user_id where a.status = 1 and a.is_del = 0 and ru.role_id = 12  [ RunTime:0.0003s ]

[ 2016-04-21T09:49:10+08:00 ] ::1 /opened/td_admin_system.php?m=Admin&c=Finance&a=index
INFO: [ app_init ] --START--
INFO: Run Behavior\BuildLiteBehavior [ RunTime:0.000013s ]
INFO: [ app_init ] --END-- [ RunTime:0.000456s ]

[ 2016-04-21T09:54:16+08:00 ] ::1 /opened/td_admin_system.php?m=Admin&c=Index&a=index
INFO: [ app_init ] --START--
INFO: Run Behavior\BuildLiteBehavior [ RunTime:0.000012s ]
INFO: [ app_init ] --END-- [ RunTime:0.000483s ]

[ 2016-04-21T09:54:16+08:00 ] ::1 /opened/td_admin_system.php?m=Admin&c=Index&a=left
INFO: [ app_init ] --START--
INFO: Run Behavior\BuildLiteBehavior [ RunTime:0.000014s ]
INFO: [ app_init ] --END-- [ RunTime:0.000428s ]

[ 2016-04-21T09:54:17+08:00 ] ::1 /opened/td_admin_system.php?m=Admin&c=Index&a=nav
INFO: [ app_init ] --START--
INFO: Run Behavior\BuildLiteBehavior [ RunTime:0.000018s ]
INFO: [ app_init ] --END-- [ RunTime:0.000547s ]

[ 2016-04-21T09:54:18+08:00 ] ::1 /opened/td_admin_system.php?m=Admin&c=Index&a=main
INFO: [ app_init ] --START--
INFO: Run Behavior\BuildLiteBehavior [ RunTime:0.000013s ]
INFO: [ app_init ] --END-- [ RunTime:0.000442s ]

[ 2016-04-21T09:54:30+08:00 ] ::1 /opened/td_admin_system.php?m=Admin&c=Finance&a=index
INFO: [ app_init ] --START--
INFO: Run Behavior\BuildLiteBehavior [ RunTime:0.000018s ]
INFO: [ app_init ] --END-- [ RunTime:0.000644s ]

[ 2016-04-21T09:54:58+08:00 ] ::1 /opened/td_admin_system.php?m=Admin&c=Finance&a=index
INFO: [ app_init ] --START--
INFO: Run Behavior\BuildLiteBehavior [ RunTime:0.000026s ]
INFO: [ app_init ] --END-- [ RunTime:0.000472s ]

[ 2016-04-21T09:55:12+08:00 ] ::1 /opened/td_admin_system.php?m=Admin&c=Index&a=index
INFO: [ app_init ] --START--
INFO: Run Behavior\BuildLiteBehavior [ RunTime:0.000012s ]
INFO: [ app_init ] --END-- [ RunTime:0.000496s ]

[ 2016-04-21T09:55:12+08:00 ] ::1 /opened/td_admin_system.php?m=Admin&c=Index&a=nav
INFO: [ app_init ] --START--
INFO: Run Behavior\BuildLiteBehavior [ RunTime:0.000014s ]
INFO: [ app_init ] --END-- [ RunTime:0.000472s ]

[ 2016-04-21T09:55:12+08:00 ] ::1 /opened/td_admin_system.php?m=Admin&c=Index&a=left
INFO: [ app_init ] --START--
INFO: Run Behavior\BuildLiteBehavior [ RunTime:0.000020s ]
INFO: [ app_init ] --END-- [ RunTime:0.000586s ]

[ 2016-04-21T09:55:13+08:00 ] ::1 /opened/td_admin_system.php?m=Admin&c=Index&a=main
INFO: [ app_init ] --START--
INFO: Run Behavior\BuildLiteBehavior [ RunTime:0.000013s ]
INFO: [ app_init ] --END-- [ RunTime:0.000398s ]

[ 2016-04-21T09:55:18+08:00 ] ::1 /opened/td_admin_system.php?m=Admin&c=Finance&a=index
INFO: [ app_init ] --START--
INFO: Run Behavior\BuildLiteBehavior [ RunTime:0.000012s ]
INFO: [ app_init ] --END-- [ RunTime:0.000505s ]

[ 2016-04-21T09:55:52+08:00 ] ::1 /opened/td_admin_system.php?m=Admin&c=Finance&a=mTrash
INFO: [ app_init ] --START--
INFO: Run Behavior\BuildLiteBehavior [ RunTime:0.000018s ]
INFO: [ app_init ] --END-- [ RunTime:0.000596s ]

[ 2016-04-21T09:57:20+08:00 ] ::1 /opened/td_admin_system.php?m=Admin&c=Finance&a=index
INFO: [ app_init ] --START--
INFO: Run Behavior\BuildLiteBehavior [ RunTime:0.000013s ]
INFO: [ app_init ] --END-- [ RunTime:0.000449s ]

[ 2016-04-21T09:58:28+08:00 ] ::1 /opened/td_admin_system.php?m=Admin&c=Finance&a=mEdit&id=1
INFO: [ app_init ] --START--
INFO: Run Behavior\BuildLiteBehavior [ RunTime:0.000013s ]
INFO: [ app_init ] --END-- [ RunTime:0.000478s ]

[ 2016-04-21T09:58:33+08:00 ] ::1 /opened/td_admin_system.php?m=Admin&c=Finance&a=ajax_check_edit_name
INFO: [ app_init ] --START--
INFO: Run Behavior\BuildLiteBehavior [ RunTime:0.000012s ]
INFO: [ app_init ] --END-- [ RunTime:0.000519s ]
INFO: [ app_begin ] --START--
INFO: Run Behavior\ReadHtmlCacheBehavior [ RunTime:0.000655s ]
INFO: [ app_begin ] --END-- [ RunTime:0.000738s ]
SQL: SHOW COLUMNS FROM `td_company` [ RunTime:0.0038s ]
SQL: SHOW COLUMNS FROM `td_company_user` [ RunTime:0.0041s ]
SQL: SHOW COLUMNS FROM `td_admin` [ RunTime:0.0036s ]
SQL: SHOW COLUMNS FROM `td_role` [ RunTime:0.0035s ]
SQL: SHOW COLUMNS FROM `td_role_user` [ RunTime:0.0033s ]
SQL: SELECT * FROM `td_company` WHERE ( cid = 1 ) LIMIT 1   [ RunTime:0.0003s ]
SQL: SELECT COUNT(*) AS tp_count FROM `td_company` WHERE ( name = '北京环球看点广告传媒有限公司' ) LIMIT 1   [ RunTime:0.0002s ]

[ 2016-04-21T10:03:19+08:00 ] ::1 /opened/td_admin_system.php?m=Admin&c=Finance&a=mEdit
INFO: [ app_init ] --START--
INFO: Run Behavior\BuildLiteBehavior [ RunTime:0.000024s ]
INFO: [ app_init ] --END-- [ RunTime:0.001006s ]

[ 2016-04-21T10:03:21+08:00 ] ::1 /opened/td_admin_system.php?m=Admin&c=Finance&a=index
INFO: [ app_init ] --START--
INFO: Run Behavior\BuildLiteBehavior [ RunTime:0.000022s ]
INFO: [ app_init ] --END-- [ RunTime:0.000684s ]

[ 2016-04-21T10:04:00+08:00 ] ::1 /opened/td_admin_system.php?m=Admin&c=Finance&a=mEdit&id=1
INFO: [ app_init ] --START--
INFO: Run Behavior\BuildLiteBehavior [ RunTime:0.000011s ]
INFO: [ app_init ] --END-- [ RunTime:0.000683s ]

[ 2016-04-21T10:06:18+08:00 ] ::1 /opened/td_admin_system.php?m=Admin&c=Finance&a=mEdit
INFO: [ app_init ] --START--
INFO: Run Behavior\BuildLiteBehavior [ RunTime:0.000012s ]
INFO: [ app_init ] --END-- [ RunTime:0.000563s ]

[ 2016-04-21T10:06:19+08:00 ] ::1 /opened/td_admin_system.php?m=Admin&c=Finance&a=index
INFO: [ app_init ] --START--
INFO: Run Behavior\BuildLiteBehavior [ RunTime:0.000024s ]
INFO: [ app_init ] --END-- [ RunTime:0.000773s ]

[ 2016-04-21T10:06:32+08:00 ] ::1 /opened/td_admin_system.php?m=Admin&c=Finance&a=index
INFO: [ app_init ] --START--
INFO: Run Behavior\BuildLiteBehavior [ RunTime:0.000011s ]
INFO: [ app_init ] --END-- [ RunTime:0.000433s ]

[ 2016-04-21T10:06:49+08:00 ] ::1 /opened/td_admin_system.php?m=Admin&c=Finance&a=mEdit&id=1
INFO: [ app_init ] --START--
INFO: Run Behavior\BuildLiteBehavior [ RunTime:0.000013s ]
INFO: [ app_init ] --END-- [ RunTime:0.000409s ]

[ 2016-04-21T10:06:59+08:00 ] ::1 /opened/td_admin_system.php?m=Admin&c=Finance&a=index
INFO: [ app_init ] --START--
INFO: Run Behavior\BuildLiteBehavior [ RunTime:0.000013s ]
INFO: [ app_init ] --END-- [ RunTime:0.000536s ]

[ 2016-04-21T10:07:01+08:00 ] ::1 /opened/td_admin_system.php?m=Admin&c=Finance&a=mAdd
INFO: [ app_init ] --START--
INFO: Run Behavior\BuildLiteBehavior [ RunTime:0.000017s ]
INFO: [ app_init ] --END-- [ RunTime:0.000602s ]

[ 2016-04-21T10:07:02+08:00 ] ::1 /opened/td_admin_system.php?m=Admin&c=Finance&a=index
INFO: [ app_init ] --START--
INFO: Run Behavior\BuildLiteBehavior [ RunTime:0.000016s ]
INFO: [ app_init ] --END-- [ RunTime:0.000852s ]

[ 2016-04-21T10:07:05+08:00 ] ::1 /opened/td_admin_system.php?m=Admin&c=Finance&a=mCompanyMember&id=1
INFO: [ app_init ] --START--
INFO: Run Behavior\BuildLiteBehavior [ RunTime:0.000013s ]
INFO: [ app_init ] --END-- [ RunTime:0.000538s ]

[ 2016-04-21T10:07:06+08:00 ] ::1 /opened/td_admin_system.php?m=Admin&c=Finance&a=ajax_search_user
INFO: [ app_init ] --START--
INFO: Run Behavior\BuildLiteBehavior [ RunTime:0.000012s ]
INFO: [ app_init ] --END-- [ RunTime:0.000431s ]
INFO: [ app_begin ] --START--
INFO: Run Behavior\ReadHtmlCacheBehavior [ RunTime:0.001237s ]
INFO: [ app_begin ] --END-- [ RunTime:0.001323s ]
SQL: SHOW COLUMNS FROM `td_company` [ RunTime:0.0036s ]
SQL: SHOW COLUMNS FROM `td_company_user` [ RunTime:0.0069s ]
SQL: SHOW COLUMNS FROM `td_admin` [ RunTime:0.0039s ]
SQL: SHOW COLUMNS FROM `td_role` [ RunTime:0.0034s ]
SQL: SHOW COLUMNS FROM `td_role_user` [ RunTime:0.0033s ]
SQL: SELECT `id`,`name`,`pid`,`status`,`remark`,`update_time`,`create_time`,`operator_id` FROM `td_role` WHERE ( id = 12 )  [ RunTime:0.0003s ]
SQL: SELECT a.aid,a.username,a.avatar,a.mobile_number,cu.role_id,cu.id FROM `td_admin` as a RIGHT JOIN td_company_user as cu ON a.aid = cu.aid  WHERE ( cu.cid = 1 )  [ RunTime:0.0003s ]
SQL:  SELECT a.aid,a.username,a.avatar,a.mobile_number,ru.role_id FROM td_admin as a RIGHT JOIN td_role_user as ru ON a.aid = ru.user_id where a.status = 1 and a.is_del = 0 and ru.role_id = 12  [ RunTime:0.0006s ]

[ 2016-04-21T10:07:16+08:00 ] ::1 /opened/td_admin_system.php?m=Admin&c=Finance&a=index
INFO: [ app_init ] --START--
INFO: Run Behavior\BuildLiteBehavior [ RunTime:0.000023s ]
INFO: [ app_init ] --END-- [ RunTime:0.000468s ]

[ 2016-04-21T10:07:20+08:00 ] ::1 /opened/td_admin_system.php?m=Admin&c=Finance&a=mEdit&id=1
INFO: [ app_init ] --START--
INFO: Run Behavior\BuildLiteBehavior [ RunTime:0.000011s ]
INFO: [ app_init ] --END-- [ RunTime:0.000458s ]

[ 2016-04-21T10:07:24+08:00 ] ::1 /opened/td_admin_system.php?m=Admin&c=Finance&a=index
INFO: [ app_init ] --START--
INFO: Run Behavior\BuildLiteBehavior [ RunTime:0.000013s ]
INFO: [ app_init ] --END-- [ RunTime:0.000473s ]

[ 2016-04-21T10:07:25+08:00 ] ::1 /opened/td_admin_system.php?m=Admin&c=Finance&a=index
INFO: [ app_init ] --START--
INFO: Run Behavior\BuildLiteBehavior [ RunTime:0.000013s ]
INFO: [ app_init ] --END-- [ RunTime:0.000619s ]

[ 2016-04-21T10:07:26+08:00 ] ::1 /opened/td_admin_system.php?m=Admin&c=Finance&a=mCompanyMember&id=1
INFO: [ app_init ] --START--
INFO: Run Behavior\BuildLiteBehavior [ RunTime:0.000012s ]
INFO: [ app_init ] --END-- [ RunTime:0.000430s ]

[ 2016-04-21T10:07:27+08:00 ] ::1 /opened/td_admin_system.php?m=Admin&c=Finance&a=ajax_search_user
INFO: [ app_init ] --START--
INFO: Run Behavior\BuildLiteBehavior [ RunTime:0.000012s ]
INFO: [ app_init ] --END-- [ RunTime:0.000493s ]
INFO: [ app_begin ] --START--
INFO: Run Behavior\ReadHtmlCacheBehavior [ RunTime:0.000884s ]
INFO: [ app_begin ] --END-- [ RunTime:0.000992s ]
SQL: SHOW COLUMNS FROM `td_company` [ RunTime:0.0040s ]
SQL: SHOW COLUMNS FROM `td_company_user` [ RunTime:0.0073s ]
SQL: SHOW COLUMNS FROM `td_admin` [ RunTime:0.0038s ]
SQL: SHOW COLUMNS FROM `td_role` [ RunTime:0.0035s ]
SQL: SHOW COLUMNS FROM `td_role_user` [ RunTime:0.0037s ]
SQL: SELECT `id`,`name`,`pid`,`status`,`remark`,`update_time`,`create_time`,`operator_id` FROM `td_role` WHERE ( id = 12 )  [ RunTime:0.0004s ]
SQL: SELECT a.aid,a.username,a.avatar,a.mobile_number,cu.role_id,cu.id FROM `td_admin` as a RIGHT JOIN td_company_user as cu ON a.aid = cu.aid  WHERE ( cu.cid = 1 )  [ RunTime:0.0004s ]
SQL:  SELECT a.aid,a.username,a.avatar,a.mobile_number,ru.role_id FROM td_admin as a RIGHT JOIN td_role_user as ru ON a.aid = ru.user_id where a.status = 1 and a.is_del = 0 and ru.role_id = 12  [ RunTime:0.0004s ]

[ 2016-04-21T10:07:42+08:00 ] ::1 /opened/td_admin_system.php?m=Admin&c=Finance&a=ajax_add_company_user
INFO: [ app_init ] --START--
INFO: Run Behavior\BuildLiteBehavior [ RunTime:0.000019s ]
INFO: [ app_init ] --END-- [ RunTime:0.000541s ]
INFO: [ app_begin ] --START--
INFO: Run Behavior\ReadHtmlCacheBehavior [ RunTime:0.000693s ]
INFO: [ app_begin ] --END-- [ RunTime:0.000765s ]
SQL: SHOW COLUMNS FROM `td_company` [ RunTime:0.0037s ]
SQL: SHOW COLUMNS FROM `td_company_user` [ RunTime:0.0036s ]
SQL: SHOW COLUMNS FROM `td_admin` [ RunTime:0.0041s ]
SQL: SHOW COLUMNS FROM `td_role` [ RunTime:0.0036s ]
SQL: SHOW COLUMNS FROM `td_role_user` [ RunTime:0.0034s ]
SQL: SELECT COUNT(*) AS tp_count FROM `td_company_user` WHERE ( cid = 1 and aid = 89011 and role_id = 12 ) LIMIT 1   [ RunTime:0.0003s ]
NOTIC: [8] Undefined index: validate G:\works\code\php\phpStudy\WWW\opened\ThinkPHP\Library\Think\Model.class.php 第 1185 行.
NOTIC: [8] Undefined index: auto G:\works\code\php\phpStudy\WWW\opened\ThinkPHP\Library\Think\Model.class.php 第 1128 行.
SQL: INSERT INTO `td_company_user` (`cid`,`aid`,`role_id`) VALUES ('1','89011','12') [ RunTime:0.0003s ]
SQL: SELECT COUNT(*) AS tp_count FROM `td_company_user` WHERE ( cid = 1 and aid = 88997 and role_id = 12 ) LIMIT 1   [ RunTime:0.0002s ]
NOTIC: [8] Undefined index: validate G:\works\code\php\phpStudy\WWW\opened\ThinkPHP\Library\Think\Model.class.php 第 1185 行.
NOTIC: [8] Undefined index: auto G:\works\code\php\phpStudy\WWW\opened\ThinkPHP\Library\Think\Model.class.php 第 1128 行.
SQL: INSERT INTO `td_company_user` (`cid`,`aid`,`role_id`) VALUES ('1','88997','12') [ RunTime:0.0002s ]
SQL: SELECT COUNT(*) AS tp_count FROM `td_company_user` WHERE ( cid = 1 and aid = 89012 and role_id = 12 ) LIMIT 1   [ RunTime:0.0002s ]
NOTIC: [8] Undefined index: validate G:\works\code\php\phpStudy\WWW\opened\ThinkPHP\Library\Think\Model.class.php 第 1185 行.
NOTIC: [8] Undefined index: auto G:\works\code\php\phpStudy\WWW\opened\ThinkPHP\Library\Think\Model.class.php 第 1128 行.
SQL: INSERT INTO `td_company_user` (`cid`,`aid`,`role_id`) VALUES ('1','89012','12') [ RunTime:0.0002s ]
SQL: SELECT COUNT(*) AS tp_count FROM `td_company_user` WHERE ( cid = 1 and aid = 89000 and role_id = 12 ) LIMIT 1   [ RunTime:0.0002s ]
NOTIC: [8] Undefined index: validate G:\works\code\php\phpStudy\WWW\opened\ThinkPHP\Library\Think\Model.class.php 第 1185 行.
NOTIC: [8] Undefined index: auto G:\works\code\php\phpStudy\WWW\opened\ThinkPHP\Library\Think\Model.class.php 第 1128 行.
SQL: INSERT INTO `td_company_user` (`cid`,`aid`,`role_id`) VALUES ('1','89000','12') [ RunTime:0.0003s ]
SQL: SELECT COUNT(*) AS tp_count FROM `td_company_user` WHERE ( cid = 1 and aid = 89007 and role_id = 12 ) LIMIT 1   [ RunTime:0.0002s ]
NOTIC: [8] Undefined index: validate G:\works\code\php\phpStudy\WWW\opened\ThinkPHP\Library\Think\Model.class.php 第 1185 行.
NOTIC: [8] Undefined index: auto G:\works\code\php\phpStudy\WWW\opened\ThinkPHP\Library\Think\Model.class.php 第 1128 行.
SQL: INSERT INTO `td_company_user` (`cid`,`aid`,`role_id`) VALUES ('1','89007','12') [ RunTime:0.0002s ]

[ 2016-04-21T10:14:22+08:00 ] ::1 /opened/td_admin_system.php?m=Admin&c=Access&a=index
INFO: [ app_init ] --START--
INFO: Run Behavior\BuildLiteBehavior [ RunTime:0.000014s ]
INFO: [ app_init ] --END-- [ RunTime:0.000550s ]

[ 2016-04-21T10:14:24+08:00 ] ::1 /opened/td_admin_system.php?m=Admin&c=Access&a=mAdd
INFO: [ app_init ] --START--
INFO: Run Behavior\BuildLiteBehavior [ RunTime:0.000012s ]
INFO: [ app_init ] --END-- [ RunTime:0.000536s ]

[ 2016-04-21T10:14:25+08:00 ] ::1 /opened/td_admin_system.php?m=Admin&c=Access&a=mAdminRoleList
INFO: [ app_init ] --START--
INFO: Run Behavior\BuildLiteBehavior [ RunTime:0.000012s ]
INFO: [ app_init ] --END-- [ RunTime:0.000472s ]

[ 2016-04-21T10:14:26+08:00 ] ::1 /opened/td_admin_system.php?m=Admin&c=Access&a=mAdd
INFO: [ app_init ] --START--
INFO: Run Behavior\BuildLiteBehavior [ RunTime:0.000014s ]
INFO: [ app_init ] --END-- [ RunTime:0.000567s ]

[ 2016-04-21T10:22:38+08:00 ] ::1 /opened/td_admin_system.php?m=Admin&c=Access&a=mAdd
INFO: [ app_init ] --START--
INFO: Run Behavior\BuildLiteBehavior [ RunTime:0.000013s ]
INFO: [ app_init ] --END-- [ RunTime:0.000595s ]

[ 2016-04-21T10:22:39+08:00 ] ::1 /opened/td_admin_system.php?m=Admin&c=Access&a=mAdminRoleList
INFO: [ app_init ] --START--
INFO: Run Behavior\BuildLiteBehavior [ RunTime:0.000013s ]
INFO: [ app_init ] --END-- [ RunTime:0.000482s ]

[ 2016-04-21T10:22:41+08:00 ] ::1 /opened/td_admin_system.php?m=Admin&c=Access&a=mRoleAuthorization&id=21
INFO: [ app_init ] --START--
INFO: Run Behavior\BuildLiteBehavior [ RunTime:0.000012s ]
INFO: [ app_init ] --END-- [ RunTime:0.000491s ]

[ 2016-04-21T10:22:46+08:00 ] ::1 /opened/td_admin_system.php?m=Admin&c=Access&a=mAdminRoleList
INFO: [ app_init ] --START--
INFO: Run Behavior\BuildLiteBehavior [ RunTime:0.000012s ]
INFO: [ app_init ] --END-- [ RunTime:0.000551s ]

[ 2016-04-21T10:22:50+08:00 ] ::1 /opened/td_admin_system.php?m=Admin&c=Access&a=mAdminRoleList
INFO: [ app_init ] --START--
INFO: Run Behavior\BuildLiteBehavior [ RunTime:0.000013s ]
INFO: [ app_init ] --END-- [ RunTime:0.000479s ]

[ 2016-04-21T10:22:54+08:00 ] ::1 /opened/td_admin_system.php?m=Admin&c=Access&a=mAdminRoleMember&id=12
INFO: [ app_init ] --START--
INFO: Run Behavior\BuildLiteBehavior [ RunTime:0.000012s ]
INFO: [ app_init ] --END-- [ RunTime:0.000573s ]

[ 2016-04-21T10:23:03+08:00 ] ::1 /opened/td_admin_system.php?m=Admin&c=Access&a=mAdminRoleList
INFO: [ app_init ] --START--
INFO: Run Behavior\BuildLiteBehavior [ RunTime:0.000012s ]
INFO: [ app_init ] --END-- [ RunTime:0.000572s ]

[ 2016-04-21T15:42:37+08:00 ] ::1 /opened/td_admin_system.php?m=Admin&c=Index&a=index
INFO: [ app_init ] --START--
INFO: Run Behavior\BuildLiteBehavior [ RunTime:0.000014s ]
INFO: [ app_init ] --END-- [ RunTime:0.000481s ]

[ 2016-04-21T15:42:42+08:00 ] ::1 /opened/td_admin_system.php?m=Admin&c=Public&a=index
INFO: [ app_init ] --START--
INFO: Run Behavior\BuildLiteBehavior [ RunTime:0.000016s ]
INFO: [ app_init ] --END-- [ RunTime:0.000479s ]

[ 2016-04-21T15:42:50+08:00 ] ::1 /opened/td_admin_system.php?m=Admin&c=Public&a=index
INFO: [ app_init ] --START--
INFO: Run Behavior\BuildLiteBehavior [ RunTime:0.000013s ]
INFO: [ app_init ] --END-- [ RunTime:0.000652s ]

[ 2016-04-21T15:42:53+08:00 ] ::1 /opened/td_admin_system.php?m=Admin&c=Index&a=index
INFO: [ app_init ] --START--
INFO: Run Behavior\BuildLiteBehavior [ RunTime:0.000011s ]
INFO: [ app_init ] --END-- [ RunTime:0.000461s ]

[ 2016-04-21T15:42:53+08:00 ] ::1 /opened/td_admin_system.php?m=Admin&c=Index&a=left
INFO: [ app_init ] --START--
INFO: Run Behavior\BuildLiteBehavior [ RunTime:0.000015s ]
INFO: [ app_init ] --END-- [ RunTime:0.000479s ]

[ 2016-04-21T15:42:54+08:00 ] ::1 /opened/td_admin_system.php?m=Admin&c=Index&a=nav
INFO: [ app_init ] --START--
INFO: Run Behavior\BuildLiteBehavior [ RunTime:0.000014s ]
INFO: [ app_init ] --END-- [ RunTime:0.000564s ]

[ 2016-04-21T15:42:54+08:00 ] ::1 /opened/td_admin_system.php?m=Admin&c=Index&a=main
INFO: [ app_init ] --START--
INFO: Run Behavior\BuildLiteBehavior [ RunTime:0.000013s ]
INFO: [ app_init ] --END-- [ RunTime:0.000461s ]

[ 2016-04-21T15:42:56+08:00 ] ::1 /opened/td_admin_system.php?m=Admin&c=Access&a=mAdd
INFO: [ app_init ] --START--
INFO: Run Behavior\BuildLiteBehavior [ RunTime:0.000012s ]
INFO: [ app_init ] --END-- [ RunTime:0.000502s ]

[ 2016-04-21T15:42:57+08:00 ] ::1 /opened/td_admin_system.php?m=Admin&c=Access&a=mAdminRoleList
INFO: [ app_init ] --START--
INFO: Run Behavior\BuildLiteBehavior [ RunTime:0.000013s ]
INFO: [ app_init ] --END-- [ RunTime:0.000585s ]

[ 2016-04-21T15:42:59+08:00 ] ::1 /opened/td_admin_system.php?m=Admin&c=Access&a=mAdd
INFO: [ app_init ] --START--
INFO: Run Behavior\BuildLiteBehavior [ RunTime:0.000015s ]
INFO: [ app_init ] --END-- [ RunTime:0.000647s ]

[ 2016-04-21T15:44:53+08:00 ] ::1 /opened/td_admin_system.php?m=Admin&c=Finance&a=index
INFO: [ app_init ] --START--
INFO: Run Behavior\BuildLiteBehavior [ RunTime:0.000020s ]
INFO: [ app_init ] --END-- [ RunTime:0.000637s ]

[ 2016-04-21T15:45:02+08:00 ] ::1 /opened/td_admin_system.php?m=Admin&c=Finance&a=mCompanyMember&id=1
INFO: [ app_init ] --START--
INFO: Run Behavior\BuildLiteBehavior [ RunTime:0.000012s ]
INFO: [ app_init ] --END-- [ RunTime:0.000549s ]

[ 2016-04-21T15:45:03+08:00 ] ::1 /opened/td_admin_system.php?m=Admin&c=Finance&a=ajax_search_user
INFO: [ app_init ] --START--
INFO: Run Behavior\BuildLiteBehavior [ RunTime:0.000012s ]
INFO: [ app_init ] --END-- [ RunTime:0.000391s ]
INFO: [ app_begin ] --START--
INFO: Run Behavior\ReadHtmlCacheBehavior [ RunTime:0.000497s ]
INFO: [ app_begin ] --END-- [ RunTime:0.000549s ]
SQL: SHOW COLUMNS FROM `td_company` [ RunTime:0.0054s ]
SQL: SHOW COLUMNS FROM `td_company_user` [ RunTime:0.0052s ]
SQL: SHOW COLUMNS FROM `td_admin` [ RunTime:0.0086s ]
SQL: SHOW COLUMNS FROM `td_role` [ RunTime:0.0047s ]
SQL: SHOW COLUMNS FROM `td_role_user` [ RunTime:0.0032s ]
SQL: SELECT `id`,`name`,`pid`,`status`,`remark`,`update_time`,`create_time`,`operator_id` FROM `td_role` WHERE ( id = 12 )  [ RunTime:0.0004s ]
SQL: SELECT a.aid,a.username,a.avatar,a.mobile_number,cu.role_id,cu.id FROM `td_admin` as a RIGHT JOIN td_company_user as cu ON a.aid = cu.aid  WHERE ( cu.cid = 1 )  [ RunTime:0.0004s ]
SQL:  SELECT a.aid,a.username,a.avatar,a.mobile_number,ru.role_id FROM td_admin as a RIGHT JOIN td_role_user as ru ON a.aid = ru.user_id where a.status = 1 and a.is_del = 0 and ru.role_id = 12  [ RunTime:0.0004s ]

[ 2016-04-21T15:45:06+08:00 ] ::1 /opened/td_admin_system.php?m=Admin&c=Finance&a=index
INFO: [ app_init ] --START--
INFO: Run Behavior\BuildLiteBehavior [ RunTime:0.000014s ]
INFO: [ app_init ] --END-- [ RunTime:0.000530s ]

[ 2016-04-21T15:45:08+08:00 ] ::1 /opened/td_admin_system.php?m=Admin&c=Finance&a=mCompanyMember&id=9
INFO: [ app_init ] --START--
INFO: Run Behavior\BuildLiteBehavior [ RunTime:0.000018s ]
INFO: [ app_init ] --END-- [ RunTime:0.000582s ]

[ 2016-04-21T15:45:11+08:00 ] ::1 /opened/td_admin_system.php?m=Admin&c=Finance&a=ajax_search_user
INFO: [ app_init ] --START--
INFO: Run Behavior\BuildLiteBehavior [ RunTime:0.000013s ]
INFO: [ app_init ] --END-- [ RunTime:0.000475s ]
INFO: [ app_begin ] --START--
INFO: Run Behavior\ReadHtmlCacheBehavior [ RunTime:0.000547s ]
INFO: [ app_begin ] --END-- [ RunTime:0.000618s ]
SQL: SHOW COLUMNS FROM `td_company` [ RunTime:0.0041s ]
SQL: SHOW COLUMNS FROM `td_company_user` [ RunTime:0.0036s ]
SQL: SHOW COLUMNS FROM `td_admin` [ RunTime:0.0040s ]
SQL: SHOW COLUMNS FROM `td_role` [ RunTime:0.0037s ]
SQL: SHOW COLUMNS FROM `td_role_user` [ RunTime:0.0038s ]
SQL: SELECT `id`,`name`,`pid`,`status`,`remark`,`update_time`,`create_time`,`operator_id` FROM `td_role` WHERE ( id = 12 )  [ RunTime:0.0004s ]
SQL: SELECT a.aid,a.username,a.avatar,a.mobile_number,cu.role_id,cu.id FROM `td_admin` as a RIGHT JOIN td_company_user as cu ON a.aid = cu.aid  WHERE ( cu.cid = 9 )  [ RunTime:0.0003s ]
SQL:  SELECT a.aid,a.username,a.avatar,a.mobile_number,ru.role_id FROM td_admin as a RIGHT JOIN td_role_user as ru ON a.aid = ru.user_id where a.status = 1 and a.is_del = 0 and ru.role_id = 12  [ RunTime:0.0004s ]

[ 2016-04-21T15:45:22+08:00 ] ::1 /opened/td_admin_system.php?m=Admin&c=Finance&a=index
INFO: [ app_init ] --START--
INFO: Run Behavior\BuildLiteBehavior [ RunTime:0.000017s ]
INFO: [ app_init ] --END-- [ RunTime:0.000637s ]

[ 2016-04-21T16:11:00+08:00 ] ::1 /opened/td_admin_system.php?m=Admin&c=Finance&a=index
INFO: [ app_init ] --START--
INFO: Run Behavior\BuildLiteBehavior [ RunTime:0.000012s ]
INFO: [ app_init ] --END-- [ RunTime:0.000461s ]

[ 2016-04-21T16:11:04+08:00 ] ::1 /opened/td_admin_system.php?m=Admin&c=Finance&a=mCompanyMember&id=9
INFO: [ app_init ] --START--
INFO: Run Behavior\BuildLiteBehavior [ RunTime:0.000012s ]
INFO: [ app_init ] --END-- [ RunTime:0.000521s ]

[ 2016-04-21T16:11:05+08:00 ] ::1 /opened/td_admin_system.php?m=Admin&c=Finance&a=ajax_search_user
INFO: [ app_init ] --START--
INFO: Run Behavior\BuildLiteBehavior [ RunTime:0.000013s ]
INFO: [ app_init ] --END-- [ RunTime:0.000480s ]
INFO: [ app_begin ] --START--
INFO: Run Behavior\ReadHtmlCacheBehavior [ RunTime:0.000633s ]
INFO: [ app_begin ] --END-- [ RunTime:0.000692s ]
SQL: SHOW COLUMNS FROM `td_company` [ RunTime:0.0042s ]
SQL: SHOW COLUMNS FROM `td_company_user` [ RunTime:0.0033s ]
SQL: SHOW COLUMNS FROM `td_admin` [ RunTime:0.0035s ]
SQL: SHOW COLUMNS FROM `td_role` [ RunTime:0.0042s ]
SQL: SHOW COLUMNS FROM `td_role_user` [ RunTime:0.0035s ]
SQL: SELECT `id`,`name`,`pid`,`status`,`remark`,`update_time`,`create_time`,`operator_id` FROM `td_role` WHERE ( id = 12 )  [ RunTime:0.0003s ]
SQL: SELECT a.aid,a.username,a.avatar,a.mobile_number,cu.role_id,cu.id FROM `td_admin` as a RIGHT JOIN td_company_user as cu ON a.aid = cu.aid  WHERE ( cu.cid = 9 )  [ RunTime:0.0003s ]
SQL:  SELECT a.aid,a.username,a.avatar,a.mobile_number,ru.role_id FROM td_admin as a RIGHT JOIN td_role_user as ru ON a.aid = ru.user_id where a.status = 1 and a.is_del = 0 and ru.role_id = 12  [ RunTime:0.0003s ]

[ 2016-04-21T16:11:13+08:00 ] ::1 /opened/td_admin_system.php?m=Admin&c=Finance&a=ajax_add_company_user
INFO: [ app_init ] --START--
INFO: Run Behavior\BuildLiteBehavior [ RunTime:0.000012s ]
INFO: [ app_init ] --END-- [ RunTime:0.000535s ]
INFO: [ app_begin ] --START--
INFO: Run Behavior\ReadHtmlCacheBehavior [ RunTime:0.000675s ]
INFO: [ app_begin ] --END-- [ RunTime:0.000723s ]
SQL: SHOW COLUMNS FROM `td_company` [ RunTime:0.0037s ]
SQL: SHOW COLUMNS FROM `td_company_user` [ RunTime:0.0036s ]
SQL: SHOW COLUMNS FROM `td_admin` [ RunTime:0.0044s ]
SQL: SHOW COLUMNS FROM `td_role` [ RunTime:0.0037s ]
SQL: SHOW COLUMNS FROM `td_role_user` [ RunTime:0.0040s ]
SQL: SELECT COUNT(*) AS tp_count FROM `td_company_user` WHERE ( cid = 9 and aid = 89007 and role_id = 12 ) LIMIT 1   [ RunTime:0.0003s ]
NOTIC: [8] Undefined index: validate G:\works\code\php\phpStudy\WWW\opened\ThinkPHP\Library\Think\Model.class.php 第 1185 行.
NOTIC: [8] Undefined index: auto G:\works\code\php\phpStudy\WWW\opened\ThinkPHP\Library\Think\Model.class.php 第 1128 行.
SQL: INSERT INTO `td_company_user` (`cid`,`aid`,`role_id`) VALUES ('9','89007','12') [ RunTime:0.0003s ]
SQL: SELECT COUNT(*) AS tp_count FROM `td_company_user` WHERE ( cid = 9 and aid = 89015 and role_id = 12 ) LIMIT 1   [ RunTime:0.0002s ]
NOTIC: [8] Undefined index: validate G:\works\code\php\phpStudy\WWW\opened\ThinkPHP\Library\Think\Model.class.php 第 1185 行.
NOTIC: [8] Undefined index: auto G:\works\code\php\phpStudy\WWW\opened\ThinkPHP\Library\Think\Model.class.php 第 1128 行.
SQL: INSERT INTO `td_company_user` (`cid`,`aid`,`role_id`) VALUES ('9','89015','12') [ RunTime:0.0002s ]

[ 2016-04-21T16:14:40+08:00 ] ::1 /opened/td_admin_system.php?m=Admin&c=Finance&a=index
INFO: [ app_init ] --START--
INFO: Run Behavior\BuildLiteBehavior [ RunTime:0.000013s ]
INFO: [ app_init ] --END-- [ RunTime:0.000531s ]

[ 2016-04-21T16:14:44+08:00 ] ::1 /opened/td_admin_system.php?m=Admin&c=Finance&a=mEdit&id=9
INFO: [ app_init ] --START--
INFO: Run Behavior\BuildLiteBehavior [ RunTime:0.000013s ]
INFO: [ app_init ] --END-- [ RunTime:0.000469s ]

[ 2016-04-21T16:14:53+08:00 ] ::1 /opened/td_admin_system.php?m=Admin&c=Finance&a=index
INFO: [ app_init ] --START--
INFO: Run Behavior\BuildLiteBehavior [ RunTime:0.000013s ]
INFO: [ app_init ] --END-- [ RunTime:0.000479s ]

[ 2016-04-21T16:15:23+08:00 ] ::1 /opened/td_admin_system.php?m=Admin&c=Finance&a=mEdit&id=1
INFO: [ app_init ] --START--
INFO: Run Behavior\BuildLiteBehavior [ RunTime:0.000013s ]
INFO: [ app_init ] --END-- [ RunTime:0.000732s ]

[ 2016-04-21T16:15:30+08:00 ] ::1 /opened/td_admin_system.php?m=Admin&c=Finance&a=index
INFO: [ app_init ] --START--
INFO: Run Behavior\BuildLiteBehavior [ RunTime:0.000012s ]
INFO: [ app_init ] --END-- [ RunTime:0.000692s ]

[ 2016-04-21T16:15:36+08:00 ] ::1 /opened/td_admin_system.php?m=Admin&c=Access&a=mAdd
INFO: [ app_init ] --START--
INFO: Run Behavior\BuildLiteBehavior [ RunTime:0.000013s ]
INFO: [ app_init ] --END-- [ RunTime:0.000641s ]

[ 2016-04-21T16:15:37+08:00 ] ::1 /opened/td_admin_system.php?m=Admin&c=Access&a=mAdminRoleList
INFO: [ app_init ] --START--
INFO: Run Behavior\BuildLiteBehavior [ RunTime:0.000012s ]
INFO: [ app_init ] --END-- [ RunTime:0.000628s ]

[ 2016-04-21T16:15:43+08:00 ] ::1 /opened/td_admin_system.php?m=Admin&c=Access&a=mAdminRoleMember&id=21
INFO: [ app_init ] --START--
INFO: Run Behavior\BuildLiteBehavior [ RunTime:0.000013s ]
INFO: [ app_init ] --END-- [ RunTime:0.000739s ]

[ 2016-04-21T16:16:12+08:00 ] ::1 /opened/td_admin_system.php?m=Admin&c=Access&a=index
INFO: [ app_init ] --START--
INFO: Run Behavior\BuildLiteBehavior [ RunTime:0.000012s ]
INFO: [ app_init ] --END-- [ RunTime:0.000765s ]

[ 2016-04-21T16:16:22+08:00 ] ::1 /opened/td_admin_system.php?m=Admin&c=Access&a=mAdd
INFO: [ app_init ] --START--
INFO: Run Behavior\BuildLiteBehavior [ RunTime:0.000012s ]
INFO: [ app_init ] --END-- [ RunTime:0.000700s ]

[ 2016-04-21T16:16:23+08:00 ] ::1 /opened/td_admin_system.php?m=Admin&c=Access&a=mAdminRoleList
INFO: [ app_init ] --START--
INFO: Run Behavior\BuildLiteBehavior [ RunTime:0.000014s ]
INFO: [ app_init ] --END-- [ RunTime:0.000697s ]

[ 2016-04-21T16:17:24+08:00 ] ::1 /opened/td_admin_system.php?m=Admin&c=Access&a=mAdminRoleList
INFO: [ app_init ] --START--
INFO: Run Behavior\BuildLiteBehavior [ RunTime:0.000013s ]
INFO: [ app_init ] --END-- [ RunTime:0.000469s ]

[ 2016-04-21T16:17:30+08:00 ] ::1 /opened/td_admin_system.php?m=Admin&c=Access&a=mAdminRoleList&m=Admin&p=2
INFO: [ app_init ] --START--
INFO: Run Behavior\BuildLiteBehavior [ RunTime:0.000011s ]
INFO: [ app_init ] --END-- [ RunTime:0.000506s ]

[ 2016-04-21T16:17:35+08:00 ] ::1 /opened/td_admin_system.php?m=Admin&c=Access&a=mAdminRoleList&m=Admin&p=1
INFO: [ app_init ] --START--
INFO: Run Behavior\BuildLiteBehavior [ RunTime:0.000013s ]
INFO: [ app_init ] --END-- [ RunTime:0.000541s ]

[ 2016-04-21T16:17:54+08:00 ] ::1 /opened/td_admin_system.php?m=Admin&c=Access&a=mAdminRoleList
INFO: [ app_init ] --START--
INFO: Run Behavior\BuildLiteBehavior [ RunTime:0.000013s ]
INFO: [ app_init ] --END-- [ RunTime:0.000499s ]

[ 2016-04-21T16:18:07+08:00 ] ::1 /opened/td_admin_system.php?m=Admin&c=Access&a=ajax_update_role_status
INFO: [ app_init ] --START--
INFO: Run Behavior\BuildLiteBehavior [ RunTime:0.000012s ]
INFO: [ app_init ] --END-- [ RunTime:0.000510s ]
INFO: [ app_begin ] --START--
INFO: Run Behavior\ReadHtmlCacheBehavior [ RunTime:0.000656s ]
INFO: [ app_begin ] --END-- [ RunTime:0.000709s ]
SQL: SHOW COLUMNS FROM `td_admin` [ RunTime:0.0040s ]
SQL: SHOW COLUMNS FROM `td_role` [ RunTime:0.0065s ]
SQL: SHOW COLUMNS FROM `td_role_user` [ RunTime:0.0035s ]
SQL: SHOW COLUMNS FROM `td_node` [ RunTime:0.0042s ]
SQL: SHOW COLUMNS FROM `td_access` [ RunTime:0.0036s ]
SQL: SELECT `status` FROM `td_role` LIMIT 1   [ RunTime:0.0003s ]
SQL: UPDATE `td_role` SET `status`='1' [ RunTime:0.0004s ]

[ 2016-04-21T16:18:09+08:00 ] ::1 /opened/td_admin_system.php?m=Admin&c=Access&a=ajax_update_role_status
INFO: [ app_init ] --START--
INFO: Run Behavior\BuildLiteBehavior [ RunTime:0.000011s ]
INFO: [ app_init ] --END-- [ RunTime:0.000496s ]
INFO: [ app_begin ] --START--
INFO: Run Behavior\ReadHtmlCacheBehavior [ RunTime:0.000545s ]
INFO: [ app_begin ] --END-- [ RunTime:0.000594s ]
SQL: SHOW COLUMNS FROM `td_admin` [ RunTime:0.0045s ]
SQL: SHOW COLUMNS FROM `td_role` [ RunTime:0.0191s ]
SQL: SHOW COLUMNS FROM `td_role_user` [ RunTime:0.0034s ]
SQL: SHOW COLUMNS FROM `td_node` [ RunTime:0.0037s ]
SQL: SHOW COLUMNS FROM `td_access` [ RunTime:0.0048s ]
SQL: SELECT `status` FROM `td_role` LIMIT 1   [ RunTime:0.0003s ]
SQL: UPDATE `td_role` SET `status`='0' [ RunTime:0.0004s ]

[ 2016-04-21T16:18:10+08:00 ] ::1 /opened/td_admin_system.php?m=Admin&c=Access&a=ajax_update_role_status
INFO: [ app_init ] --START--
INFO: Run Behavior\BuildLiteBehavior [ RunTime:0.000012s ]
INFO: [ app_init ] --END-- [ RunTime:0.000546s ]
INFO: [ app_begin ] --START--
INFO: Run Behavior\ReadHtmlCacheBehavior [ RunTime:0.000993s ]
INFO: [ app_begin ] --END-- [ RunTime:0.001073s ]
SQL: SHOW COLUMNS FROM `td_admin` [ RunTime:0.0043s ]
SQL: SHOW COLUMNS FROM `td_role` [ RunTime:0.0066s ]
SQL: SHOW COLUMNS FROM `td_role_user` [ RunTime:0.0047s ]
SQL: SHOW COLUMNS FROM `td_node` [ RunTime:0.0040s ]
SQL: SHOW COLUMNS FROM `td_access` [ RunTime:0.0033s ]
SQL: SELECT `status` FROM `td_role` LIMIT 1   [ RunTime:0.0002s ]
SQL: UPDATE `td_role` SET `status`='1' [ RunTime:0.0004s ]

[ 2016-04-21T16:19:22+08:00 ] ::1 /opened/td_admin_system.php?m=Admin&c=Access&a=mAdminRoleMember&id=21
INFO: [ app_init ] --START--
INFO: Run Behavior\BuildLiteBehavior [ RunTime:0.000012s ]
INFO: [ app_init ] --END-- [ RunTime:0.000518s ]

[ 2016-04-21T16:19:26+08:00 ] ::1 /opened/td_admin_system.php?m=Admin&c=Access&a=ajax_del_role_user
INFO: [ app_init ] --START--
INFO: Run Behavior\BuildLiteBehavior [ RunTime:0.000013s ]
INFO: [ app_init ] --END-- [ RunTime:0.000438s ]
INFO: [ app_begin ] --START--
INFO: Run Behavior\ReadHtmlCacheBehavior [ RunTime:0.000563s ]
INFO: [ app_begin ] --END-- [ RunTime:0.000620s ]
SQL: SHOW COLUMNS FROM `td_admin` [ RunTime:0.0049s ]
SQL: SHOW COLUMNS FROM `td_role` [ RunTime:0.0055s ]
SQL: SHOW COLUMNS FROM `td_role_user` [ RunTime:0.0043s ]
SQL: SHOW COLUMNS FROM `td_node` [ RunTime:0.0034s ]
SQL: SHOW COLUMNS FROM `td_access` [ RunTime:0.0039s ]
NOTIC: [8] Undefined variable: ru_info G:\works\code\php\phpStudy\WWW\opened\Application\Admin\Controller\AccessController.class.php 第 1190 行.
SQL: SELECT * FROM `td_role_user` WHERE `user_id` = 88999 AND `role_id` = 21 LIMIT 1   [ RunTime:0.0004s ]
SQL: DELETE FROM `td_role_user` WHERE ( role_id = 21 and user_id = 88999 ) [ RunTime:0.0003s ]

[ 2016-04-21T16:19:35+08:00 ] ::1 /opened/td_admin_system.php?m=Admin&c=Access&a=mAdminRoleList
INFO: [ app_init ] --START--
INFO: Run Behavior\BuildLiteBehavior [ RunTime:0.000012s ]
INFO: [ app_init ] --END-- [ RunTime:0.000486s ]

[ 2016-04-21T16:19:41+08:00 ] ::1 /opened/td_admin_system.php?m=Admin&c=Access&a=mAdminRoleMember&id=20
INFO: [ app_init ] --START--
INFO: Run Behavior\BuildLiteBehavior [ RunTime:0.000016s ]
INFO: [ app_init ] --END-- [ RunTime:0.000553s ]

[ 2016-04-21T16:19:49+08:00 ] ::1 /opened/td_admin_system.php?m=Admin&c=Access&a=ajax_add_role_user
INFO: [ app_init ] --START--
INFO: Run Behavior\BuildLiteBehavior [ RunTime:0.000017s ]
INFO: [ app_init ] --END-- [ RunTime:0.000481s ]
INFO: [ app_begin ] --START--
INFO: Run Behavior\ReadHtmlCacheBehavior [ RunTime:0.000709s ]
INFO: [ app_begin ] --END-- [ RunTime:0.000802s ]
SQL: SHOW COLUMNS FROM `td_admin` [ RunTime:0.0046s ]
SQL: SHOW COLUMNS FROM `td_role` [ RunTime:0.0037s ]
SQL: SHOW COLUMNS FROM `td_role_user` [ RunTime:0.0036s ]
SQL: SHOW COLUMNS FROM `td_node` [ RunTime:0.0040s ]
SQL: SHOW COLUMNS FROM `td_access` [ RunTime:0.0037s ]
SQL: SELECT COUNT(*) AS tp_count FROM `td_role_user` WHERE ( role_id = 20 and user_id = 89005 ) LIMIT 1   [ RunTime:0.0003s ]
NOTIC: [8] Undefined index: validate G:\works\code\php\phpStudy\WWW\opened\ThinkPHP\Library\Think\Model.class.php 第 1185 行.
NOTIC: [8] Undefined index: auto G:\works\code\php\phpStudy\WWW\opened\ThinkPHP\Library\Think\Model.class.php 第 1128 行.
SQL: INSERT INTO `td_role_user` (`role_id`,`user_id`) VALUES ('20','89005') [ RunTime:0.0002s ]

[ 2016-04-21T16:19:57+08:00 ] ::1 /opened/td_admin_system.php?m=Admin&c=Access&a=mAdminRoleList
INFO: [ app_init ] --START--
INFO: Run Behavior\BuildLiteBehavior [ RunTime:0.000013s ]
INFO: [ app_init ] --END-- [ RunTime:0.000418s ]

[ 2016-04-21T16:20:03+08:00 ] ::1 /opened/td_admin_system.php?m=Admin&c=Access&a=mAdminRoleMember&id=13
INFO: [ app_init ] --START--
INFO: Run Behavior\BuildLiteBehavior [ RunTime:0.000013s ]
INFO: [ app_init ] --END-- [ RunTime:0.000525s ]

[ 2016-04-21T16:20:09+08:00 ] ::1 /opened/td_admin_system.php?m=Admin&c=Access&a=ajax_del_role_user
INFO: [ app_init ] --START--
INFO: Run Behavior\BuildLiteBehavior [ RunTime:0.000014s ]
INFO: [ app_init ] --END-- [ RunTime:0.000452s ]
INFO: [ app_begin ] --START--
INFO: Run Behavior\ReadHtmlCacheBehavior [ RunTime:0.000610s ]
INFO: [ app_begin ] --END-- [ RunTime:0.000676s ]
SQL: SHOW COLUMNS FROM `td_admin` [ RunTime:0.0046s ]
SQL: SHOW COLUMNS FROM `td_role` [ RunTime:0.0054s ]
SQL: SHOW COLUMNS FROM `td_role_user` [ RunTime:0.0047s ]
SQL: SHOW COLUMNS FROM `td_node` [ RunTime:0.0052s ]
SQL: SHOW COLUMNS FROM `td_access` [ RunTime:0.0048s ]
NOTIC: [8] Undefined variable: ru_info G:\works\code\php\phpStudy\WWW\opened\Application\Admin\Controller\AccessController.class.php 第 1190 行.
SQL: SELECT * FROM `td_role_user` WHERE `user_id` = 88999 AND `role_id` = 13 LIMIT 1   [ RunTime:0.0004s ]
SQL: DELETE FROM `td_role_user` WHERE ( role_id = 13 and user_id = 88999 ) [ RunTime:0.0004s ]

[ 2016-04-21T16:20:10+08:00 ] ::1 /opened/td_admin_system.php?m=Admin&c=Access&a=ajax_del_role_user
INFO: [ app_init ] --START--
INFO: Run Behavior\BuildLiteBehavior [ RunTime:0.000014s ]
INFO: [ app_init ] --END-- [ RunTime:0.000437s ]
INFO: [ app_begin ] --START--
INFO: Run Behavior\ReadHtmlCacheBehavior [ RunTime:0.000993s ]
INFO: [ app_begin ] --END-- [ RunTime:0.001074s ]
SQL: SHOW COLUMNS FROM `td_admin` [ RunTime:0.0047s ]
SQL: SHOW COLUMNS FROM `td_role` [ RunTime:0.0063s ]
SQL: SHOW COLUMNS FROM `td_role_user` [ RunTime:0.0036s ]
SQL: SHOW COLUMNS FROM `td_node` [ RunTime:0.0034s ]
SQL: SHOW COLUMNS FROM `td_access` [ RunTime:0.0038s ]
NOTIC: [8] Undefined variable: ru_info G:\works\code\php\phpStudy\WWW\opened\Application\Admin\Controller\AccessController.class.php 第 1190 行.
SQL: SELECT * FROM `td_role_user` WHERE `user_id` = 89010 AND `role_id` = 13 LIMIT 1   [ RunTime:0.0003s ]
SQL: DELETE FROM `td_role_user` WHERE ( role_id = 13 and user_id = 89010 ) [ RunTime:0.0003s ]

[ 2016-04-21T16:20:13+08:00 ] ::1 /opened/td_admin_system.php?m=Admin&c=Access&a=index
INFO: [ app_init ] --START--
INFO: Run Behavior\BuildLiteBehavior [ RunTime:0.000017s ]
INFO: [ app_init ] --END-- [ RunTime:0.000569s ]

[ 2016-04-21T16:20:41+08:00 ] ::1 /opened/td_admin_system.php?m=Admin&c=Access&a=mAdd
INFO: [ app_init ] --START--
INFO: Run Behavior\BuildLiteBehavior [ RunTime:0.000016s ]
INFO: [ app_init ] --END-- [ RunTime:0.000513s ]

